# col  1 -  3: year/doy/sod 
# col  4 -  7: dLat/dLon/dH/ZTD 
# col  8 - 11: TotalSatNumber/FixedWLNum/FixedL1Num/Converged 
# col 12 - 13: GDOP/PDOP 
# END OF HEADER
2011    287    28800.0000   -0.3256    0.4674    3.5815    3.3281  10  3  3  0  1.8087  1.6167  
2011    287    28830.0000   -0.9085    0.2176    3.1960    2.3859  10  5  2  0  1.8096  1.6173  
2011    287    28860.0000   -0.4521    0.6374    3.4563    2.0461  10  6  2  0  1.8103  1.6177  
2011    287    28890.0000   -1.0468    0.4526    3.4848    1.9628  10  6  6  0  1.8110  1.6181  
2011    287    28920.0000   -0.9600    0.1103    2.3794    2.1570  10  5  2  0  1.8116  1.6184  
2011    287    28950.0000   -0.4933   -0.0499    1.5285    2.2298  10  6  2  0  1.8120  1.6186  
2011    287    28980.0000   -0.4360    0.0388    1.0890    2.2842  10  7  2  0  1.8124  1.6187  
2011    287    29010.0000   -0.4982   -0.0618    0.9405    2.3172  10  7  2  0  1.8126  1.6187  
2011    287    29040.0000   -0.4379    0.0656    0.8427    2.3330  10  8  0  0  1.8128  1.6187  
2011    287    29070.0000   -0.3972    0.0038    0.7912    2.3429  10  8  4  0  1.8129  1.6185  
2011    287    29100.0000   -0.2868   -0.1627    0.5756    2.3557  10  9  5  0  1.8128  1.6183  
2011    287    29130.0000   -0.2457   -0.2842    0.4704    2.3805  10  9  4  0  1.8127  1.6180  
2011    287    29160.0000   -0.2700   -0.1903    0.5839    2.3702  10  9  3  0  1.8124  1.6176  
2011    287    29190.0000   -0.2756   -0.1846    0.5773    2.3706  10  9  3  0  1.8121  1.6172  
2011    287    29220.0000   -0.2910   -0.1668    0.5631    2.3693  10  9  4  0  1.8116  1.6166  
2011    287    29250.0000   -0.2035   -0.1222    0.3826    2.3742  10  9  2  0  1.8111  1.6160  
2011    287    29280.0000   -0.2080   -0.1212    0.3784    2.3754  10  9  2  0  1.8105  1.6153  
2011    287    29310.0000   -0.2321   -0.1111    0.3467    2.3821  10  8  2  0  1.8097  1.6145  
2011    287    29340.0000   -0.1700   -0.1697    0.2578    2.3868  10  9  2  0  1.8089  1.6137  
2011    287    29370.0000   -0.1726   -0.1654    0.2497    2.3870  10  9  2  0  1.8079  1.6127  
2011    287    29400.0000   -0.1085   -0.1919    0.1377    2.3925  9  9  4  0  2.0444  1.8052  
2011    287    29430.0000   -0.0753   -0.3106    0.0838    2.3997  9  9  5  0  2.0455  1.8059  
2011    287    29460.0000   -0.0739   -0.3131    0.0889    2.3998  9  9  5  0  2.0464  1.8064  
2011    287    29490.0000   -0.0792   -0.3138    0.0945    2.3990  9  9  5  0  2.0471  1.8068  
2011    287    29520.0000   -0.0782   -0.3120    0.1007    2.3991  9  9  5  0  2.0477  1.8070  
2011    287    29550.0000   -0.0715   -0.3079    0.0943    2.3984  9  9  5  0  2.0481  1.8071  
2011    287    29580.0000   -0.0745   -0.3094    0.1004    2.3971  9  9  5  0  2.0484  1.8071  
2011    287    29610.0000   -0.0740   -0.3106    0.0942    2.3967  9  9  5  0  2.0484  1.8069  
2011    287    29640.0000   -0.0703   -0.3108    0.1081    2.3963  9  9  5  0  2.0483  1.8066  
2011    287    29670.0000   -0.0700   -0.3098    0.1148    2.3949  9  9  5  0  2.0481  1.8061  
2011    287    29700.0000   -0.0756   -0.3068    0.1269    2.3932  9  9  5  0  2.0476  1.8055  
2011    287    29730.0000   -0.0636   -0.3100    0.1251    2.3932  9  9  5  0  2.0470  1.8048  
2011    287    29760.0000   -0.0666   -0.3082    0.1281    2.3936  9  9  5  0  2.0462  1.8039  
2011    287    29790.0000   -0.0723   -0.3120    0.1327    2.3928  9  9  5  0  2.0452  1.8029  
2011    287    29820.0000   -0.1085   -0.1861    0.1903    2.3814  9  9  4  0  2.0441  1.8017  
2011    287    29850.0000   -0.0693   -0.1463    0.0463    2.3957  9  9  2  0  2.0428  1.8004  
2011    287    29880.0000   -0.0842   -0.0819    0.0652    2.3942  9  9  5  0  2.0413  1.7990  
2011    287    29910.0000   -0.0837   -0.0802    0.0661    2.3943  9  9  5  0  2.0397  1.7974  
2011    287    29940.0000   -0.0862   -0.0802    0.0727    2.3935  9  9  5  0  2.0379  1.7958  
2011    287    29970.0000   -0.0887   -0.0812    0.0667    2.3929  9  9  5  0  2.0360  1.7940  
2011    287    30000.0000   -0.0848   -0.0777    0.0679    2.3924  9  9  5  0  2.0339  1.7920  
2011    287    30030.0000   -0.0782   -0.0771    0.0665    2.3858  9  9  4  0  2.0316  1.7900  
2011    287    30060.0000   -0.0592   -0.0495   -0.0233    2.3970  9  9  3  0  2.0292  1.7878  
2011    287    30090.0000   -0.0493   -0.0500   -0.0223    2.3960  9  9  3  0  2.0266  1.7855  
2011    287    30120.0000   -0.0471   -0.0458   -0.0374    2.3965  9  9  3  0  2.0239  1.7831  
2011    287    30150.0000   -0.0429   -0.0424   -0.0513    2.3973  9  9  3  1  2.0211  1.7805  
2011    287    30180.0000    0.0114   -0.0478   -0.1047    2.3988  9  9  3  0  2.0181  1.7779  
2011    287    30210.0000    0.0081   -0.0477   -0.0920    2.3984  9  9  3  0  2.0150  1.7752  
2011    287    30240.0000    0.0120   -0.0475   -0.0954    2.3976  9  9  3  0  2.0117  1.7723  
2011    287    30270.0000   -0.0203   -0.0535   -0.0471    2.3937  9  9  3  0  2.0084  1.7694  
2011    287    30300.0000   -0.0169   -0.0554   -0.0514    2.3929  9  9  3  0  2.0049  1.7663  
2011    287    30330.0000   -0.0120   -0.0588   -0.0456    2.3918  9  9  2  0  2.0012  1.7632  
2011    287    30360.0000   -0.0059   -0.0584   -0.0418    2.3917  9  9  2  1  1.9975  1.7599  
2011    287    30390.0000   -0.0096   -0.0597   -0.0347    2.3899  9  9  2  1  1.9936  1.7566  
2011    287    30420.0000   -0.0144   -0.0644   -0.0145    2.3881  9  9  2  1  1.9897  1.7532  
2011    287    30450.0000   -0.0132   -0.0595   -0.0165    2.3880  9  9  2  1  1.9856  1.7497  
2011    287    30480.0000   -0.0215   -0.0610   -0.0112    2.3868  9  9  2  1  1.9814  1.7461  
2011    287    30510.0000    0.0308   -0.0363   -0.0608    2.3886  9  9  3  1  1.9771  1.7424  
2011    287    30540.0000    0.0246   -0.0361   -0.0580    2.3878  9  9  3  1  1.9728  1.7387  
2011    287    30570.0000    0.0236   -0.0319   -0.0722    2.3888  9  9  3  1  1.9683  1.7349  
2011    287    30600.0000    0.0251   -0.0301   -0.0726    2.3892  9  9  3  1  1.9638  1.7310  
2011    287    30630.0000    0.0332   -0.0347   -0.0700    2.3886  9  9  3  1  1.9591  1.7271  
2011    287    30660.0000    0.0326   -0.0339   -0.0681    2.3881  9  9  3  1  1.9544  1.7231  
2011    287    30690.0000    0.0275   -0.0324   -0.0736    2.3881  9  9  3  1  1.9496  1.7191  
2011    287    30720.0000    0.0243   -0.0328   -0.0699    2.3872  9  9  3  1  1.9447  1.7150  
2011    287    30750.0000    0.0310   -0.0344   -0.0782    2.3860  9  9  3  1  1.9398  1.7108  
2011    287    30780.0000    0.0285   -0.0309   -0.0815    2.3856  9  9  3  1  1.9348  1.7066  
2011    287    30810.0000    0.0253   -0.0329   -0.0740    2.3844  9  9  3  1  1.9297  1.7024  
2011    287    30840.0000    0.0179   -0.0295   -0.0785    2.3840  9  9  3  1  1.9246  1.6981  
2011    287    30870.0000    0.0210   -0.0332   -0.0734    2.3840  9  9  3  1  1.9194  1.6937  
2011    287    30900.0000    0.0230   -0.0325   -0.0719    2.3833  9  9  3  1  1.9142  1.6894  
2011    287    30930.0000    0.0319   -0.0314   -0.0593    2.3839  9  9  3  1  1.9090  1.6850  
2011    287    30960.0000    0.0228   -0.0313   -0.0503    2.3849  8  8  3  1  2.6933  2.3284  
2011    287    30990.0000    0.0231   -0.0346   -0.0608    2.3853  8  8  3  1  2.6884  2.3242  
2011    287    31020.0000    0.0272   -0.0356   -0.0533    2.3848  9  8  3  1  1.8929  1.6716  
2011    287    31050.0000    0.0277   -0.0300   -0.0640    2.3840  8  8  3  1  2.6773  2.3149  
2011    287    31080.0000    0.0307   -0.0331   -0.0553    2.3828  8  8  3  1  2.6712  2.3098  
2011    287    31110.0000    0.0279   -0.0357   -0.0517    2.3824  8  8  3  1  2.6647  2.3044  
2011    287    31140.0000    0.0078   -0.0607   -0.0249    2.3822  8  8  3  1  2.6578  2.2987  
2011    287    31170.0000   -0.0138   -0.0606    0.0157    2.3798  8  8  3  1  2.6506  2.2927  
2011    287    31200.0000   -0.0160   -0.0625    0.0217    2.3799  8  8  3  1  2.6431  2.2865  
2011    287    31230.0000   -0.0162   -0.0630    0.0088    2.3799  8  8  3  1  2.6352  2.2800  
2011    287    31260.0000   -0.0117   -0.0592    0.0113    2.3796  8  8  3  1  2.6271  2.2733  
2011    287    31290.0000    0.0406   -0.0361   -0.0387    2.3819  8  8  3  1  2.6186  2.2663  
2011    287    31320.0000    0.0404   -0.0415   -0.0415    2.3814  8  8  3  1  2.6099  2.2591  
2011    287    31350.0000    0.0339   -0.0431   -0.0383    2.3810  8  8  3  1  2.6009  2.2517  
2011    287    31380.0000    0.0351   -0.0393   -0.0421    2.3817  8  8  3  1  2.5916  2.2441  
2011    287    31410.0000    0.0406   -0.0378   -0.0392    2.3823  8  8  3  1  2.5821  2.2364  
2011    287    31440.0000    0.0355   -0.0364   -0.0371    2.3823  8  8  3  1  2.5724  2.2284  
2011    287    31470.0000    0.0317   -0.0380   -0.0428    2.3823  8  8  3  1  2.5625  2.2203  
2011    287    31500.0000    0.0273   -0.0328   -0.0625    2.3824  8  8  3  1  2.5524  2.2120  
2011    287    31530.0000    0.0284   -0.0370   -0.0489    2.3821  8  8  3  1  2.5420  2.2036  
2011    287    31560.0000    0.0293   -0.0353   -0.0494    2.3819  8  8  3  1  2.5316  2.1951  
2011    287    31590.0000    0.0288   -0.0410   -0.0390    2.3814  8  8  3  1  2.5209  2.1864  
2011    287    31620.0000    0.0296   -0.0384   -0.0411    2.3818  8  8  3  1  2.5101  2.1776  
2011    287    31650.0000    0.0289   -0.0389   -0.0502    2.3817  8  8  3  1  2.4992  2.1687  
2011    287    31680.0000    0.0284   -0.0388   -0.0387    2.3819  7  7  3  1  3.2054  2.7138  
2011    287    31710.0000    0.0253   -0.0359   -0.0450    2.3821  7  7  3  1  3.1941  2.7049  
2011    287    31740.0000    0.0209   -0.0359   -0.0526    2.3823  7  7  3  1  3.1826  2.6959  
2011    287    31770.0000    0.0353   -0.0364   -0.0427    2.3825  7  7  3  1  3.1709  2.6868  
2011    287    31800.0000    0.0356   -0.0354   -0.0392    2.3827  7  7  3  1  3.1590  2.6776  
2011    287    31830.0000    0.0310   -0.0367   -0.0396    2.3827  7  7  3  1  3.1471  2.6683  
2011    287    31860.0000    0.0292   -0.0407   -0.0495    2.3828  7  7  3  1  3.1350  2.6590  
2011    287    31890.0000    0.0340   -0.0360   -0.0654    2.3828  7  7  3  1  3.1228  2.6496  
2011    287    31920.0000    0.0340   -0.0362   -0.0400    2.3829  7  7  3  1  3.1106  2.6401  
2011    287    31950.0000    0.0325   -0.0418   -0.0482    2.3829  7  7  3  1  3.0983  2.6307  
2011    287    31980.0000    0.0349   -0.0385   -0.0519    2.3833  7  7  3  1  3.0860  2.6212  
2011    287    32010.0000    0.0313   -0.0367   -0.0528    2.3834  7  7  3  1  3.0736  2.6117  
2011    287    32040.0000    0.0307   -0.0361   -0.0481    2.3836  7  7  3  1  3.0612  2.6022  
2011    287    32070.0000    0.0406   -0.0356   -0.0444    2.3839  7  7  3  1  3.0489  2.5928  
2011    287    32100.0000    0.0371   -0.0370   -0.0445    2.3844  7  7  3  1  3.0365  2.5833  
2011    287    32130.0000   -0.0074    0.0005   -0.0129    2.3774  7  7  0  1  3.0242  2.5739  
2011    287    32160.0000   -0.0029   -0.0037   -0.0065    2.3775  7  7  0  1  3.0119  2.5646  
2011    287    32190.0000   -0.0014    0.0014   -0.0066    2.3776  7  7  0  1  2.9996  2.5553  
2011    287    32220.0000   -0.0077    0.0013   -0.0140    2.3776  7  7  0  1  2.9874  2.5460  
2011    287    32250.0000   -0.0031    0.0071   -0.0068    2.3778  7  7  0  1  2.9752  2.5369  
2011    287    32280.0000   -0.0028    0.0059   -0.0090    2.3779  7  7  0  1  2.9632  2.5277  
2011    287    32310.0000   -0.0045    0.0050   -0.0086    2.3779  7  7  0  1  2.9512  2.5187  
2011    287    32340.0000   -0.0071    0.0041   -0.0163    2.3780  7  7  0  1  2.9393  2.5098  
2011    287    32370.0000   -0.0051    0.0020   -0.0207    2.3781  7  7  0  1  2.9274  2.5009  
2011    287    32400.0000   -0.0114    0.0030   -0.0236    2.3779  7  7  0  1  2.9157  2.4921  
2011    287    32430.0000   -0.0017    0.0042   -0.0161    2.3778  7  7  0  1  2.9041  2.4834  
2011    287    32460.0000   -0.0010    0.0011   -0.0059    2.3779  7  7  0  1  2.8926  2.4749  
2011    287    32490.0000   -0.0057    0.0032   -0.0050    2.3781  7  7  0  1  2.8812  2.4664  
2011    287    32520.0000   -0.0062    0.0011   -0.0199    2.3782  7  7  0  1  2.8699  2.4580  
2011    287    32550.0000   -0.0066    0.0035   -0.0159    2.3783  7  7  0  1  2.8587  2.4497  
2011    287    32580.0000   -0.0052    0.0047   -0.0193    2.3784  7  7  0  1  2.8477  2.4415  
2011    287    32610.0000   -0.0045    0.0070   -0.0117    2.3788  7  7  0  1  2.8367  2.4335  
2011    287    32640.0000   -0.0078    0.0034   -0.0277    2.3790  7  7  0  1  2.8259  2.4255  
2011    287    32670.0000   -0.0113    0.0019   -0.0158    2.3793  7  7  0  1  2.8152  2.4177  
2011    287    32700.0000   -0.0091    0.0048   -0.0180    2.3795  7  7  0  1  2.8047  2.4099  
2011    287    32730.0000   -0.0150    0.0062   -0.0277    2.3795  7  7  0  1  2.7943  2.4023  
2011    287    32760.0000   -0.0105    0.0060   -0.0245    2.3796  7  7  0  1  2.7840  2.3948  
2011    287    32790.0000   -0.0023    0.0031   -0.0218    2.3798  7  7  0  1  2.7738  2.3873  
2011    287    32820.0000    0.0007    0.0121   -0.0304    2.3799  7  7  0  1  2.7638  2.3800  
2011    287    32850.0000   -0.0065    0.0081   -0.0157    2.3798  7  7  0  1  2.7538  2.3728  
2011    287    32880.0000   -0.0069    0.0089   -0.0276    2.3798  7  7  0  1  2.7440  2.3657  
2011    287    32910.0000   -0.0084    0.0091   -0.0287    2.3797  7  7  0  1  2.7344  2.3587  
2011    287    32940.0000   -0.0078    0.0124   -0.0164    2.3799  7  7  0  1  2.7248  2.3518  
2011    287    32970.0000   -0.0017    0.0110   -0.0187    2.3799  7  7  0  1  2.7154  2.3450  
2011    287    33000.0000   -0.0020    0.0089   -0.0235    2.3799  7  7  0  1  2.7061  2.3383  
2011    287    33030.0000   -0.0059    0.0111   -0.0258    2.3796  7  7  0  1  2.6969  2.3317  
2011    287    33060.0000   -0.0031    0.0063   -0.0308    2.3794  7  7  0  1  2.6879  2.3251  
2011    287    33090.0000   -0.0034    0.0106   -0.0213    2.3792  7  7  0  1  2.6789  2.3187  
2011    287    33120.0000    0.0040    0.0115   -0.0266    2.3793  7  7  0  1  2.6701  2.3124  
2011    287    33150.0000   -0.0016    0.0087   -0.0284    2.3794  7  7  0  1  2.6614  2.3061  
2011    287    33180.0000   -0.0013    0.0123   -0.0262    2.3794  7  7  0  1  2.6527  2.2999  
2011    287    33210.0000   -0.0066    0.0088   -0.0187    2.3792  7  7  0  1  2.6442  2.2938  
2011    287    33240.0000    0.0032    0.0128   -0.0304    2.3791  7  7  0  1  2.6358  2.2878  
2011    287    33270.0000    0.0010    0.0072   -0.0327    2.3791  7  7  0  1  2.6275  2.2818  
2011    287    33300.0000    0.0066    0.0108   -0.0334    2.3789  7  7  0  1  2.6193  2.2760  
2011    287    33330.0000    0.0029    0.0056   -0.0395    2.3783  7  7  0  1  2.6111  2.2702  
2011    287    33360.0000    0.0070    0.0074   -0.0335    2.3779  7  7  0  1  2.6031  2.2644  
2011    287    33390.0000    0.0007    0.0093   -0.0248    2.3781  7  7  0  1  2.5951  2.2587  
2011    287    33420.0000    0.0100    0.0080   -0.0185    2.3780  7  7  0  1  2.5872  2.2531  
2011    287    33450.0000    0.0074    0.0096   -0.0252    2.3783  7  7  0  1  2.5794  2.2475  
2011    287    33480.0000    0.0135    0.0109   -0.0278    2.3782  7  7  0  1  2.5717  2.2420  
2011    287    33510.0000    0.0056    0.0072   -0.0378    2.3777  7  7  0  1  2.5641  2.2365  
2011    287    33540.0000    0.0161    0.0101   -0.0349    2.3772  7  7  0  1  2.5565  2.2311  
2011    287    33570.0000    0.0079    0.0055   -0.0229    2.3767  7  7  0  1  2.5490  2.2257  
2011    287    33600.0000    0.0249    0.0198   -0.0867    2.3830  7  7  2  1  2.5415  2.2204  
2011    287    33630.0000    0.0320    0.0186   -0.0970    2.3833  7  7  2  0  2.5341  2.2151  
2011    287    33660.0000    0.0319    0.0199   -0.0873    2.3836  7  7  2  0  2.5268  2.2098  
2011    287    33690.0000    0.0299    0.0174   -0.0906    2.3832  7  7  2  0  2.5195  2.2046  
2011    287    33720.0000    0.0400    0.0183   -0.0746    2.3830  7  7  2  0  2.5123  2.1994  
2011    287    33750.0000    0.0424    0.0205   -0.0823    2.3828  7  7  2  1  2.5051  2.1942  
2011    287    33780.0000    0.0302    0.0191   -0.0821    2.3829  7  7  2  1  2.4980  2.1891  
2011    287    33810.0000    0.0420    0.0191   -0.0788    2.3830  7  7  2  1  2.4909  2.1839  
2011    287    33840.0000    0.0331    0.0188   -0.0841    2.3832  7  7  2  1  2.4838  2.1788  
2011    287    33870.0000    0.0407    0.0209   -0.0825    2.3828  7  7  2  1  2.4768  2.1737  
2011    287    33900.0000    0.0351    0.0169   -0.0868    2.3831  7  7  2  1  2.4698  2.1686  
2011    287    33930.0000    0.0401    0.0175   -0.0821    2.3832  7  7  2  1  2.4629  2.1636  
2011    287    33960.0000    0.0333    0.0150   -0.0886    2.3832  7  7  2  1  2.4559  2.1585  
2011    287    33990.0000    0.0406    0.0131   -0.0913    2.3834  7  7  2  0  2.4490  2.1534  
2011    287    34020.0000    0.0435    0.0157   -0.0841    2.3838  7  7  2  0  2.4422  2.1484  
2011    287    34050.0000    0.0352    0.0188   -0.0844    2.3846  7  7  2  0  2.4353  2.1433  
2011    287    34080.0000    0.0391    0.0156   -0.0841    2.3846  7  7  2  0  2.4285  2.1383  
2011    287    34110.0000    0.0291    0.0118   -0.0927    2.3851  7  7  2  1  2.4216  2.1332  
2011    287    34140.0000    0.0322    0.0105   -0.0979    2.3852  7  7  2  0  2.4148  2.1282  
2011    287    34170.0000    0.0326    0.0105   -0.0921    2.3848  7  7  2  0  2.4080  2.1231  
2011    287    34200.0000    0.0406    0.0081   -0.0946    2.3846  7  7  2  0  2.4013  2.1181  
2011    287    34230.0000    0.0327    0.0078   -0.0946    2.3836  7  7  2  0  2.3945  2.1130  
2011    287    34260.0000    0.0327    0.0098   -0.0920    2.3838  7  7  2  0  2.3877  2.1079  
2011    287    34290.0000    0.0384    0.0103   -0.0921    2.3838  7  7  2  0  2.3810  2.1028  
2011    287    34320.0000    0.0276    0.0075   -0.0945    2.3830  7  7  2  0  2.3742  2.0977  
2011    287    34350.0000    0.0399    0.0090   -0.0735    2.3830  7  7  2  0  2.3675  2.0926  
2011    287    34380.0000    0.0390    0.0079   -0.0901    2.3831  7  7  2  0  2.3607  2.0875  
2011    287    34410.0000    0.0294    0.0123   -0.0936    2.3833  7  7  2  1  2.3540  2.0824  
2011    287    34440.0000    0.0313    0.0078   -0.0870    2.3837  7  7  2  1  2.3472  2.0772  
2011    287    34470.0000    0.0337    0.0032   -0.0934    2.3832  7  7  2  1  2.3405  2.0720  
2011    287    34500.0000    0.0363    0.0058   -0.0906    2.3829  7  7  2  1  2.3338  2.0669  
2011    287    34530.0000    0.0318    0.0075   -0.0847    2.3828  6  6  2  1  5.3786  4.4083  
2011    287    34560.0000    0.0240    0.0018   -0.1016    2.3828  6  6  2  0  5.3463  4.3826  
2011    287    34590.0000    0.0157    0.0040   -0.0994    2.3828  6  6  2  0  5.3140  4.3569  
2011    287    34620.0000   -0.0021   -0.0037   -0.1364    2.3827  6  6  2  0  5.2817  4.3312  
2011    287    34650.0000    0.0056   -0.0048   -0.1270    2.3827  6  6  2  0  5.2494  4.3054  
2011    287    34680.0000    0.0171   -0.0009   -0.1240    2.3826  6  6  2  0  5.2171  4.2797  
2011    287    34710.0000    0.0232    0.0062   -0.1001    2.3826  6  6  2  0  5.1848  4.2541  
2011    287    34740.0000    0.0067   -0.0030   -0.1218    2.3826  7  6  2  0  2.6711  2.2736  
2011    287    34770.0000    0.0092    0.0032   -0.1154    2.3827  7  7  2  0  2.6738  2.2752  
2011    287    34800.0000    0.0139    0.0020   -0.1116    2.3826  7  7  2  0  2.6764  2.2768  
2011    287    34830.0000    0.0184    0.0020   -0.1124    2.3827  7  6  2  0  2.6790  2.2783  
2011    287    34860.0000    0.0132    0.0016   -0.1171    2.3827  7  7  2  0  2.6815  2.2798  
2011    287    34890.0000    0.0142    0.0026   -0.1064    2.3829  7  7  2  0  2.6840  2.2813  
2011    287    34920.0000    0.0301    0.0066   -0.0895    2.3832  7  7  2  0  2.6864  2.2827  
2011    287    34950.0000    0.0257   -0.0002   -0.1049    2.3836  7  7  2  0  2.6887  2.2841  
2011    287    34980.0000    0.0188   -0.0010   -0.1128    2.3838  7  7  2  0  2.6910  2.2854  
2011    287    35010.0000    0.0319    0.0066   -0.1054    2.3843  7  6  2  0  2.6932  2.2867  
2011    287    35040.0000    0.0262    0.0034   -0.1013    2.3848  7  6  2  0  2.6954  2.2879  
2011    287    35070.0000    0.0196    0.0030   -0.1167    2.3853  7  6  2  0  2.6975  2.2892  
2011    287    35100.0000    0.0305    0.0033   -0.1135    2.3858  7  6  2  0  2.6995  2.2903  
2011    287    35130.0000    0.0233    0.0012   -0.1096    2.3862  7  6  2  0  2.7015  2.2915  
2011    287    35160.0000    0.0259    0.0060   -0.1071    2.3863  7  6  2  0  2.7035  2.2926  
2011    287    35190.0000    0.0252    0.0023   -0.1204    2.3865  7  6  2  0  2.7053  2.2937  
2011    287    35220.0000    0.0082    0.0633   -0.0463    2.3696  7  6  5  0  2.7071  2.2947  
2011    287    35250.0000    0.0071    0.0574   -0.0567    2.3698  7  6  5  0  2.7089  2.2957  
2011    287    35280.0000    0.0277    0.0664   -0.0459    2.3700  7  6  5  0  2.7106  2.2966  
2011    287    35310.0000    0.0175    0.0534   -0.0728    2.3700  7  6  5  1  2.7122  2.2975  
2011    287    35340.0000    0.0059    0.0523   -0.0787    2.3705  7  6  5  1  2.7138  2.2984  
2011    287    35370.0000    0.0202    0.0619   -0.0454    2.3704  7  7  5  1  2.7153  2.2993  
2011    287    35400.0000    0.0152    0.0615   -0.0489    2.3703  7  7  5  1  2.7167  2.3001  
2011    287    35430.0000    0.0030    0.0560   -0.0628    2.3702  7  7  5  1  2.7181  2.3008  
2011    287    35460.0000    0.0135    0.0592   -0.0641    2.3699  7  7  5  1  2.7194  2.3015  
2011    287    35490.0000    0.0201    0.0625   -0.0566    2.3697  7  7  5  1  2.7207  2.3022  
2011    287    35520.0000    0.0028    0.0628   -0.0557    2.3696  7  7  5  1  2.7219  2.3029  
2011    287    35550.0000    0.0091    0.0627   -0.0621    2.3700  7  7  5  1  2.7230  2.3035  
2011    287    35580.0000    0.0080    0.0614   -0.0628    2.3699  7  7  5  1  2.7241  2.3041  
2011    287    35610.0000    0.0076    0.0632   -0.0534    2.3702  7  7  5  1  2.7251  2.3046  
2011    287    35640.0000   -0.0034    0.0553   -0.0599    2.3706  7  7  5  1  2.7260  2.3051  
2011    287    35670.0000   -0.0019    0.0590   -0.0616    2.3708  7  7  5  1  2.7269  2.3055  
2011    287    35700.0000    0.0117    0.0565   -0.0739    2.3716  7  7  5  1  2.7277  2.3059  
2011    287    35730.0000    0.0169    0.0634   -0.0614    2.3724  7  7  5  1  2.7284  2.3063  
2011    287    35760.0000   -0.0025    0.0506   -0.0824    2.3732  7  7  5  1  2.7291  2.3066  
2011    287    35790.0000   -0.0042    0.0587   -0.0688    2.3741  7  7  5  1  2.7297  2.3069  
2011    287    35820.0000    0.0083    0.0677   -0.0612    2.3745  7  7  5  1  2.7302  2.3072  
2011    287    35850.0000   -0.0102    0.0613   -0.0776    2.3748  7  7  5  1  2.7307  2.3074  
2011    287    35880.0000   -0.0067    0.0569   -0.0796    2.3754  7  7  5  1  2.7311  2.3076  
2011    287    35910.0000   -0.0016    0.0571   -0.0739    2.3769  7  7  5  1  2.7314  2.3077  
2011    287    35940.0000   -0.0003    0.0605   -0.0695    2.3778  7  7  5  1  2.7317  2.3078  
2011    287    35970.0000   -0.0011    0.0528   -0.0827    2.3793  7  7  5  1  2.7318  2.3078  
2011    287    36000.0000    0.0074    0.0542   -0.0896    2.3800  7  7  5  1  2.7319  2.3078  
2011    287    36030.0000    0.0048    0.0530   -0.1017    2.3817  7  7  5  1  2.7320  2.3077  
2011    287    36060.0000    0.0173    0.0583   -0.0847    2.3825  7  7  5  1  2.7319  2.3076  
2011    287    36090.0000    0.0132    0.0548   -0.0940    2.3829  7  7  5  1  2.7318  2.3075  
2011    287    36120.0000    0.0037    0.0474   -0.1074    2.3839  7  7  5  1  2.7316  2.3073  
2011    287    36150.0000    0.0077    0.0521   -0.1089    2.3842  7  7  5  1  2.7313  2.3070  
2011    287    36180.0000    0.0160    0.0481   -0.1071    2.3853  7  7  5  1  2.7310  2.3067  
2011    287    36210.0000    0.0064    0.0511   -0.1052    2.3870  7  7  5  1  2.7306  2.3064  
2011    287    36240.0000    0.0091    0.0555   -0.1085    2.3878  7  7  5  1  2.7301  2.3060  
2011    287    36270.0000    0.0175    0.0556   -0.1064    2.3882  7  7  5  1  2.7295  2.3055  
2011    287    36300.0000    0.0160    0.0530   -0.1216    2.3887  7  7  5  1  2.7288  2.3050  
2011    287    36330.0000    0.0180    0.0518   -0.1245    2.3895  7  7  5  1  2.7280  2.3045  
2011    287    36360.0000    0.0149    0.0559   -0.1238    2.3903  7  7  5  1  2.7272  2.3039  
2011    287    36390.0000    0.0106    0.0528   -0.1248    2.3912  7  7  5  1  2.7263  2.3032  
2011    287    36420.0000    0.0115    0.0521   -0.1291    2.3925  7  7  5  1  2.7252  2.3025  
2011    287    36450.0000    0.0076    0.0056   -0.1369    2.3962  7  7  2  1  2.7241  2.3017  
2011    287    36480.0000    0.0152    0.0076   -0.1435    2.3961  7  6  2  1  2.7229  2.3009  
2011    287    36510.0000    0.0228    0.0029   -0.1393    2.3955  7  7  3  1  2.7217  2.3000  
2011    287    36540.0000    0.0137    0.0072   -0.1379    2.3954  7  6  2  1  2.7203  2.2991  
2011    287    36570.0000    0.0162   -0.0023   -0.1468    2.3953  7  6  2  1  2.7188  2.2981  
2011    287    36600.0000    0.0287   -0.0009   -0.1402    2.3972  7  7  3  1  2.7173  2.2970  
2011    287    36630.0000    0.0247    0.0020   -0.1395    2.3954  7  6  2  1  2.7157  2.2959  
2011    287    36660.0000    0.0223    0.0013   -0.1470    2.3950  6  6  2  1  2.8139  2.3936  
2011    287    36690.0000    0.0201    0.0047   -0.1364    2.3949  7  6  2  1  2.7121  2.2935  
2011    287    36720.0000    0.0239   -0.0027   -0.1503    2.3947  6  6  2  1  2.8134  2.3935  
2011    287    36750.0000    0.0315    0.0032   -0.1443    2.3946  6  6  2  1  2.8131  2.3934  
2011    287    36780.0000    0.0313   -0.0034   -0.1670    2.3945  6  6  2  1  2.8128  2.3933  
2011    287    36810.0000    0.0348   -0.0017   -0.1546    2.3941  6  6  2  1  2.8124  2.3931  
2011    287    36840.0000    0.0380   -0.0009   -0.1453    2.3939  6  6  2  1  2.8120  2.3930  
2011    287    36870.0000    0.0335   -0.0005   -0.1531    2.3937  6  6  2  1  2.8115  2.3928  
2011    287    36900.0000    0.0290   -0.0036   -0.1528    2.3934  6  6  2  1  2.8110  2.3927  
2011    287    36930.0000    0.0349   -0.0009   -0.1497    2.3931  6  6  2  1  2.8105  2.3925  
2011    287    36960.0000    0.0265    0.0047   -0.1341    2.3928  6  6  2  1  2.8099  2.3923  
2011    287    36990.0000    0.0271   -0.0052   -0.1660    2.3923  6  6  2  1  2.8093  2.3921  
2011    287    37020.0000    0.0372   -0.0034   -0.1643    2.3921  6  6  2  1  2.8087  2.3918  
2011    287    37050.0000    0.0330    0.0048   -0.1423    2.3919  6  6  2  1  2.8080  2.3916  
2011    287    37080.0000    0.0224   -0.0002   -0.1402    2.3915  6  6  2  1  2.8072  2.3913  
2011    287    37110.0000    0.0271    0.0011   -0.1412    2.3911  6  6  2  1  2.8065  2.3911  
2011    287    37140.0000    0.0387   -0.0044   -0.1548    2.3908  6  6  2  1  2.8057  2.3908  
2011    287    37170.0000    0.0329   -0.0044   -0.1533    2.3905  6  6  2  1  2.8048  2.3905  
2011    287    37200.0000    0.0324   -0.0027   -0.1346    2.3904  7  6  2  1  2.0656  1.8178  
2011    287    37230.0000    0.0286   -0.0010   -0.1288    2.3903  7  6  2  1  2.0689  1.8208  
2011    287    37260.0000    0.0183    0.0035   -0.1281    2.3901  7  7  2  1  2.0722  1.8239  
2011    287    37290.0000    0.0225   -0.0001   -0.1233    2.3896  7  6  2  1  2.0756  1.8270  
2011    287    37320.0000    0.0282    0.0042   -0.1310    2.3896  7  7  2  1  2.0789  1.8301  
2011    287    37350.0000    0.0132    0.0033   -0.1377    2.3891  7  6  2  1  2.0822  1.8331  
2011    287    37380.0000    0.0279    0.0057   -0.1342    2.3886  7  6  2  1  2.0854  1.8362  
2011    287    37410.0000    0.0356    0.0022   -0.1220    2.3887  7  7  2  1  2.0887  1.8393  
2011    287    37440.0000    0.0242    0.0017   -0.1187    2.3882  7  7  2  1  2.0919  1.8424  
2011    287    37470.0000    0.0156    0.0054   -0.1142    2.3875  7  7  2  1  2.0951  1.8454  
2011    287    37500.0000    0.0154    0.0025   -0.1032    2.3875  7  7  2  1  2.0983  1.8485  
2011    287    37530.0000    0.0111    0.0002   -0.1017    2.3875  7  6  2  1  2.1015  1.8516  
2011    287    37560.0000    0.0094    0.0033   -0.1110    2.3874  7  6  2  1  2.1047  1.8546  
2011    287    37590.0000   -0.0001    0.0141   -0.0484    2.3885  7  7  2  1  2.1078  1.8577  
2011    287    37620.0000    0.0060    0.0197   -0.0497    2.3884  7  7  2  1  2.1109  1.8607  
2011    287    37650.0000    0.0129    0.0161   -0.0535    2.3890  7  7  2  1  2.1140  1.8638  
2011    287    37680.0000    0.0183    0.0115   -0.0501    2.3895  6  6  2  1  2.4396  2.1468  
2011    287    37710.0000    0.0040    0.0070   -0.0599    2.3898  6  6  2  1  2.4429  2.1495  
2011    287    37740.0000    0.0052    0.0129   -0.0580    2.3898  6  6  2  1  2.4462  2.1522  
2011    287    37770.0000    0.0164    0.0125   -0.0615    2.3905  6  6  2  1  2.4494  2.1548  
2011    287    37800.0000    0.0154    0.0150   -0.0647    2.3914  6  6  2  1  2.4527  2.1575  
2011    287    37830.0000    0.0029    0.0100   -0.0672    2.3918  6  6  2  1  2.4559  2.1601  
2011    287    37860.0000    0.0142    0.0140   -0.0712    2.3923  6  6  2  1  2.4590  2.1628  
2011    287    37890.0000    0.0159    0.0143   -0.0658    2.3924  7  6  2  1  2.1238  1.8753  
2011    287    37920.0000    0.0109    0.0124   -0.0673    2.3925  7  6  2  1  2.1286  1.8796  
2011    287    37950.0000    0.0105    0.0154   -0.0633    2.3928  7  6  2  1  2.1334  1.8839  
2011    287    37980.0000    0.0134    0.0124   -0.0784    2.3923  7  7  3  1  2.1382  1.8881  
2011    287    38010.0000    0.0185    0.0098   -0.0645    2.3932  7  6  2  1  2.1429  1.8924  
2011    287    38040.0000    0.0095    0.0087   -0.0739    2.3932  7  6  2  1  2.1477  1.8967  
2011    287    38070.0000    0.0217    0.0111   -0.0860    2.3927  7  7  3  1  2.1524  1.9010  
2011    287    38100.0000    0.0205    0.0097   -0.0835    2.3938  7  7  2  1  2.1571  1.9053  
2011    287    38130.0000    0.0148    0.0106   -0.0870    2.3940  7  7  2  1  2.1617  1.9095  
2011    287    38160.0000    0.0155    0.0136   -0.0834    2.3941  7  7  2  1  2.1664  1.9138  
2011    287    38190.0000    0.0176    0.0137   -0.0801    2.3937  7  7  2  1  2.1710  1.9180  
2011    287    38220.0000    0.0213    0.0050   -0.0927    2.3931  7  7  2  1  2.1755  1.9222  
2011    287    38250.0000    0.0209    0.0083   -0.0788    2.3929  8  7  2  1  2.0230  1.8118  
2011    287    38280.0000    0.0110    0.0105   -0.0718    2.3928  8  7  2  1  2.0309  1.8186  
2011    287    38310.0000    0.0161    0.0074   -0.0675    2.3929  8  7  2  1  2.0387  1.8253  
2011    287    38340.0000    0.0188    0.0170   -0.0768    2.3926  8  7  2  1  2.0465  1.8320  
2011    287    38370.0000    0.0157    0.0111   -0.0813    2.3925  8  7  2  1  2.0542  1.8386  
2011    287    38400.0000    0.0152    0.0124   -0.0765    2.3926  8  7  2  1  2.0619  1.8452  
2011    287    38430.0000    0.0168    0.0093   -0.0746    2.3926  8  7  2  1  2.0695  1.8518  
2011    287    38460.0000    0.0145    0.0106   -0.0846    2.3930  8  7  2  1  2.0771  1.8583  
2011    287    38490.0000    0.0165    0.0061   -0.0662    2.3933  8  8  2  1  2.0845  1.8648  
2011    287    38520.0000    0.0163    0.0103   -0.0674    2.3936  8  8  2  1  2.0919  1.8712  
2011    287    38550.0000    0.0128    0.0073   -0.0753    2.3935  8  8  2  1  2.0992  1.8775  
2011    287    38580.0000    0.0100    0.0047   -0.0727    2.3937  8  8  2  1  2.1064  1.8837  
2011    287    38610.0000    0.0092    0.0129   -0.0487    2.3908  8  8  3  1  2.1135  1.8899  
2011    287    38640.0000    0.0045    0.0164   -0.0523    2.3910  8  8  3  1  2.1205  1.8959  
2011    287    38670.0000    0.0081    0.0100   -0.0552    2.3917  8  8  3  1  2.1274  1.9019  
2011    287    38700.0000    0.0081    0.0114   -0.0463    2.3913  8  8  3  1  2.1341  1.9078  
2011    287    38730.0000    0.0038    0.0125   -0.0550    2.3910  8  8  3  1  2.1408  1.9135  
2011    287    38760.0000    0.0085    0.0156   -0.0454    2.3903  8  8  3  1  2.1472  1.9192  
2011    287    38790.0000    0.0112    0.0145   -0.0579    2.3896  8  8  3  1  2.1536  1.9247  
2011    287    38820.0000    0.0131    0.0146   -0.0701    2.3892  8  8  3  1  2.1597  1.9301  
2011    287    38850.0000    0.0066    0.0213   -0.0647    2.3881  8  8  3  1  2.1657  1.9354  
2011    287    38880.0000    0.0019    0.0175   -0.0671    2.3922  7  7  2  1  2.2985  2.0318  
2011    287    38910.0000    0.0018    0.0197   -0.0642    2.3922  8  7  2  1  1.9725  1.7768  
2011    287    38940.0000    0.0060    0.0119   -0.0728    2.3900  8  7  0  1  1.9796  1.7826  
2011    287    38970.0000    0.0049    0.0105   -0.0772    2.3901  8  7  0  1  1.9865  1.7884  
2011    287    39000.0000    0.0089    0.0108   -0.0743    2.3901  8  7  0  1  1.9935  1.7942  
2011    287    39030.0000    0.0087    0.0144   -0.0709    2.3945  8  8  2  1  2.0005  1.8000  
2011    287    39060.0000    0.0054    0.0152   -0.0763    2.3894  8  7  0  1  2.0074  1.8057  
2011    287    39090.0000    0.0064    0.0109   -0.0729    2.3891  8  7  0  1  2.0143  1.8114  
2011    287    39120.0000    0.0039    0.0151   -0.0820    2.3954  8  8  2  1  2.0211  1.8171  
2011    287    39150.0000    0.0004    0.0121   -0.0601    2.3885  8  7  0  1  2.0279  1.8227  
2011    287    39180.0000    0.0008    0.0060   -0.0543    2.3885  8  7  0  1  2.0347  1.8283  
2011    287    39210.0000    0.0089    0.0096   -0.0779    2.3969  8  8  2  1  2.0414  1.8338  
2011    287    39240.0000    0.0020    0.0151   -0.0918    2.3969  8  8  2  1  2.0481  1.8393  
2011    287    39270.0000    0.0010    0.0068   -0.0717    2.3887  8  7  0  1  2.0546  1.8447  
2011    287    39300.0000    0.0085    0.0090   -0.0664    2.3885  8  7  0  1  2.0612  1.8501  
2011    287    39330.0000    0.0091    0.0077   -0.0621    2.3887  8  7  0  1  2.0676  1.8554  
2011    287    39360.0000    0.0020    0.0110   -0.0630    2.3885  8  7  0  1  2.0739  1.8606  
2011    287    39390.0000    0.0029    0.0068   -0.0715    2.3888  8  7  0  1  2.0802  1.8658  
2011    287    39420.0000   -0.0012    0.0121   -0.0646    2.3885  8  7  0  1  2.0864  1.8708  
2011    287    39450.0000    0.0011    0.0091   -0.0639    2.3884  8  7  0  1  2.0925  1.8758  
2011    287    39480.0000    0.0019    0.0096   -0.0594    2.3885  8  7  0  1  2.0985  1.8807  
2011    287    39510.0000    0.0065    0.0133   -0.0666    2.3887  8  7  0  1  2.1043  1.8855  
2011    287    39540.0000    0.0004    0.0142   -0.0777    2.3891  8  7  0  1  2.1101  1.8901  
2011    287    39570.0000    0.0023    0.0168   -0.0804    2.3887  8  7  0  1  2.1157  1.8947  
2011    287    39600.0000   -0.0007    0.0182   -0.0774    2.3887  8  7  0  1  2.1213  1.8992  
2011    287    39630.0000   -0.0032    0.0199   -0.1026    2.3980  8  8  2  1  2.1266  1.9036  
2011    287    39660.0000   -0.0102    0.0242   -0.0943    2.3986  8  8  2  1  2.1319  1.9078  
2011    287    39690.0000   -0.0088    0.0270   -0.1077    2.3990  8  8  2  1  2.1370  1.9119  
2011    287    39720.0000   -0.0082    0.0271   -0.1092    2.3994  8  8  2  1  2.1420  1.9159  
2011    287    39750.0000    0.0014    0.0143   -0.0849    2.3874  8  8  0  1  2.1468  1.9198  
2011    287    39780.0000   -0.0004    0.0118   -0.0783    2.3869  8  8  0  1  2.1515  1.9235  
2011    287    39810.0000   -0.0022    0.0120   -0.0810    2.3867  8  8  0  1  2.1560  1.9271  
2011    287    39840.0000   -0.0028    0.0020   -0.0652    2.3868  8  8  0  1  2.1603  1.9305  
2011    287    39870.0000   -0.0096    0.0073   -0.0599    2.3869  8  8  0  1  2.1645  1.9338  
2011    287    39900.0000    0.0036    0.0103   -0.0691    2.3865  8  8  0  1  2.1685  1.9370  
2011    287    39930.0000   -0.0012    0.0101   -0.0687    2.3857  8  8  0  1  2.1724  1.9400  
2011    287    39960.0000   -0.0055    0.0130   -0.0605    2.3858  8  8  0  1  2.1760  1.9429  
2011    287    39990.0000   -0.0057    0.0104   -0.0757    2.3857  8  8  0  1  2.1795  1.9456  
2011    287    40020.0000   -0.0017    0.0068   -0.0617    2.3857  8  8  0  1  2.1828  1.9481  
2011    287    40050.0000   -0.0178    0.0142   -0.0772    2.3856  8  8  0  1  2.1859  1.9505  
2011    287    40080.0000   -0.0027    0.0087   -0.0785    2.3859  8  8  0  1  2.1889  1.9527  
2011    287    40110.0000    0.0001    0.0142   -0.0612    2.3856  8  8  0  1  2.1916  1.9547  
2011    287    40140.0000    0.0001    0.0163   -0.0731    2.3856  8  8  0  1  2.1941  1.9566  
2011    287    40170.0000    0.0060    0.0079   -0.0603    2.3855  8  8  0  1  2.1965  1.9583  
2011    287    40200.0000    0.0057    0.0103   -0.0510    2.3855  8  8  0  1  2.1987  1.9599  
2011    287    40230.0000    0.0042    0.0118   -0.0628    2.3854  8  8  0  1  2.2006  1.9613  
2011    287    40260.0000    0.0033    0.0104   -0.0515    2.3855  8  8  0  1  2.2024  1.9625  
2011    287    40290.0000    0.0095    0.0137   -0.0670    2.3852  8  8  0  1  2.2039  1.9635  
2011    287    40320.0000    0.0084    0.0120   -0.0631    2.3848  8  8  0  1  2.2053  1.9644  
2011    287    40350.0000    0.0027    0.0141   -0.0590    2.3845  8  8  0  1  2.2065  1.9651  
2011    287    40380.0000   -0.0013    0.0161   -0.0711    2.3841  8  8  0  1  2.2074  1.9657  
2011    287    40410.0000   -0.0009    0.0080   -0.0799    2.3844  8  8  0  1  2.2082  1.9660  
2011    287    40440.0000    0.0011    0.0107   -0.0860    2.3843  8  8  0  1  2.2088  1.9662  
2011    287    40470.0000   -0.0054    0.0144   -0.0882    2.3842  8  8  0  1  2.2092  1.9663  
2011    287    40500.0000   -0.0100    0.0112   -0.0747    2.3844  8  8  0  1  2.2094  1.9661  
2011    287    40530.0000   -0.0066    0.0105   -0.0815    2.3845  8  8  0  1  2.2093  1.9658  
2011    287    40560.0000   -0.0091    0.0109   -0.0894    2.3842  8  8  0  1  2.2091  1.9654  
2011    287    40590.0000   -0.0057    0.0073   -0.0791    2.3837  8  8  0  1  2.2088  1.9648  
2011    287    40620.0000   -0.0079    0.0071   -0.0707    2.3836  8  8  0  1  2.2082  1.9640  
2011    287    40650.0000   -0.0001    0.0047   -0.0542    2.3838  8  8  0  1  2.2074  1.9631  
2011    287    40680.0000    0.0022    0.0066   -0.0659    2.3840  8  8  0  1  2.2065  1.9620  
2011    287    40710.0000   -0.0041    0.0003   -0.0484    2.3841  8  8  0  1  2.2054  1.9608  
2011    287    40740.0000   -0.0053    0.0071   -0.0687    2.3841  8  8  0  1  2.2041  1.9594  
2011    287    40770.0000    0.0027    0.0016   -0.0561    2.3839  8  8  0  1  2.2026  1.9578  
2011    287    40800.0000   -0.0003    0.0074   -0.0801    2.3839  8  8  0  1  2.2009  1.9562  
2011    287    40830.0000   -0.0049    0.0114   -0.0858    2.3835  8  8  0  1  2.1991  1.9544  
2011    287    40860.0000    0.0051    0.0105   -0.0654    2.3831  8  8  0  1  2.1972  1.9524  
2011    287    40890.0000   -0.0009    0.0068   -0.0591    2.3834  8  8  0  1  2.1950  1.9504  
2011    287    40920.0000    0.0018    0.0066   -0.0528    2.3833  8  8  0  1  2.1927  1.9482  
2011    287    40950.0000    0.0065    0.0057   -0.0490    2.3828  8  8  0  1  2.1903  1.9458  
2011    287    40980.0000    0.0005    0.0046   -0.0510    2.3822  8  8  0  1  2.1877  1.9434  
2011    287    41010.0000   -0.0056    0.0061   -0.0733    2.3818  8  8  0  1  2.1850  1.9408  
2011    287    41040.0000   -0.0048    0.0113   -0.0588    2.3816  8  8  0  1  2.1821  1.9381  
2011    287    41070.0000   -0.0009    0.0131   -0.0552    2.3812  8  8  0  1  2.1791  1.9353  
2011    287    41100.0000   -0.0000    0.0040   -0.0370    2.3811  8  8  0  1  2.1760  1.9324  
2011    287    41130.0000   -0.0070    0.0085   -0.0570    2.3812  8  8  0  1  2.1727  1.9294  
2011    287    41160.0000   -0.0075    0.0023   -0.0382    2.3805  8  8  0  1  2.1693  1.9263  
2011    287    41190.0000   -0.0150    0.0091   -0.0601    2.3800  8  8  0  1  2.1658  1.9231  
2011    287    41220.0000   -0.0103    0.0095   -0.0535    2.3794  8  8  0  1  2.1622  1.9199  
2011    287    41250.0000   -0.0070    0.0069   -0.0447    2.3789  8  8  0  1  2.1585  1.9165  
2011    287    41280.0000   -0.0077    0.0071   -0.0594    2.3783  8  8  0  1  2.1546  1.9130  
2011    287    41310.0000   -0.0148    0.0089   -0.0685    2.3777  8  8  0  1  2.1507  1.9095  
2011    287    41340.0000   -0.0121    0.0036   -0.0604    2.3767  9  8  0  1  1.9152  1.7250  
2011    287    41370.0000   -0.0072    0.0056   -0.0473    2.3762  9  8  0  1  1.9131  1.7229  
2011    287    41400.0000    0.0012    0.0022   -0.0511    2.3766  9  8  0  1  1.9109  1.7208  
2011    287    41430.0000   -0.0001    0.0041   -0.0468    2.3767  9  8  0  1  1.9086  1.7186  
2011    287    41460.0000   -0.0027    0.0012   -0.0534    2.3769  9  8  0  1  1.9063  1.7163  
2011    287    41490.0000    0.0058    0.0060   -0.0321    2.3760  9  8  0  1  1.9039  1.7140  
2011    287    41520.0000   -0.0089    0.0045   -0.0432    2.3766  9  8  0  1  1.9014  1.7116  
2011    287    41550.0000   -0.0019    0.0011   -0.0569    2.3769  9  8  0  1  1.8988  1.7092  
2011    287    41580.0000   -0.0039    0.0015   -0.0516    2.3773  9  8  0  1  1.8962  1.7067  
2011    287    41610.0000   -0.0001    0.0056   -0.0213    2.3777  9  8  0  1  1.8935  1.7042  
2011    287    41640.0000   -0.0026    0.0036   -0.0490    2.3788  9  8  0  1  1.8907  1.7016  
2011    287    41670.0000   -0.0002   -0.0009   -0.0448    2.3795  9  8  0  1  1.8879  1.6989  
2011    287    41700.0000    0.0064    0.0052   -0.0451    2.3794  9  8  0  1  1.8850  1.6963  
2011    287    41730.0000    0.0138    0.0050   -0.0261    2.3796  9  8  0  1  1.8821  1.6936  
2011    287    41760.0000    0.0072    0.0009   -0.0380    2.3792  9  8  0  1  1.8791  1.6908  
2011    287    41790.0000   -0.0030    0.0045   -0.0582    2.3793  9  8  0  1  1.8761  1.6880  
2011    287    41820.0000    0.0059    0.0067   -0.0455    2.3781  9  8  0  1  1.8730  1.6852  
2011    287    41850.0000    0.0056    0.0077   -0.0499    2.3765  9  8  0  1  1.8699  1.6824  
2011    287    41880.0000   -0.0087    0.0075   -0.0658    2.3755  9  8  0  1  1.8668  1.6795  
2011    287    41910.0000    0.0426   -0.0047   -0.0376    2.3538  8  7  4  1  2.7774  2.4555  
2011    287    41940.0000    0.0499   -0.0128   -0.0072    2.3537  8  7  4  1  2.7630  2.4426  
2011    287    41970.0000    0.0432   -0.0082   -0.0134    2.3537  8  7  4  1  2.7486  2.4296  
2011    287    42000.0000    0.0395   -0.0117   -0.0223    2.3541  8  7  4  1  2.7339  2.4165  
2011    287    42030.0000    0.0371   -0.0122   -0.0251    2.3543  8  7  4  1  2.7192  2.4033  
2011    287    42060.0000    0.0410   -0.0092   -0.0196    2.3545  8  8  4  1  2.7043  2.3901  
2011    287    42090.0000    0.0449   -0.0099   -0.0177    2.3547  8  7  4  1  2.6894  2.3767  
2011    287    42120.0000    0.0421   -0.0112   -0.0032    2.3548  8  8  4  1  2.6743  2.3633  
2011    287    42150.0000    0.0378   -0.0126   -0.0155    2.3547  8  8  4  1  2.6593  2.3499  
2011    287    42180.0000    0.0463   -0.0088   -0.0204    2.3543  8  8  4  1  2.6441  2.3365  
2011    287    42210.0000    0.0529   -0.0091   -0.0100    2.3544  8  8  4  1  2.6290  2.3231  
2011    287    42240.0000    0.0470   -0.0064   -0.0215    2.3538  8  8  4  1  2.6139  2.3097  
2011    287    42270.0000    0.0521   -0.0072   -0.0100    2.3534  8  8  4  1  2.5988  2.2963  
2011    287    42300.0000    0.0472   -0.0038   -0.0229    2.3561  8  8  3  1  2.5836  2.2830  
2011    287    42330.0000    0.0430   -0.0075   -0.0179    2.3557  8  8  3  1  2.5686  2.2696  
2011    287    42360.0000    0.0517   -0.0091    0.0052    2.3562  8  8  3  1  2.5536  2.2564  
2011    287    42390.0000    0.0523   -0.0092    0.0077    2.3561  8  8  3  1  2.5386  2.2432  
2011    287    42420.0000    0.0206    0.0083   -0.0481    2.3656  8  8  4  1  2.5237  2.2301  
2011    287    42450.0000    0.0222    0.0129   -0.0511    2.3652  8  8  4  1  2.5089  2.2171  
2011    287    42480.0000    0.0164    0.0148   -0.0356    2.3654  8  8  4  1  2.4941  2.2041  
2011    287    42510.0000    0.0149    0.0092   -0.0434    2.3651  8  8  4  1  2.4795  2.1913  
2011    287    42540.0000    0.0251    0.0143   -0.0254    2.3650  8  8  4  1  2.4649  2.1785  
2011    287    42570.0000    0.0253    0.0165   -0.0313    2.3650  8  8  4  1  2.4505  2.1659  
2011    287    42600.0000    0.0173    0.0137   -0.0519    2.3649  8  8  4  1  2.4361  2.1534  
2011    287    42630.0000    0.0268    0.0173   -0.0310    2.3650  8  8  4  1  2.4219  2.1409  
2011    287    42660.0000    0.0278    0.0165   -0.0299    2.3650  8  8  4  1  2.4078  2.1287  
2011    287    42690.0000    0.0168    0.0140   -0.0536    2.3650  8  8  4  1  2.3939  2.1165  
2011    287    42720.0000    0.0259    0.0118   -0.0421    2.3647  8  8  4  1  2.3801  2.1044  
2011    287    42750.0000    0.0266    0.0111   -0.0388    2.3641  8  8  4  1  2.3664  2.0925  
2011    287    42780.0000    0.0198    0.0102   -0.0407    2.3640  8  8  4  1  2.3528  2.0807  
2011    287    42810.0000    0.0214    0.0094   -0.0352    2.3645  8  8  4  1  2.3394  2.0691  
2011    287    42840.0000    0.0174    0.0079   -0.0410    2.3643  8  8  4  1  2.3261  2.0576  
2011    287    42870.0000    0.0251    0.0059   -0.0245    2.3640  8  8  4  1  2.3130  2.0462  
2011    287    42900.0000    0.0150    0.0053   -0.0229    2.3638  8  8  4  1  2.3000  2.0350  
2011    287    42930.0000    0.0210    0.0094   -0.0239    2.3637  8  8  4  1  2.2872  2.0239  
2011    287    42960.0000    0.0314    0.0114   -0.0242    2.3645  8  8  4  1  2.2745  2.0129  
2011    287    42990.0000    0.0289    0.0113   -0.0208    2.3650  8  8  4  1  2.2619  2.0021  
2011    287    43020.0000    0.0214    0.0135   -0.0362    2.3644  8  8  4  1  2.2496  1.9914  
2011    287    43050.0000    0.0336    0.0102   -0.0348    2.3645  8  8  4  1  2.2373  1.9809  
2011    287    43080.0000    0.0327    0.0131   -0.0428    2.3640  8  8  4  1  2.2253  1.9705  
2011    287    43110.0000    0.0281    0.0108   -0.0487    2.3633  9  8  4  1  1.9176  1.7148  
2011    287    43140.0000    0.0202    0.0021   -0.0376    2.3632  9  8  4  1  1.9174  1.7145  
2011    287    43170.0000    0.0269    0.0074   -0.0290    2.3634  9  8  4  1  1.9170  1.7141  
2011    287    43200.0000    0.0145    0.0068   -0.0280    2.3634  9  8  5  1  1.9165  1.7135  
