# col  1 -  3: year/doy/sod 
# col  4 -  7: dLat/dLon/dH/ZTD 
# col  8 - 11: TotalSatNumber/FixedWLNum/FixedL1Num/Converged 
# col 12 - 13: GDOP/PDOP 
# END OF HEADER
2011    287        0.0000   -0.3425    2.3984  -16.4386    6.2232  9  0  0  0  1.8528  1.6496  
2011    287       30.0000    0.0342    1.8062   -7.5745    3.3423  9  3  3  0  1.8472  1.6449  
2011    287       60.0000   -0.3046    0.8622   -3.2924    2.6136  9  6  6  0  1.8416  1.6402  
2011    287       90.0000   -0.1975    0.6197   -1.6588    2.6443  9  7  0  0  1.8360  1.6355  
2011    287      120.0000   -0.0867    0.7971   -0.5315    2.4248  9  7  4  0  1.8303  1.6308  
2011    287      150.0000   -0.1514    0.6530   -0.9668    2.4158  9  6  2  0  1.8247  1.6261  
2011    287      180.0000   -0.0178    0.7975   -1.3131    2.4624  9  7  4  0  1.8190  1.6214  
2011    287      210.0000    0.1260    1.0220   -1.2758    2.4199  9  8  0  0  1.8134  1.6167  
2011    287      240.0000    0.0356    0.8939   -1.0968    2.3970  9  8  2  0  1.8077  1.6119  
2011    287      270.0000    0.0565    0.9001   -1.1159    2.4158  9  8  0  0  1.8020  1.6072  
2011    287      300.0000    0.0331    0.8988   -0.9627    2.3987  9  9  3  0  1.7963  1.6025  
2011    287      330.0000    0.0139    0.9832   -0.9245    2.3875  9  8  3  0  1.7907  1.5977  
2011    287      360.0000    0.0687    0.9290   -1.0240    2.3854  9  8  2  0  1.7850  1.5930  
2011    287      390.0000    0.0349    0.7118   -0.9517    2.3827  9  8  5  0  1.7794  1.5883  
2011    287      420.0000    0.0395    0.7197   -0.9222    2.3771  9  8  5  0  1.7737  1.5836  
2011    287      450.0000    0.1002    0.8432   -0.9957    2.3803  9  8  3  0  1.7681  1.5789  
2011    287      480.0000    0.0271    0.7243   -0.8951    2.3664  9  8  7  0  1.7625  1.5743  
2011    287      510.0000    0.0375    0.7271   -0.8878    2.3650  9  8  7  0  1.7569  1.5696  
2011    287      540.0000    0.1170    0.7822   -1.0613    2.3917  9  8  3  0  1.7513  1.5650  
2011    287      570.0000    0.1001    0.8529   -1.0825    2.3923  9  8  2  0  1.7458  1.5603  
2011    287      600.0000    0.0983    0.8683   -1.1025    2.3842  9  8  0  0  1.7402  1.5557  
2011    287      630.0000    0.1536    0.8855   -1.1635    2.3916  9  8  3  0  1.7347  1.5512  
2011    287      660.0000    0.1224    0.8945   -1.1371    2.3969  9  8  0  0  1.7292  1.5466  
2011    287      690.0000    0.1498    0.8822   -1.1621    2.3905  9  8  3  0  1.7238  1.5421  
2011    287      720.0000    0.1666    0.8801   -1.1423    2.3889  9  8  3  0  1.7184  1.5376  
2011    287      750.0000    0.1281    0.8209   -1.0730    2.3922  9  8  2  0  1.7130  1.5331  
2011    287      780.0000    0.0672    0.7355   -0.9990    2.3947  9  8  2  0  1.7076  1.5287  
2011    287      810.0000    0.0887    0.8337   -0.9931    2.3978  8  7  3  0  2.4281  2.1468  
2011    287      840.0000    0.0723    0.7392   -0.9826    2.4014  8  7  2  0  2.4151  2.1356  
2011    287      870.0000    0.0777    0.7389   -0.9888    2.4033  8  7  2  0  2.4021  2.1244  
2011    287      900.0000    0.0817    0.7285   -0.9838    2.4067  8  7  2  0  2.3890  2.1132  
2011    287      930.0000    0.0728    0.7456   -0.9595    2.4098  8  7  3  0  2.3759  2.1019  
2011    287      960.0000    0.0948    0.6804   -0.9331    2.4082  8  7  4  0  2.3627  2.0907  
2011    287      990.0000    0.0815    0.7100   -0.9705    2.4126  7  7  2  0  2.7022  2.3605  
2011    287     1020.0000    0.0940    0.7091   -0.9664    2.4142  7  7  2  0  2.6918  2.3516  
2011    287     1050.0000    0.0828    0.7362   -0.9453    2.4154  7  7  3  0  2.6815  2.3428  
2011    287     1080.0000    0.0480    0.8133   -0.9318    2.4171  7  7  3  0  2.6713  2.3341  
2011    287     1110.0000    0.0867    0.7029   -0.9079    2.4182  7  7  4  0  2.6612  2.3254  
2011    287     1140.0000    0.0883    0.7060   -0.9155    2.4197  7  7  4  0  2.6512  2.3169  
2011    287     1170.0000    0.0877    0.7034   -0.9195    2.4216  7  7  4  0  2.6414  2.3084  
2011    287     1200.0000    0.0844    0.7282   -0.9142    2.4230  7  7  2  0  2.6316  2.3001  
2011    287     1230.0000    0.0825    0.7308   -0.8947    2.4236  7  7  2  0  2.6220  2.2918  
2011    287     1260.0000    0.0434    0.5918   -0.8507    2.4288  7  7  3  0  2.6126  2.2836  
2011    287     1290.0000    0.0410    0.5867   -0.8548    2.4292  7  7  3  0  2.6032  2.2756  
2011    287     1320.0000    0.0403    0.4966   -0.8503    2.4329  7  7  3  0  2.5941  2.2677  
2011    287     1350.0000    0.0561    0.5858   -0.8515    2.4304  7  7  3  0  2.5850  2.2599  
2011    287     1380.0000    0.0427    0.4855   -0.8250    2.4335  7  7  3  0  2.5761  2.2522  
2011    287     1410.0000    0.0489    0.4788   -0.8100    2.4336  7  7  3  0  2.5674  2.2447  
2011    287     1440.0000    0.0452    0.4741   -0.8120    2.4338  7  7  3  0  2.5588  2.2372  
2011    287     1470.0000   -0.0013    0.3083   -0.7558    2.4392  7  7  2  0  2.5503  2.2299  
2011    287     1500.0000    0.0115    0.2906   -0.7425    2.4378  7  7  4  0  2.5420  2.2227  
2011    287     1530.0000    0.0144    0.2872   -0.7336    2.4373  7  7  4  0  2.5339  2.2157  
2011    287     1560.0000    0.0351    0.1650   -0.6309    2.4314  7  7  7  0  2.5259  2.2088  
2011    287     1590.0000    0.0390    0.1579   -0.6101    2.4315  7  7  7  0  2.5181  2.2020  
2011    287     1620.0000    0.0355    0.1638   -0.6097    2.4316  7  7  7  0  2.5104  2.1953  
2011    287     1650.0000    0.0374    0.1624   -0.6051    2.4315  7  7  7  0  2.5029  2.1888  
2011    287     1680.0000    0.0402    0.1503   -0.5934    2.4318  7  7  7  0  2.4956  2.1824  
2011    287     1710.0000    0.0368    0.1587   -0.6030    2.4315  7  7  7  0  2.4884  2.1762  
2011    287     1740.0000    0.0425    0.1667   -0.6213    2.4310  7  7  7  0  2.4813  2.1701  
2011    287     1770.0000    0.0415    0.1600   -0.6096    2.4299  7  7  7  0  2.4744  2.1641  
2011    287     1800.0000    0.0311    0.1435   -0.5663    2.4303  7  7  7  0  2.4676  2.1582  
2011    287     1830.0000    0.0301    0.1425   -0.5606    2.4305  7  7  7  0  2.4610  2.1525  
2011    287     1860.0000    0.0315    0.1396   -0.5630    2.4300  7  7  7  0  2.4546  2.1469  
2011    287     1890.0000    0.0310    0.1373   -0.5706    2.4295  7  7  7  0  2.4483  2.1414  
2011    287     1920.0000    0.0371    0.1349   -0.5691    2.4299  7  7  7  0  2.4421  2.1361  
2011    287     1950.0000    0.0387    0.1364   -0.5602    2.4295  7  7  7  0  2.4361  2.1308  
2011    287     1980.0000    0.0353    0.1347   -0.5631    2.4291  7  7  7  0  2.4302  2.1258  
2011    287     2010.0000    0.0467    0.1325   -0.5618    2.4293  7  7  7  0  2.4245  2.1208  
2011    287     2040.0000    0.0454    0.1300   -0.5586    2.4291  7  7  7  0  2.4189  2.1159  
2011    287     2070.0000    0.0492    0.1238   -0.5567    2.4293  7  7  7  0  2.4135  2.1112  
2011    287     2100.0000    0.0495    0.1241   -0.5487    2.4293  7  7  7  0  2.4082  2.1066  
2011    287     2130.0000    0.0489    0.1213   -0.5595    2.4289  7  7  7  0  2.4030  2.1021  
2011    287     2160.0000    0.0522    0.1184   -0.5568    2.4286  7  7  7  0  2.3979  2.0977  
2011    287     2190.0000    0.0511    0.1171   -0.5553    2.4290  7  7  7  0  2.3930  2.0935  
2011    287     2220.0000    0.0510    0.1214   -0.5600    2.4279  7  7  7  0  2.3882  2.0893  
2011    287     2250.0000    0.0617    0.1210   -0.5624    2.4269  7  7  7  0  2.3835  2.0853  
2011    287     2280.0000    0.0562    0.1191   -0.5507    2.4262  7  7  7  0  2.3790  2.0814  
2011    287     2310.0000    0.0516    0.1039   -0.5329    2.4263  7  7  7  0  2.3745  2.0776  
2011    287     2340.0000    0.0410    0.0994   -0.4957    2.4275  8  7  7  0  2.1940  1.9001  
2011    287     2370.0000    0.0456    0.1071   -0.5309    2.4302  7  6  6  0  3.4261  2.8515  
2011    287     2400.0000    0.0449    0.1035   -0.5281    2.4304  7  6  6  0  3.4312  2.8555  
2011    287     2430.0000    0.0424    0.0986   -0.5176    2.4300  7  6  6  0  3.4360  2.8592  
2011    287     2460.0000    0.0368    0.0983   -0.5117    2.4307  7  6  6  0  3.4406  2.8627  
2011    287     2490.0000    0.0360    0.0990   -0.5163    2.4315  7  6  6  0  3.4448  2.8660  
2011    287     2520.0000    0.0514    0.0973   -0.5274    2.4324  7  6  6  0  3.4488  2.8691  
2011    287     2550.0000    0.0391    0.0911   -0.5114    2.4333  7  6  6  0  3.4525  2.8720  
2011    287     2580.0000    0.0466    0.0901   -0.5210    2.4347  7  6  6  0  3.4559  2.8747  
2011    287     2610.0000    0.0439    0.0866   -0.5134    2.4355  7  6  6  0  3.4589  2.8771  
2011    287     2640.0000    0.0231    0.1689   -0.4884    2.4297  7  7  3  0  3.4616  2.8792  
2011    287     2670.0000    0.0147    0.1694   -0.4970    2.4299  7  7  3  0  3.4640  2.8811  
2011    287     2700.0000    0.0256    0.1713   -0.4967    2.4302  7  7  3  0  3.4660  2.8827  
2011    287     2730.0000    0.0191    0.1708   -0.4953    2.4298  7  7  3  0  3.4677  2.8841  
2011    287     2760.0000    0.0213    0.3012   -0.4935    2.4260  7  7  2  0  3.4690  2.8852  
2011    287     2790.0000    0.0251    0.3016   -0.4999    2.4260  7  7  2  0  3.4699  2.8860  
2011    287     2820.0000    0.0313    0.2997   -0.5017    2.4255  7  7  2  0  3.4705  2.8865  
2011    287     2850.0000    0.0287    0.3013   -0.4975    2.4251  7  7  2  0  3.4706  2.8867  
2011    287     2880.0000    0.0520    0.0666   -0.5050    2.4238  7  7  6  0  3.4704  2.8866  
2011    287     2910.0000    0.0520    0.0647   -0.5242    2.4229  7  7  6  0  3.4697  2.8862  
2011    287     2940.0000    0.0474    0.0621   -0.5038    2.4223  7  7  6  0  3.4687  2.8855  
2011    287     2970.0000    0.0517    0.0607   -0.5072    2.4226  7  7  6  0  3.4672  2.8845  
2011    287     3000.0000    0.0460    0.0602   -0.5078    2.4219  7  7  6  0  3.4654  2.8831  
2011    287     3030.0000    0.0555    0.0631   -0.5142    2.4219  7  7  6  0  3.4631  2.8815  
2011    287     3060.0000    0.0484    0.0624   -0.5164    2.4215  7  7  6  0  3.4604  2.8795  
2011    287     3090.0000    0.0483    0.0615   -0.5169    2.4217  7  7  6  0  3.4573  2.8772  
2011    287     3120.0000    0.0530    0.0553   -0.5176    2.4215  7  7  6  0  3.4538  2.8745  
2011    287     3150.0000    0.0289    0.1524   -0.5056    2.4250  7  7  3  0  3.4498  2.8716  
2011    287     3180.0000    0.0257    0.1498   -0.5137    2.4244  7  7  3  0  3.4454  2.8683  
2011    287     3210.0000    0.0199    0.1513   -0.5043    2.4240  7  7  3  0  3.4406  2.8647  
2011    287     3240.0000    0.0197    0.1502   -0.4886    2.4240  7  7  3  0  3.4354  2.8608  
2011    287     3270.0000    0.0256    0.1457   -0.4915    2.4244  7  7  3  0  3.4298  2.8565  
2011    287     3300.0000    0.0279    0.1472   -0.4933    2.4250  7  7  3  0  3.4238  2.8520  
2011    287     3330.0000    0.0218    0.1500   -0.4889    2.4253  7  7  3  0  3.4173  2.8471  
2011    287     3360.0000    0.0258    0.1471   -0.5056    2.4243  7  7  3  0  3.4105  2.8419  
2011    287     3390.0000    0.0276    0.1469   -0.4827    2.4241  7  7  3  0  3.4033  2.8364  
2011    287     3420.0000    0.0274    0.1500   -0.4862    2.4238  7  7  3  0  3.3957  2.8306  
2011    287     3450.0000    0.0252    0.1484   -0.4883    2.4232  7  7  3  0  3.3877  2.8245  
2011    287     3480.0000    0.0403    0.0724   -0.4914    2.4313  7  7  2  0  3.3793  2.8181  
2011    287     3510.0000    0.0356    0.0688   -0.4871    2.4311  7  7  2  0  3.3706  2.8115  
2011    287     3540.0000    0.0375    0.0662   -0.4904    2.4308  7  7  2  0  3.3615  2.8045  
2011    287     3570.0000    0.0327    0.0656   -0.4774    2.4303  7  7  2  0  3.3520  2.7973  
2011    287     3600.0000    0.0372    0.0615   -0.4947    2.4298  7  7  2  0  3.3422  2.7898  
2011    287     3630.0000    0.0340    0.0651   -0.4817    2.4298  7  7  2  0  3.3321  2.7821  
2011    287     3660.0000    0.0337    0.0628   -0.4869    2.4295  7  7  2  0  3.3217  2.7741  
2011    287     3690.0000    0.0351    0.0586   -0.4783    2.4289  7  7  2  0  3.3109  2.7659  
2011    287     3720.0000    0.0335    0.0597   -0.4790    2.4285  7  7  2  0  3.2999  2.7574  
2011    287     3750.0000    0.0367    0.0507   -0.4725    2.4281  7  7  2  0  3.2886  2.7487  
2011    287     3780.0000    0.0286    0.0540   -0.4854    2.4273  7  7  2  0  3.2770  2.7398  
2011    287     3810.0000    0.0340    0.0451   -0.4841    2.4263  7  7  2  0  3.2651  2.7307  
2011    287     3840.0000    0.0369    0.0438   -0.4798    2.4255  7  7  2  0  3.2530  2.7214  
2011    287     3870.0000    0.0306    0.0489   -0.4724    2.4255  7  7  2  0  3.2406  2.7119  
2011    287     3900.0000    0.0338    0.0402   -0.4707    2.4251  7  7  2  0  3.2281  2.7023  
2011    287     3930.0000    0.0426    0.0200   -0.4860    2.4244  7  7  3  0  3.2153  2.6925  
2011    287     3960.0000    0.0423    0.0162   -0.4680    2.4231  8  7  3  0  2.3504  2.0303  
2011    287     3990.0000    0.0422    0.0188   -0.4603    2.4226  8  7  3  0  2.3478  2.0283  
2011    287     4020.0000    0.0368    0.0362   -0.4586    2.4222  8  7  2  0  2.3451  2.0262  
2011    287     4050.0000    0.0425    0.0119   -0.4489    2.4215  8  7  3  0  2.3423  2.0240  
2011    287     4080.0000    0.0429    0.0114   -0.4602    2.4199  8  7  3  0  2.3394  2.0218  
2011    287     4110.0000    0.0382    0.0132   -0.4416    2.4198  8  7  3  0  2.3364  2.0194  
2011    287     4140.0000    0.0388    0.0086   -0.4338    2.4190  8  7  3  0  2.3332  2.0170  
2011    287     4170.0000    0.0406    0.0148   -0.4333    2.4192  8  7  3  0  2.3299  2.0145  
2011    287     4200.0000    0.0408    0.0078   -0.4450    2.4186  8  7  3  0  2.3266  2.0118  
2011    287     4230.0000    0.0370    0.0113   -0.4232    2.4185  7  6  3  0  2.4434  2.1200  
2011    287     4260.0000    0.0329    0.0116   -0.4169    2.4184  7  6  3  0  2.4433  2.1194  
2011    287     4290.0000    0.0333    0.0165   -0.4202    2.4185  7  6  3  0  2.4432  2.1189  
2011    287     4320.0000    0.0300    0.0134   -0.4307    2.4183  7  6  3  0  2.4431  2.1183  
2011    287     4350.0000    0.0332    0.0151   -0.4242    2.4181  7  6  3  0  2.4431  2.1179  
2011    287     4380.0000    0.0375    0.0157   -0.4120    2.4179  7  6  3  0  2.4431  2.1174  
2011    287     4410.0000    0.0311    0.0193   -0.4211    2.4179  7  6  3  0  2.4432  2.1170  
2011    287     4440.0000    0.0244    0.0218   -0.4193    2.4179  7  6  3  0  2.4433  2.1166  
2011    287     4470.0000    0.0344    0.0240   -0.4161    2.4176  7  6  3  0  2.4434  2.1163  
2011    287     4500.0000    0.0238    0.0259   -0.4083    2.4176  7  6  3  0  2.4435  2.1159  
2011    287     4530.0000    0.0189    0.0274   -0.4001    2.4178  7  6  3  0  2.4437  2.1156  
2011    287     4560.0000    0.0256    0.0303   -0.4065    2.4178  7  6  3  0  2.4439  2.1154  
2011    287     4590.0000    0.0279    0.0271   -0.4109    2.4179  7  7  3  0  2.4440  2.1151  
2011    287     4620.0000    0.0229    0.0270   -0.3924    2.4180  7  7  3  0  2.4442  2.1149  
2011    287     4650.0000    0.0190    0.0358   -0.3826    2.4182  7  7  3  0  2.4444  2.1146  
2011    287     4680.0000    0.0327    0.0333   -0.4014    2.4181  7  7  3  0  2.4446  2.1144  
2011    287     4710.0000    0.0306    0.0326   -0.3991    2.4181  7  7  3  0  2.4448  2.1142  
2011    287     4740.0000    0.0213    0.0401   -0.3665    2.4184  7  7  3  0  2.4450  2.1140  
2011    287     4770.0000    0.0271    0.0341   -0.3839    2.4187  7  7  3  0  2.4452  2.1138  
2011    287     4800.0000    0.0183    0.0379   -0.3721    2.4190  7  7  3  0  2.4454  2.1136  
2011    287     4830.0000    0.0272    0.0404   -0.3812    2.4194  7  7  3  0  2.4455  2.1134  
2011    287     4860.0000    0.0141    0.0454   -0.3537    2.4196  7  7  3  0  2.4457  2.1131  
2011    287     4890.0000    0.0169    0.0439   -0.3831    2.4197  7  7  3  0  2.4458  2.1129  
2011    287     4920.0000    0.0178    0.0492   -0.3729    2.4200  7  7  3  0  2.4459  2.1127  
2011    287     4950.0000    0.0155    0.0486   -0.3723    2.4204  7  7  3  0  2.4460  2.1124  
2011    287     4980.0000    0.0135    0.0508   -0.3781    2.4209  7  7  3  0  2.4460  2.1122  
2011    287     5010.0000    0.0083    0.0510   -0.3606    2.4216  7  7  3  0  2.4461  2.1119  
2011    287     5040.0000    0.0409   -0.0329   -0.4654    2.4362  7  7  4  0  2.4460  2.1116  
2011    287     5070.0000    0.0376   -0.0293   -0.4578    2.4365  7  7  4  0  2.4460  2.1113  
2011    287     5100.0000    0.0384   -0.0157   -0.4352    2.4371  7  6  4  0  2.4459  2.1109  
2011    287     5130.0000    0.0353   -0.0219   -0.4477    2.4375  7  6  4  0  2.4457  2.1105  
2011    287     5160.0000    0.0303   -0.0155   -0.4398    2.4380  7  6  4  0  2.4455  2.1101  
2011    287     5190.0000    0.0382   -0.0170   -0.4493    2.4384  7  6  4  0  2.4453  2.1097  
2011    287     5220.0000    0.0337   -0.0115   -0.4357    2.4391  7  6  4  0  2.4450  2.1092  
2011    287     5250.0000    0.0243   -0.0113   -0.4297    2.4397  7  6  4  0  2.4447  2.1087  
2011    287     5280.0000    0.0282   -0.0079   -0.4302    2.4401  7  6  5  0  2.4443  2.1081  
2011    287     5310.0000    0.0194   -0.0113   -0.4354    2.4419  7  6  5  0  2.4438  2.1075  
2011    287     5340.0000    0.0205   -0.0111   -0.4364    2.4437  7  6  5  0  2.4433  2.1069  
2011    287     5370.0000    0.0247   -0.0074   -0.4320    2.4455  7  6  5  0  2.4427  2.1062  
2011    287     5400.0000    0.0163   -0.0080   -0.4447    2.4475  7  6  5  0  2.4420  2.1055  
2011    287     5430.0000    0.0186   -0.0157   -0.4567    2.4486  7  6  5  0  2.4413  2.1047  
2011    287     5460.0000    0.0127   -0.0076   -0.4394    2.4501  7  6  5  0  2.4405  2.1039  
2011    287     5490.0000    0.0216   -0.0109   -0.4546    2.4515  7  6  5  0  2.4397  2.1030  
2011    287     5520.0000    0.0182   -0.0072   -0.4664    2.4527  7  6  5  0  2.4387  2.1021  
2011    287     5550.0000    0.0162   -0.0090   -0.4573    2.4535  7  6  5  0  2.4377  2.1011  
2011    287     5580.0000    0.0168   -0.0057   -0.4605    2.4554  7  6  5  0  2.4367  2.1000  
2011    287     5610.0000    0.0157   -0.0094   -0.4667    2.4565  7  6  5  0  2.4355  2.0990  
2011    287     5640.0000    0.0162   -0.0016   -0.4465    2.4576  7  6  5  0  2.4343  2.0978  
2011    287     5670.0000    0.0083   -0.0041   -0.4482    2.4595  7  6  5  0  2.4330  2.0966  
2011    287     5700.0000    0.0123   -0.0125   -0.4724    2.4612  7  6  5  0  2.4316  2.0953  
2011    287     5730.0000    0.0074   -0.0071   -0.4688    2.4626  7  6  5  0  2.4301  2.0940  
2011    287     5760.0000    0.0002   -0.0053   -0.4583    2.4637  7  6  5  0  2.4285  2.0926  
2011    287     5790.0000   -0.0073    0.0420   -0.4179    2.4486  7  6  4  0  2.4269  2.0912  
2011    287     5820.0000   -0.0089    0.0470   -0.4081    2.4487  7  7  4  0  2.4252  2.0897  
2011    287     5850.0000   -0.0087    0.0496   -0.4128    2.4484  7  7  4  0  2.4234  2.0881  
2011    287     5880.0000   -0.0084    0.0494   -0.4209    2.4481  7  7  4  0  2.4215  2.0865  
2011    287     5910.0000   -0.0047    0.0524   -0.4159    2.4479  7  7  4  0  2.4196  2.0848  
2011    287     5940.0000   -0.0093    0.0556   -0.4017    2.4477  7  7  4  0  2.4175  2.0831  
2011    287     5970.0000   -0.0103    0.0562   -0.4195    2.4475  7  7  4  0  2.4154  2.0813  
2011    287     6000.0000   -0.0150    0.0607   -0.4074    2.4466  7  7  4  0  2.4132  2.0794  
2011    287     6030.0000   -0.0182    0.0679   -0.3998    2.4456  7  7  4  0  2.4109  2.0775  
2011    287     6060.0000   -0.0195    0.0660   -0.4013    2.4449  7  7  4  0  2.4086  2.0755  
2011    287     6090.0000   -0.0229    0.0653   -0.3937    2.4437  7  7  4  0  2.4061  2.0735  
2011    287     6120.0000   -0.0214    0.0730   -0.3998    2.4435  7  7  4  0  2.4036  2.0714  
2011    287     6150.0000   -0.0232    0.0748   -0.3996    2.4420  8  7  4  0  1.9488  1.7252  
2011    287     6180.0000   -0.0197    0.0804   -0.3906    2.4413  8  7  4  0  1.9467  1.7235  
2011    287     6210.0000   -0.0224    0.0786   -0.3885    2.4406  8  7  4  0  1.9446  1.7216  
2011    287     6240.0000   -0.0239    0.0813   -0.3968    2.4393  8  7  4  0  1.9423  1.7197  
2011    287     6270.0000   -0.0256    0.0912   -0.3871    2.4387  8  7  4  0  1.9400  1.7178  
2011    287     6300.0000   -0.0249    0.0902   -0.3844    2.4379  8  7  4  0  1.9376  1.7157  
2011    287     6330.0000   -0.0204    0.0899   -0.3859    2.4380  8  7  4  0  1.9350  1.7136  
2011    287     6360.0000   -0.0241    0.0963   -0.3853    2.4375  8  7  4  0  1.9324  1.7114  
2011    287     6390.0000   -0.0288    0.1020   -0.3723    2.4360  8  7  4  0  1.9298  1.7092  
2011    287     6420.0000   -0.0321    0.1019   -0.3768    2.4359  8  7  4  0  1.9270  1.7069  
2011    287     6450.0000   -0.0271    0.1031   -0.3923    2.4356  8  6  4  0  1.9241  1.7045  
2011    287     6480.0000   -0.0348    0.1115   -0.3727    2.4346  8  6  4  0  1.9212  1.7020  
2011    287     6510.0000   -0.0340    0.1168   -0.3592    2.4334  8  6  4  0  1.9182  1.6995  
2011    287     6540.0000   -0.0411    0.1147   -0.3550    2.4330  8  6  4  0  1.9151  1.6969  
2011    287     6570.0000   -0.0436    0.1175   -0.3613    2.4322  8  6  4  0  1.9119  1.6943  
2011    287     6600.0000   -0.0439    0.1204   -0.3504    2.4317  8  6  4  0  1.9087  1.6916  
2011    287     6630.0000   -0.0505    0.1286   -0.3576    2.4304  8  6  4  0  1.9054  1.6889  
2011    287     6660.0000   -0.0783    0.2188   -0.3206    2.4312  8  5  3  0  1.9020  1.6861  
2011    287     6690.0000   -0.0811    0.2184   -0.3260    2.4305  8  6  3  0  1.8985  1.6832  
2011    287     6720.0000   -0.0487    0.1383   -0.3605    2.4273  8  6  4  0  1.8950  1.6803  
2011    287     6750.0000   -0.0816    0.2337   -0.3000    2.4294  8  6  3  0  1.8915  1.6774  
2011    287     6780.0000   -0.0273    0.0757   -0.2610    2.4183  8  6  3  0  1.8878  1.6744  
2011    287     6810.0000   -0.0328    0.0739   -0.2696    2.4177  8  6  3  0  1.8841  1.6714  
2011    287     6840.0000   -0.0908    0.2386   -0.3020    2.4283  8  6  3  0  1.8804  1.6683  
2011    287     6870.0000   -0.0363    0.0808   -0.2485    2.4150  8  6  3  0  1.8766  1.6651  
2011    287     6900.0000   -0.0367    0.0758   -0.2400    2.4141  8  6  3  0  1.8727  1.6620  
2011    287     6930.0000   -0.0309    0.0685   -0.2615    2.4155  8  6  5  0  1.8688  1.6587  
2011    287     6960.0000   -0.0340    0.0723   -0.2662    2.4137  8  7  5  0  1.8648  1.6555  
2011    287     6990.0000   -0.0333    0.0708   -0.2603    2.4124  8  7  5  0  1.8608  1.6522  
2011    287     7020.0000   -0.0362    0.0756   -0.2473    2.4112  8  7  5  0  1.8568  1.6489  
2011    287     7050.0000   -0.0326    0.0700   -0.2425    2.4100  8  7  5  0  1.8527  1.6455  
2011    287     7080.0000   -0.0351    0.0711   -0.2373    2.4081  8  7  5  0  1.8485  1.6422  
2011    287     7110.0000   -0.0330    0.0708   -0.2318    2.4064  8  7  5  0  1.8444  1.6387  
2011    287     7140.0000   -0.0243    0.0720   -0.2308    2.4054  8  7  5  0  1.8402  1.6353  
2011    287     7170.0000   -0.0264    0.0727   -0.2324    2.4044  8  7  5  0  1.8359  1.6318  
2011    287     7200.0000   -0.0301    0.0728   -0.2159    2.4028  8  7  5  0  1.8316  1.6283  
2011    287     7230.0000   -0.0280    0.0728   -0.2135    2.4018  8  7  5  0  1.8273  1.6248  
2011    287     7260.0000   -0.0272    0.0730   -0.2028    2.4005  8  7  5  0  1.8230  1.6213  
2011    287     7290.0000   -0.0276    0.0804   -0.1676    2.3962  8  7  4  0  1.8186  1.6177  
2011    287     7320.0000   -0.0332    0.0793   -0.1675    2.3947  8  7  4  0  1.8142  1.6142  
2011    287     7350.0000   -0.0372    0.0772   -0.1417    2.3935  8  7  4  0  1.8098  1.6106  
2011    287     7380.0000   -0.0154    0.0342   -0.0973    2.3857  7  6  2  0  2.8742  2.4718  
2011    287     7410.0000   -0.0113    0.0318   -0.0981    2.3850  7  6  2  0  2.8700  2.4685  
2011    287     7440.0000   -0.0095    0.0215   -0.0784    2.3840  7  6  2  0  2.8653  2.4649  
2011    287     7470.0000   -0.0033    0.0207   -0.0890    2.3836  7  6  2  0  2.8602  2.4610  
2011    287     7500.0000   -0.0071    0.0154   -0.0833    2.3830  7  6  2  0  2.8546  2.4566  
2011    287     7530.0000    0.0363   -0.0946   -0.0266    2.3720  7  6  3  0  2.8486  2.4520  
2011    287     7560.0000    0.0396   -0.0944   -0.0211    2.3722  7  6  3  0  2.8422  2.4469  
2011    287     7590.0000    0.0378   -0.0920   -0.0215    2.3718  7  6  3  0  2.8354  2.4416  
2011    287     7620.0000    0.0364   -0.0935   -0.0183    2.3715  7  6  3  0  2.8281  2.4359  
2011    287     7650.0000   -0.0039   -0.0035   -0.0391    2.3780  7  6  2  0  2.8205  2.4299  
2011    287     7680.0000    0.0340   -0.0938   -0.0175    2.3716  7  6  3  0  2.8125  2.4236  
2011    287     7710.0000    0.0321   -0.0937   -0.0194    2.3715  7  6  3  0  2.8041  2.4170  
2011    287     7740.0000    0.0289   -0.0894   -0.0232    2.3710  7  7  3  0  2.7953  2.4101  
2011    287     7770.0000    0.0296   -0.0920   -0.0275    2.3710  7  6  3  0  2.7863  2.4030  
2011    287     7800.0000    0.0330   -0.0948   -0.0195    2.3713  7  7  3  0  2.7769  2.3956  
2011    287     7830.0000    0.0353   -0.0904   -0.0161    2.3716  7  7  3  0  2.7672  2.3879  
2011    287     7860.0000    0.0401   -0.1100   -0.0078    2.3720  7  6  4  0  2.7571  2.3800  
2011    287     7890.0000    0.0373   -0.0858   -0.0216    2.3714  7  7  3  0  2.7469  2.3719  
2011    287     7920.0000    0.0334   -0.0848   -0.0063    2.3717  7  7  3  0  2.7363  2.3635  
2011    287     7950.0000    0.0307   -0.0723   -0.0138    2.3706  7  7  5  0  2.7255  2.3550  
2011    287     7980.0000    0.0290   -0.0681   -0.0111    2.3707  7  7  5  1  2.7144  2.3462  
2011    287     8010.0000    0.0301   -0.0664   -0.0002    2.3711  7  7  5  1  2.7031  2.3373  
2011    287     8040.0000    0.0357   -0.0834    0.0028    2.3716  7  6  3  1  2.6917  2.3282  
2011    287     8070.0000    0.0268   -0.0692   -0.0156    2.3712  7  7  5  1  2.6800  2.3190  
2011    287     8100.0000    0.0274   -0.0701    0.0009    2.3711  7  7  5  1  2.6681  2.3096  
2011    287     8130.0000    0.0275   -0.0693    0.0012    2.3709  7  7  5  1  2.6561  2.3000  
2011    287     8160.0000    0.0285   -0.0697    0.0068    2.3705  7  7  5  1  2.6439  2.2904  
2011    287     8190.0000    0.0311   -0.0722    0.0128    2.3708  7  7  5  1  2.6315  2.2806  
2011    287     8220.0000    0.0307   -0.0711    0.0100    2.3712  7  7  5  1  2.6191  2.2707  
2011    287     8250.0000    0.0275   -0.0704    0.0091    2.3713  7  7  5  1  2.6065  2.2608  
2011    287     8280.0000    0.0313   -0.0695    0.0190    2.3715  7  7  5  1  2.5938  2.2507  
2011    287     8310.0000    0.0315   -0.0753    0.0042    2.3715  7  7  5  1  2.5811  2.2406  
2011    287     8340.0000    0.0274   -0.0717   -0.0028    2.3715  7  7  5  1  2.5682  2.2305  
2011    287     8370.0000    0.0320   -0.0681   -0.0035    2.3715  7  7  5  1  2.5553  2.2202  
2011    287     8400.0000    0.0309   -0.0703    0.0112    2.3716  7  7  5  1  2.5424  2.2100  
2011    287     8430.0000    0.0288   -0.0754    0.0089    2.3716  7  7  5  1  2.5294  2.1997  
2011    287     8460.0000    0.0338   -0.0728    0.0075    2.3719  7  7  5  1  2.5163  2.1894  
2011    287     8490.0000    0.0382   -0.0751    0.0061    2.3716  7  7  5  1  2.5033  2.1790  
2011    287     8520.0000    0.0331   -0.0731   -0.0022    2.3716  7  7  5  1  2.4902  2.1687  
2011    287     8550.0000    0.0353   -0.0760    0.0005    2.3716  7  7  5  1  2.4771  2.1583  
2011    287     8580.0000    0.0341   -0.0711    0.0078    2.3720  7  7  5  1  2.4640  2.1480  
2011    287     8610.0000    0.0401   -0.0716    0.0068    2.3721  7  7  5  1  2.4510  2.1377  
2011    287     8640.0000    0.0391   -0.0709   -0.0081    2.3717  7  7  5  1  2.4379  2.1274  
2011    287     8670.0000    0.0410   -0.0717   -0.0080    2.3714  7  7  5  1  2.4249  2.1171  
2011    287     8700.0000    0.0406   -0.0732    0.0059    2.3714  7  7  5  1  2.4120  2.1069  
2011    287     8730.0000    0.0393   -0.0729    0.0151    2.3713  7  7  5  1  2.3990  2.0966  
2011    287     8760.0000    0.0432   -0.0731    0.0116    2.3712  7  7  5  1  2.3862  2.0865  
2011    287     8790.0000    0.0367   -0.0754    0.0151    2.3715  7  7  5  1  2.3733  2.0764  
2011    287     8820.0000    0.0369   -0.0712    0.0106    2.3718  7  7  5  1  2.3606  2.0663  
2011    287     8850.0000    0.0349   -0.0711    0.0129    2.3718  7  7  5  1  2.3479  2.0563  
2011    287     8880.0000    0.0344   -0.0745    0.0080    2.3720  7  7  5  1  2.3353  2.0463  
2011    287     8910.0000    0.0279   -0.0756    0.0142    2.3724  7  7  5  1  2.3227  2.0365  
2011    287     8940.0000    0.0296   -0.0726    0.0224    2.3726  7  7  5  1  2.3103  2.0267  
2011    287     8970.0000    0.0297   -0.0736    0.0116    2.3731  7  7  5  1  2.2979  2.0169  
2011    287     9000.0000    0.0330   -0.0738    0.0245    2.3740  7  7  5  1  2.2856  2.0073  
2011    287     9030.0000    0.0348   -0.0746    0.0177    2.3748  7  7  5  1  2.2734  1.9977  
2011    287     9060.0000    0.0329   -0.0731    0.0219    2.3752  7  7  5  1  2.2613  1.9882  
2011    287     9090.0000    0.0328   -0.0774    0.0002    2.3757  7  7  5  1  2.2494  1.9787  
2011    287     9120.0000    0.0367   -0.0770    0.0062    2.3761  7  7  5  1  2.2375  1.9694  
2011    287     9150.0000    0.0326   -0.0755    0.0010    2.3766  7  7  5  1  2.2257  1.9602  
2011    287     9180.0000    0.0378   -0.0782    0.0101    2.3770  7  7  5  1  2.2140  1.9510  
2011    287     9210.0000    0.0355   -0.0806    0.0002    2.3774  7  7  5  1  2.2025  1.9420  
2011    287     9240.0000    0.0396   -0.0790    0.0046    2.3781  7  7  5  1  2.1910  1.9330  
2011    287     9270.0000    0.0402   -0.0790    0.0011    2.3788  7  7  5  1  2.1797  1.9241  
2011    287     9300.0000    0.0406   -0.0749   -0.0004    2.3786  7  6  3  1  2.6309  2.2769  
2011    287     9330.0000    0.0394   -0.0726   -0.0012    2.3786  7  6  3  1  2.6216  2.2694  
2011    287     9360.0000    0.0396   -0.0740   -0.0003    2.3789  7  6  3  1  2.6122  2.2618  
2011    287     9390.0000    0.0441   -0.0754    0.0018    2.3789  7  6  3  1  2.6027  2.2541  
2011    287     9420.0000    0.0401   -0.0725   -0.0070    2.3788  7  6  3  1  2.5931  2.2464  
2011    287     9450.0000    0.0421   -0.0707   -0.0062    2.3783  7  6  3  1  2.5834  2.2385  
2011    287     9480.0000    0.0377   -0.0727   -0.0082    2.3782  7  6  3  1  2.5736  2.2307  
2011    287     9510.0000    0.0332   -0.0728    0.0016    2.3784  7  6  3  1  2.5637  2.2227  
2011    287     9540.0000    0.0313   -0.0752    0.0060    2.3784  7  6  3  1  2.5538  2.2148  
2011    287     9570.0000    0.0323   -0.0734    0.0059    2.3785  7  6  3  1  2.5438  2.2067  
2011    287     9600.0000    0.0300   -0.0723    0.0034    2.3790  7  6  3  1  2.5337  2.1987  
2011    287     9630.0000    0.0305   -0.0746    0.0062    2.3794  7  6  3  1  2.5236  2.1906  
2011    287     9660.0000    0.0470   -0.1275    0.0374    2.3756  7  6  3  1  2.5134  2.1824  
2011    287     9690.0000    0.0496   -0.1266    0.0356    2.3759  7  6  3  1  2.5032  2.1743  
2011    287     9720.0000    0.0554   -0.1248    0.0319    2.3762  7  6  3  1  2.4930  2.1661  
2011    287     9750.0000    0.0528   -0.1263    0.0254    2.3770  7  6  3  1  2.4827  2.1579  
2011    287     9780.0000    0.0534   -0.1292    0.0281    2.3775  7  5  3  1  2.4724  2.1497  
2011    287     9810.0000    0.0550   -0.1221    0.0228    2.3776  7  6  3  1  2.4621  2.1415  
2011    287     9840.0000    0.0138    0.0064   -0.0473    2.3875  6  4  4  1  2.6536  2.2799  
2011    287     9870.0000    0.0138    0.0047   -0.0513    2.3880  6  4  4  1  2.6450  2.2730  
2011    287     9900.0000    0.0095    0.0093   -0.0619    2.3885  6  4  4  1  2.6363  2.2660  
2011    287     9930.0000    0.0121    0.0095   -0.0574    2.3888  6  4  4  1  2.6276  2.2591  
2011    287     9960.0000    0.0090    0.0028   -0.0574    2.3886  6  4  4  1  2.6189  2.2521  
2011    287     9990.0000    0.0138    0.0062   -0.0565    2.3888  6  4  4  1  2.6102  2.2452  
2011    287    10020.0000    0.0109    0.0035   -0.0519    2.3891  6  4  4  1  2.6015  2.2382  
2011    287    10050.0000    0.0025    0.0067   -0.0557    2.3890  6  4  4  1  2.5928  2.2313  
2011    287    10080.0000   -0.0029    0.0049   -0.0513    2.3890  6  4  4  1  2.5841  2.2244  
2011    287    10110.0000   -0.0000    0.0063   -0.0535    2.3892  6  4  4  1  2.5755  2.2175  
2011    287    10140.0000    0.0033    0.0062   -0.0493    2.3894  6  4  4  1  2.5668  2.2106  
2011    287    10170.0000    0.0083    0.0104   -0.0572    2.3896  6  4  4  1  2.5582  2.2038  
2011    287    10200.0000    0.0107    0.0075   -0.0579    2.3895  6  4  4  1  2.5496  2.1970  
2011    287    10230.0000    0.0067    0.0003   -0.0664    2.3894  6  4  4  1  2.5410  2.1902  
2011    287    10260.0000    0.0048   -0.0016   -0.0615    2.3894  6  4  4  1  2.5324  2.1834  
2011    287    10290.0000    0.0391   -0.0819   -0.0147    2.3817  6  5  2  1  2.5239  2.1767  
2011    287    10320.0000    0.0331   -0.0760   -0.0186    2.3817  6  5  2  1  2.5154  2.1700  
2011    287    10350.0000    0.0288   -0.0804   -0.0128    2.3819  6  5  2  1  2.5070  2.1633  
2011    287    10380.0000    0.0113    0.0062   -0.0442    2.3888  6  5  5  1  2.4986  2.1567  
2011    287    10410.0000    0.0018    0.0094   -0.0496    2.3888  6  5  5  1  2.4902  2.1501  
2011    287    10440.0000    0.0115    0.0153   -0.0597    2.3891  6  5  5  1  2.4819  2.1436  
2011    287    10470.0000    0.0089    0.0186   -0.0656    2.3895  6  5  5  1  2.4736  2.1371  
2011    287    10500.0000    0.0098    0.0122   -0.0639    2.3897  6  5  5  1  2.4654  2.1307  
2011    287    10530.0000    0.0087    0.0150   -0.0650    2.3898  6  5  5  1  2.4573  2.1243  
2011    287    10560.0000    0.0036    0.0182   -0.0536    2.3900  6  5  5  1  2.4492  2.1180  
2011    287    10590.0000    0.0010    0.0057   -0.0509    2.3901  6  5  5  1  2.4412  2.1117  
2011    287    10620.0000    0.0122    0.0098   -0.0664    2.3903  6  5  5  1  2.4332  2.1054  
2011    287    10650.0000    0.0086    0.0099   -0.0549    2.3903  6  5  5  1  2.4253  2.0993  
2011    287    10680.0000    0.0022    0.0042   -0.0662    2.3903  6  5  5  1  2.4175  2.0931  
2011    287    10710.0000   -0.0012    0.0125   -0.0661    2.3905  6  5  5  1  2.4097  2.0871  
2011    287    10740.0000   -0.0023    0.0079   -0.0528    2.3907  6  5  5  1  2.4020  2.0811  
2011    287    10770.0000   -0.0058    0.0109   -0.0634    2.3909  6  5  5  1  2.3943  2.0751  
2011    287    10800.0000   -0.0133    0.0053   -0.0570    2.3911  6  5  5  1  2.3867  2.0692  
2011    287    10830.0000   -0.0042    0.0060   -0.0537    2.3913  6  5  5  1  2.3792  2.0634  
2011    287    10860.0000    0.0013    0.0108   -0.0746    2.3913  6  5  5  1  2.3718  2.0576  
2011    287    10890.0000   -0.0005    0.0161   -0.0727    2.3915  6  5  5  1  2.3644  2.0519  
2011    287    10920.0000   -0.0022    0.0162   -0.0710    2.3915  6  5  5  1  2.3571  2.0463  
2011    287    10950.0000   -0.0018    0.0140   -0.0519    2.3916  6  5  5  1  2.3499  2.0407  
2011    287    10980.0000    0.0043    0.0109   -0.0570    2.3918  6  5  5  1  2.3427  2.0352  
2011    287    11010.0000    0.0072    0.0099   -0.0731    2.3917  6  5  5  1  2.3356  2.0297  
2011    287    11040.0000    0.0051    0.0091   -0.0738    2.3918  6  5  5  1  2.3286  2.0243  
2011    287    11070.0000    0.0162    0.0048   -0.0588    2.3919  6  5  5  1  2.3217  2.0190  
2011    287    11100.0000    0.0110    0.0026   -0.0562    2.3936  6  6  4  1  2.3148  2.0137  
2011    287    11130.0000   -0.0095    0.0045   -0.0573    2.3937  6  6  4  1  2.3081  2.0085  
2011    287    11160.0000    0.0023    0.0085   -0.0629    2.3939  6  6  4  1  2.3013  2.0033  
2011    287    11190.0000   -0.0011    0.0074   -0.0736    2.3938  6  6  4  1  2.2947  1.9982  
2011    287    11220.0000   -0.0033    0.0147   -0.0756    2.3937  6  6  4  1  2.2881  1.9932  
2011    287    11250.0000    0.0001    0.0096   -0.0770    2.3936  6  6  4  1  2.2816  1.9882  
2011    287    11280.0000    0.0008    0.0135   -0.0741    2.3933  6  6  4  1  2.2752  1.9833  
2011    287    11310.0000   -0.0074    0.0129   -0.0851    2.3932  6  6  4  1  2.2689  1.9785  
2011    287    11340.0000   -0.0032    0.0069   -0.0694    2.3931  6  6  4  1  2.2626  1.9737  
2011    287    11370.0000   -0.0147    0.0116   -0.0906    2.3930  6  6  4  1  2.2564  1.9689  
2011    287    11400.0000   -0.0041    0.0096   -0.0816    2.3931  6  6  4  1  2.2503  1.9643  
2011    287    11430.0000   -0.0057    0.0091   -0.0775    2.3928  7  6  4  1  2.2025  1.9122  
2011    287    11460.0000   -0.0034    0.0059   -0.0852    2.3925  7  6  4  1  2.1964  1.9076  
2011    287    11490.0000    0.0086    0.0087   -0.0749    2.3922  7  6  4  1  2.1904  1.9030  
2011    287    11520.0000    0.0072    0.0051   -0.0727    2.3922  7  6  4  1  2.1845  1.8985  
2011    287    11550.0000   -0.0048    0.0070   -0.0791    2.3924  7  6  4  1  2.1787  1.8940  
2011    287    11580.0000    0.0039    0.0070   -0.0718    2.3923  7  6  4  1  2.1729  1.8896  
2011    287    11610.0000    0.0048    0.0132   -0.0701    2.3915  7  6  4  1  2.1672  1.8852  
2011    287    11640.0000    0.0013    0.0146   -0.0692    2.3909  7  6  4  1  2.1615  1.8809  
2011    287    11670.0000   -0.0060    0.0129   -0.0724    2.3901  7  6  4  1  2.1560  1.8767  
2011    287    11700.0000    0.0136    0.0026   -0.0303    2.3812  7  6  3  1  2.1505  1.8725  
2011    287    11730.0000    0.0080   -0.0023   -0.0404    2.3809  7  6  3  1  2.1450  1.8684  
2011    287    11760.0000    0.0053   -0.0021   -0.0505    2.3803  7  6  3  1  2.1396  1.8643  
2011    287    11790.0000    0.0022   -0.0031   -0.0468    2.3796  7  6  3  1  2.1343  1.8603  
2011    287    11820.0000    0.0120   -0.0039   -0.0264    2.3795  7  6  3  1  2.1291  1.8564  
2011    287    11850.0000    0.0076   -0.0035   -0.0196    2.3786  7  6  3  1  2.1239  1.8525  
2011    287    11880.0000   -0.0121    0.0008   -0.0669    2.3881  7  7  7  1  2.1188  1.8486  
2011    287    11910.0000    0.0142    0.0003   -0.0648    2.3878  7  7  7  1  2.1138  1.8449  
2011    287    11940.0000    0.0065   -0.0016   -0.0657    2.3876  7  7  7  1  2.1088  1.8411  
2011    287    11970.0000   -0.0098    0.0046   -0.0739    2.3873  7  7  7  1  2.1039  1.8374  
2011    287    12000.0000   -0.0124    0.0059   -0.0727    2.3869  7  7  7  1  2.0990  1.8338  
2011    287    12030.0000   -0.0106    0.0083   -0.0680    2.3868  7  7  7  1  2.0942  1.8302  
2011    287    12060.0000   -0.0050    0.0089   -0.0526    2.3867  7  7  7  1  2.0895  1.8267  
2011    287    12090.0000    0.0032    0.0078   -0.0586    2.3865  7  7  7  1  2.0848  1.8232  
2011    287    12120.0000   -0.0069    0.0064   -0.0693    2.3862  7  7  7  1  2.0801  1.8198  
2011    287    12150.0000   -0.0001    0.0095   -0.0578    2.3861  7  7  7  1  2.0756  1.8164  
2011    287    12180.0000    0.0164    0.0063   -0.0447    2.3862  7  7  7  1  2.0711  1.8130  
2011    287    12210.0000   -0.0088    0.0054   -0.0697    2.3859  7  7  7  1  2.0666  1.8097  
2011    287    12240.0000    0.0054    0.0085   -0.0537    2.3859  7  7  7  1  2.0622  1.8065  
2011    287    12270.0000    0.0148    0.0124   -0.0475    2.3856  7  7  7  1  2.0578  1.8033  
2011    287    12300.0000   -0.0038    0.0051   -0.0756    2.3854  7  7  7  1  2.0535  1.8001  
2011    287    12330.0000    0.0015    0.0040   -0.0641    2.3853  7  7  7  1  2.0493  1.7970  
2011    287    12360.0000    0.0168    0.0037   -0.0592    2.3851  7  7  7  1  2.0451  1.7939  
2011    287    12390.0000    0.0046    0.0065   -0.0698    2.3847  7  7  7  1  2.0410  1.7909  
2011    287    12420.0000   -0.0016    0.0060   -0.0736    2.3842  7  7  7  1  2.0369  1.7879  
2011    287    12450.0000    0.0129    0.0046   -0.0619    2.3838  7  7  7  1  2.0328  1.7849  
2011    287    12480.0000    0.0023    0.0067   -0.0648    2.3838  7  7  7  1  2.0288  1.7820  
2011    287    12510.0000   -0.0001    0.0023   -0.0499    2.3838  7  7  7  1  2.0248  1.7791  
2011    287    12540.0000    0.0032    0.0020   -0.0612    2.3838  7  7  7  1  2.0209  1.7762  
2011    287    12570.0000    0.0019    0.0087   -0.0536    2.3830  7  7  7  1  2.0170  1.7734  
2011    287    12600.0000    0.0153    0.0043   -0.0436    2.3825  7  7  7  1  2.0132  1.7706  
2011    287    12630.0000   -0.0095    0.0017   -0.0763    2.3820  7  7  7  1  2.0094  1.7678  
2011    287    12660.0000    0.0044    0.0051   -0.0560    2.3813  7  7  7  1  2.0057  1.7651  
2011    287    12690.0000    0.0146    0.0070   -0.0542    2.3803  7  7  7  1  2.0020  1.7624  
2011    287    12720.0000   -0.0077    0.0037   -0.0540    2.3791  7  7  7  1  1.9983  1.7598  
2011    287    12750.0000    0.0041    0.0025   -0.0415    2.3790  7  7  7  1  1.9947  1.7571  
2011    287    12780.0000    0.0154   -0.0002   -0.0388    2.3787  7  7  7  1  1.9911  1.7545  
2011    287    12810.0000    0.0089    0.0011   -0.0428    2.3791  7  7  7  1  1.9875  1.7520  
2011    287    12840.0000    0.0044    0.0026   -0.0378    2.3790  7  7  7  1  1.9840  1.7494  
2011    287    12870.0000    0.0053    0.0036   -0.0421    2.3785  7  7  7  1  1.9805  1.7469  
2011    287    12900.0000    0.0093    0.0019   -0.0424    2.3782  7  7  7  1  1.9770  1.7444  
2011    287    12930.0000    0.0204    0.0049   -0.0248    2.3786  7  7  7  1  1.9736  1.7419  
2011    287    12960.0000   -0.0056   -0.0004   -0.0452    2.3788  7  7  7  1  1.9702  1.7395  
2011    287    12990.0000   -0.0010    0.0016   -0.0447    2.3787  7  7  7  1  1.9668  1.7371  
2011    287    13020.0000    0.0169   -0.0000   -0.0076    2.3794  6  6  6  1  2.7064  2.3127  
2011    287    13050.0000    0.0021   -0.0004   -0.0685    2.3795  6  6  6  1  2.6999  2.3080  
2011    287    13080.0000   -0.0162    0.0004   -0.0614    2.3791  7  6  6  1  2.2880  1.9976  
2011    287    13110.0000    0.0025    0.0036   -0.0454    2.3797  7  6  6  1  2.2895  1.9987  
2011    287    13140.0000   -0.0030    0.0001   -0.0514    2.3802  7  6  6  1  2.2908  1.9998  
2011    287    13170.0000   -0.0143   -0.0006   -0.0660    2.3795  7  6  6  1  2.2921  2.0007  
2011    287    13200.0000    0.0014    0.0069   -0.0552    2.3797  7  6  6  1  2.2932  2.0015  
2011    287    13230.0000   -0.0001    0.0026   -0.0633    2.3798  7  6  6  1  2.2941  2.0022  
2011    287    13260.0000   -0.0042    0.0019   -0.0535    2.3800  7  6  6  1  2.2949  2.0028  
2011    287    13290.0000   -0.0011    0.0034   -0.0481    2.3800  6  5  5  1  2.9892  2.6332  
2011    287    13320.0000    0.0068    0.0013   -0.0405    2.3802  6  5  5  1  2.9993  2.6400  
2011    287    13350.0000    0.0111   -0.0023   -0.0399    2.3802  6  5  5  1  3.0094  2.6468  
2011    287    13380.0000    0.0032    0.0008   -0.0608    2.3805  6  6  5  1  3.0196  2.6536  
2011    287    13410.0000    0.0040    0.0012   -0.0683    2.3804  6  6  5  1  3.0298  2.6605  
2011    287    13440.0000    0.0096    0.0052   -0.0576    2.3803  6  6  5  1  3.0400  2.6673  
2011    287    13470.0000    0.0050    0.0052   -0.0570    2.3802  6  6  5  1  3.0502  2.6742  
2011    287    13500.0000    0.0037    0.0091   -0.0440    2.3801  6  6  5  1  3.0605  2.6811  
2011    287    13530.0000    0.0120    0.0078   -0.0546    2.3801  6  6  5  1  3.0708  2.6880  
2011    287    13560.0000    0.0047    0.0045   -0.0593    2.3800  6  6  5  1  3.0811  2.6949  
2011    287    13590.0000   -0.0003    0.0030   -0.0621    2.3799  6  6  5  1  3.0914  2.7018  
2011    287    13620.0000    0.0028   -0.0011   -0.0721    2.3796  6  6  5  1  3.1017  2.7087  
2011    287    13650.0000    0.0122    0.0073   -0.0574    2.3796  6  6  5  1  3.1120  2.7155  
2011    287    13680.0000    0.0055    0.0027   -0.0652    2.3798  6  6  5  1  3.1223  2.7224  
2011    287    13710.0000    0.0062    0.0028   -0.0631    2.3797  6  6  5  1  3.1326  2.7293  
2011    287    13740.0000    0.0014    0.0017   -0.0531    2.3796  6  6  5  1  3.1428  2.7361  
2011    287    13770.0000   -0.0039   -0.0002   -0.0555    2.3795  6  6  5  1  3.1531  2.7430  
2011    287    13800.0000    0.0041    0.0009   -0.0492    2.3795  6  6  5  1  3.1633  2.7498  
2011    287    13830.0000    0.0110    0.0006   -0.0520    2.3797  6  6  5  1  3.1735  2.7565  
2011    287    13860.0000   -0.0062   -0.0032   -0.0714    2.3797  6  6  5  1  3.1836  2.7633  
2011    287    13890.0000   -0.0083   -0.0032   -0.0730    2.3793  7  6  5  1  2.9068  2.5377  
2011    287    13920.0000   -0.0004   -0.0025   -0.0579    2.3829  7  6  6  1  2.9192  2.5469  
2011    287    13950.0000   -0.0098   -0.0009   -0.0783    2.3787  7  7  5  1  2.9317  2.5562  
2011    287    13980.0000    0.0021   -0.0007   -0.0637    2.3787  7  7  5  1  2.9443  2.5655  
2011    287    14010.0000    0.0054   -0.0024   -0.0553    2.3840  7  7  7  1  2.9570  2.5748  
2011    287    14040.0000    0.0019   -0.0052   -0.0609    2.3844  7  7  7  1  2.9697  2.5842  
2011    287    14070.0000   -0.0002   -0.0048   -0.0627    2.3847  7  7  7  1  2.9825  2.5937  
2011    287    14100.0000    0.0063   -0.0019   -0.0606    2.3851  7  7  7  1  2.9952  2.6031  
2011    287    14130.0000    0.0089   -0.0010   -0.0667    2.3855  7  7  7  1  3.0081  2.6126  
2011    287    14160.0000   -0.0018   -0.0044   -0.0592    2.3862  7  7  7  1  3.0209  2.6220  
2011    287    14190.0000    0.0153   -0.0019   -0.0528    2.3868  7  7  7  1  3.0337  2.6315  
2011    287    14220.0000    0.0075    0.0012   -0.0575    2.3870  7  7  7  1  3.0465  2.6409  
2011    287    14250.0000    0.0070    0.0004   -0.0791    2.3869  7  7  7  1  3.0593  2.6504  
2011    287    14280.0000   -0.0002   -0.0010   -0.0686    2.3870  7  7  7  1  3.0720  2.6597  
2011    287    14310.0000    0.0040   -0.0061   -0.0797    2.3868  7  7  7  1  3.0847  2.6691  
2011    287    14340.0000    0.0032   -0.0047   -0.0789    2.3870  7  7  7  1  3.0973  2.6783  
2011    287    14370.0000    0.0085   -0.0065   -0.0634    2.3869  7  7  7  1  3.1099  2.6875  
2011    287    14400.0000    0.0022   -0.0032   -0.0606    2.3865  7  7  7  1  3.1223  2.6967  
