# col  1 -  3: year/doy/sod 
# col  4 -  7: dN/dE/dU/ZTD 
# col  8 - 11: TotalSatNumber/Converged/GDOP/PDOP 
# END OF HEADER
2011    287    14400.0000    1.9060    1.2003   13.7122   -2.1326  7  0  3.1223  2.6967  
2011    287    14430.0000   -0.2590    1.6199   -2.5387    3.9406  7  0  3.1346  2.7057  
2011    287    14460.0000   -0.1319    1.3265   -3.5232    4.2326  7  0  3.1467  2.7146  
2011    287    14490.0000   -0.2250    1.2076   -1.2189    3.2456  7  0  3.1588  2.7233  
2011    287    14520.0000   -0.4550    1.1211   -0.8965    3.0826  7  0  3.1706  2.7320  
2011    287    14550.0000   -0.2264    0.8425   -0.9715    2.9164  7  0  3.1822  2.7405  
2011    287    14580.0000   -0.0397    0.4513   -0.9663    2.8756  7  0  3.1936  2.7488  
2011    287    14610.0000   -0.0629    0.5099   -1.0399    2.8394  7  0  3.2048  2.7569  
2011    287    14640.0000    0.0064    0.3120   -1.0974    2.8098  7  0  3.2157  2.7648  
2011    287    14670.0000    0.0972    0.0520   -1.0677    2.7587  7  0  3.2264  2.7724  
2011    287    14700.0000    0.2485   -0.0066   -1.7550    2.9313  7  0  3.2367  2.7799  
2011    287    14730.0000    0.1486    0.0330   -1.0155    2.6714  7  0  3.2468  2.7871  
2011    287    14760.0000    0.1746    0.0546   -1.2518    2.7437  7  0  3.2564  2.7940  
2011    287    14790.0000    0.1306    0.0348   -0.9628    2.6592  7  0  3.2658  2.8006  
2011    287    14820.0000    0.0858    0.0156   -0.7497    2.5995  7  0  3.2747  2.8069  
2011    287    14850.0000    0.1231    0.0002   -0.8617    2.6252  7  0  3.2832  2.8129  
2011    287    14880.0000    0.1066   -0.0471   -0.6078    2.5488  7  0  3.2913  2.8186  
2011    287    14910.0000    0.0044    0.1252   -0.3497    2.4741  7  0  3.2990  2.8239  
2011    287    14940.0000   -0.0469    0.0697    0.0662    2.3438  7  0  3.3062  2.8288  
2011    287    14970.0000   -0.0458    0.0445    0.1817    2.3044  7  0  3.3129  2.8333  
2011    287    15000.0000   -0.0278    0.0081    0.1382    2.3218  7  0  3.3191  2.8375  
2011    287    15030.0000   -0.0424    0.0231    0.2121    2.3022  7  0  3.3248  2.8412  
2011    287    15060.0000   -0.0337   -0.0549    0.3812    2.2410  7  0  3.3300  2.8445  
2011    287    15090.0000   -0.0449   -0.0579    0.5169    2.1953  7  0  3.3346  2.8474  
2011    287    15120.0000   -0.0362   -0.0827    0.5394    2.1834  7  0  3.3387  2.8499  
2011    287    15150.0000   -0.0491   -0.0699    0.6442    2.1494  8  0  2.8224  2.4581  
2011    287    15180.0000    0.0847   -0.0449   -0.3415    2.4734  9  0  1.7782  1.5707  
2011    287    15210.0000    0.1239   -0.0537   -0.6488    2.5696  9  0  1.7827  1.5743  
2011    287    15240.0000    0.1421   -0.0867   -0.5362    2.5267  9  0  1.7872  1.5778  
2011    287    15270.0000    0.1336   -0.1110   -0.3958    2.4812  9  0  1.7917  1.5813  
2011    287    15300.0000    0.1108   -0.1151   -0.2534    2.4340  9  0  1.7961  1.5848  
2011    287    15330.0000    0.0759   -0.0862   -0.1168    2.3969  9  0  1.8006  1.5883  
2011    287    15360.0000    0.0554   -0.0658   -0.0786    2.3878  9  0  1.8050  1.5918  
2011    287    15390.0000    0.0673   -0.0928   -0.1512    2.4118  9  0  1.8094  1.5953  
2011    287    15420.0000    0.0620   -0.0753   -0.0827    2.3928  9  0  1.8137  1.5987  
2011    287    15450.0000    0.0566   -0.0587   -0.0503    2.3846  9  0  1.8181  1.6022  
2011    287    15480.0000    0.0758   -0.1013   -0.1251    2.3970  9  0  1.8224  1.6056  
2011    287    15510.0000    0.0567   -0.0492   -0.1143    2.3985  9  0  1.8267  1.6090  
2011    287    15540.0000    0.0442   -0.0210   -0.0684    2.3906  9  0  1.8309  1.6123  
2011    287    15570.0000    0.0346   -0.0193   -0.0763    2.3907  9  0  1.8351  1.6157  
2011    287    15600.0000    0.0487   -0.0399   -0.0748    2.3880  9  0  1.8393  1.6190  
2011    287    15630.0000    0.0521   -0.0382   -0.0783    2.3892  9  0  1.8434  1.6222  
2011    287    15660.0000    0.0510   -0.0219   -0.0935    2.3915  9  0  1.8475  1.6255  
2011    287    15690.0000    0.0288    0.0072   -0.0358    2.3841  9  0  1.8516  1.6287  
2011    287    15720.0000    0.0014    0.0408   -0.0482    2.3854  9  0  1.8556  1.6319  
2011    287    15750.0000    0.0069    0.0306   -0.0615    2.3879  9  0  1.8595  1.6350  
2011    287    15780.0000    0.0299   -0.0018   -0.0258    2.3801  9  1  1.8634  1.6381  
2011    287    15810.0000    0.0053   -0.0027   -0.0481    2.3832  9  1  1.8672  1.6412  
2011    287    15840.0000    0.0163   -0.0195   -0.0628    2.3873  9  1  1.8710  1.6442  
2011    287    15870.0000    0.0287   -0.0283   -0.0177    2.3796  9  1  1.8747  1.6472  
2011    287    15900.0000   -0.0045   -0.0119   -0.0302    2.3811  9  1  1.8784  1.6501  
2011    287    15930.0000   -0.0103    0.0145   -0.0311    2.3818  9  1  1.8820  1.6530  
2011    287    15960.0000   -0.0023    0.0051   -0.0311    2.3812  9  1  1.8855  1.6558  
2011    287    15990.0000    0.0077   -0.0088   -0.0225    2.3799  9  1  1.8889  1.6586  
2011    287    16020.0000   -0.0061   -0.0004   -0.0230    2.3792  9  1  1.8923  1.6613  
2011    287    16050.0000   -0.0163    0.0280   -0.0244    2.3791  9  1  1.8956  1.6639  
2011    287    16080.0000   -0.0066    0.0048   -0.0186    2.3788  9  1  1.8988  1.6665  
2011    287    16110.0000   -0.0079    0.0161   -0.0016    2.3767  9  1  1.9020  1.6691  
2011    287    16140.0000   -0.0183    0.0165   -0.0127    2.3766  9  1  1.9050  1.6715  
2011    287    16170.0000   -0.0231    0.0296    0.0010    2.3776  9  1  1.9080  1.6739  
2011    287    16200.0000   -0.0104    0.0210    0.0253    2.3746  9  1  1.9109  1.6763  
2011    287    16230.0000   -0.0222    0.0205    0.0148    2.3747  9  1  1.9137  1.6785  
2011    287    16260.0000   -0.0217    0.0232    0.0084    2.3754  9  1  1.9163  1.6807  
2011    287    16290.0000   -0.0268    0.0380    0.0220    2.3724  9  1  1.9189  1.6828  
2011    287    16320.0000   -0.0094    0.0019    0.0027    2.3735  9  1  1.9214  1.6849  
2011    287    16350.0000   -0.0112    0.0057    0.0140    2.3724  9  1  1.9238  1.6869  
2011    287    16380.0000   -0.0072   -0.0061    0.0150    2.3709  9  1  1.9261  1.6887  
2011    287    16410.0000    0.0030   -0.0134   -0.0036    2.3711  9  1  1.9283  1.6905  
2011    287    16440.0000    0.0138   -0.0348   -0.0163    2.3716  9  1  1.9304  1.6923  
2011    287    16470.0000    0.0060   -0.0127   -0.0220    2.3727  9  1  1.9324  1.6939  
2011    287    16500.0000    0.0147   -0.0166   -0.0185    2.3737  9  1  1.9343  1.6954  
2011    287    16530.0000    0.0247   -0.0352   -0.0271    2.3738  9  1  1.9360  1.6969  
2011    287    16560.0000    0.0137   -0.0310   -0.0270    2.3740  9  1  1.9376  1.6983  
2011    287    16590.0000    0.0221   -0.0273   -0.0251    2.3748  9  1  1.9392  1.6995  
2011    287    16620.0000    0.0340   -0.0372   -0.0241    2.3742  9  1  1.9406  1.7007  
2011    287    16650.0000    0.0198   -0.0319   -0.0335    2.3747  9  1  1.9418  1.7018  
2011    287    16680.0000    0.0121   -0.0312   -0.0281    2.3749  9  1  1.9430  1.7028  
2011    287    16710.0000    0.0100   -0.0146   -0.0080    2.3732  9  1  1.9440  1.7037  
2011    287    16740.0000    0.0037   -0.0077   -0.0049    2.3719  9  1  1.9450  1.7045  
2011    287    16770.0000    0.0030   -0.0164   -0.0029    2.3721  9  1  1.9458  1.7052  
2011    287    16800.0000    0.0012   -0.0070   -0.0042    2.3711  9  1  1.9464  1.7058  
2011    287    16830.0000   -0.0021   -0.0054   -0.0064    2.3715  9  1  1.9470  1.7063  
2011    287    16860.0000    0.0096   -0.0031    0.0094    2.3701  9  1  1.9474  1.7067  
2011    287    16890.0000    0.0055   -0.0032    0.0074    2.3708  9  1  1.9476  1.7070  
2011    287    16920.0000    0.0046   -0.0108   -0.0075    2.3714  9  1  1.9478  1.7072  
2011    287    16950.0000    0.0099    0.0069    0.0124    2.3718  9  1  1.9478  1.7073  
2011    287    16980.0000   -0.0042    0.0057   -0.0186    2.3732  9  1  1.9477  1.7073  
2011    287    17010.0000   -0.0036    0.0028   -0.0156    2.3746  9  1  1.9475  1.7072  
2011    287    17040.0000    0.0065    0.0211   -0.0099    2.3751  9  1  1.9471  1.7069  
2011    287    17070.0000   -0.0055    0.0141   -0.0085    2.3764  9  1  1.9466  1.7066  
2011    287    17100.0000   -0.0078    0.0156   -0.0192    2.3781  9  1  1.9460  1.7062  
2011    287    17130.0000   -0.0062    0.0166   -0.0205    2.3785  9  1  1.9452  1.7057  
2011    287    17160.0000   -0.0181    0.0213   -0.0098    2.3789  9  1  1.9444  1.7051  
2011    287    17190.0000   -0.0121    0.0187   -0.0128    2.3787  9  1  1.9433  1.7043  
2011    287    17220.0000   -0.0140    0.0075   -0.0190    2.3800  9  1  1.9422  1.7035  
2011    287    17250.0000   -0.0043    0.0077   -0.0227    2.3795  9  1  1.9409  1.7026  
2011    287    17280.0000   -0.0072    0.0122   -0.0230    2.3779  9  1  1.9395  1.7015  
2011    287    17310.0000   -0.0111    0.0171   -0.0261    2.3784  9  1  1.9380  1.7004  
2011    287    17340.0000   -0.0066    0.0257   -0.0170    2.3791  9  1  1.9364  1.6992  
2011    287    17370.0000   -0.0034    0.0232   -0.0122    2.3777  9  1  1.9346  1.6979  
2011    287    17400.0000   -0.0048    0.0225   -0.0157    2.3782  9  1  1.9327  1.6964  
2011    287    17430.0000   -0.0030    0.0237   -0.0133    2.3788  9  1  1.9307  1.6949  
2011    287    17460.0000   -0.0018    0.0249   -0.0109    2.3779  9  1  1.9286  1.6933  
2011    287    17490.0000   -0.0011    0.0156   -0.0071    2.3775  9  1  1.9264  1.6916  
2011    287    17520.0000   -0.0027    0.0141   -0.0113    2.3778  9  1  1.9240  1.6898  
2011    287    17550.0000   -0.0043    0.0100   -0.0111    2.3777  9  1  1.9216  1.6879  
2011    287    17580.0000   -0.0037    0.0041   -0.0158    2.3774  9  1  1.9190  1.6859  
2011    287    17610.0000    0.0026   -0.0014   -0.0199    2.3771  9  1  1.9163  1.6839  
2011    287    17640.0000    0.0089   -0.0107   -0.0093    2.3766  9  1  1.9135  1.6817  
2011    287    17670.0000    0.0148   -0.0177   -0.0216    2.3765  9  1  1.9106  1.6795  
2011    287    17700.0000    0.0188   -0.0189   -0.0227    2.3770  9  1  1.9076  1.6772  
2011    287    17730.0000    0.0139   -0.0154   -0.0264    2.3772  9  1  1.9045  1.6748  
2011    287    17760.0000    0.0133   -0.0229   -0.0326    2.3769  9  1  1.9013  1.6723  
2011    287    17790.0000    0.0113   -0.0244   -0.0259    2.3766  9  1  1.8980  1.6698  
2011    287    17820.0000    0.0207   -0.0264   -0.0223    2.3762  9  1  1.8946  1.6671  
2011    287    17850.0000    0.0126   -0.0165   -0.0150    2.3762  9  1  1.8912  1.6644  
2011    287    17880.0000    0.0183   -0.0283   -0.0253    2.3758  9  1  1.8876  1.6617  
2011    287    17910.0000    0.0152   -0.0218   -0.0156    2.3760  9  1  1.8839  1.6588  
2011    287    17940.0000    0.0095   -0.0184   -0.0109    2.3756  9  1  1.8802  1.6559  
2011    287    17970.0000    0.0132   -0.0131   -0.0171    2.3752  9  1  1.8764  1.6530  
2011    287    18000.0000    0.0132   -0.0196   -0.0200    2.3743  9  1  1.8725  1.6500  
2011    287    18030.0000    0.0160   -0.0207   -0.0136    2.3733  9  1  1.8686  1.6469  
2011    287    18060.0000    0.0234   -0.0240   -0.0102    2.3728  9  1  1.8645  1.6437  
2011    287    18090.0000    0.0221   -0.0264   -0.0108    2.3722  9  1  1.8604  1.6405  
2011    287    18120.0000    0.0160   -0.0322   -0.0158    2.3718  9  1  1.8562  1.6373  
2011    287    18150.0000    0.0198   -0.0267   -0.0024    2.3718  9  1  1.8520  1.6340  
2011    287    18180.0000    0.0200   -0.0304    0.0009    2.3708  9  1  1.8477  1.6306  
2011    287    18210.0000    0.0137   -0.0392    0.0058    2.3704  9  1  1.8434  1.6272  
2011    287    18240.0000    0.0149   -0.0327    0.0063    2.3711  9  1  1.8390  1.6238  
2011    287    18270.0000    0.0175   -0.0334   -0.0013    2.3700  9  1  1.8345  1.6203  
2011    287    18300.0000    0.0180   -0.0397    0.0050    2.3692  9  1  1.8300  1.6168  
2011    287    18330.0000    0.0195   -0.0379    0.0068    2.3687  9  1  1.8254  1.6132  
2011    287    18360.0000    0.0213   -0.0412    0.0121    2.3679  9  1  1.8208  1.6096  
2011    287    18390.0000    0.0264   -0.0472    0.0065    2.3678  9  1  1.8162  1.6060  
2011    287    18420.0000    0.0227   -0.0445    0.0113    2.3680  9  1  1.8115  1.6023  
2011    287    18450.0000    0.0169   -0.0415    0.0159    2.3684  9  1  1.8068  1.5986  
2011    287    18480.0000    0.0150   -0.0410    0.0088    2.3684  9  1  1.8020  1.5949  
2011    287    18510.0000    0.0188   -0.0386    0.0150    2.3667  9  1  1.7972  1.5911  
2011    287    18540.0000    0.0234   -0.0359    0.0160    2.3655  9  1  1.7924  1.5874  
2011    287    18570.0000    0.0190   -0.0376    0.0227    2.3663  8  1  2.1447  1.8570  
2011    287    18600.0000    0.0209   -0.0405    0.0097    2.3660  8  1  2.1419  1.8547  
2011    287    18630.0000    0.0146   -0.0371    0.0063    2.3661  9  1  1.7778  1.5759  
2011    287    18660.0000    0.0129   -0.0336    0.0113    2.3657  9  1  1.7728  1.5721  
2011    287    18690.0000    0.0071   -0.0327    0.0170    2.3657  9  1  1.7679  1.5682  
2011    287    18720.0000    0.0102   -0.0274    0.0151    2.3659  9  1  1.7629  1.5643  
2011    287    18750.0000    0.0115   -0.0263    0.0098    2.3660  9  1  1.7580  1.5604  
2011    287    18780.0000    0.0065   -0.0269    0.0089    2.3661  9  1  1.7530  1.5565  
2011    287    18810.0000    0.0064   -0.0248    0.0118    2.3659  9  1  1.7480  1.5526  
2011    287    18840.0000    0.0056   -0.0303    0.0099    2.3654  9  1  1.7430  1.5487  
2011    287    18870.0000    0.0024   -0.0227    0.0206    2.3655  9  1  1.7380  1.5448  
2011    287    18900.0000    0.0075   -0.0196    0.0112    2.3659  9  1  1.7330  1.5409  
2011    287    18930.0000    0.0028   -0.0221    0.0206    2.3658  9  1  1.7280  1.5370  
2011    287    18960.0000    0.0029   -0.0201    0.0126    2.3663  9  1  1.7230  1.5330  
2011    287    18990.0000    0.0054   -0.0243    0.0106    2.3664  9  1  1.7180  1.5291  
2011    287    19020.0000    0.0084   -0.0146    0.0092    2.3678  9  1  1.7130  1.5252  
2011    287    19050.0000   -0.0019   -0.0102    0.0105    2.3688  8  1  2.0919  1.8151  
2011    287    19080.0000    0.0015   -0.0101    0.0060    2.3692  8  1  2.0882  1.8122  
2011    287    19110.0000    0.0034   -0.0144    0.0026    2.3694  8  1  2.0843  1.8092  
2011    287    19140.0000   -0.0003   -0.0119    0.0004    2.3698  8  1  2.0805  1.8062  
2011    287    19170.0000    0.0054   -0.0082   -0.0084    2.3706  8  1  2.0766  1.8031  
2011    287    19200.0000    0.0062   -0.0025   -0.0014    2.3713  8  1  2.0727  1.8001  
2011    287    19230.0000    0.0036   -0.0013   -0.0068    2.3717  8  1  2.0687  1.7970  
2011    287    19260.0000    0.0002   -0.0075    0.0055    2.3719  8  1  2.0647  1.7939  
2011    287    19290.0000   -0.0037   -0.0010   -0.0029    2.3727  8  1  2.0606  1.7907  
2011    287    19320.0000   -0.0080   -0.0024   -0.0101    2.3727  8  1  2.0566  1.7876  
2011    287    19350.0000   -0.0034   -0.0018   -0.0071    2.3729  8  1  2.0524  1.7844  
2011    287    19380.0000   -0.0084   -0.0073   -0.0059    2.3728  8  1  2.0483  1.7812  
2011    287    19410.0000   -0.0029   -0.0042   -0.0177    2.3728  8  1  2.0441  1.7780  
2011    287    19440.0000   -0.0014   -0.0086   -0.0133    2.3726  8  1  2.0399  1.7747  
2011    287    19470.0000   -0.0039   -0.0029   -0.0060    2.3738  9  1  1.9377  1.6904  
2011    287    19500.0000   -0.0064   -0.0083   -0.0012    2.3737  9  1  1.9362  1.6894  
2011    287    19530.0000   -0.0025   -0.0105   -0.0081    2.3743  9  1  1.9347  1.6883  
2011    287    19560.0000   -0.0022   -0.0059   -0.0184    2.3746  9  1  1.9331  1.6871  
2011    287    19590.0000   -0.0013   -0.0079   -0.0178    2.3746  9  1  1.9314  1.6859  
2011    287    19620.0000   -0.0001   -0.0052   -0.0265    2.3746  9  1  1.9296  1.6846  
2011    287    19650.0000    0.0009   -0.0019   -0.0271    2.3744  9  1  1.9278  1.6833  
2011    287    19680.0000   -0.0019    0.0008   -0.0297    2.3744  9  1  1.9259  1.6819  
2011    287    19710.0000   -0.0032    0.0013   -0.0275    2.3743  9  1  1.9239  1.6805  
2011    287    19740.0000   -0.0008   -0.0002   -0.0219    2.3741  9  1  1.9219  1.6790  
2011    287    19770.0000   -0.0069    0.0025   -0.0268    2.3741  9  1  1.9197  1.6774  
2011    287    19800.0000   -0.0083    0.0066   -0.0238    2.3732  9  1  1.9175  1.6758  
2011    287    19830.0000   -0.0091    0.0076   -0.0255    2.3723  9  1  1.9153  1.6741  
2011    287    19860.0000   -0.0111    0.0075   -0.0192    2.3723  9  1  1.9130  1.6724  
2011    287    19890.0000   -0.0023    0.0004   -0.0214    2.3724  8  1  2.4102  2.0830  
2011    287    19920.0000   -0.0034    0.0069   -0.0185    2.3725  8  1  2.4123  2.0852  
2011    287    19950.0000   -0.0082    0.0052   -0.0205    2.3722  8  1  2.4141  2.0871  
2011    287    19980.0000   -0.0009    0.0045   -0.0209    2.3727  8  1  2.4158  2.0889  
2011    287    20010.0000   -0.0034    0.0054   -0.0205    2.3728  8  1  2.4172  2.0906  
2011    287    20040.0000   -0.0065    0.0011   -0.0234    2.3732  8  1  2.4185  2.0921  
2011    287    20070.0000   -0.0127   -0.0017   -0.0137    2.3731  8  1  2.4195  2.0934  
2011    287    20100.0000   -0.0044    0.0037   -0.0294    2.3733  8  1  2.4204  2.0946  
2011    287    20130.0000   -0.0124    0.0056   -0.0185    2.3735  8  1  2.4210  2.0956  
2011    287    20160.0000   -0.0117    0.0032   -0.0295    2.3734  8  1  2.4214  2.0965  
2011    287    20190.0000   -0.0065    0.0024   -0.0230    2.3726  8  1  2.4217  2.0971  
2011    287    20220.0000   -0.0089    0.0049   -0.0134    2.3733  8  1  2.4217  2.0977  
2011    287    20250.0000   -0.0066    0.0015   -0.0224    2.3736  8  1  2.4214  2.0980  
2011    287    20280.0000   -0.0032    0.0005   -0.0257    2.3737  8  1  2.4210  2.0981  
2011    287    20310.0000   -0.0006   -0.0051   -0.0176    2.3737  8  1  2.4204  2.0981  
2011    287    20340.0000   -0.0015    0.0030   -0.0169    2.3744  8  1  2.4195  2.0979  
2011    287    20370.0000   -0.0000   -0.0037   -0.0255    2.3742  8  1  2.4184  2.0975  
2011    287    20400.0000    0.0034   -0.0032   -0.0232    2.3736  9  1  2.2972  1.9890  
2011    287    20430.0000    0.0073   -0.0014   -0.0237    2.3739  9  1  2.2975  1.9894  
2011    287    20460.0000    0.0020   -0.0016   -0.0312    2.3747  9  1  2.2975  1.9896  
2011    287    20490.0000   -0.0025    0.0004   -0.0293    2.3750  9  1  2.2972  1.9895  
2011    287    20520.0000    0.0021    0.0015   -0.0224    2.3761  9  1  2.2966  1.9892  
2011    287    20550.0000   -0.0022   -0.0012   -0.0191    2.3766  9  1  2.2958  1.9887  
2011    287    20580.0000    0.0010   -0.0018   -0.0245    2.3762  9  1  2.2947  1.9880  
2011    287    20610.0000   -0.0015   -0.0023   -0.0233    2.3765  9  1  2.2934  1.9871  
2011    287    20640.0000   -0.0008   -0.0009   -0.0245    2.3762  8  1  2.3939  2.0688  
2011    287    20670.0000    0.0004   -0.0003   -0.0198    2.3766  9  1  2.2899  1.9846  
2011    287    20700.0000    0.0053    0.0016   -0.0274    2.3773  9  1  2.2878  1.9830  
2011    287    20730.0000    0.0052    0.0020   -0.0336    2.3779  9  1  2.2854  1.9812  
2011    287    20760.0000    0.0118    0.0005   -0.0363    2.3785  9  1  2.2827  1.9793  
2011    287    20790.0000    0.0069   -0.0000   -0.0377    2.3789  9  1  2.2798  1.9771  
2011    287    20820.0000   -0.0009    0.0038   -0.0444    2.3786  9  1  2.2767  1.9747  
2011    287    20850.0000    0.0063    0.0005   -0.0311    2.3781  9  1  2.2733  1.9721  
2011    287    20880.0000   -0.0015   -0.0001   -0.0420    2.3775  9  1  2.2697  1.9693  
2011    287    20910.0000    0.0048   -0.0022   -0.0395    2.3777  9  1  2.2659  1.9664  
2011    287    20940.0000    0.0097   -0.0050   -0.0330    2.3781  9  1  2.2618  1.9632  
2011    287    20970.0000    0.0039    0.0017   -0.0404    2.3787  9  1  2.2576  1.9599  
2011    287    21000.0000   -0.0023    0.0014   -0.0354    2.3796  9  1  2.2531  1.9564  
2011    287    21030.0000    0.0012    0.0017   -0.0337    2.3800  9  1  2.2484  1.9527  
2011    287    21060.0000   -0.0040    0.0015   -0.0385    2.3804  9  1  2.2435  1.9489  
2011    287    21090.0000    0.0038   -0.0057   -0.0419    2.3810  9  1  2.2384  1.9449  
2011    287    21120.0000   -0.0006   -0.0015   -0.0505    2.3817  9  1  2.2331  1.9407  
2011    287    21150.0000   -0.0013    0.0017   -0.0322    2.3816  9  1  2.2277  1.9364  
2011    287    21180.0000   -0.0031   -0.0003   -0.0255    2.3803  9  1  2.2220  1.9320  
2011    287    21210.0000   -0.0040    0.0035   -0.0397    2.3804  9  1  2.2162  1.9274  
2011    287    21240.0000    0.0010    0.0052   -0.0450    2.3807  9  1  2.2103  1.9227  
2011    287    21270.0000    0.0058   -0.0008   -0.0290    2.3794  9  1  2.2041  1.9179  
2011    287    21300.0000    0.0051   -0.0025   -0.0269    2.3791  9  1  2.1979  1.9129  
2011    287    21330.0000    0.0004   -0.0052   -0.0239    2.3794  9  1  2.1915  1.9078  
2011    287    21360.0000   -0.0017   -0.0014   -0.0358    2.3797  9  1  2.1849  1.9026  
2011    287    21390.0000   -0.0004   -0.0021   -0.0236    2.3792  9  1  2.1782  1.8973  
2011    287    21420.0000    0.0081   -0.0019   -0.0214    2.3786  9  1  2.1714  1.8920  
2011    287    21450.0000    0.0081   -0.0034   -0.0263    2.3792  9  1  2.1645  1.8865  
2011    287    21480.0000    0.0011   -0.0047   -0.0342    2.3798  9  1  2.1575  1.8809  
2011    287    21510.0000    0.0044   -0.0027   -0.0357    2.3802  9  1  2.1504  1.8752  
2011    287    21540.0000    0.0051   -0.0044   -0.0236    2.3799  9  1  2.1432  1.8695  
2011    287    21570.0000   -0.0028   -0.0023   -0.0279    2.3793  9  1  2.1359  1.8637  
2011    287    21600.0000   -0.0025   -0.0002   -0.0310    2.3784  9  1  2.1285  1.8578  
2011    287    21630.0000    0.0060   -0.0096   -0.0213    2.3780  9  1  2.1210  1.8518  
2011    287    21660.0000    0.0041   -0.0059   -0.0220    2.3778  9  1  2.1135  1.8458  
2011    287    21690.0000    0.0024    0.0031   -0.0317    2.3779  9  1  2.1059  1.8398  
2011    287    21720.0000    0.0020    0.0020   -0.0291    2.3778  9  1  2.0983  1.8337  
2011    287    21750.0000    0.0012   -0.0034   -0.0187    2.3774  9  1  2.0906  1.8275  
2011    287    21780.0000    0.0001    0.0016   -0.0247    2.3776  8  1  2.2460  1.9498  
2011    287    21810.0000   -0.0013    0.0044   -0.0279    2.3776  8  1  2.2400  1.9450  
2011    287    21840.0000   -0.0011    0.0043   -0.0268    2.3777  8  1  2.2338  1.9401  
2011    287    21870.0000    0.0052    0.0071   -0.0300    2.3780  8  1  2.2276  1.9351  
2011    287    21900.0000   -0.0009    0.0055   -0.0309    2.3779  8  1  2.2212  1.9301  
2011    287    21930.0000   -0.0058    0.0100   -0.0292    2.3779  8  1  2.2148  1.9250  
2011    287    21960.0000   -0.0011    0.0027   -0.0282    2.3784  8  1  2.2083  1.9198  
2011    287    21990.0000   -0.0091    0.0097   -0.0315    2.3784  8  1  2.2016  1.9146  
2011    287    22020.0000   -0.0085    0.0118   -0.0428    2.3783  8  1  2.1949  1.9092  
2011    287    22050.0000   -0.0013    0.0050   -0.0232    2.3785  8  1  2.1882  1.9039  
2011    287    22080.0000   -0.0041    0.0056   -0.0302    2.3790  8  1  2.1813  1.8984  
2011    287    22110.0000   -0.0058    0.0118   -0.0452    2.3787  8  1  2.1744  1.8930  
2011    287    22140.0000    0.0082    0.0082   -0.0369    2.3780  8  1  2.1675  1.8874  
2011    287    22170.0000    0.0146    0.0010   -0.0246    2.3778  8  1  2.1604  1.8819  
2011    287    22200.0000    0.0071   -0.0027   -0.0257    2.3773  8  1  2.1534  1.8763  
2011    287    22230.0000    0.0013    0.0038   -0.0230    2.3780  8  1  2.1462  1.8706  
2011    287    22260.0000    0.0009    0.0034   -0.0268    2.3784  8  1  2.1391  1.8649  
2011    287    22290.0000    0.0097   -0.0065   -0.0146    2.3782  8  1  2.1319  1.8592  
2011    287    22320.0000    0.0070   -0.0037   -0.0402    2.3776  8  1  2.1246  1.8535  
2011    287    22350.0000    0.0008    0.0089   -0.0350    2.3772  8  1  2.1173  1.8477  
2011    287    22380.0000    0.0085    0.0009   -0.0243    2.3770  8  1  2.1100  1.8419  
2011    287    22410.0000    0.0027    0.0054   -0.0334    2.3779  8  1  2.1027  1.8361  
2011    287    22440.0000    0.0008    0.0061   -0.0280    2.3790  8  1  2.0953  1.8302  
2011    287    22470.0000    0.0071   -0.0001   -0.0220    2.3784  8  1  2.0879  1.8244  
2011    287    22500.0000   -0.0007   -0.0020   -0.0317    2.3778  8  1  2.0806  1.8185  
2011    287    22530.0000   -0.0035    0.0019   -0.0349    2.3767  8  1  2.0731  1.8127  
2011    287    22560.0000    0.0000   -0.0014   -0.0259    2.3761  8  1  2.0657  1.8068  
2011    287    22590.0000   -0.0024    0.0045   -0.0325    2.3770  8  1  2.0583  1.8009  
2011    287    22620.0000   -0.0019    0.0052   -0.0315    2.3779  8  1  2.0509  1.7950  
2011    287    22650.0000   -0.0047    0.0031   -0.0319    2.3778  8  1  2.0434  1.7892  
2011    287    22680.0000   -0.0084    0.0034   -0.0357    2.3772  8  1  2.0360  1.7833  
2011    287    22710.0000   -0.0051    0.0032   -0.0308    2.3773  8  1  2.0286  1.7774  
2011    287    22740.0000   -0.0038    0.0029   -0.0332    2.3768  8  1  2.0212  1.7715  
2011    287    22770.0000   -0.0113    0.0066   -0.0381    2.3760  8  1  2.0138  1.7657  
2011    287    22800.0000   -0.0060    0.0024   -0.0306    2.3763  8  1  2.0064  1.7598  
2011    287    22830.0000   -0.0009    0.0046   -0.0242    2.3768  8  1  1.9990  1.7540  
2011    287    22860.0000   -0.0041    0.0013   -0.0254    2.3770  8  1  1.9916  1.7482  
2011    287    22890.0000   -0.0029    0.0008   -0.0237    2.3773  8  1  1.9843  1.7424  
2011    287    22920.0000    0.0001    0.0040   -0.0284    2.3775  8  1  1.9769  1.7366  
2011    287    22950.0000    0.0022    0.0073   -0.0374    2.3770  8  1  1.9696  1.7308  
2011    287    22980.0000   -0.0054    0.0008   -0.0358    2.3766  8  1  1.9624  1.7251  
2011    287    23010.0000   -0.0074   -0.0004   -0.0297    2.3758  8  1  1.9551  1.7194  
2011    287    23040.0000    0.0045    0.0024   -0.0256    2.3753  8  1  1.9479  1.7136  
2011    287    23070.0000    0.0070    0.0032   -0.0169    2.3761  8  1  1.9407  1.7080  
2011    287    23100.0000   -0.0072    0.0046   -0.0311    2.3768  8  1  1.9335  1.7023  
2011    287    23130.0000   -0.0076    0.0009   -0.0248    2.3762  8  1  1.9264  1.6967  
2011    287    23160.0000    0.0053   -0.0035   -0.0100    2.3760  8  1  1.9193  1.6911  
2011    287    23190.0000   -0.0053    0.0028   -0.0393    2.3754  8  1  1.9122  1.6855  
2011    287    23220.0000    0.0045    0.0006   -0.0127    2.3747  8  1  1.9052  1.6800  
2011    287    23250.0000    0.0082    0.0031   -0.0046    2.3743  8  1  1.8982  1.6745  
2011    287    23280.0000   -0.0061    0.0024   -0.0282    2.3744  8  1  1.8912  1.6690  
2011    287    23310.0000    0.0001    0.0008   -0.0252    2.3742  8  1  1.8843  1.6635  
2011    287    23340.0000   -0.0047    0.0024   -0.0154    2.3731  8  1  1.8775  1.6581  
2011    287    23370.0000   -0.0017    0.0030   -0.0132    2.3732  8  1  1.8706  1.6527  
2011    287    23400.0000   -0.0002    0.0035   -0.0117    2.3736  8  1  1.8638  1.6474  
2011    287    23430.0000   -0.0093    0.0032   -0.0255    2.3738  8  1  1.8571  1.6421  
2011    287    23460.0000   -0.0050    0.0070   -0.0256    2.3732  8  1  1.8504  1.6368  
2011    287    23490.0000    0.0075    0.0036    0.0001    2.3736  8  1  1.8437  1.6315  
2011    287    23520.0000   -0.0205    0.0056   -0.0353    2.3742  8  1  1.8371  1.6263  
2011    287    23550.0000   -0.0152    0.0028   -0.0218    2.3746  8  1  1.8305  1.6212  
2011    287    23580.0000   -0.0036    0.0041   -0.0067    2.3752  8  1  1.8240  1.6160  
2011    287    23610.0000   -0.0175    0.0007   -0.0242    2.3759  8  1  1.8175  1.6109  
2011    287    23640.0000   -0.0143    0.0054   -0.0389    2.3762  7  1  2.0812  1.8159  
2011    287    23670.0000   -0.0078    0.0019   -0.0207    2.3768  7  1  2.0765  1.8123  
2011    287    23700.0000   -0.0079    0.0049   -0.0290    2.3772  7  1  2.0718  1.8087  
2011    287    23730.0000   -0.0175    0.0022   -0.0375    2.3775  7  1  2.0671  1.8051  
2011    287    23760.0000   -0.0174    0.0016   -0.0320    2.3780  7  1  2.0624  1.8016  
2011    287    23790.0000   -0.0133   -0.0014   -0.0350    2.3785  7  1  2.0577  1.7980  
2011    287    23820.0000   -0.0132    0.0068   -0.0400    2.3787  7  1  2.0530  1.7945  
2011    287    23850.0000   -0.0134    0.0009   -0.0467    2.3787  7  1  2.0484  1.7909  
2011    287    23880.0000   -0.0141   -0.0001   -0.0349    2.3789  7  1  2.0437  1.7874  
2011    287    23910.0000   -0.0184    0.0004   -0.0287    2.3794  7  1  2.0391  1.7839  
2011    287    23940.0000   -0.0211    0.0044   -0.0427    2.3793  7  1  2.0345  1.7804  
2011    287    23970.0000   -0.0162    0.0088   -0.0486    2.3794  7  1  2.0299  1.7770  
2011    287    24000.0000   -0.0109    0.0082   -0.0343    2.3787  7  1  2.0254  1.7735  
2011    287    24030.0000   -0.0150    0.0027   -0.0314    2.3786  7  1  2.0208  1.7701  
2011    287    24060.0000   -0.0136    0.0062   -0.0338    2.3783  7  1  2.0163  1.7667  
2011    287    24090.0000   -0.0113    0.0033   -0.0335    2.3780  7  1  2.0118  1.7633  
2011    287    24120.0000   -0.0145    0.0045   -0.0334    2.3778  7  1  2.0073  1.7599  
2011    287    24150.0000   -0.0130    0.0068   -0.0278    2.3769  7  1  2.0028  1.7566  
2011    287    24180.0000   -0.0172    0.0080   -0.0279    2.3767  6  1  3.9935  3.3881  
2011    287    24210.0000   -0.0064    0.0051   -0.0148    2.3767  6  1  3.9953  3.3903  
2011    287    24240.0000   -0.0178    0.0062   -0.0250    2.3765  6  1  3.9968  3.3922  
2011    287    24270.0000   -0.0101    0.0071   -0.0097    2.3762  6  1  3.9980  3.3940  
2011    287    24300.0000   -0.0138    0.0063   -0.0253    2.3762  6  1  3.9989  3.3955  
2011    287    24330.0000   -0.0176    0.0064   -0.0277    2.3761  6  1  3.9995  3.3967  
2011    287    24360.0000   -0.0106    0.0081   -0.0225    2.3762  6  1  3.9998  3.3978  
2011    287    24390.0000   -0.0065    0.0054   -0.0176    2.3759  6  1  3.9998  3.3985  
2011    287    24420.0000   -0.0143    0.0066   -0.0245    2.3758  6  1  3.9994  3.3990  
2011    287    24450.0000   -0.0142    0.0050   -0.0264    2.3758  6  1  3.9987  3.3993  
2011    287    24480.0000   -0.0124    0.0090   -0.0160    2.3755  6  1  3.9977  3.3993  
2011    287    24510.0000   -0.0226   -0.0012   -0.0277    2.3754  6  1  3.9963  3.3990  
2011    287    24540.0000   -0.0143    0.0026   -0.0368    2.3750  6  1  3.9945  3.3984  
2011    287    24570.0000   -0.0185    0.0017   -0.0291    2.3748  6  1  3.9925  3.3975  
2011    287    24600.0000   -0.0159    0.0002   -0.0373    2.3742  6  1  3.9900  3.3964  
2011    287    24630.0000   -0.0085   -0.0012   -0.0224    2.3739  6  1  3.9872  3.3950  
2011    287    24660.0000   -0.0143   -0.0026   -0.0336    2.3734  6  1  3.9840  3.3932  
2011    287    24690.0000   -0.0119    0.0029   -0.0238    2.3730  6  1  3.9804  3.3912  
2011    287    24720.0000   -0.0206   -0.0009   -0.0313    2.3725  6  1  3.9765  3.3889  
2011    287    24750.0000   -0.0233   -0.0024   -0.0190    2.3724  6  1  3.9722  3.3862  
2011    287    24780.0000   -0.0161   -0.0034   -0.0173    2.3727  6  1  3.9675  3.3833  
2011    287    24810.0000   -0.0198    0.0011   -0.0159    2.3729  6  1  3.9624  3.3800  
2011    287    24840.0000   -0.0121    0.0040   -0.0112    2.3733  6  1  3.9569  3.3764  
2011    287    24870.0000   -0.0115    0.0009    0.0011    2.3736  6  1  3.9510  3.3725  
2011    287    24900.0000   -0.0173    0.0026    0.0038    2.3737  6  1  3.9447  3.3682  
2011    287    24930.0000   -0.0057    0.0011   -0.0037    2.3742  6  1  3.9380  3.3637  
2011    287    24960.0000   -0.0082    0.0038   -0.0329    2.3742  6  1  3.9309  3.3588  
2011    287    24990.0000   -0.0088    0.0061   -0.0095    2.3741  6  1  3.9235  3.3536  
2011    287    25020.0000   -0.0058    0.0031   -0.0021    2.3742  6  1  3.9156  3.3480  
2011    287    25050.0000   -0.0197    0.0013   -0.0067    2.3742  6  1  3.9073  3.3422  
2011    287    25080.0000   -0.0123    0.0027   -0.0138    2.3742  6  1  3.8986  3.3360  
2011    287    25110.0000   -0.0222   -0.0034   -0.0034    2.3743  6  1  3.8896  3.3294  
2011    287    25140.0000   -0.0173   -0.0024   -0.0164    2.3743  6  1  3.8801  3.3226  
2011    287    25170.0000   -0.0243   -0.0056    0.0020    2.3743  6  1  3.8703  3.3154  
2011    287    25200.0000   -0.0376   -0.0067   -0.0109    2.3742  6  1  3.8600  3.3079  
2011    287    25230.0000   -0.0253   -0.0076   -0.0042    2.3742  6  1  3.8494  3.3000  
2011    287    25260.0000   -0.0296   -0.0085   -0.0068    2.3742  5  1  5.7275  4.8851  
2011    287    25290.0000   -0.0446   -0.0130    0.0186    2.3742  6  1  3.9333  3.4116  
2011    287    25320.0000   -0.0272   -0.0039   -0.0098    2.3742  6  1  3.9317  3.4077  
2011    287    25350.0000   -0.0214   -0.0040   -0.0106    2.3742  6  1  3.9294  3.4034  
2011    287    25380.0000   -0.0265   -0.0025   -0.0186    2.3742  6  1  3.9265  3.3985  
2011    287    25410.0000   -0.0281   -0.0045   -0.0239    2.3741  6  1  3.9230  3.3932  
2011    287    25440.0000   -0.0175    0.0018   -0.0179    2.3741  6  1  3.9190  3.3874  
2011    287    25470.0000   -0.0135    0.0054   -0.0104    2.3741  6  1  3.9144  3.3812  
2011    287    25500.0000   -0.0210    0.0008   -0.0000    2.3741  6  1  3.9094  3.3746  
2011    287    25530.0000   -0.0215    0.0004   -0.0095    2.3741  7  1  2.3115  2.0039  
2011    287    25560.0000   -0.0106    0.0094   -0.0100    2.3739  7  1  2.3190  2.0096  
2011    287    25590.0000   -0.0141    0.0051   -0.0169    2.3739  7  1  2.3265  2.0153  
2011    287    25620.0000   -0.0257    0.0027   -0.0075    2.3738  7  1  2.3341  2.0210  
2011    287    25650.0000   -0.0299   -0.0019   -0.0187    2.3739  7  1  2.3417  2.0268  
2011    287    25680.0000   -0.0182    0.0062    0.0076    2.3737  7  1  2.3494  2.0326  
2011    287    25710.0000   -0.0260   -0.0006   -0.0102    2.3737  7  1  2.3571  2.0385  
2011    287    25740.0000   -0.0337   -0.0060   -0.0426    2.3740  7  1  2.3649  2.0444  
2011    287    25770.0000   -0.0235    0.0024   -0.0167    2.3741  7  1  2.3726  2.0503  
2011    287    25800.0000   -0.0378   -0.0049   -0.0130    2.3741  7  1  2.3805  2.0563  
2011    287    25830.0000   -0.0361   -0.0096   -0.0321    2.3743  7  1  2.3883  2.0623  
2011    287    25860.0000   -0.0254   -0.0007   -0.0015    2.3744  7  1  2.3962  2.0684  
2011    287    25890.0000   -0.0216   -0.0016    0.0016    2.3744  7  1  2.4041  2.0744  
2011    287    25920.0000   -0.0412   -0.0108   -0.0004    2.3744  7  1  2.4121  2.0805  
2011    287    25950.0000   -0.0334   -0.0072    0.0040    2.3743  7  1  2.4201  2.0866  
2011    287    25980.0000   -0.0244   -0.0053   -0.0129    2.3744  7  1  2.4281  2.0928  
2011    287    26010.0000   -0.0182   -0.0037    0.0189    2.3745  7  1  2.4361  2.0990  
2011    287    26040.0000   -0.0340   -0.0108    0.0070    2.3742  7  1  2.4442  2.1052  
2011    287    26070.0000   -0.0421   -0.0128   -0.0023    2.3743  7  1  2.4523  2.1114  
2011    287    26100.0000   -0.0053    0.0038    0.0158    2.3741  7  1  2.4604  2.1177  
2011    287    26130.0000   -0.0272   -0.0052   -0.0143    2.3736  7  1  2.4685  2.1240  
2011    287    26160.0000   -0.0368   -0.0108   -0.0217    2.3736  7  1  2.4766  2.1303  
2011    287    26190.0000   -0.0118    0.0055    0.0216    2.3726  7  1  2.4848  2.1366  
2011    287    26220.0000   -0.0352   -0.0019    0.0010    2.3720  7  1  2.4929  2.1429  
2011    287    26250.0000   -0.0319   -0.0065   -0.0083    2.3720  7  1  2.5011  2.1492  
2011    287    26280.0000   -0.0257    0.0011    0.0088    2.3715  7  1  2.5092  2.1556  
2011    287    26310.0000   -0.0266   -0.0034   -0.0071    2.3710  7  1  2.5174  2.1619  
2011    287    26340.0000   -0.0342   -0.0032   -0.0002    2.3709  7  1  2.5256  2.1683  
2011    287    26370.0000   -0.0352   -0.0090   -0.0160    2.3715  7  1  2.5337  2.1747  
2011    287    26400.0000   -0.0294   -0.0009   -0.0053    2.3711  7  1  2.5419  2.1810  
2011    287    26430.0000   -0.0226    0.0017    0.0006    2.3708  7  1  2.5500  2.1874  
2011    287    26460.0000   -0.0306   -0.0077   -0.0135    2.3716  7  1  2.5581  2.1938  
2011    287    26490.0000   -0.0260    0.0016   -0.0060    2.3715  7  1  2.5662  2.2001  
2011    287    26520.0000   -0.0142    0.0054    0.0074    2.3714  7  1  2.5743  2.2065  
2011    287    26550.0000   -0.0222   -0.0003   -0.0115    2.3716  7  1  2.5824  2.2128  
2011    287    26580.0000   -0.0156    0.0016   -0.0207    2.3715  7  1  2.5904  2.2191  
2011    287    26610.0000   -0.0065    0.0066    0.0056    2.3708  7  1  2.5983  2.2254  
2011    287    26640.0000   -0.0193    0.0006   -0.0120    2.3710  7  1  2.6063  2.2316  
2011    287    26670.0000   -0.0200   -0.0026   -0.0045    2.3715  7  1  2.6142  2.2379  
2011    287    26700.0000   -0.0157   -0.0016   -0.0036    2.3720  7  1  2.6220  2.2441  
2011    287    26730.0000   -0.0140   -0.0042    0.0047    2.3724  7  1  2.6298  2.2502  
2011    287    26760.0000   -0.0158    0.0007    0.0074    2.3728  8  1  2.5743  2.2093  
2011    287    26790.0000   -0.0295   -0.0061   -0.0157    2.3736  8  1  2.5834  2.2164  
2011    287    26820.0000   -0.0083    0.0009   -0.0121    2.3737  8  1  2.5925  2.2235  
2011    287    26850.0000   -0.0046    0.0014   -0.0105    2.3742  8  1  2.6014  2.2305  
2011    287    26880.0000   -0.0188   -0.0031   -0.0166    2.3750  8  1  2.6103  2.2375  
2011    287    26910.0000   -0.0115    0.0032   -0.0085    2.3755  8  1  2.6192  2.2444  
2011    287    26940.0000   -0.0121    0.0014   -0.0135    2.3755  9  1  1.9269  1.7119  
2011    287    26970.0000   -0.0129   -0.0014   -0.0333    2.3758  9  1  1.9306  1.7148  
2011    287    27000.0000   -0.0098    0.0049   -0.0290    2.3761  9  1  1.9343  1.7176  
2011    287    27030.0000   -0.0053    0.0020   -0.0423    2.3762  9  1  1.9380  1.7205  
2011    287    27060.0000   -0.0052    0.0029   -0.0311    2.3765  9  1  1.9417  1.7233  
2011    287    27090.0000   -0.0017    0.0027   -0.0273    2.3767  9  1  1.9454  1.7261  
2011    287    27120.0000   -0.0119    0.0035   -0.0200    2.3759  9  1  1.9491  1.7290  
2011    287    27150.0000   -0.0071    0.0049   -0.0326    2.3752  9  1  1.9527  1.7318  
2011    287    27180.0000   -0.0011    0.0031   -0.0159    2.3749  9  1  1.9564  1.7346  
2011    287    27210.0000   -0.0096   -0.0002   -0.0224    2.3739  9  1  1.9600  1.7374  
2011    287    27240.0000   -0.0039    0.0028   -0.0113    2.3731  9  1  1.9637  1.7402  
2011    287    27270.0000   -0.0055    0.0014   -0.0070    2.3723  9  1  1.9673  1.7430  
2011    287    27300.0000   -0.0164   -0.0028   -0.0173    2.3715  9  1  1.9708  1.7458  
2011    287    27330.0000   -0.0106   -0.0099   -0.0252    2.3708  9  1  1.9744  1.7485  
2011    287    27360.0000   -0.0147   -0.0019   -0.0020    2.3712  10  1  1.6758  1.5154  
2011    287    27390.0000   -0.0157    0.0037    0.0091    2.3713  10  1  1.6797  1.5185  
2011    287    27420.0000   -0.0134   -0.0024   -0.0072    2.3704  10  1  1.6835  1.5215  
2011    287    27450.0000   -0.0152   -0.0019   -0.0086    2.3705  10  1  1.6874  1.5246  
2011    287    27480.0000   -0.0097   -0.0018   -0.0145    2.3706  10  1  1.6912  1.5276  
2011    287    27510.0000   -0.0177   -0.0014   -0.0130    2.3710  10  1  1.6950  1.5306  
2011    287    27540.0000   -0.0139   -0.0055   -0.0193    2.3711  10  1  1.6988  1.5335  
2011    287    27570.0000   -0.0038   -0.0006   -0.0149    2.3711  10  1  1.7026  1.5365  
2011    287    27600.0000   -0.0107   -0.0008   -0.0157    2.3712  10  1  1.7063  1.5394  
2011    287    27630.0000   -0.0154    0.0002   -0.0113    2.3714  10  1  1.7100  1.5423  
2011    287    27660.0000   -0.0053   -0.0013   -0.0059    2.3716  10  1  1.7137  1.5451  
2011    287    27690.0000   -0.0066   -0.0012   -0.0072    2.3723  10  1  1.7173  1.5480  
2011    287    27720.0000   -0.0183   -0.0017   -0.0157    2.3727  10  1  1.7209  1.5508  
2011    287    27750.0000   -0.0111    0.0016   -0.0016    2.3727  10  1  1.7245  1.5536  
2011    287    27780.0000   -0.0126    0.0000   -0.0065    2.3724  10  1  1.7280  1.5563  
2011    287    27810.0000   -0.0086   -0.0058   -0.0093    2.3724  10  1  1.7315  1.5590  
2011    287    27840.0000   -0.0118   -0.0036   -0.0061    2.3727  10  1  1.7349  1.5617  
2011    287    27870.0000   -0.0056    0.0012    0.0013    2.3729  10  1  1.7383  1.5643  
2011    287    27900.0000   -0.0053    0.0013   -0.0033    2.3730  10  1  1.7416  1.5669  
2011    287    27930.0000   -0.0163   -0.0007    0.0006    2.3724  10  1  1.7449  1.5694  
2011    287    27960.0000   -0.0153   -0.0013    0.0061    2.3725  10  1  1.7482  1.5719  
2011    287    27990.0000   -0.0055    0.0037   -0.0043    2.3729  10  1  1.7513  1.5743  
2011    287    28020.0000   -0.0197    0.0011   -0.0006    2.3731  10  1  1.7544  1.5767  
2011    287    28050.0000   -0.0210    0.0020   -0.0174    2.3732  10  1  1.7575  1.5791  
2011    287    28080.0000   -0.0120    0.0038   -0.0069    2.3734  10  1  1.7605  1.5814  
2011    287    28110.0000   -0.0157    0.0004   -0.0016    2.3735  10  1  1.7634  1.5836  
2011    287    28140.0000   -0.0108    0.0014   -0.0026    2.3742  10  1  1.7663  1.5858  
2011    287    28170.0000   -0.0147    0.0034   -0.0029    2.3745  10  1  1.7691  1.5879  
2011    287    28200.0000   -0.0115    0.0032   -0.0131    2.3743  10  1  1.7718  1.5900  
2011    287    28230.0000   -0.0093   -0.0015   -0.0196    2.3739  10  1  1.7744  1.5920  
2011    287    28260.0000   -0.0160    0.0050   -0.0002    2.3734  10  1  1.7770  1.5939  
2011    287    28290.0000   -0.0070   -0.0002   -0.0038    2.3738  10  1  1.7795  1.5958  
2011    287    28320.0000   -0.0052   -0.0045   -0.0115    2.3741  10  1  1.7819  1.5976  
2011    287    28350.0000   -0.0153   -0.0028   -0.0055    2.3741  10  1  1.7843  1.5994  
2011    287    28380.0000   -0.0138   -0.0057   -0.0137    2.3737  10  1  1.7865  1.6010  
2011    287    28410.0000   -0.0100    0.0014   -0.0105    2.3734  10  1  1.7887  1.6026  
2011    287    28440.0000   -0.0135   -0.0015   -0.0122    2.3736  10  1  1.7908  1.6042  
2011    287    28470.0000   -0.0120    0.0017   -0.0145    2.3747  10  1  1.7928  1.6057  
2011    287    28500.0000   -0.0077    0.0010   -0.0196    2.3755  10  1  1.7947  1.6070  
2011    287    28530.0000   -0.0100   -0.0014   -0.0194    2.3770  10  1  1.7965  1.6084  
2011    287    28560.0000   -0.0064   -0.0030   -0.0248    2.3784  10  1  1.7982  1.6096  
2011    287    28590.0000   -0.0094    0.0027   -0.0210    2.3792  10  1  1.7999  1.6108  
2011    287    28620.0000   -0.0128    0.0005   -0.0231    2.3799  10  1  1.8014  1.6119  
2011    287    28650.0000   -0.0092   -0.0008   -0.0290    2.3806  10  1  1.8029  1.6129  
2011    287    28680.0000   -0.0079   -0.0019   -0.0378    2.3809  10  1  1.8042  1.6138  
2011    287    28710.0000   -0.0112    0.0032   -0.0296    2.3815  10  1  1.8055  1.6147  
2011    287    28740.0000   -0.0103    0.0007   -0.0312    2.3814  10  1  1.8067  1.6154  
2011    287    28770.0000   -0.0055   -0.0032   -0.0393    2.3804  10  1  1.8077  1.6161  
2011    287    28800.0000   -0.0139    0.0019   -0.0242    2.3794  10  1  1.8087  1.6167  
