# col  1 -  3: year/doy/sod 
# col  4 -  7: dLat/dLon/dH/ZTD 
# col  8 - 11: TotalSatNumber/Converged/GDOP/PDOP 
# END OF HEADER
2011    287        0.0000   -0.3425    2.3984  -16.4386    6.2232  9  0  1.8528  1.6496  
2011    287       30.0000    0.0657    1.7794   -7.2500    3.2999  9  0  1.8472  1.6449  
2011    287       60.0000   -0.1750    0.8854   -3.1595    2.5980  9  0  1.8416  1.6402  
2011    287       90.0000   -0.0602    0.5526   -1.1676    2.6091  9  0  1.8360  1.6355  
2011    287      120.0000    0.0645    0.6934    0.0540    2.3873  9  0  1.8303  1.6308  
2011    287      150.0000   -0.0141    0.5555   -0.3188    2.3805  9  0  1.8247  1.6261  
2011    287      180.0000    0.1551    0.7048   -0.6496    2.4254  9  0  1.8190  1.6214  
2011    287      210.0000    0.2427    0.8973   -0.5269    2.3854  9  0  1.8134  1.6167  
2011    287      240.0000    0.1547    0.7573   -0.3327    2.3621  9  0  1.8077  1.6119  
2011    287      270.0000    0.1444    0.7420   -0.2834    2.3818  9  0  1.8020  1.6072  
2011    287      300.0000    0.1173    0.7193   -0.1168    2.3647  9  0  1.7963  1.6025  
2011    287      330.0000    0.0843    0.7497   -0.0199    2.3506  9  0  1.7907  1.5977  
2011    287      360.0000    0.1116    0.7088   -0.0895    2.3523  9  0  1.7850  1.5930  
2011    287      390.0000    0.0916    0.6149    0.0091    2.3494  9  0  1.7794  1.5883  
2011    287      420.0000    0.0622    0.5778    0.0651    2.3481  9  0  1.7737  1.5836  
2011    287      450.0000    0.0934    0.5817    0.0222    2.3501  9  0  1.7681  1.5789  
2011    287      480.0000    0.0742    0.5073   -0.0026    2.3484  9  0  1.7625  1.5743  
2011    287      510.0000    0.0914    0.4729   -0.0163    2.3490  9  0  1.7569  1.5696  
2011    287      540.0000    0.0896    0.4101    0.0098    2.3607  9  0  1.7513  1.5650  
2011    287      570.0000    0.0914    0.4678   -0.0391    2.3606  9  0  1.7458  1.5603  
2011    287      600.0000    0.0739    0.4494   -0.0309    2.3530  9  0  1.7402  1.5557  
2011    287      630.0000    0.0919    0.4222   -0.0379    2.3621  9  0  1.7347  1.5512  
2011    287      660.0000    0.0894    0.4311   -0.0720    2.3671  9  0  1.7292  1.5466  
2011    287      690.0000    0.0830    0.4178   -0.0673    2.3633  9  0  1.7238  1.5421  
2011    287      720.0000    0.0924    0.3774   -0.0531    2.3624  9  0  1.7184  1.5376  
2011    287      750.0000    0.0806    0.3080   -0.0468    2.3653  9  0  1.7130  1.5331  
2011    287      780.0000    0.0632    0.2981   -0.0458    2.3674  9  0  1.7076  1.5287  
2011    287      810.0000    0.0657    0.3191   -0.0567    2.3675  8  0  2.4281  2.1468  
2011    287      840.0000    0.0513    0.3006   -0.0469    2.3686  8  0  2.4151  2.1356  
2011    287      870.0000    0.0392    0.2720   -0.0447    2.3689  8  0  2.4021  2.1244  
2011    287      900.0000    0.0326    0.2457   -0.0396    2.3708  8  0  2.3890  2.1132  
2011    287      930.0000    0.0314    0.2614   -0.0487    2.3719  8  0  2.3759  2.1019  
2011    287      960.0000    0.0315    0.2417   -0.0502    2.3717  8  0  2.3627  2.0907  
2011    287      990.0000    0.0181    0.2138   -0.0491    2.3728  7  0  2.7022  2.3605  
2011    287     1020.0000    0.0271    0.2068   -0.0534    2.3733  7  0  2.6918  2.3516  
2011    287     1050.0000    0.0224    0.2356   -0.0527    2.3732  7  0  2.6815  2.3428  
2011    287     1080.0000    0.0225    0.2508   -0.0681    2.3736  7  0  2.6713  2.3341  
2011    287     1110.0000    0.0259    0.2340   -0.0572    2.3740  7  0  2.6612  2.3254  
2011    287     1140.0000    0.0260    0.2439   -0.0669    2.3739  7  0  2.6512  2.3169  
2011    287     1170.0000    0.0216    0.2324   -0.0676    2.3747  7  0  2.6414  2.3084  
2011    287     1200.0000    0.0218    0.2428   -0.0706    2.3751  7  0  2.6316  2.3001  
2011    287     1230.0000    0.0217    0.2498   -0.0632    2.3747  7  0  2.6220  2.2918  
2011    287     1260.0000    0.0135    0.2221   -0.0652    2.3756  7  0  2.6126  2.2836  
2011    287     1290.0000    0.0057    0.2061   -0.0677    2.3755  7  0  2.6032  2.2756  
2011    287     1320.0000    0.0094    0.1956   -0.0720    2.3760  7  0  2.5941  2.2677  
2011    287     1350.0000    0.0135    0.2198   -0.0646    2.3747  7  0  2.5850  2.2599  
2011    287     1380.0000    0.0036    0.1697   -0.0575    2.3763  7  0  2.5761  2.2522  
2011    287     1410.0000   -0.0036    0.0869   -0.0405    2.3788  7  0  2.5674  2.2447  
2011    287     1440.0000   -0.0052    0.0935   -0.0552    2.3785  7  0  2.5588  2.2372  
2011    287     1470.0000   -0.0096    0.0668   -0.0557    2.3785  7  0  2.5503  2.2299  
2011    287     1500.0000   -0.0049    0.0480   -0.0575    2.3784  7  0  2.5420  2.2227  
2011    287     1530.0000   -0.0058    0.0406   -0.0474    2.3778  7  0  2.5339  2.2157  
2011    287     1560.0000   -0.0133   -0.0092   -0.0508    2.3800  7  1  2.5259  2.2088  
2011    287     1590.0000   -0.0092   -0.0171   -0.0336    2.3805  7  1  2.5181  2.2020  
2011    287     1620.0000   -0.0179   -0.0564   -0.0339    2.3821  7  1  2.5104  2.1953  
2011    287     1650.0000   -0.0174   -0.0507   -0.0305    2.3820  7  1  2.5029  2.1888  
2011    287     1680.0000   -0.0196   -0.1179   -0.0185    2.3848  7  1  2.4956  2.1824  
2011    287     1710.0000   -0.0239   -0.1067   -0.0306    2.3844  7  1  2.4884  2.1762  
2011    287     1740.0000   -0.0232   -0.1240   -0.0455    2.3848  7  1  2.4813  2.1701  
2011    287     1770.0000   -0.0237   -0.1126   -0.0359    2.3833  7  1  2.4744  2.1641  
2011    287     1800.0000   -0.0305   -0.1015   -0.0034    2.3834  7  1  2.4676  2.1582  
2011    287     1830.0000   -0.0303   -0.0786   -0.0036    2.3837  7  1  2.4610  2.1525  
2011    287     1860.0000   -0.0268   -0.0652   -0.0135    2.3832  7  1  2.4546  2.1469  
2011    287     1890.0000   -0.0277   -0.0622   -0.0264    2.3832  7  1  2.4483  2.1414  
2011    287     1920.0000   -0.0212   -0.0582   -0.0317    2.3845  7  1  2.4421  2.1361  
2011    287     1950.0000   -0.0198   -0.0696   -0.0287    2.3856  7  1  2.4361  2.1308  
2011    287     1980.0000   -0.0225   -0.0470   -0.0376    2.3854  7  1  2.4302  2.1258  
2011    287     2010.0000   -0.0108   -0.0280   -0.0416    2.3861  7  1  2.4245  2.1208  
2011    287     2040.0000   -0.0110   -0.0263   -0.0471    2.3868  7  1  2.4189  2.1159  
2011    287     2070.0000   -0.0056   -0.0144   -0.0539    2.3876  7  1  2.4135  2.1112  
2011    287     2100.0000   -0.0037    0.0084   -0.0535    2.3882  7  1  2.4082  2.1066  
2011    287     2130.0000   -0.0022    0.0138   -0.0739    2.3887  7  1  2.4030  2.1021  
2011    287     2160.0000    0.0026    0.0146   -0.0798    2.3896  7  1  2.3979  2.0977  
2011    287     2190.0000    0.0028    0.0212   -0.0866    2.3911  7  1  2.3930  2.0935  
2011    287     2220.0000    0.0039    0.0336   -0.0991    2.3911  7  1  2.3882  2.0893  
2011    287     2250.0000    0.0156    0.0400   -0.1095    2.3912  7  1  2.3835  2.0853  
2011    287     2280.0000    0.0113    0.0573   -0.1061    2.3912  7  1  2.3790  2.0814  
2011    287     2310.0000    0.0090    0.0492   -0.0992    2.3925  7  1  2.3745  2.0776  
2011    287     2340.0000    0.0005    0.0393   -0.0731    2.3951  8  1  2.1940  1.9001  
2011    287     2370.0000    0.0198    0.0597   -0.1575    2.3953  7  1  3.4261  2.8515  
2011    287     2400.0000    0.0186    0.0711   -0.1557    2.3947  7  1  3.4312  2.8555  
2011    287     2430.0000    0.0157    0.0628   -0.1456    2.3939  7  1  3.4360  2.8592  
2011    287     2460.0000    0.0085    0.0648   -0.1386    2.3940  7  1  3.4406  2.8627  
2011    287     2490.0000    0.0064    0.0759   -0.1420    2.3939  7  1  3.4448  2.8660  
2011    287     2520.0000    0.0207    0.0749   -0.1514    2.3943  7  1  3.4488  2.8691  
2011    287     2550.0000    0.0073    0.0606   -0.1338    2.3948  7  1  3.4525  2.8720  
2011    287     2580.0000    0.0134    0.0592   -0.1412    2.3955  7  1  3.4559  2.8747  
2011    287     2610.0000    0.0099    0.0633   -0.1318    2.3954  7  1  3.4589  2.8771  
2011    287     2640.0000    0.0135    0.0575   -0.1208    2.3960  7  1  3.4616  2.8792  
2011    287     2670.0000    0.0045    0.0578   -0.1295    2.3962  7  1  3.4640  2.8811  
2011    287     2700.0000    0.0154    0.0674   -0.1300    2.3965  7  1  3.4660  2.8827  
2011    287     2730.0000    0.0091    0.0799   -0.1294    2.3958  7  1  3.4677  2.8841  
2011    287     2760.0000    0.0059    0.0781   -0.1205    2.3953  7  1  3.4690  2.8852  
2011    287     2790.0000    0.0097    0.0803   -0.1266    2.3950  7  1  3.4699  2.8860  
2011    287     2820.0000    0.0159    0.0801   -0.1279    2.3942  7  1  3.4705  2.8865  
2011    287     2850.0000    0.0132    0.0861   -0.1230    2.3930  7  1  3.4706  2.8867  
2011    287     2880.0000    0.0145    0.0943   -0.1233    2.3918  7  1  3.4704  2.8866  
2011    287     2910.0000    0.0147    0.0913   -0.1419    2.3905  7  1  3.4697  2.8862  
2011    287     2940.0000    0.0102    0.0920   -0.1205    2.3893  7  1  3.4687  2.8855  
2011    287     2970.0000    0.0142    0.0917   -0.1225    2.3892  7  1  3.4672  2.8845  
2011    287     3000.0000    0.0087    0.0886   -0.1219    2.3882  7  1  3.4654  2.8831  
2011    287     3030.0000    0.0185    0.0873   -0.1286    2.3883  7  1  3.4631  2.8815  
2011    287     3060.0000    0.0118    0.0786   -0.1310    2.3877  7  1  3.4604  2.8795  
2011    287     3090.0000    0.0118    0.0805   -0.1315    2.3875  7  1  3.4573  2.8772  
2011    287     3120.0000    0.0173    0.0663   -0.1323    2.3871  7  1  3.4538  2.8745  
2011    287     3150.0000    0.0189    0.0647   -0.1374    2.3875  7  1  3.4498  2.8716  
2011    287     3180.0000    0.0160    0.0642   -0.1462    2.3867  7  1  3.4454  2.8683  
2011    287     3210.0000    0.0111    0.0609   -0.1379    2.3865  7  1  3.4406  2.8647  
2011    287     3240.0000    0.0112    0.0556   -0.1225    2.3864  7  1  3.4354  2.8608  
2011    287     3270.0000    0.0174    0.0438   -0.1256    2.3868  7  1  3.4298  2.8565  
2011    287     3300.0000    0.0201    0.0433   -0.1281    2.3874  7  1  3.4238  2.8520  
2011    287     3330.0000    0.0147    0.0398   -0.1245    2.3880  7  1  3.4173  2.8471  
2011    287     3360.0000    0.0193    0.0351   -0.1421    2.3870  7  1  3.4105  2.8419  
2011    287     3390.0000    0.0218    0.0327   -0.1204    2.3871  7  1  3.4033  2.8364  
2011    287     3420.0000    0.0221    0.0418   -0.1255    2.3869  7  1  3.3957  2.8306  
2011    287     3450.0000    0.0209    0.0395   -0.1292    2.3865  7  1  3.3877  2.8245  
2011    287     3480.0000    0.0183    0.0418   -0.1219    2.3864  7  1  3.3793  2.8181  
2011    287     3510.0000    0.0134    0.0420   -0.1189    2.3864  7  1  3.3706  2.8115  
2011    287     3540.0000    0.0151    0.0374   -0.1230    2.3864  7  1  3.3615  2.8045  
2011    287     3570.0000    0.0100    0.0450   -0.1117    2.3861  7  1  3.3520  2.7973  
2011    287     3600.0000    0.0144    0.0412   -0.1302    2.3860  7  1  3.3422  2.7898  
2011    287     3630.0000    0.0108    0.0481   -0.1183    2.3863  7  1  3.3321  2.7821  
2011    287     3660.0000    0.0100    0.0503   -0.1246    2.3862  7  1  3.3217  2.7741  
2011    287     3690.0000    0.0111    0.0479   -0.1170    2.3860  7  1  3.3109  2.7659  
2011    287     3720.0000    0.0090    0.0559   -0.1191    2.3859  7  1  3.2999  2.7574  
2011    287     3750.0000    0.0121    0.0406   -0.1130    2.3860  7  1  3.2886  2.7487  
2011    287     3780.0000    0.0035    0.0506   -0.1273    2.3855  7  1  3.2770  2.7398  
2011    287     3810.0000    0.0089    0.0349   -0.1265    2.3850  7  1  3.2651  2.7307  
2011    287     3840.0000    0.0116    0.0337   -0.1232    2.3845  7  1  3.2530  2.7214  
2011    287     3870.0000    0.0051    0.0380   -0.1169    2.3850  7  1  3.2406  2.7119  
2011    287     3900.0000    0.0080    0.0300   -0.1162    2.3850  7  1  3.2281  2.7023  
2011    287     3930.0000    0.0122    0.0315   -0.1349    2.3848  7  1  3.2153  2.6925  
2011    287     3960.0000    0.0118    0.0281   -0.1180    2.3839  8  1  2.3504  2.0303  
2011    287     3990.0000    0.0118    0.0356   -0.1129    2.3839  8  1  2.3478  2.0283  
2011    287     4020.0000    0.0102    0.0437   -0.1123    2.3839  8  1  2.3451  2.0262  
2011    287     4050.0000    0.0121    0.0382   -0.1069    2.3837  8  1  2.3423  2.0240  
2011    287     4080.0000    0.0126    0.0415   -0.1208    2.3826  8  1  2.3394  2.0218  
2011    287     4110.0000    0.0084    0.0421   -0.1046    2.3830  8  1  2.3364  2.0194  
2011    287     4140.0000    0.0093    0.0374   -0.0994    2.3827  8  1  2.3332  2.0170  
2011    287     4170.0000    0.0112    0.0481   -0.1019    2.3834  8  1  2.3299  2.0145  
2011    287     4200.0000    0.0124    0.0328   -0.1158    2.3834  8  1  2.3266  2.0118  
2011    287     4230.0000    0.0089    0.0310   -0.0978    2.3835  7  1  2.4434  2.1200  
2011    287     4260.0000    0.0051    0.0304   -0.0932    2.3836  7  1  2.4433  2.1194  
2011    287     4290.0000    0.0058    0.0343   -0.0983    2.3838  7  1  2.4432  2.1189  
2011    287     4320.0000    0.0026    0.0307   -0.1107    2.3838  7  1  2.4431  2.1183  
2011    287     4350.0000    0.0056    0.0376   -0.1065    2.3837  7  1  2.4431  2.1179  
2011    287     4380.0000    0.0102    0.0377   -0.0962    2.3837  7  1  2.4431  2.1174  
2011    287     4410.0000    0.0042    0.0391   -0.1071    2.3838  7  1  2.4432  2.1170  
2011    287     4440.0000   -0.0024    0.0437   -0.1075    2.3839  7  1  2.4433  2.1166  
2011    287     4470.0000    0.0075    0.0493   -0.1066    2.3837  7  1  2.4434  2.1163  
2011    287     4500.0000   -0.0024    0.0485   -0.1006    2.3838  7  1  2.4435  2.1159  
2011    287     4530.0000   -0.0061    0.0424   -0.0939    2.3840  7  1  2.4437  2.1156  
2011    287     4560.0000    0.0009    0.0467   -0.1026    2.3841  7  1  2.4439  2.1154  
2011    287     4590.0000    0.0034    0.0462   -0.1093    2.3841  7  1  2.4440  2.1151  
2011    287     4620.0000   -0.0008    0.0443   -0.0927    2.3841  7  1  2.4442  2.1149  
2011    287     4650.0000   -0.0041    0.0520   -0.0850    2.3844  7  1  2.4444  2.1146  
2011    287     4680.0000    0.0110    0.0419   -0.1053    2.3842  7  1  2.4446  2.1144  
2011    287     4710.0000    0.0103    0.0332   -0.1045    2.3841  7  1  2.4448  2.1142  
2011    287     4740.0000    0.0015    0.0419   -0.0740    2.3841  7  1  2.4450  2.1140  
2011    287     4770.0000    0.0085    0.0304   -0.0929    2.3843  7  1  2.4452  2.1138  
2011    287     4800.0000    0.0001    0.0356   -0.0831    2.3844  7  1  2.4454  2.1136  
2011    287     4830.0000    0.0104    0.0339   -0.0938    2.3845  7  1  2.4455  2.1134  
2011    287     4860.0000   -0.0018    0.0385   -0.0683    2.3844  7  1  2.4457  2.1131  
2011    287     4890.0000    0.0017    0.0387   -0.0996    2.3841  7  1  2.4458  2.1129  
2011    287     4920.0000    0.0034    0.0442   -0.0912    2.3840  7  1  2.4459  2.1127  
2011    287     4950.0000    0.0027    0.0371   -0.0917    2.3840  7  1  2.4460  2.1124  
2011    287     4980.0000    0.0019    0.0364   -0.0989    2.3840  7  1  2.4460  2.1122  
2011    287     5010.0000   -0.0012    0.0269   -0.0820    2.3842  7  1  2.4461  2.1119  
2011    287     5040.0000    0.0048    0.0207   -0.1148    2.3841  7  1  2.4460  2.1116  
2011    287     5070.0000    0.0027    0.0225   -0.1090    2.3840  7  1  2.4460  2.1113  
2011    287     5100.0000    0.0049    0.0333   -0.0876    2.3842  7  1  2.4459  2.1109  
2011    287     5130.0000    0.0044    0.0163   -0.1011    2.3843  7  1  2.4457  2.1105  
2011    287     5160.0000    0.0006    0.0210   -0.0944    2.3843  7  1  2.4455  2.1101  
2011    287     5190.0000    0.0096    0.0184   -0.1052    2.3842  7  1  2.4453  2.1097  
2011    287     5220.0000    0.0070    0.0192   -0.0930    2.3845  7  1  2.4450  2.1092  
2011    287     5250.0000   -0.0010    0.0170   -0.0881    2.3846  7  1  2.4447  2.1087  
2011    287     5280.0000    0.0042    0.0199   -0.0911    2.3847  7  1  2.4443  2.1081  
2011    287     5310.0000   -0.0030    0.0121   -0.0936    2.3852  7  1  2.4438  2.1075  
2011    287     5340.0000   -0.0008    0.0100   -0.0911    2.3855  7  1  2.4433  2.1069  
2011    287     5370.0000    0.0047    0.0104   -0.0830    2.3859  7  1  2.4427  2.1062  
2011    287     5400.0000   -0.0026    0.0088   -0.0923    2.3863  7  1  2.4420  2.1055  
2011    287     5430.0000    0.0014   -0.0043   -0.1020    2.3862  7  1  2.4413  2.1047  
2011    287     5460.0000   -0.0038    0.0043   -0.0819    2.3862  7  1  2.4405  2.1039  
2011    287     5490.0000    0.0072   -0.0064   -0.0941    2.3862  7  1  2.4397  2.1030  
2011    287     5520.0000    0.0043   -0.0010   -0.1030    2.3860  7  1  2.4387  2.1021  
2011    287     5550.0000    0.0036   -0.0055   -0.0912    2.3855  7  1  2.4377  2.1011  
2011    287     5580.0000    0.0055   -0.0051   -0.0907    2.3858  7  1  2.4367  2.1000  
2011    287     5610.0000    0.0054   -0.0097   -0.0942    2.3855  7  1  2.4355  2.0990  
2011    287     5640.0000    0.0057    0.0038   -0.0700    2.3851  7  1  2.4343  2.0978  
2011    287     5670.0000   -0.0020    0.0044   -0.0677    2.3854  7  1  2.4330  2.0966  
2011    287     5700.0000    0.0034   -0.0072   -0.0885    2.3858  7  1  2.4316  2.0953  
2011    287     5730.0000   -0.0016    0.0033   -0.0818    2.3858  7  1  2.4301  2.0940  
2011    287     5760.0000   -0.0078    0.0041   -0.0681    2.3857  7  1  2.4285  2.0926  
2011    287     5790.0000   -0.0049    0.0057   -0.0851    2.3854  7  1  2.4269  2.0912  
2011    287     5820.0000   -0.0054    0.0088   -0.0762    2.3855  7  1  2.4252  2.0897  
2011    287     5850.0000   -0.0049    0.0136   -0.0827    2.3854  7  1  2.4234  2.0881  
2011    287     5880.0000   -0.0039    0.0134   -0.0923    2.3854  7  1  2.4215  2.0865  
2011    287     5910.0000    0.0008    0.0148   -0.0887    2.3854  7  1  2.4196  2.0848  
2011    287     5940.0000   -0.0028    0.0163   -0.0761    2.3856  7  1  2.4175  2.0831  
2011    287     5970.0000   -0.0026    0.0146   -0.0958    2.3858  7  1  2.4154  2.0813  
2011    287     6000.0000   -0.0064    0.0184   -0.0859    2.3855  7  1  2.4132  2.0794  
2011    287     6030.0000   -0.0093    0.0274   -0.0814    2.3852  7  1  2.4109  2.0775  
2011    287     6060.0000   -0.0094    0.0235   -0.0852    2.3852  7  1  2.4086  2.0755  
2011    287     6090.0000   -0.0121    0.0229   -0.0806    2.3848  7  1  2.4061  2.0735  
2011    287     6120.0000   -0.0099    0.0304   -0.0897    2.3854  7  1  2.4036  2.0714  
2011    287     6150.0000   -0.0106    0.0299   -0.0919    2.3847  8  1  1.9488  1.7252  
2011    287     6180.0000   -0.0057    0.0326   -0.0853    2.3846  8  1  1.9467  1.7235  
2011    287     6210.0000   -0.0071    0.0277   -0.0859    2.3846  8  1  1.9446  1.7216  
2011    287     6240.0000   -0.0081    0.0311   -0.0981    2.3845  8  1  1.9423  1.7197  
2011    287     6270.0000   -0.0093    0.0410   -0.0922    2.3849  8  1  1.9400  1.7178  
2011    287     6300.0000   -0.0069    0.0356   -0.0919    2.3849  8  1  1.9376  1.7157  
2011    287     6330.0000   -0.0002    0.0288   -0.0950    2.3855  8  1  1.9350  1.7136  
2011    287     6360.0000   -0.0027    0.0322   -0.0974    2.3858  8  1  1.9324  1.7114  
2011    287     6390.0000   -0.0064    0.0364   -0.0880    2.3854  8  1  1.9298  1.7092  
2011    287     6420.0000   -0.0082    0.0321   -0.0950    2.3861  8  1  1.9270  1.7069  
2011    287     6450.0000   -0.0013    0.0279   -0.1127    2.3864  8  1  1.9241  1.7045  
2011    287     6480.0000   -0.0075    0.0320   -0.0953    2.3861  8  1  1.9212  1.7020  
2011    287     6510.0000   -0.0051    0.0331   -0.0841    2.3857  8  1  1.9182  1.6995  
2011    287     6540.0000   -0.0105    0.0263   -0.0823    2.3861  8  1  1.9151  1.6969  
2011    287     6570.0000   -0.0109    0.0237   -0.0908    2.3859  8  1  1.9119  1.6943  
2011    287     6600.0000   -0.0090    0.0201   -0.0816    2.3861  8  1  1.9087  1.6916  
2011    287     6630.0000   -0.0154    0.0289   -0.0938    2.3861  8  1  1.9054  1.6889  
2011    287     6660.0000   -0.0076    0.0311   -0.0945    2.3858  8  1  1.9020  1.6861  
2011    287     6690.0000   -0.0084    0.0255   -0.1017    2.3857  8  1  1.8985  1.6832  
2011    287     6720.0000   -0.0096    0.0279   -0.1057    2.3858  8  1  1.8950  1.6803  
2011    287     6750.0000   -0.0057    0.0333   -0.0806    2.3862  8  1  1.8915  1.6774  
2011    287     6780.0000   -0.0082    0.0296   -0.0821    2.3872  8  1  1.8878  1.6744  
2011    287     6810.0000   -0.0127    0.0251   -0.0944    2.3875  8  1  1.8841  1.6714  
2011    287     6840.0000   -0.0090    0.0234   -0.0882    2.3871  8  1  1.8804  1.6683  
2011    287     6870.0000   -0.0135    0.0232   -0.0788    2.3863  8  1  1.8766  1.6651  
2011    287     6900.0000   -0.0125    0.0138   -0.0732    2.3861  8  1  1.8727  1.6620  
2011    287     6930.0000   -0.0104    0.0197   -0.0843    2.3856  8  1  1.8688  1.6587  
2011    287     6960.0000   -0.0136    0.0238   -0.0907    2.3844  8  1  1.8648  1.6555  
2011    287     6990.0000   -0.0131    0.0222   -0.0865    2.3837  8  1  1.8608  1.6522  
2011    287     7020.0000   -0.0160    0.0267   -0.0748    2.3830  8  1  1.8568  1.6489  
2011    287     7050.0000   -0.0128    0.0216   -0.0721    2.3826  8  1  1.8527  1.6455  
2011    287     7080.0000   -0.0160    0.0240   -0.0699    2.3815  8  1  1.8485  1.6422  
2011    287     7110.0000   -0.0147    0.0254   -0.0680    2.3808  8  1  1.8444  1.6387  
2011    287     7140.0000   -0.0061    0.0263   -0.0704    2.3807  8  1  1.8402  1.6353  
2011    287     7170.0000   -0.0093    0.0292   -0.0769    2.3810  8  1  1.8359  1.6318  
2011    287     7200.0000   -0.0135    0.0295   -0.0644    2.3803  8  1  1.8316  1.6283  
2011    287     7230.0000   -0.0103    0.0256   -0.0645    2.3800  8  1  1.8273  1.6248  
2011    287     7260.0000   -0.0097    0.0252   -0.0582    2.3796  8  1  1.8230  1.6213  
2011    287     7290.0000   -0.0075    0.0293   -0.0542    2.3797  8  1  1.8186  1.6177  
2011    287     7320.0000   -0.0128    0.0270   -0.0578    2.3790  8  1  1.8142  1.6142  
2011    287     7350.0000   -0.0157    0.0212   -0.0348    2.3784  8  1  1.8098  1.6106  
2011    287     7380.0000   -0.0109    0.0193   -0.0316    2.3780  7  1  2.8742  2.4718  
2011    287     7410.0000   -0.0091    0.0234   -0.0386    2.3783  7  1  2.8700  2.4685  
2011    287     7440.0000   -0.0096    0.0194   -0.0249    2.3782  7  1  2.8653  2.4649  
2011    287     7470.0000   -0.0057    0.0247   -0.0414    2.3787  7  1  2.8602  2.4610  
2011    287     7500.0000   -0.0117    0.0252   -0.0414    2.3790  7  1  2.8546  2.4566  
2011    287     7530.0000   -0.0074    0.0278   -0.0514    2.3795  7  1  2.8486  2.4520  
2011    287     7560.0000   -0.0038    0.0259   -0.0472    2.3797  7  1  2.8422  2.4469  
2011    287     7590.0000   -0.0062    0.0287   -0.0501    2.3796  7  1  2.8354  2.4416  
2011    287     7620.0000   -0.0069    0.0240   -0.0472    2.3791  7  1  2.8281  2.4359  
2011    287     7650.0000   -0.0098    0.0229   -0.0452    2.3793  7  1  2.8205  2.4299  
2011    287     7680.0000   -0.0071    0.0158   -0.0463    2.3790  7  1  2.8125  2.4236  
2011    287     7710.0000   -0.0078    0.0114   -0.0480    2.3787  7  1  2.8041  2.4170  
2011    287     7740.0000   -0.0104    0.0133   -0.0525    2.3783  7  1  2.7953  2.4101  
2011    287     7770.0000   -0.0099    0.0104   -0.0587    2.3785  7  1  2.7863  2.4030  
2011    287     7800.0000   -0.0054    0.0038   -0.0505    2.3787  7  1  2.7769  2.3956  
2011    287     7830.0000   -0.0031    0.0073   -0.0486    2.3792  7  1  2.7672  2.3879  
2011    287     7860.0000   -0.0060    0.0097   -0.0398    2.3791  7  1  2.7571  2.3800  
2011    287     7890.0000   -0.0003    0.0092   -0.0562    2.3793  7  1  2.7469  2.3719  
2011    287     7920.0000   -0.0036    0.0079   -0.0415    2.3796  7  1  2.7363  2.3635  
2011    287     7950.0000    0.0001    0.0026   -0.0569    2.3799  7  1  2.7255  2.3550  
2011    287     7980.0000   -0.0012    0.0055   -0.0535    2.3799  7  1  2.7144  2.3462  
2011    287     8010.0000   -0.0009    0.0092   -0.0440    2.3803  7  1  2.7031  2.3373  
2011    287     8040.0000   -0.0017    0.0093   -0.0395    2.3806  7  1  2.6917  2.3282  
2011    287     8070.0000   -0.0049    0.0075   -0.0612    2.3805  7  1  2.6800  2.3190  
2011    287     8100.0000   -0.0042    0.0065   -0.0458    2.3805  7  1  2.6681  2.3096  
2011    287     8130.0000   -0.0046    0.0086   -0.0474    2.3806  7  1  2.6561  2.3000  
2011    287     8160.0000   -0.0030    0.0065   -0.0428    2.3803  7  1  2.6439  2.2904  
2011    287     8190.0000   -0.0004    0.0040   -0.0384    2.3808  7  1  2.6315  2.2806  
2011    287     8220.0000   -0.0012    0.0064   -0.0429    2.3814  7  1  2.6191  2.2707  
2011    287     8250.0000   -0.0044    0.0070   -0.0449    2.3817  7  1  2.6065  2.2608  
2011    287     8280.0000   -0.0003    0.0072   -0.0359    2.3820  7  1  2.5938  2.2507  
2011    287     8310.0000   -0.0004    0.0020   -0.0515    2.3820  7  1  2.5811  2.2406  
2011    287     8340.0000   -0.0050    0.0068   -0.0600    2.3820  7  1  2.5682  2.2305  
2011    287     8370.0000   -0.0018    0.0137   -0.0619    2.3821  7  1  2.5553  2.2202  
2011    287     8400.0000   -0.0034    0.0125   -0.0474    2.3820  7  1  2.5424  2.2100  
2011    287     8430.0000   -0.0056    0.0074   -0.0503    2.3820  7  1  2.5294  2.1997  
2011    287     8460.0000   -0.0007    0.0099   -0.0525    2.3823  7  1  2.5163  2.1894  
2011    287     8490.0000    0.0034    0.0079   -0.0540    2.3819  7  1  2.5033  2.1790  
2011    287     8520.0000   -0.0017    0.0095   -0.0620    2.3818  7  1  2.4902  2.1687  
2011    287     8550.0000    0.0001    0.0072   -0.0595    2.3817  7  1  2.4771  2.1583  
2011    287     8580.0000   -0.0015    0.0129   -0.0526    2.3820  7  1  2.4640  2.1480  
2011    287     8610.0000    0.0043    0.0126   -0.0533    2.3820  7  1  2.4510  2.1377  
2011    287     8640.0000    0.0033    0.0129   -0.0676    2.3813  7  1  2.4379  2.1274  
2011    287     8670.0000    0.0051    0.0119   -0.0669    2.3807  7  1  2.4249  2.1171  
2011    287     8700.0000    0.0050    0.0092   -0.0524    2.3805  7  1  2.4120  2.1069  
2011    287     8730.0000    0.0039    0.0088   -0.0430    2.3804  7  1  2.3990  2.0966  
2011    287     8760.0000    0.0081    0.0074   -0.0457    2.3800  7  1  2.3862  2.0865  
2011    287     8790.0000    0.0016    0.0048   -0.0422    2.3803  7  1  2.3733  2.0764  
2011    287     8820.0000    0.0017    0.0089   -0.0463    2.3804  7  1  2.3606  2.0663  
2011    287     8850.0000   -0.0003    0.0086   -0.0432    2.3802  7  1  2.3479  2.0563  
2011    287     8880.0000   -0.0005    0.0043   -0.0475    2.3803  7  1  2.3353  2.0463  
2011    287     8910.0000   -0.0070    0.0029   -0.0412    2.3806  7  1  2.3227  2.0365  
2011    287     8940.0000   -0.0051    0.0051   -0.0326    2.3807  7  1  2.3103  2.0267  
2011    287     8970.0000   -0.0049    0.0040   -0.0432    2.3812  7  1  2.2979  2.0169  
2011    287     9000.0000   -0.0016    0.0032   -0.0298    2.3820  7  1  2.2856  2.0073  
2011    287     9030.0000    0.0002    0.0026   -0.0366    2.3828  7  1  2.2734  1.9977  
2011    287     9060.0000   -0.0015    0.0036   -0.0319    2.3830  7  1  2.2613  1.9882  
2011    287     9090.0000   -0.0016   -0.0009   -0.0530    2.3834  7  1  2.2494  1.9787  
2011    287     9120.0000    0.0024   -0.0009   -0.0463    2.3836  7  1  2.2375  1.9694  
2011    287     9150.0000   -0.0018    0.0010   -0.0512    2.3840  7  1  2.2257  1.9602  
2011    287     9180.0000    0.0037   -0.0025   -0.0415    2.3843  7  1  2.2140  1.9510  
2011    287     9210.0000    0.0019   -0.0062   -0.0505    2.3845  7  1  2.2025  1.9420  
2011    287     9240.0000    0.0061   -0.0049   -0.0457    2.3851  7  1  2.1910  1.9330  
2011    287     9270.0000    0.0069   -0.0053   -0.0488    2.3858  7  1  2.1797  1.9241  
2011    287     9300.0000    0.0075   -0.0018   -0.0501    2.3856  7  1  2.6309  2.2769  
2011    287     9330.0000    0.0066   -0.0002   -0.0499    2.3854  7  1  2.6216  2.2694  
2011    287     9360.0000    0.0068   -0.0019   -0.0482    2.3855  7  1  2.6122  2.2618  
2011    287     9390.0000    0.0117   -0.0042   -0.0450    2.3852  7  1  2.6027  2.2541  
2011    287     9420.0000    0.0077   -0.0016   -0.0530    2.3849  7  1  2.5931  2.2464  
2011    287     9450.0000    0.0099   -0.0001   -0.0514    2.3843  7  1  2.5834  2.2385  
2011    287     9480.0000    0.0056   -0.0026   -0.0525    2.3840  7  1  2.5736  2.2307  
2011    287     9510.0000    0.0011   -0.0028   -0.0420    2.3840  7  1  2.5637  2.2227  
2011    287     9540.0000   -0.0005   -0.0060   -0.0367    2.3838  7  1  2.5538  2.2148  
2011    287     9570.0000    0.0003   -0.0039   -0.0362    2.3838  7  1  2.5438  2.2067  
2011    287     9600.0000   -0.0018   -0.0035   -0.0379    2.3841  7  1  2.5337  2.1987  
2011    287     9630.0000   -0.0013   -0.0057   -0.0345    2.3843  7  1  2.5236  2.1906  
2011    287     9660.0000   -0.0034   -0.0079   -0.0373    2.3844  7  1  2.5134  2.1824  
2011    287     9690.0000   -0.0010   -0.0070   -0.0381    2.3844  7  1  2.5032  2.1743  
2011    287     9720.0000    0.0049   -0.0052   -0.0407    2.3844  7  1  2.4930  2.1661  
2011    287     9750.0000    0.0022   -0.0064   -0.0463    2.3849  7  1  2.4827  2.1579  
2011    287     9780.0000    0.0026   -0.0090   -0.0426    2.3852  7  1  2.4724  2.1497  
2011    287     9810.0000    0.0040   -0.0015   -0.0470    2.3850  7  1  2.4621  2.1415  
2011    287     9840.0000    0.0100   -0.0040   -0.0323    2.3854  6  1  2.6536  2.2799  
2011    287     9870.0000    0.0103   -0.0061   -0.0365    2.3859  6  1  2.6450  2.2730  
2011    287     9900.0000    0.0060   -0.0016   -0.0472    2.3864  6  1  2.6363  2.2660  
2011    287     9930.0000    0.0087   -0.0013   -0.0429    2.3867  6  1  2.6276  2.2591  
2011    287     9960.0000    0.0059   -0.0084   -0.0430    2.3866  6  1  2.6189  2.2521  
2011    287     9990.0000    0.0109   -0.0054   -0.0422    2.3867  6  1  2.6102  2.2452  
2011    287    10020.0000    0.0083   -0.0085   -0.0376    2.3870  6  1  2.6015  2.2382  
2011    287    10050.0000   -0.0002   -0.0050   -0.0417    2.3869  6  1  2.5928  2.2313  
2011    287    10080.0000   -0.0056   -0.0067   -0.0374    2.3869  6  1  2.5841  2.2244  
2011    287    10110.0000   -0.0024   -0.0060   -0.0397    2.3871  6  1  2.5755  2.2175  
2011    287    10140.0000    0.0011   -0.0061   -0.0355    2.3872  6  1  2.5668  2.2106  
2011    287    10170.0000    0.0060   -0.0018   -0.0436    2.3874  6  1  2.5582  2.2038  
2011    287    10200.0000    0.0087   -0.0051   -0.0443    2.3873  6  1  2.5496  2.1970  
2011    287    10230.0000    0.0051   -0.0127   -0.0526    2.3872  6  1  2.5410  2.1902  
2011    287    10260.0000    0.0036   -0.0149   -0.0476    2.3871  6  1  2.5324  2.1834  
2011    287    10290.0000    0.0074   -0.0113   -0.0505    2.3871  6  1  2.5239  2.1767  
2011    287    10320.0000    0.0018   -0.0058   -0.0541    2.3872  6  1  2.5154  2.1700  
2011    287    10350.0000   -0.0020   -0.0108   -0.0481    2.3876  6  1  2.5070  2.1633  
2011    287    10380.0000    0.0132   -0.0103   -0.0330    2.3876  6  1  2.4986  2.1567  
2011    287    10410.0000    0.0040   -0.0072   -0.0382    2.3876  6  1  2.4902  2.1501  
2011    287    10440.0000    0.0138   -0.0011   -0.0481    2.3879  6  1  2.4819  2.1436  
2011    287    10470.0000    0.0112    0.0027   -0.0538    2.3882  6  1  2.4736  2.1371  
2011    287    10500.0000    0.0121   -0.0035   -0.0519    2.3883  6  1  2.4654  2.1307  
2011    287    10530.0000    0.0110   -0.0001   -0.0529    2.3884  6  1  2.4573  2.1243  
2011    287    10560.0000    0.0057    0.0037   -0.0413    2.3885  6  1  2.4492  2.1180  
2011    287    10590.0000    0.0035   -0.0090   -0.0383    2.3886  6  1  2.4412  2.1117  
2011    287    10620.0000    0.0146   -0.0046   -0.0536    2.3886  6  1  2.4332  2.1054  
2011    287    10650.0000    0.0110   -0.0041   -0.0419    2.3886  6  1  2.4253  2.0993  
2011    287    10680.0000    0.0047   -0.0097   -0.0529    2.3885  6  1  2.4175  2.0931  
2011    287    10710.0000    0.0016   -0.0016   -0.0523    2.3886  6  1  2.4097  2.0871  
2011    287    10740.0000    0.0007   -0.0060   -0.0387    2.3887  6  1  2.4020  2.0811  
2011    287    10770.0000   -0.0028   -0.0030   -0.0490    2.3888  6  1  2.3943  2.0751  
2011    287    10800.0000   -0.0100   -0.0088   -0.0420    2.3888  6  1  2.3867  2.0692  
2011    287    10830.0000   -0.0005   -0.0084   -0.0382    2.3888  6  1  2.3792  2.0634  
2011    287    10860.0000    0.0050   -0.0032   -0.0588    2.3888  6  1  2.3718  2.0576  
2011    287    10890.0000    0.0033    0.0024   -0.0566    2.3888  6  1  2.3644  2.0519  
2011    287    10920.0000    0.0015    0.0032   -0.0547    2.3887  6  1  2.3571  2.0463  
2011    287    10950.0000    0.0018    0.0015   -0.0353    2.3886  6  1  2.3499  2.0407  
2011    287    10980.0000    0.0081   -0.0014   -0.0398    2.3887  6  1  2.3427  2.0352  
2011    287    11010.0000    0.0110   -0.0020   -0.0558    2.3886  6  1  2.3356  2.0297  
2011    287    11040.0000    0.0090   -0.0025   -0.0561    2.3885  6  1  2.3286  2.0243  
2011    287    11070.0000    0.0202   -0.0067   -0.0407    2.3885  6  1  2.3217  2.0190  
2011    287    11100.0000    0.0136   -0.0068   -0.0337    2.3885  6  1  2.3148  2.0137  
2011    287    11130.0000   -0.0067   -0.0048   -0.0344    2.3885  6  1  2.3081  2.0085  
2011    287    11160.0000    0.0053   -0.0007   -0.0393    2.3884  6  1  2.3013  2.0033  
2011    287    11190.0000    0.0020   -0.0014   -0.0497    2.3882  6  1  2.2947  1.9982  
2011    287    11220.0000   -0.0002    0.0062   -0.0514    2.3881  6  1  2.2881  1.9932  
2011    287    11250.0000    0.0033    0.0015   -0.0525    2.3878  6  1  2.2816  1.9882  
2011    287    11280.0000    0.0040    0.0059   -0.0494    2.3875  6  1  2.2752  1.9833  
2011    287    11310.0000   -0.0042    0.0057   -0.0601    2.3873  6  1  2.2689  1.9785  
2011    287    11340.0000    0.0002   -0.0002   -0.0439    2.3871  6  1  2.2626  1.9737  
2011    287    11370.0000   -0.0111    0.0044   -0.0644    2.3868  6  1  2.2564  1.9689  
2011    287    11400.0000   -0.0001    0.0022   -0.0545    2.3866  6  1  2.2503  1.9643  
2011    287    11430.0000   -0.0018    0.0018   -0.0500    2.3862  7  1  2.2025  1.9122  
2011    287    11460.0000    0.0005   -0.0012   -0.0573    2.3858  7  1  2.1964  1.9076  
2011    287    11490.0000    0.0124    0.0019   -0.0467    2.3854  7  1  2.1904  1.9030  
2011    287    11520.0000    0.0110   -0.0017   -0.0439    2.3853  7  1  2.1845  1.8985  
2011    287    11550.0000   -0.0010    0.0003   -0.0498    2.3853  7  1  2.1787  1.8940  
2011    287    11580.0000    0.0078    0.0003   -0.0418    2.3851  7  1  2.1729  1.8896  
2011    287    11610.0000    0.0084    0.0071   -0.0404    2.3845  7  1  2.1672  1.8852  
2011    287    11640.0000    0.0049    0.0087   -0.0393    2.3839  7  1  2.1615  1.8809  
2011    287    11670.0000   -0.0025    0.0071   -0.0420    2.3830  7  1  2.1560  1.8767  
2011    287    11700.0000    0.0113    0.0051   -0.0296    2.3824  7  1  2.1505  1.8725  
2011    287    11730.0000    0.0056    0.0004   -0.0399    2.3821  7  1  2.1450  1.8684  
2011    287    11760.0000    0.0028    0.0008   -0.0504    2.3817  7  1  2.1396  1.8643  
2011    287    11790.0000   -0.0004    0.0000   -0.0471    2.3812  7  1  2.1343  1.8603  
2011    287    11820.0000    0.0093   -0.0006   -0.0270    2.3812  7  1  2.1291  1.8564  
2011    287    11850.0000    0.0049   -0.0000   -0.0205    2.3804  7  1  2.1239  1.8525  
2011    287    11880.0000   -0.0089   -0.0025   -0.0327    2.3805  7  1  2.1188  1.8486  
2011    287    11910.0000    0.0170   -0.0028   -0.0322    2.3808  7  1  2.1138  1.8449  
2011    287    11940.0000    0.0090   -0.0045   -0.0346    2.3812  7  1  2.1088  1.8411  
2011    287    11970.0000   -0.0076    0.0018   -0.0445    2.3816  7  1  2.1039  1.8374  
2011    287    12000.0000   -0.0103    0.0033   -0.0438    2.3814  7  1  2.0990  1.8338  
2011    287    12030.0000   -0.0086    0.0055   -0.0389    2.3812  7  1  2.0942  1.8302  
2011    287    12060.0000   -0.0033    0.0064   -0.0234    2.3811  7  1  2.0895  1.8267  
2011    287    12090.0000    0.0046    0.0054   -0.0295    2.3810  7  1  2.0848  1.8232  
2011    287    12120.0000   -0.0057    0.0040   -0.0408    2.3810  7  1  2.0801  1.8198  
2011    287    12150.0000    0.0009    0.0071   -0.0293    2.3810  7  1  2.0756  1.8164  
2011    287    12180.0000    0.0170    0.0044   -0.0166    2.3813  7  1  2.0711  1.8130  
2011    287    12210.0000   -0.0083    0.0033   -0.0418    2.3811  7  1  2.0666  1.8097  
2011    287    12240.0000    0.0059    0.0063   -0.0249    2.3808  7  1  2.0622  1.8065  
2011    287    12270.0000    0.0153    0.0103   -0.0176    2.3802  7  1  2.0578  1.8033  
2011    287    12300.0000   -0.0035    0.0030   -0.0460    2.3802  7  1  2.0535  1.8001  
2011    287    12330.0000    0.0018    0.0017   -0.0342    2.3800  7  1  2.0493  1.7970  
2011    287    12360.0000    0.0167    0.0018   -0.0301    2.3801  7  1  2.0451  1.7939  
2011    287    12390.0000    0.0044    0.0046   -0.0403    2.3796  7  1  2.0410  1.7909  
2011    287    12420.0000   -0.0016    0.0041   -0.0430    2.3789  7  1  2.0369  1.7879  
2011    287    12450.0000    0.0128    0.0028   -0.0311    2.3784  7  1  2.0328  1.7849  
2011    287    12480.0000    0.0021    0.0049   -0.0335    2.3783  7  1  2.0288  1.7820  
2011    287    12510.0000   -0.0004    0.0003   -0.0186    2.3784  7  1  2.0248  1.7791  
2011    287    12540.0000    0.0024    0.0001   -0.0312    2.3788  7  1  2.0209  1.7762  
2011    287    12570.0000    0.0014    0.0068   -0.0222    2.3776  7  1  2.0170  1.7734  
2011    287    12600.0000    0.0145    0.0027   -0.0128    2.3773  7  1  2.0132  1.7706  
2011    287    12630.0000   -0.0102   -0.0004   -0.0460    2.3770  7  1  2.0094  1.7678  
2011    287    12660.0000    0.0037    0.0031   -0.0265    2.3766  7  1  2.0057  1.7651  
2011    287    12690.0000    0.0139    0.0051   -0.0253    2.3758  7  1  2.0020  1.7624  
2011    287    12720.0000   -0.0085    0.0015   -0.0261    2.3748  7  1  1.9983  1.7598  
2011    287    12750.0000    0.0032    0.0000   -0.0145    2.3749  7  1  1.9947  1.7571  
2011    287    12780.0000    0.0143   -0.0024   -0.0134    2.3751  7  1  1.9911  1.7545  
2011    287    12810.0000    0.0073   -0.0010   -0.0195    2.3761  7  1  1.9875  1.7520  
2011    287    12840.0000    0.0025    0.0006   -0.0157    2.3763  7  1  1.9840  1.7494  
2011    287    12870.0000    0.0034    0.0014   -0.0208    2.3761  7  1  1.9805  1.7469  
2011    287    12900.0000    0.0070    0.0001   -0.0233    2.3763  7  1  1.9770  1.7444  
2011    287    12930.0000    0.0176    0.0034   -0.0072    2.3771  7  1  1.9736  1.7419  
2011    287    12960.0000   -0.0086   -0.0019   -0.0289    2.3776  7  1  1.9702  1.7395  
2011    287    12990.0000   -0.0043    0.0002   -0.0296    2.3778  7  1  1.9668  1.7371  
2011    287    13020.0000    0.0135   -0.0003    0.0042    2.3787  6  1  2.7064  2.3127  
2011    287    13050.0000   -0.0016   -0.0004   -0.0576    2.3791  6  1  2.6999  2.3080  
2011    287    13080.0000   -0.0198    0.0002   -0.0507    2.3787  7  1  2.2880  1.9976  
2011    287    13110.0000   -0.0014    0.0038   -0.0359    2.3795  7  1  2.2895  1.9987  
2011    287    13140.0000   -0.0072    0.0006   -0.0429    2.3801  7  1  2.2908  1.9998  
2011    287    13170.0000   -0.0185   -0.0002   -0.0577    2.3795  7  1  2.2921  2.0007  
2011    287    13200.0000   -0.0030    0.0074   -0.0478    2.3799  7  1  2.2932  2.0015  
2011    287    13230.0000   -0.0047    0.0032   -0.0568    2.3802  7  1  2.2941  2.0022  
2011    287    13260.0000   -0.0088    0.0026   -0.0471    2.3803  7  1  2.2949  2.0028  
2011    287    13290.0000   -0.0066    0.0040   -0.0430    2.3804  6  1  2.9892  2.6332  
2011    287    13320.0000    0.0012    0.0020   -0.0354    2.3805  6  1  2.9993  2.6400  
2011    287    13350.0000    0.0055   -0.0016   -0.0350    2.3805  6  1  3.0094  2.6468  
2011    287    13380.0000   -0.0025    0.0019   -0.0560    2.3808  6  1  3.0196  2.6536  
2011    287    13410.0000   -0.0016    0.0023   -0.0636    2.3807  6  1  3.0298  2.6605  
2011    287    13440.0000    0.0041    0.0064   -0.0527    2.3806  6  1  3.0400  2.6673  
2011    287    13470.0000   -0.0005    0.0065   -0.0520    2.3804  6  1  3.0502  2.6742  
2011    287    13500.0000   -0.0018    0.0105   -0.0386    2.3801  6  1  3.0605  2.6811  
2011    287    13530.0000    0.0067    0.0093   -0.0488    2.3800  6  1  3.0708  2.6880  
2011    287    13560.0000   -0.0006    0.0060   -0.0532    2.3798  6  1  3.0811  2.6949  
2011    287    13590.0000   -0.0055    0.0045   -0.0555    2.3795  6  1  3.0914  2.7018  
2011    287    13620.0000   -0.0023    0.0004   -0.0652    2.3791  6  1  3.1017  2.7087  
2011    287    13650.0000    0.0072    0.0089   -0.0502    2.3790  6  1  3.1120  2.7155  
2011    287    13680.0000    0.0007    0.0044   -0.0577    2.3791  6  1  3.1223  2.7224  
2011    287    13710.0000    0.0015    0.0046   -0.0551    2.3788  6  1  3.1326  2.7293  
2011    287    13740.0000   -0.0031    0.0036   -0.0445    2.3786  6  1  3.1428  2.7361  
2011    287    13770.0000   -0.0084    0.0018   -0.0467    2.3783  6  1  3.1531  2.7430  
2011    287    13800.0000   -0.0003    0.0030   -0.0400    2.3783  6  1  3.1633  2.7498  
2011    287    13830.0000    0.0067    0.0026   -0.0426    2.3784  6  1  3.1735  2.7565  
2011    287    13860.0000   -0.0105   -0.0013   -0.0618    2.3784  6  1  3.1836  2.7633  
2011    287    13890.0000   -0.0127   -0.0014   -0.0632    2.3779  7  1  2.9068  2.5377  
2011    287    13920.0000   -0.0108    0.0007   -0.0536    2.3775  7  1  2.9192  2.5469  
2011    287    13950.0000   -0.0142    0.0009   -0.0681    2.3771  7  1  2.9317  2.5562  
2011    287    13980.0000   -0.0022    0.0010   -0.0534    2.3771  7  1  2.9443  2.5655  
2011    287    14010.0000   -0.0025    0.0024   -0.0436    2.3770  7  1  2.9570  2.5748  
2011    287    14040.0000   -0.0059   -0.0005   -0.0478    2.3769  7  1  2.9697  2.5842  
2011    287    14070.0000   -0.0076    0.0000   -0.0480    2.3767  7  1  2.9825  2.5937  
2011    287    14100.0000   -0.0011    0.0029   -0.0450    2.3766  7  1  2.9952  2.6031  
2011    287    14130.0000    0.0017    0.0038   -0.0497    2.3765  7  1  3.0081  2.6126  
2011    287    14160.0000   -0.0083    0.0009   -0.0394    2.3764  7  1  3.0209  2.6220  
2011    287    14190.0000    0.0090    0.0035   -0.0311    2.3764  7  1  3.0337  2.6315  
2011    287    14220.0000    0.0013    0.0065   -0.0349    2.3762  7  1  3.0465  2.6409  
2011    287    14250.0000    0.0005    0.0054   -0.0566    2.3760  7  1  3.0593  2.6504  
2011    287    14280.0000   -0.0065    0.0039   -0.0450    2.3758  7  1  3.0720  2.6597  
2011    287    14310.0000   -0.0023   -0.0016   -0.0559    2.3756  7  1  3.0847  2.6691  
2011    287    14340.0000   -0.0033   -0.0003   -0.0549    2.3754  7  1  3.0973  2.6783  
2011    287    14370.0000    0.0019   -0.0023   -0.0392    2.3753  7  1  3.1099  2.6875  
2011    287    14400.0000   -0.0045    0.0008   -0.0366    2.3749  7  1  3.1223  2.6967  
