# col  1 -  3: year/doy/sod 
# col  4 -  7: dLat/dLon/dH/ZTD 
# col  8 - 11: TotalSatNumber/Converged/GDOP/PDOP 
# END OF HEADER
2011    287    28800.0000   -0.3058    0.4771    3.6914    3.2990  10  0  1.8087  1.6167  
2011    287    28830.0000   -0.9038    0.2124    3.1611    2.3904  10  0  1.8096  1.6173  
2011    287    28860.0000   -0.4505    0.6341    3.4320    2.0486  10  0  1.8103  1.6177  
2011    287    28890.0000   -0.9922    0.4276    3.3643    1.9923  10  0  1.8110  1.6181  
2011    287    28920.0000   -0.9423    0.1029    2.3376    2.1601  10  0  1.8116  1.6184  
2011    287    28950.0000   -0.4911   -0.0534    1.5307    2.2295  10  0  1.8120  1.6186  
2011    287    28980.0000   -0.4358    0.0360    1.0971    2.2834  10  0  1.8124  1.6187  
2011    287    29010.0000   -0.4833   -0.0755    0.8999    2.3204  10  0  1.8126  1.6187  
2011    287    29040.0000   -0.4391    0.0623    0.8411    2.3332  10  0  1.8128  1.6187  
2011    287    29070.0000   -0.3822   -0.0057    0.7353    2.3469  10  0  1.8129  1.6185  
2011    287    29100.0000   -0.2898   -0.1423    0.5813    2.3628  10  0  1.8128  1.6183  
2011    287    29130.0000   -0.2050   -0.2830    0.4808    2.3755  10  0  1.8127  1.6180  
2011    287    29160.0000   -0.2933   -0.2171    0.5899    2.3718  10  0  1.8124  1.6176  
2011    287    29190.0000   -0.3174   -0.2202    0.6045    2.3717  10  0  1.8121  1.6172  
2011    287    29220.0000   -0.2961   -0.1633    0.5532    2.3706  10  0  1.8116  1.6166  
2011    287    29250.0000   -0.2236   -0.1268    0.4096    2.3731  10  0  1.8111  1.6160  
2011    287    29280.0000   -0.1934   -0.1353    0.3562    2.3765  10  0  1.8105  1.6153  
2011    287    29310.0000   -0.2113   -0.1267    0.3155    2.3836  10  0  1.8097  1.6145  
2011    287    29340.0000   -0.1983   -0.1735    0.2950    2.3854  10  0  1.8089  1.6137  
2011    287    29370.0000   -0.1832   -0.1728    0.2616    2.3867  10  0  1.8079  1.6127  
2011    287    29400.0000   -0.1677   -0.1974    0.2407    2.3868  9  0  2.0444  1.8052  
2011    287    29430.0000   -0.1195   -0.2030    0.1766    2.3893  9  0  2.0455  1.8059  
2011    287    29460.0000   -0.1282   -0.2252    0.1796    2.3906  9  0  2.0464  1.8064  
2011    287    29490.0000   -0.1609   -0.2518    0.2145    2.3889  9  0  2.0471  1.8068  
2011    287    29520.0000   -0.1488   -0.2594    0.2060    2.3893  9  0  2.0477  1.8070  
2011    287    29550.0000   -0.1345   -0.2367    0.1921    2.3886  9  0  2.0481  1.8071  
2011    287    29580.0000   -0.1514   -0.2520    0.2199    2.3856  9  0  2.0484  1.8071  
2011    287    29610.0000   -0.1450   -0.2230    0.1939    2.3860  9  0  2.0484  1.8069  
2011    287    29640.0000   -0.1267   -0.2207    0.1850    2.3865  9  0  2.0483  1.8066  
2011    287    29670.0000   -0.1099   -0.1918    0.1560    2.3868  9  0  2.0481  1.8061  
2011    287    29700.0000   -0.1138   -0.1908    0.1535    2.3862  9  0  2.0476  1.8055  
2011    287    29730.0000   -0.0554   -0.2033    0.0883    2.3904  9  0  2.0470  1.8048  
2011    287    29760.0000   -0.0609   -0.1927    0.0940    2.3906  9  0  2.0462  1.8039  
2011    287    29790.0000   -0.0686   -0.1861    0.0874    2.3915  9  0  2.0452  1.8029  
2011    287    29820.0000   -0.0526   -0.1691    0.0628    2.3928  9  0  2.0441  1.8017  
2011    287    29850.0000   -0.0611   -0.1519    0.0480    2.3945  9  0  2.0428  1.8004  
2011    287    29880.0000   -0.0388   -0.1363    0.0162    2.3958  9  0  2.0413  1.7990  
2011    287    29910.0000   -0.0444   -0.1202    0.0113    2.3967  9  0  2.0397  1.7974  
2011    287    29940.0000   -0.0424   -0.1053    0.0095    2.3958  9  0  2.0379  1.7958  
2011    287    29970.0000   -0.0351   -0.0981   -0.0228    2.3969  9  0  2.0360  1.7940  
2011    287    30000.0000   -0.0192   -0.0752   -0.0484    2.3980  9  0  2.0339  1.7920  
2011    287    30030.0000   -0.0071   -0.0707   -0.0637    2.3978  9  0  2.0316  1.7900  
2011    287    30060.0000   -0.0111   -0.0670   -0.0681    2.3991  9  0  2.0292  1.7878  
2011    287    30090.0000   -0.0190   -0.0534   -0.0422    2.3959  9  1  2.0266  1.7855  
2011    287    30120.0000    0.0017   -0.0451   -0.0743    2.3967  9  1  2.0239  1.7831  
2011    287    30150.0000    0.0073   -0.0353   -0.0871    2.3969  9  1  2.0211  1.7805  
2011    287    30180.0000    0.0094   -0.0368   -0.0876    2.3967  9  1  2.0181  1.7779  
2011    287    30210.0000   -0.0015   -0.0306   -0.0611    2.3949  9  1  2.0150  1.7752  
2011    287    30240.0000    0.0025   -0.0295   -0.0641    2.3940  9  1  2.0117  1.7723  
2011    287    30270.0000   -0.0114   -0.0287   -0.0402    2.3914  9  1  2.0084  1.7694  
2011    287    30300.0000   -0.0137   -0.0275   -0.0360    2.3899  9  1  2.0049  1.7663  
2011    287    30330.0000   -0.0166   -0.0319   -0.0200    2.3885  9  1  2.0012  1.7632  
2011    287    30360.0000   -0.0100   -0.0291   -0.0169    2.3884  9  1  1.9975  1.7599  
2011    287    30390.0000   -0.0132   -0.0298   -0.0112    2.3868  9  1  1.9936  1.7566  
2011    287    30420.0000   -0.0177   -0.0355    0.0075    2.3854  9  1  1.9897  1.7532  
2011    287    30450.0000   -0.0160   -0.0305    0.0040    2.3855  9  1  1.9856  1.7497  
2011    287    30480.0000   -0.0239   -0.0298    0.0084    2.3843  9  1  1.9814  1.7461  
2011    287    30510.0000   -0.0178   -0.0281    0.0195    2.3838  9  1  1.9771  1.7424  
2011    287    30540.0000   -0.0286   -0.0268    0.0282    2.3827  9  1  1.9728  1.7387  
2011    287    30570.0000   -0.0205   -0.0188   -0.0002    2.3846  9  1  1.9683  1.7349  
2011    287    30600.0000   -0.0167   -0.0176   -0.0049    2.3856  9  1  1.9638  1.7310  
2011    287    30630.0000   -0.0095   -0.0209   -0.0023    2.3850  9  1  1.9591  1.7271  
2011    287    30660.0000   -0.0089   -0.0213   -0.0035    2.3849  9  1  1.9544  1.7231  
2011    287    30690.0000   -0.0093   -0.0185   -0.0171    2.3855  9  1  1.9496  1.7191  
2011    287    30720.0000   -0.0117   -0.0205   -0.0155    2.3849  9  1  1.9447  1.7150  
2011    287    30750.0000    0.0020   -0.0194   -0.0349    2.3844  9  1  1.9398  1.7108  
2011    287    30780.0000   -0.0006   -0.0171   -0.0390    2.3842  9  1  1.9348  1.7066  
2011    287    30810.0000   -0.0088   -0.0168   -0.0257    2.3826  9  1  1.9297  1.7024  
2011    287    30840.0000   -0.0170   -0.0101   -0.0303    2.3822  9  1  1.9246  1.6981  
2011    287    30870.0000   -0.0166   -0.0152   -0.0223    2.3821  9  1  1.9194  1.6937  
2011    287    30900.0000   -0.0161   -0.0136   -0.0199    2.3815  9  1  1.9142  1.6894  
2011    287    30930.0000   -0.0080   -0.0131   -0.0071    2.3822  9  1  1.9090  1.6850  
2011    287    30960.0000   -0.0203   -0.0108   -0.0004    2.3827  8  1  2.6933  2.3284  
2011    287    30990.0000   -0.0191   -0.0127   -0.0125    2.3830  8  1  2.6884  2.3242  
2011    287    31020.0000   -0.0176   -0.0167   -0.0012    2.3823  9  1  1.8929  1.6716  
2011    287    31050.0000   -0.0202   -0.0125   -0.0077    2.3810  8  1  2.6773  2.3149  
2011    287    31080.0000   -0.0174   -0.0184    0.0017    2.3797  8  1  2.6712  2.3098  
2011    287    31110.0000   -0.0199   -0.0221    0.0050    2.3792  8  1  2.6647  2.3044  
2011    287    31140.0000   -0.0237   -0.0236    0.0102    2.3788  8  1  2.6578  2.2987  
2011    287    31170.0000   -0.0160   -0.0250    0.0161    2.3787  8  1  2.6506  2.2927  
2011    287    31200.0000   -0.0200   -0.0284    0.0243    2.3786  8  1  2.6431  2.2865  
2011    287    31230.0000   -0.0197   -0.0289    0.0106    2.3786  8  1  2.6352  2.2800  
2011    287    31260.0000   -0.0161   -0.0243    0.0138    2.3781  8  1  2.6271  2.2733  
2011    287    31290.0000   -0.0067   -0.0205    0.0155    2.3780  8  1  2.6186  2.2663  
2011    287    31320.0000   -0.0059   -0.0259    0.0113    2.3775  8  1  2.6099  2.2591  
2011    287    31350.0000   -0.0118   -0.0252    0.0128    2.3770  8  1  2.6009  2.2517  
2011    287    31380.0000   -0.0118   -0.0197    0.0099    2.3774  8  1  2.5916  2.2441  
2011    287    31410.0000   -0.0076   -0.0164    0.0138    2.3777  8  1  2.5821  2.2364  
2011    287    31440.0000   -0.0136   -0.0149    0.0167    2.3775  8  1  2.5724  2.2284  
2011    287    31470.0000   -0.0165   -0.0150    0.0094    2.3775  8  1  2.5625  2.2203  
2011    287    31500.0000   -0.0212   -0.0099   -0.0102    2.3776  8  1  2.5524  2.2120  
2011    287    31530.0000   -0.0210   -0.0143    0.0042    2.3771  8  1  2.5420  2.2036  
2011    287    31560.0000   -0.0187   -0.0114    0.0015    2.3770  8  1  2.5316  2.1951  
2011    287    31590.0000   -0.0193   -0.0171    0.0119    2.3764  8  1  2.5209  2.1864  
2011    287    31620.0000   -0.0193   -0.0136    0.0105    2.3768  8  1  2.5101  2.1776  
2011    287    31650.0000   -0.0205   -0.0142    0.0017    2.3766  8  1  2.4992  2.1687  
2011    287    31680.0000   -0.0230   -0.0130    0.0151    2.3764  7  1  3.2054  2.7138  
2011    287    31710.0000   -0.0277   -0.0090    0.0103    2.3763  7  1  3.1941  2.7049  
2011    287    31740.0000   -0.0344   -0.0087    0.0054    2.3762  7  1  3.1826  2.6959  
2011    287    31770.0000   -0.0235   -0.0097    0.0197    2.3761  7  1  3.1709  2.6868  
2011    287    31800.0000   -0.0247   -0.0091    0.0252    2.3760  7  1  3.1590  2.6776  
2011    287    31830.0000   -0.0291   -0.0113    0.0251    2.3760  7  1  3.1471  2.6683  
2011    287    31860.0000   -0.0320   -0.0161    0.0169    2.3759  7  1  3.1350  2.6590  
2011    287    31890.0000   -0.0273   -0.0122    0.0017    2.3759  7  1  3.1228  2.6496  
2011    287    31920.0000   -0.0269   -0.0136    0.0271    2.3759  7  1  3.1106  2.6401  
2011    287    31950.0000   -0.0272   -0.0198    0.0179    2.3760  7  1  3.0983  2.6307  
2011    287    31980.0000   -0.0256   -0.0148    0.0153    2.3761  7  1  3.0860  2.6212  
2011    287    32010.0000   -0.0286   -0.0121    0.0140    2.3760  7  1  3.0736  2.6117  
2011    287    32040.0000   -0.0292   -0.0109    0.0191    2.3761  7  1  3.0612  2.6022  
2011    287    32070.0000   -0.0192   -0.0104    0.0231    2.3762  7  1  3.0489  2.5928  
2011    287    32100.0000   -0.0230   -0.0102    0.0238    2.3764  7  1  3.0365  2.5833  
2011    287    32130.0000   -0.0278   -0.0061    0.0094    2.3766  7  1  3.0242  2.5739  
2011    287    32160.0000   -0.0232   -0.0102    0.0158    2.3767  7  1  3.0119  2.5646  
2011    287    32190.0000   -0.0217   -0.0050    0.0156    2.3768  7  1  2.9996  2.5553  
2011    287    32220.0000   -0.0279   -0.0049    0.0082    2.3769  7  1  2.9874  2.5460  
2011    287    32250.0000   -0.0234    0.0010    0.0153    2.3770  7  1  2.9752  2.5369  
2011    287    32280.0000   -0.0230   -0.0001    0.0131    2.3771  7  1  2.9632  2.5277  
2011    287    32310.0000   -0.0246   -0.0008    0.0134    2.3772  7  1  2.9512  2.5187  
2011    287    32340.0000   -0.0272   -0.0016    0.0056    2.3773  7  1  2.9393  2.5098  
2011    287    32370.0000   -0.0252   -0.0036    0.0011    2.3774  7  1  2.9274  2.5009  
2011    287    32400.0000   -0.0315   -0.0025   -0.0019    2.3772  7  1  2.9157  2.4921  
2011    287    32430.0000   -0.0217   -0.0012    0.0055    2.3771  7  1  2.9041  2.4834  
2011    287    32460.0000   -0.0208   -0.0042    0.0157    2.3772  7  1  2.8926  2.4749  
2011    287    32490.0000   -0.0254   -0.0020    0.0165    2.3774  7  1  2.8812  2.4664  
2011    287    32520.0000   -0.0258   -0.0041    0.0016    2.3775  7  1  2.8699  2.4580  
2011    287    32550.0000   -0.0261   -0.0018    0.0055    2.3776  7  1  2.8587  2.4497  
2011    287    32580.0000   -0.0245   -0.0006    0.0020    2.3777  7  1  2.8477  2.4415  
2011    287    32610.0000   -0.0236    0.0018    0.0096    2.3781  7  1  2.8367  2.4335  
2011    287    32640.0000   -0.0267   -0.0019   -0.0065    2.3783  7  1  2.8259  2.4255  
2011    287    32670.0000   -0.0301   -0.0034    0.0053    2.3786  7  1  2.8152  2.4177  
2011    287    32700.0000   -0.0277   -0.0005    0.0031    2.3788  7  1  2.8047  2.4099  
2011    287    32730.0000   -0.0333    0.0009   -0.0067    2.3788  7  1  2.7943  2.4023  
2011    287    32760.0000   -0.0287    0.0006   -0.0035    2.3789  7  1  2.7840  2.3948  
2011    287    32790.0000   -0.0203   -0.0023   -0.0008    2.3791  7  1  2.7738  2.3873  
2011    287    32820.0000   -0.0171    0.0067   -0.0094    2.3791  7  1  2.7638  2.3800  
2011    287    32850.0000   -0.0241    0.0026    0.0053    2.3790  7  1  2.7538  2.3728  
2011    287    32880.0000   -0.0242    0.0034   -0.0066    2.3789  7  1  2.7440  2.3657  
2011    287    32910.0000   -0.0255    0.0035   -0.0076    2.3788  7  1  2.7344  2.3587  
2011    287    32940.0000   -0.0247    0.0068    0.0047    2.3790  7  1  2.7248  2.3518  
2011    287    32970.0000   -0.0184    0.0054    0.0024    2.3790  7  1  2.7154  2.3450  
2011    287    33000.0000   -0.0185    0.0033   -0.0024    2.3789  7  1  2.7061  2.3383  
2011    287    33030.0000   -0.0222    0.0055   -0.0046    2.3786  7  1  2.6969  2.3317  
2011    287    33060.0000   -0.0193    0.0009   -0.0096    2.3784  7  1  2.6879  2.3251  
2011    287    33090.0000   -0.0194    0.0052   -0.0001    2.3781  7  1  2.6789  2.3187  
2011    287    33120.0000   -0.0118    0.0062   -0.0053    2.3781  7  1  2.6701  2.3124  
2011    287    33150.0000   -0.0173    0.0034   -0.0070    2.3783  7  1  2.6614  2.3061  
2011    287    33180.0000   -0.0168    0.0071   -0.0048    2.3781  7  1  2.6527  2.2999  
2011    287    33210.0000   -0.0219    0.0037    0.0028    2.3780  7  1  2.6442  2.2938  
2011    287    33240.0000   -0.0120    0.0078   -0.0089    2.3778  7  1  2.6358  2.2878  
2011    287    33270.0000   -0.0140    0.0023   -0.0112    2.3778  7  1  2.6275  2.2818  
2011    287    33300.0000   -0.0082    0.0060   -0.0118    2.3775  7  1  2.6193  2.2760  
2011    287    33330.0000   -0.0117    0.0009   -0.0178    2.3768  7  1  2.6111  2.2702  
2011    287    33360.0000   -0.0074    0.0028   -0.0117    2.3764  7  1  2.6031  2.2644  
2011    287    33390.0000   -0.0136    0.0047   -0.0029    2.3765  7  1  2.5951  2.2587  
2011    287    33420.0000   -0.0041    0.0036    0.0035    2.3764  7  1  2.5872  2.2531  
2011    287    33450.0000   -0.0065    0.0053   -0.0031    2.3766  7  1  2.5794  2.2475  
2011    287    33480.0000   -0.0002    0.0067   -0.0056    2.3764  7  1  2.5717  2.2420  
2011    287    33510.0000   -0.0079    0.0030   -0.0155    2.3759  7  1  2.5641  2.2365  
2011    287    33540.0000    0.0028    0.0061   -0.0124    2.3753  7  1  2.5565  2.2311  
2011    287    33570.0000   -0.0053    0.0015   -0.0003    2.3748  7  1  2.5490  2.2257  
2011    287    33600.0000   -0.0127    0.0045   -0.0115    2.3744  7  1  2.5415  2.2204  
2011    287    33630.0000   -0.0053    0.0036   -0.0210    2.3744  7  1  2.5341  2.2151  
2011    287    33660.0000   -0.0051    0.0052   -0.0104    2.3745  7  1  2.5268  2.2098  
2011    287    33690.0000   -0.0059    0.0034   -0.0148    2.3741  7  1  2.5195  2.2046  
2011    287    33720.0000    0.0050    0.0049    0.0009    2.3738  7  1  2.5123  2.1994  
2011    287    33750.0000    0.0081    0.0077   -0.0069    2.3734  7  1  2.5051  2.1942  
2011    287    33780.0000   -0.0037    0.0067   -0.0059    2.3733  7  1  2.4980  2.1891  
2011    287    33810.0000    0.0088    0.0071   -0.0024    2.3733  7  1  2.4909  2.1839  
2011    287    33840.0000    0.0003    0.0073   -0.0067    2.3732  7  1  2.4838  2.1788  
2011    287    33870.0000    0.0084    0.0098   -0.0047    2.3726  7  1  2.4768  2.1737  
2011    287    33900.0000    0.0035    0.0065   -0.0088    2.3728  7  1  2.4698  2.1686  
2011    287    33930.0000    0.0088    0.0074   -0.0029    2.3726  7  1  2.4629  2.1636  
2011    287    33960.0000    0.0028    0.0055   -0.0093    2.3724  7  1  2.4559  2.1585  
2011    287    33990.0000    0.0103    0.0040   -0.0105    2.3723  7  1  2.4490  2.1534  
2011    287    34020.0000    0.0136    0.0071   -0.0019    2.3725  7  1  2.4422  2.1484  
2011    287    34050.0000    0.0055    0.0106   -0.0006    2.3729  7  1  2.4353  2.1433  
2011    287    34080.0000    0.0097    0.0079    0.0011    2.3726  7  1  2.4285  2.1383  
2011    287    34110.0000    0.0000    0.0046   -0.0057    2.3728  7  1  2.4216  2.1332  
2011    287    34140.0000    0.0034    0.0037   -0.0093    2.3725  7  1  2.4148  2.1282  
2011    287    34170.0000    0.0044    0.0043   -0.0026    2.3720  7  1  2.4080  2.1231  
2011    287    34200.0000    0.0129    0.0025   -0.0043    2.3716  7  1  2.4013  2.1181  
2011    287    34230.0000    0.0056    0.0029   -0.0038    2.3705  7  1  2.3945  2.1130  
2011    287    34260.0000    0.0060    0.0054    0.0002    2.3705  7  1  2.3877  2.1079  
2011    287    34290.0000    0.0122    0.0065    0.0008    2.3703  7  1  2.3810  2.1028  
2011    287    34320.0000    0.0018    0.0042   -0.0003    2.3693  7  1  2.3742  2.0977  
2011    287    34350.0000    0.0144    0.0063    0.0227    2.3690  7  1  2.3675  2.0926  
2011    287    34380.0000    0.0139    0.0057    0.0072    2.3690  7  1  2.3607  2.0875  
2011    287    34410.0000    0.0049    0.0107    0.0043    2.3690  7  1  2.3540  2.0824  
2011    287    34440.0000    0.0072    0.0067    0.0119    2.3694  7  1  2.3472  2.0772  
2011    287    34470.0000    0.0100    0.0026    0.0068    2.3688  7  1  2.3405  2.0720  
2011    287    34500.0000    0.0131    0.0058    0.0105    2.3684  7  1  2.3338  2.0669  
2011    287    34530.0000    0.0090    0.0079    0.0163    2.3683  6  1  5.3786  4.4083  
2011    287    34560.0000    0.0015    0.0027    0.0001    2.3682  6  1  5.3463  4.3826  
2011    287    34590.0000   -0.0065    0.0052    0.0029    2.3681  6  1  5.3140  4.3569  
2011    287    34620.0000   -0.0240   -0.0021   -0.0340    2.3680  6  1  5.2817  4.3312  
2011    287    34650.0000   -0.0159   -0.0028   -0.0245    2.3679  6  1  5.2494  4.3054  
2011    287    34680.0000   -0.0041    0.0014   -0.0214    2.3678  6  1  5.2171  4.2797  
2011    287    34710.0000    0.0024    0.0088    0.0028    2.3678  6  1  5.1848  4.2541  
2011    287    34740.0000   -0.0139    0.0001   -0.0184    2.3677  7  1  2.6711  2.2736  
2011    287    34770.0000   -0.0111    0.0066   -0.0116    2.3677  7  1  2.6738  2.2752  
2011    287    34800.0000   -0.0061    0.0057   -0.0077    2.3676  7  1  2.6764  2.2768  
2011    287    34830.0000   -0.0014    0.0059   -0.0081    2.3676  7  1  2.6790  2.2783  
2011    287    34860.0000   -0.0063    0.0058   -0.0122    2.3675  7  1  2.6815  2.2798  
2011    287    34890.0000   -0.0051    0.0071   -0.0006    2.3676  7  1  2.6840  2.2813  
2011    287    34920.0000    0.0109    0.0115    0.0174    2.3678  7  1  2.6864  2.2827  
2011    287    34950.0000    0.0067    0.0050    0.0033    2.3680  7  1  2.6887  2.2841  
2011    287    34980.0000    0.0001    0.0046   -0.0042    2.3681  7  1  2.6910  2.2854  
2011    287    35010.0000    0.0135    0.0125    0.0044    2.3684  7  1  2.6932  2.2867  
2011    287    35040.0000    0.0079    0.0096    0.0096    2.3688  7  1  2.6954  2.2879  
2011    287    35070.0000    0.0017    0.0095   -0.0050    2.3692  7  1  2.6975  2.2892  
2011    287    35100.0000    0.0127    0.0102   -0.0009    2.3697  7  1  2.6995  2.2903  
2011    287    35130.0000    0.0058    0.0085    0.0039    2.3699  7  1  2.7015  2.2915  
2011    287    35160.0000    0.0086    0.0135    0.0072    2.3699  7  1  2.7035  2.2926  
2011    287    35190.0000    0.0082    0.0102   -0.0054    2.3700  7  1  2.7053  2.2937  
2011    287    35220.0000    0.0011    0.0119    0.0083    2.3699  7  1  2.7071  2.2947  
2011    287    35250.0000    0.0003    0.0066   -0.0007    2.3699  7  1  2.7089  2.2957  
2011    287    35280.0000    0.0211    0.0161    0.0117    2.3699  7  1  2.7106  2.2966  
2011    287    35310.0000    0.0112    0.0035   -0.0143    2.3699  7  1  2.7122  2.2975  
2011    287    35340.0000   -0.0001    0.0027   -0.0200    2.3705  7  1  2.7138  2.2984  
2011    287    35370.0000    0.0143    0.0132    0.0159    2.3699  7  1  2.7153  2.2993  
2011    287    35400.0000    0.0093    0.0141    0.0159    2.3692  7  1  2.7167  2.3001  
2011    287    35430.0000   -0.0027    0.0091    0.0033    2.3689  7  1  2.7181  2.3008  
2011    287    35460.0000    0.0076    0.0130    0.0048    2.3680  7  1  2.7194  2.3015  
2011    287    35490.0000    0.0142    0.0174    0.0147    2.3673  7  1  2.7207  2.3022  
2011    287    35520.0000   -0.0030    0.0183    0.0173    2.3668  7  1  2.7219  2.3029  
2011    287    35550.0000    0.0032    0.0187    0.0126    2.3669  7  1  2.7230  2.3035  
2011    287    35580.0000    0.0021    0.0178    0.0134    2.3665  7  1  2.7241  2.3041  
2011    287    35610.0000    0.0018    0.0201    0.0245    2.3665  7  1  2.7251  2.3046  
2011    287    35640.0000   -0.0091    0.0126    0.0190    2.3667  7  1  2.7260  2.3051  
2011    287    35670.0000   -0.0076    0.0169    0.0195    2.3665  7  1  2.7269  2.3055  
2011    287    35700.0000    0.0060    0.0146    0.0088    2.3669  7  1  2.7277  2.3059  
2011    287    35730.0000    0.0113    0.0218    0.0223    2.3675  7  1  2.7284  2.3063  
2011    287    35760.0000   -0.0080    0.0088    0.0016    2.3682  7  1  2.7291  2.3066  
2011    287    35790.0000   -0.0095    0.0170    0.0160    2.3690  7  1  2.7297  2.3069  
2011    287    35820.0000    0.0030    0.0266    0.0258    2.3689  7  1  2.7302  2.3072  
2011    287    35850.0000   -0.0156    0.0208    0.0115    2.3688  7  1  2.7307  2.3074  
2011    287    35880.0000   -0.0119    0.0166    0.0103    2.3692  7  1  2.7311  2.3076  
2011    287    35910.0000   -0.0066    0.0164    0.0160    2.3707  7  1  2.7314  2.3077  
2011    287    35940.0000   -0.0051    0.0197    0.0209    2.3715  7  1  2.7317  2.3078  
2011    287    35970.0000   -0.0057    0.0118    0.0074    2.3729  7  1  2.7318  2.3078  
2011    287    36000.0000    0.0029    0.0135    0.0015    2.3735  7  1  2.7319  2.3078  
2011    287    36030.0000    0.0003    0.0118   -0.0117    2.3753  7  1  2.7320  2.3077  
2011    287    36060.0000    0.0127    0.0171    0.0057    2.3759  7  1  2.7319  2.3076  
2011    287    36090.0000    0.0083    0.0138   -0.0029    2.3761  7  1  2.7318  2.3075  
2011    287    36120.0000   -0.0013    0.0062   -0.0166    2.3771  7  1  2.7316  2.3073  
2011    287    36150.0000    0.0026    0.0111   -0.0175    2.3772  7  1  2.7313  2.3070  
2011    287    36180.0000    0.0107    0.0068   -0.0158    2.3783  7  1  2.7310  2.3067  
2011    287    36210.0000    0.0011    0.0096   -0.0144    2.3801  7  1  2.7306  2.3064  
2011    287    36240.0000    0.0036    0.0140   -0.0170    2.3807  7  1  2.7301  2.3060  
2011    287    36270.0000    0.0118    0.0142   -0.0141    2.3810  7  1  2.7295  2.3055  
2011    287    36300.0000    0.0100    0.0117   -0.0284    2.3813  7  1  2.7288  2.3050  
2011    287    36330.0000    0.0119    0.0107   -0.0305    2.3820  7  1  2.7280  2.3045  
2011    287    36360.0000    0.0087    0.0148   -0.0293    2.3827  7  1  2.7272  2.3039  
2011    287    36390.0000    0.0041    0.0119   -0.0295    2.3836  7  1  2.7263  2.3032  
2011    287    36420.0000    0.0049    0.0114   -0.0337    2.3848  7  1  2.7252  2.3025  
2011    287    36450.0000   -0.0049    0.0158   -0.0333    2.3849  7  1  2.7241  2.3017  
2011    287    36480.0000    0.0026    0.0178   -0.0403    2.3850  7  1  2.7229  2.3009  
2011    287    36510.0000    0.0102    0.0129   -0.0362    2.3847  7  1  2.7217  2.3000  
2011    287    36540.0000    0.0007    0.0174   -0.0348    2.3845  7  1  2.7203  2.2991  
2011    287    36570.0000    0.0031    0.0079   -0.0438    2.3846  7  1  2.7188  2.2981  
2011    287    36600.0000    0.0137    0.0104   -0.0330    2.3846  7  1  2.7173  2.2970  
2011    287    36630.0000    0.0115    0.0119   -0.0370    2.3850  7  1  2.7157  2.2959  
2011    287    36660.0000    0.0091    0.0111   -0.0449    2.3848  6  1  2.8139  2.3936  
2011    287    36690.0000    0.0070    0.0143   -0.0349    2.3848  7  1  2.7121  2.2935  
2011    287    36720.0000    0.0109    0.0067   -0.0494    2.3848  6  1  2.8134  2.3935  
2011    287    36750.0000    0.0186    0.0124   -0.0439    2.3849  6  1  2.8131  2.3934  
2011    287    36780.0000    0.0185    0.0056   -0.0677    2.3850  6  1  2.8128  2.3933  
2011    287    36810.0000    0.0221    0.0071   -0.0557    2.3848  6  1  2.8124  2.3931  
2011    287    36840.0000    0.0255    0.0077   -0.0471    2.3848  6  1  2.8120  2.3930  
2011    287    36870.0000    0.0211    0.0079   -0.0555    2.3848  6  1  2.8115  2.3928  
2011    287    36900.0000    0.0167    0.0046   -0.0556    2.3847  6  1  2.8110  2.3927  
2011    287    36930.0000    0.0227    0.0071   -0.0530    2.3846  6  1  2.8105  2.3925  
2011    287    36960.0000    0.0145    0.0126   -0.0382    2.3846  6  1  2.8099  2.3923  
2011    287    36990.0000    0.0152    0.0026   -0.0701    2.3842  6  1  2.8093  2.3921  
2011    287    37020.0000    0.0256    0.0041   -0.0692    2.3844  6  1  2.8087  2.3918  
2011    287    37050.0000    0.0215    0.0122   -0.0480    2.3844  6  1  2.8080  2.3916  
2011    287    37080.0000    0.0112    0.0070   -0.0464    2.3842  6  1  2.8072  2.3913  
2011    287    37110.0000    0.0162    0.0081   -0.0483    2.3842  6  1  2.8065  2.3911  
2011    287    37140.0000    0.0281    0.0025   -0.0628    2.3842  6  1  2.8057  2.3908  
2011    287    37170.0000    0.0226    0.0022   -0.0622    2.3841  6  1  2.8048  2.3905  
2011    287    37200.0000    0.0225    0.0037   -0.0450    2.3844  7  1  2.0656  1.8178  
2011    287    37230.0000    0.0191    0.0053   -0.0409    2.3847  7  1  2.0689  1.8208  
2011    287    37260.0000    0.0092    0.0098   -0.0416    2.3849  7  1  2.0722  1.8239  
2011    287    37290.0000    0.0136    0.0063   -0.0377    2.3847  7  1  2.0756  1.8270  
2011    287    37320.0000    0.0198    0.0106   -0.0472    2.3851  7  1  2.0789  1.8301  
2011    287    37350.0000    0.0052    0.0098   -0.0551    2.3849  7  1  2.0822  1.8331  
2011    287    37380.0000    0.0204    0.0121   -0.0532    2.3848  7  1  2.0854  1.8362  
2011    287    37410.0000    0.0286    0.0087   -0.0431    2.3854  7  1  2.0887  1.8393  
2011    287    37440.0000    0.0177    0.0082   -0.0414    2.3853  7  1  2.0919  1.8424  
2011    287    37470.0000    0.0096    0.0120   -0.0383    2.3850  7  1  2.0951  1.8454  
2011    287    37500.0000    0.0100    0.0090   -0.0293    2.3855  7  1  2.0983  1.8485  
2011    287    37530.0000    0.0063    0.0067   -0.0297    2.3859  7  1  2.1015  1.8516  
2011    287    37560.0000    0.0053    0.0099   -0.0411    2.3863  7  1  2.1047  1.8546  
2011    287    37590.0000    0.0004    0.0086   -0.0338    2.3868  7  1  2.1078  1.8577  
2011    287    37620.0000    0.0064    0.0146   -0.0347    2.3870  7  1  2.1109  1.8607  
2011    287    37650.0000    0.0134    0.0110   -0.0394    2.3876  7  1  2.1140  1.8638  
2011    287    37680.0000    0.0208    0.0066   -0.0397    2.3880  6  1  2.4396  2.1468  
2011    287    37710.0000    0.0064    0.0023   -0.0492    2.3882  6  1  2.4429  2.1495  
2011    287    37740.0000    0.0075    0.0084   -0.0468    2.3882  6  1  2.4462  2.1522  
2011    287    37770.0000    0.0188    0.0081   -0.0505    2.3886  6  1  2.4494  2.1548  
2011    287    37800.0000    0.0179    0.0104   -0.0541    2.3893  6  1  2.4527  2.1575  
2011    287    37830.0000    0.0053    0.0053   -0.0565    2.3895  6  1  2.4559  2.1601  
2011    287    37860.0000    0.0165    0.0093   -0.0602    2.3899  6  1  2.4590  2.1628  
2011    287    37890.0000    0.0179    0.0095   -0.0546    2.3898  7  1  2.1238  1.8753  
2011    287    37920.0000    0.0128    0.0076   -0.0561    2.3898  7  1  2.1286  1.8796  
2011    287    37950.0000    0.0122    0.0104   -0.0520    2.3900  7  1  2.1334  1.8839  
2011    287    37980.0000    0.0076    0.0030   -0.0523    2.3900  7  1  2.1382  1.8881  
2011    287    38010.0000    0.0199    0.0048   -0.0531    2.3901  7  1  2.1429  1.8924  
2011    287    38040.0000    0.0108    0.0037   -0.0624    2.3901  7  1  2.1477  1.8967  
2011    287    38070.0000    0.0143    0.0002   -0.0572    2.3902  7  1  2.1524  1.9010  
2011    287    38100.0000    0.0214    0.0046   -0.0719    2.3904  7  1  2.1571  1.9053  
2011    287    38130.0000    0.0156    0.0053   -0.0754    2.3905  7  1  2.1617  1.9095  
2011    287    38160.0000    0.0161    0.0084   -0.0718    2.3905  7  1  2.1664  1.9138  
2011    287    38190.0000    0.0180    0.0084   -0.0685    2.3900  7  1  2.1710  1.9180  
2011    287    38220.0000    0.0215   -0.0002   -0.0811    2.3895  7  1  2.1755  1.9222  
2011    287    38250.0000    0.0210    0.0031   -0.0672    2.3893  8  1  2.0230  1.8118  
2011    287    38280.0000    0.0110    0.0054   -0.0603    2.3893  8  1  2.0309  1.8186  
2011    287    38310.0000    0.0159    0.0021   -0.0562    2.3892  8  1  2.0387  1.8253  
2011    287    38340.0000    0.0185    0.0117   -0.0657    2.3889  8  1  2.0465  1.8320  
2011    287    38370.0000    0.0152    0.0058   -0.0703    2.3889  8  1  2.0542  1.8386  
2011    287    38400.0000    0.0147    0.0071   -0.0658    2.3890  8  1  2.0619  1.8452  
2011    287    38430.0000    0.0163    0.0039   -0.0639    2.3890  8  1  2.0695  1.8518  
2011    287    38460.0000    0.0140    0.0052   -0.0739    2.3895  8  1  2.0771  1.8583  
2011    287    38490.0000    0.0160    0.0008   -0.0555    2.3898  8  1  2.0845  1.8648  
2011    287    38520.0000    0.0159    0.0049   -0.0566    2.3901  8  1  2.0919  1.8712  
2011    287    38550.0000    0.0124    0.0018   -0.0644    2.3900  8  1  2.0992  1.8775  
2011    287    38580.0000    0.0097   -0.0006   -0.0620    2.3904  8  1  2.1064  1.8837  
2011    287    38610.0000    0.0161    0.0024   -0.0597    2.3916  8  1  2.1135  1.8899  
2011    287    38640.0000    0.0112    0.0063   -0.0626    2.3919  8  1  2.1205  1.8959  
2011    287    38670.0000    0.0145    0.0002   -0.0645    2.3926  8  1  2.1274  1.9019  
2011    287    38700.0000    0.0151    0.0012   -0.0571    2.3925  8  1  2.1341  1.9078  
2011    287    38730.0000    0.0112    0.0021   -0.0671    2.3926  8  1  2.1408  1.9135  
2011    287    38760.0000    0.0166    0.0048   -0.0596    2.3923  8  1  2.1472  1.9192  
2011    287    38790.0000    0.0199    0.0032   -0.0739    2.3921  8  1  2.1536  1.9247  
2011    287    38820.0000    0.0223    0.0030   -0.0874    2.3919  8  1  2.1597  1.9301  
2011    287    38850.0000    0.0161    0.0093   -0.0829    2.3910  8  1  2.1657  1.9354  
2011    287    38880.0000    0.0092    0.0051   -0.0746    2.3907  7  1  2.2985  2.0318  
2011    287    38910.0000    0.0092    0.0068   -0.0714    2.3904  8  1  1.9725  1.7768  
2011    287    38940.0000    0.0057    0.0090   -0.0661    2.3904  8  1  1.9796  1.7826  
2011    287    38970.0000    0.0046    0.0076   -0.0704    2.3904  8  1  1.9865  1.7884  
2011    287    39000.0000    0.0086    0.0079   -0.0675    2.3904  8  1  1.9935  1.7942  
2011    287    39030.0000    0.0066    0.0074   -0.0586    2.3902  8  1  2.0005  1.8000  
2011    287    39060.0000    0.0049    0.0121   -0.0696    2.3895  8  1  2.0074  1.8057  
2011    287    39090.0000    0.0058    0.0078   -0.0662    2.3892  8  1  2.0143  1.8114  
2011    287    39120.0000    0.0012    0.0066   -0.0650    2.3887  8  1  2.0211  1.8171  
2011    287    39150.0000   -0.0004    0.0090   -0.0535    2.3884  8  1  2.0279  1.8227  
2011    287    39180.0000   -0.0000    0.0027   -0.0477    2.3884  8  1  2.0347  1.8283  
2011    287    39210.0000    0.0061   -0.0003   -0.0576    2.3885  8  1  2.0414  1.8338  
2011    287    39240.0000   -0.0007    0.0053   -0.0714    2.3885  8  1  2.0481  1.8393  
2011    287    39270.0000    0.0000    0.0035   -0.0654    2.3885  8  1  2.0546  1.8447  
2011    287    39300.0000    0.0075    0.0057   -0.0602    2.3883  8  1  2.0612  1.8501  
2011    287    39330.0000    0.0080    0.0044   -0.0561    2.3885  8  1  2.0676  1.8554  
2011    287    39360.0000    0.0009    0.0076   -0.0570    2.3883  8  1  2.0739  1.8606  
2011    287    39390.0000    0.0018    0.0034   -0.0657    2.3886  8  1  2.0802  1.8658  
2011    287    39420.0000   -0.0024    0.0086   -0.0590    2.3883  8  1  2.0864  1.8708  
2011    287    39450.0000   -0.0001    0.0056   -0.0583    2.3881  8  1  2.0925  1.8758  
2011    287    39480.0000    0.0007    0.0061   -0.0540    2.3883  8  1  2.0985  1.8807  
2011    287    39510.0000    0.0053    0.0098   -0.0614    2.3884  8  1  2.1043  1.8855  
2011    287    39540.0000   -0.0009    0.0106   -0.0727    2.3889  8  1  2.1101  1.8901  
2011    287    39570.0000    0.0010    0.0133   -0.0756    2.3886  8  1  2.1157  1.8947  
2011    287    39600.0000   -0.0020    0.0146   -0.0728    2.3885  8  1  2.1213  1.8992  
2011    287    39630.0000   -0.0042    0.0083   -0.0798    2.3887  8  1  2.1266  1.9036  
2011    287    39660.0000   -0.0108    0.0119   -0.0698    2.3885  8  1  2.1319  1.9078  
2011    287    39690.0000   -0.0091    0.0139   -0.0818    2.3883  8  1  2.1370  1.9119  
2011    287    39720.0000   -0.0082    0.0131   -0.0812    2.3878  8  1  2.1420  1.9159  
2011    287    39750.0000    0.0006    0.0107   -0.0807    2.3874  8  1  2.1468  1.9198  
2011    287    39780.0000   -0.0011    0.0082   -0.0742    2.3869  8  1  2.1515  1.9235  
2011    287    39810.0000   -0.0028    0.0084   -0.0768    2.3867  8  1  2.1560  1.9271  
2011    287    39840.0000   -0.0033   -0.0017   -0.0611    2.3868  8  1  2.1603  1.9305  
2011    287    39870.0000   -0.0100    0.0037   -0.0559    2.3870  8  1  2.1645  1.9338  
2011    287    39900.0000    0.0033    0.0066   -0.0653    2.3866  8  1  2.1685  1.9370  
2011    287    39930.0000   -0.0014    0.0065   -0.0650    2.3859  8  1  2.1724  1.9400  
2011    287    39960.0000   -0.0056    0.0094   -0.0569    2.3860  8  1  2.1760  1.9429  
2011    287    39990.0000   -0.0058    0.0067   -0.0722    2.3859  8  1  2.1795  1.9456  
2011    287    40020.0000   -0.0017    0.0032   -0.0582    2.3859  8  1  2.1828  1.9481  
2011    287    40050.0000   -0.0177    0.0106   -0.0739    2.3858  8  1  2.1859  1.9505  
2011    287    40080.0000   -0.0026    0.0050   -0.0754    2.3861  8  1  2.1889  1.9527  
2011    287    40110.0000    0.0003    0.0107   -0.0583    2.3860  8  1  2.1916  1.9547  
2011    287    40140.0000    0.0004    0.0128   -0.0704    2.3860  8  1  2.1941  1.9566  
2011    287    40170.0000    0.0064    0.0044   -0.0578    2.3860  8  1  2.1965  1.9583  
2011    287    40200.0000    0.0061    0.0068   -0.0487    2.3860  8  1  2.1987  1.9599  
2011    287    40230.0000    0.0047    0.0084   -0.0608    2.3860  8  1  2.2006  1.9613  
2011    287    40260.0000    0.0040    0.0070   -0.0496    2.3861  8  1  2.2024  1.9625  
2011    287    40290.0000    0.0103    0.0103   -0.0652    2.3858  8  1  2.2039  1.9635  
2011    287    40320.0000    0.0093    0.0086   -0.0614    2.3854  8  1  2.2053  1.9644  
2011    287    40350.0000    0.0036    0.0108   -0.0574    2.3851  8  1  2.2065  1.9651  
2011    287    40380.0000   -0.0003    0.0128   -0.0696    2.3847  8  1  2.2074  1.9657  
2011    287    40410.0000    0.0002    0.0047   -0.0784    2.3850  8  1  2.2082  1.9660  
2011    287    40440.0000    0.0023    0.0075   -0.0845    2.3848  8  1  2.2088  1.9662  
2011    287    40470.0000   -0.0042    0.0112   -0.0867    2.3848  8  1  2.2092  1.9663  
2011    287    40500.0000   -0.0088    0.0082   -0.0733    2.3850  8  1  2.2094  1.9661  
2011    287    40530.0000   -0.0053    0.0075   -0.0799    2.3850  8  1  2.2093  1.9658  
2011    287    40560.0000   -0.0077    0.0079   -0.0877    2.3846  8  1  2.2091  1.9654  
2011    287    40590.0000   -0.0043    0.0043   -0.0772    2.3842  8  1  2.2088  1.9648  
2011    287    40620.0000   -0.0064    0.0041   -0.0686    2.3840  8  1  2.2082  1.9640  
2011    287    40650.0000    0.0015    0.0018   -0.0519    2.3842  8  1  2.2074  1.9631  
2011    287    40680.0000    0.0038    0.0038   -0.0634    2.3842  8  1  2.2065  1.9620  
2011    287    40710.0000   -0.0024   -0.0025   -0.0456    2.3843  8  1  2.2054  1.9608  
2011    287    40740.0000   -0.0036    0.0042   -0.0656    2.3843  8  1  2.2041  1.9594  
2011    287    40770.0000    0.0045   -0.0011   -0.0527    2.3839  8  1  2.2026  1.9578  
2011    287    40800.0000    0.0015    0.0046   -0.0764    2.3839  8  1  2.2009  1.9562  
2011    287    40830.0000   -0.0031    0.0085   -0.0817    2.3834  8  1  2.1991  1.9544  
2011    287    40860.0000    0.0069    0.0076   -0.0611    2.3829  8  1  2.1972  1.9524  
2011    287    40890.0000    0.0008    0.0039   -0.0546    2.3832  8  1  2.1950  1.9504  
2011    287    40920.0000    0.0034    0.0036   -0.0481    2.3829  8  1  2.1927  1.9482  
2011    287    40950.0000    0.0080    0.0027   -0.0440    2.3824  8  1  2.1903  1.9458  
2011    287    40980.0000    0.0020    0.0015   -0.0457    2.3817  8  1  2.1877  1.9434  
2011    287    41010.0000   -0.0041    0.0030   -0.0679    2.3812  8  1  2.1850  1.9408  
2011    287    41040.0000   -0.0034    0.0082   -0.0532    2.3810  8  1  2.1821  1.9381  
2011    287    41070.0000    0.0004    0.0099   -0.0493    2.3805  8  1  2.1791  1.9353  
2011    287    41100.0000    0.0013    0.0007   -0.0308    2.3804  8  1  2.1760  1.9324  
2011    287    41130.0000   -0.0058    0.0052   -0.0505    2.3804  8  1  2.1727  1.9294  
2011    287    41160.0000   -0.0063   -0.0011   -0.0315    2.3797  8  1  2.1693  1.9263  
2011    287    41190.0000   -0.0138    0.0056   -0.0532    2.3791  8  1  2.1658  1.9231  
2011    287    41220.0000   -0.0092    0.0059   -0.0463    2.3785  8  1  2.1622  1.9199  
2011    287    41250.0000   -0.0059    0.0033   -0.0373    2.3779  8  1  2.1585  1.9165  
2011    287    41280.0000   -0.0066    0.0035   -0.0517    2.3773  8  1  2.1546  1.9130  
2011    287    41310.0000   -0.0138    0.0052   -0.0607    2.3766  8  1  2.1507  1.9095  
2011    287    41340.0000   -0.0111   -0.0001   -0.0523    2.3755  9  1  1.9152  1.7250  
2011    287    41370.0000   -0.0062    0.0018   -0.0388    2.3750  9  1  1.9131  1.7229  
2011    287    41400.0000    0.0022   -0.0016   -0.0424    2.3754  9  1  1.9109  1.7208  
2011    287    41430.0000    0.0009    0.0003   -0.0379    2.3754  9  1  1.9086  1.7186  
2011    287    41460.0000   -0.0017   -0.0026   -0.0446    2.3757  9  1  1.9063  1.7163  
2011    287    41490.0000    0.0067    0.0023   -0.0235    2.3748  9  1  1.9039  1.7140  
2011    287    41520.0000   -0.0079    0.0009   -0.0349    2.3755  9  1  1.9014  1.7116  
2011    287    41550.0000   -0.0009   -0.0025   -0.0487    2.3758  9  1  1.8988  1.7092  
2011    287    41580.0000   -0.0029   -0.0019   -0.0438    2.3763  9  1  1.8962  1.7067  
2011    287    41610.0000    0.0009    0.0023   -0.0138    2.3767  9  1  1.8935  1.7042  
2011    287    41640.0000   -0.0017    0.0004   -0.0420    2.3779  9  1  1.8907  1.7016  
2011    287    41670.0000    0.0007   -0.0039   -0.0382    2.3787  9  1  1.8879  1.6989  
2011    287    41700.0000    0.0073    0.0023   -0.0392    2.3787  9  1  1.8850  1.6963  
2011    287    41730.0000    0.0146    0.0023   -0.0206    2.3791  9  1  1.8821  1.6936  
2011    287    41760.0000    0.0080   -0.0016   -0.0332    2.3788  9  1  1.8791  1.6908  
2011    287    41790.0000   -0.0022    0.0021   -0.0539    2.3790  9  1  1.8761  1.6880  
2011    287    41820.0000    0.0066    0.0044   -0.0418    2.3780  9  1  1.8730  1.6852  
2011    287    41850.0000    0.0063    0.0057   -0.0469    2.3765  9  1  1.8699  1.6824  
2011    287    41880.0000   -0.0080    0.0056   -0.0633    2.3756  9  1  1.8668  1.6795  
2011    287    41910.0000   -0.0037    0.0050   -0.0520    2.3753  8  1  2.7774  2.4555  
2011    287    41940.0000    0.0034   -0.0027   -0.0225    2.3754  8  1  2.7630  2.4426  
2011    287    41970.0000   -0.0032    0.0020   -0.0293    2.3754  8  1  2.7486  2.4296  
2011    287    42000.0000   -0.0069   -0.0012   -0.0387    2.3758  8  1  2.7339  2.4165  
2011    287    42030.0000   -0.0093   -0.0016   -0.0419    2.3760  8  1  2.7192  2.4033  
2011    287    42060.0000   -0.0055    0.0015   -0.0367    2.3762  8  1  2.7043  2.3901  
2011    287    42090.0000   -0.0016    0.0009   -0.0349    2.3764  8  1  2.6894  2.3767  
2011    287    42120.0000   -0.0044   -0.0004   -0.0203    2.3764  8  1  2.6743  2.3633  
2011    287    42150.0000   -0.0086   -0.0017   -0.0324    2.3762  8  1  2.6593  2.3499  
2011    287    42180.0000   -0.0002    0.0022   -0.0371    2.3757  8  1  2.6441  2.3365  
2011    287    42210.0000    0.0064    0.0019   -0.0263    2.3756  8  1  2.6290  2.3231  
2011    287    42240.0000    0.0004    0.0047   -0.0375    2.3750  8  1  2.6139  2.3097  
2011    287    42270.0000    0.0056    0.0039   -0.0256    2.3744  8  1  2.5988  2.2963  
2011    287    42300.0000    0.0066    0.0026   -0.0285    2.3732  8  1  2.5836  2.2830  
2011    287    42330.0000    0.0025   -0.0012   -0.0231    2.3726  8  1  2.5686  2.2696  
2011    287    42360.0000    0.0113   -0.0027    0.0005    2.3729  8  1  2.5536  2.2564  
2011    287    42390.0000    0.0119   -0.0029    0.0036    2.3726  8  1  2.5386  2.2432  
2011    287    42420.0000    0.0027   -0.0071   -0.0232    2.3728  8  1  2.5237  2.2301  
2011    287    42450.0000    0.0044   -0.0025   -0.0270    2.3725  8  1  2.5089  2.2171  
2011    287    42480.0000   -0.0013   -0.0005   -0.0123    2.3728  8  1  2.4941  2.2041  
2011    287    42510.0000   -0.0030   -0.0057   -0.0213    2.3729  8  1  2.4795  2.1913  
2011    287    42540.0000    0.0069   -0.0003   -0.0044    2.3730  8  1  2.4649  2.1785  
2011    287    42570.0000    0.0069    0.0021   -0.0112    2.3732  8  1  2.4505  2.1659  
2011    287    42600.0000   -0.0010   -0.0007   -0.0327    2.3732  8  1  2.4361  2.1534  
2011    287    42630.0000    0.0084    0.0031   -0.0127    2.3735  8  1  2.4219  2.1409  
2011    287    42660.0000    0.0093    0.0025   -0.0122    2.3737  8  1  2.4078  2.1287  
2011    287    42690.0000   -0.0016    0.0000   -0.0367    2.3738  8  1  2.3939  2.1165  
2011    287    42720.0000    0.0074   -0.0021   -0.0258    2.3736  8  1  2.3801  2.1044  
2011    287    42750.0000    0.0080   -0.0028   -0.0229    2.3731  8  1  2.3664  2.0925  
2011    287    42780.0000    0.0009   -0.0034   -0.0251    2.3731  8  1  2.3528  2.0807  
2011    287    42810.0000    0.0022   -0.0039   -0.0200    2.3736  8  1  2.3394  2.0691  
2011    287    42840.0000   -0.0020   -0.0052   -0.0261    2.3734  8  1  2.3261  2.0576  
2011    287    42870.0000    0.0052   -0.0068   -0.0098    2.3732  8  1  2.3130  2.0462  
2011    287    42900.0000   -0.0052   -0.0073   -0.0084    2.3730  8  1  2.3000  2.0350  
2011    287    42930.0000    0.0007   -0.0031   -0.0094    2.3728  8  1  2.2872  2.0239  
2011    287    42960.0000    0.0106   -0.0007   -0.0098    2.3737  8  1  2.2745  2.0129  
2011    287    42990.0000    0.0079   -0.0006   -0.0067    2.3741  8  1  2.2619  2.0021  
2011    287    43020.0000    0.0004    0.0016   -0.0221    2.3735  8  1  2.2496  1.9914  
2011    287    43050.0000    0.0123   -0.0015   -0.0207    2.3735  8  1  2.2373  1.9809  
2011    287    43080.0000    0.0112    0.0015   -0.0286    2.3730  8  1  2.2253  1.9705  
2011    287    43110.0000    0.0067   -0.0007   -0.0347    2.3722  9  1  1.9176  1.7148  
2011    287    43140.0000   -0.0012   -0.0095   -0.0235    2.3721  9  1  1.9174  1.7145  
2011    287    43170.0000    0.0054   -0.0041   -0.0148    2.3722  9  1  1.9170  1.7141  
2011    287    43200.0000   -0.0012   -0.0062   -0.0135    2.3722  9  1  1.9165  1.7135  
