# col  1 -  3: year/doy/sod 
# col  4 -  7: dN/dE/dU/ZTD 
# col  8 - 11: TotalSatNumber/Converged/GDOP/PDOP 
# END OF HEADER
2011    287    43200.0000   -0.1028    0.5146    4.7527    0.4910  9  0  1.9165  1.7135  
2011    287    43230.0000   -0.0324    0.1488   -1.5995    2.5840  9  0  1.9158  1.7128  
2011    287    43260.0000    0.1157   -0.6231    0.5333    2.3811  9  0  1.9150  1.7119  
2011    287    43290.0000    0.1805   -0.4265    0.8704    2.0771  9  0  1.9139  1.7109  
2011    287    43320.0000    0.2267   -0.2026    0.7873    2.1456  9  0  1.9128  1.7098  
2011    287    43350.0000    0.1821   -0.1541    0.5755    2.1945  9  0  1.9114  1.7086  
2011    287    43380.0000   -0.0464   -0.3602    0.5589    2.2449  9  0  1.9099  1.7072  
2011    287    43410.0000    0.0463   -0.4902   -0.2057    2.3602  9  0  1.9083  1.7056  
2011    287    43440.0000    0.0720   -0.5814   -0.4524    2.4077  9  0  1.9065  1.7040  
2011    287    43470.0000    0.0283   -0.5382   -0.1356    2.3743  9  0  1.9045  1.7022  
2011    287    43500.0000    0.0028   -0.4838   -0.3750    2.4384  9  0  1.9024  1.7003  
2011    287    43530.0000   -0.0191   -0.5047   -0.4334    2.4347  9  0  1.9002  1.6983  
2011    287    43560.0000    0.0007   -0.5087   -0.4898    2.4526  8  0  2.6107  2.2638  
2011    287    43590.0000   -0.0130   -0.5244   -0.4287    2.4498  8  0  2.6157  2.2677  
2011    287    43620.0000   -0.0648   -0.4778   -0.3179    2.4427  8  0  2.6206  2.2715  
2011    287    43650.0000   -0.0597   -0.5227   -0.2009    2.4228  8  0  2.6254  2.2752  
2011    287    43680.0000   -0.0471   -0.5325   -0.0846    2.4059  8  0  2.6300  2.2789  
2011    287    43710.0000   -0.0571   -0.5155    0.0381    2.3844  8  0  2.6345  2.2824  
2011    287    43740.0000   -0.0473   -0.5336    0.0798    2.3864  8  0  2.6389  2.2858  
2011    287    43770.0000   -0.0640   -0.5108    0.2075    2.3608  8  0  2.6431  2.2891  
2011    287    43800.0000   -0.0351   -0.4514    0.2099    2.3538  8  0  2.6473  2.2923  
2011    287    43830.0000   -0.0337   -0.3909    0.2471    2.3478  8  0  2.6512  2.2954  
2011    287    43860.0000   -0.0352   -0.3805    0.2970    2.3416  8  0  2.6551  2.2984  
2011    287    43890.0000   -0.0399   -0.3821    0.3771    2.3218  8  0  2.6588  2.3013  
2011    287    43920.0000   -0.0414   -0.3426    0.3332    2.3280  8  0  2.6624  2.3041  
2011    287    43950.0000   -0.0378   -0.3342    0.3198    2.3386  8  0  2.6659  2.3068  
2011    287    43980.0000   -0.0519   -0.3186    0.3540    2.3312  8  0  2.6692  2.3093  
2011    287    44010.0000   -0.0484   -0.3031    0.3424    2.3305  8  0  2.6724  2.3118  
2011    287    44040.0000   -0.0352   -0.2829    0.3002    2.3362  8  0  2.6755  2.3142  
2011    287    44070.0000   -0.0315   -0.2930    0.2810    2.3371  8  0  2.6784  2.3165  
2011    287    44100.0000   -0.0205   -0.2830    0.2512    2.3445  8  0  2.6812  2.3186  
2011    287    44130.0000   -0.0300   -0.2329    0.2305    2.3462  8  0  2.6839  2.3207  
2011    287    44160.0000   -0.0253   -0.2467    0.2161    2.3466  8  0  2.6865  2.3227  
2011    287    44190.0000   -0.0211   -0.2066    0.1639    2.3617  8  0  2.6889  2.3246  
2011    287    44220.0000   -0.0280   -0.1801    0.1121    2.3630  8  0  2.6912  2.3263  
2011    287    44250.0000   -0.0228   -0.1951    0.1083    2.3601  8  0  2.6934  2.3280  
2011    287    44280.0000   -0.0029   -0.1769    0.0552    2.3710  8  0  2.6955  2.3296  
2011    287    44310.0000   -0.0118   -0.1637    0.0192    2.3758  8  0  2.6975  2.3311  
2011    287    44340.0000   -0.0010   -0.2226    0.0337    2.3696  8  0  2.6993  2.3326  
2011    287    44370.0000    0.0140   -0.1979    0.0116    2.3731  8  0  2.7010  2.3339  
2011    287    44400.0000    0.0039   -0.1727   -0.0073    2.3759  8  0  2.7027  2.3351  
2011    287    44430.0000   -0.0037   -0.1564   -0.0071    2.3748  8  0  2.7042  2.3363  
2011    287    44460.0000    0.0040   -0.1447    0.0237    2.3725  8  0  2.7056  2.3373  
2011    287    44490.0000    0.0052   -0.1310    0.0160    2.3709  8  0  2.7069  2.3383  
2011    287    44520.0000    0.0125   -0.1205    0.0361    2.3678  8  0  2.7081  2.3392  
2011    287    44550.0000    0.0205   -0.1196    0.0109    2.3673  8  0  2.7091  2.3401  
2011    287    44580.0000    0.0075   -0.1121    0.0458    2.3650  8  0  2.7101  2.3408  
2011    287    44610.0000    0.0106   -0.1100    0.0570    2.3658  8  0  2.7110  2.3415  
2011    287    44640.0000    0.0269   -0.1025    0.0330    2.3658  8  0  2.7118  2.3421  
2011    287    44670.0000    0.0052   -0.1260    0.0423    2.3653  8  0  2.7125  2.3427  
2011    287    44700.0000    0.0132   -0.1106    0.0356    2.3668  8  0  2.7131  2.3432  
2011    287    44730.0000   -0.0022   -0.0968    0.0511    2.3685  8  0  2.7137  2.3436  
2011    287    44760.0000   -0.0040   -0.0990    0.0433    2.3686  8  0  2.7141  2.3439  
2011    287    44790.0000   -0.0114   -0.0806    0.0451    2.3680  8  0  2.7145  2.3442  
2011    287    44820.0000   -0.0204   -0.1061    0.0640    2.3686  8  0  2.7147  2.3444  
2011    287    44850.0000    0.0066   -0.0850    0.0312    2.3686  8  0  2.7149  2.3446  
2011    287    44880.0000   -0.0078   -0.1144    0.0472    2.3705  8  0  2.7151  2.3447  
2011    287    44910.0000    0.0318   -0.0940   -0.0217    2.3710  7  0  3.1475  2.7247  
2011    287    44940.0000    0.0022   -0.0961    0.0137    2.3715  7  0  3.1524  2.7282  
2011    287    44970.0000    0.0132   -0.0751    0.0026    2.3717  7  0  3.1572  2.7315  
2011    287    45000.0000    0.0180   -0.0837   -0.0225    2.3717  7  0  3.1617  2.7348  
2011    287    45030.0000    0.0022   -0.0951    0.0242    2.3717  7  1  3.1662  2.7378  
2011    287    45060.0000    0.0139   -0.1264    0.0109    2.3709  7  1  3.1704  2.7408  
2011    287    45090.0000    0.0067   -0.1137    0.0243    2.3706  7  1  3.1745  2.7436  
2011    287    45120.0000   -0.0140   -0.0913    0.0310    2.3714  7  1  3.1784  2.7462  
2011    287    45150.0000   -0.0085   -0.1248    0.0496    2.3703  7  1  3.1822  2.7488  
2011    287    45180.0000   -0.0143   -0.1404    0.0702    2.3699  7  1  3.1857  2.7512  
2011    287    45210.0000   -0.0119   -0.1111    0.0552    2.3706  7  1  3.1892  2.7534  
2011    287    45240.0000   -0.0237   -0.1112    0.0609    2.3708  7  1  3.1924  2.7556  
2011    287    45270.0000   -0.0264   -0.1103    0.0734    2.3709  7  1  3.1955  2.7576  
2011    287    45300.0000   -0.0253   -0.1321    0.0737    2.3706  7  1  3.1985  2.7595  
2011    287    45330.0000   -0.0289   -0.1233    0.0747    2.3712  7  1  3.2013  2.7612  
2011    287    45360.0000   -0.0187   -0.1252    0.0671    2.3713  7  1  3.2039  2.7628  
2011    287    45390.0000   -0.0178   -0.1275    0.0599    2.3714  8  1  2.2642  2.0390  
2011    287    45420.0000   -0.0260   -0.1305    0.0836    2.3715  8  1  2.2645  2.0391  
2011    287    45450.0000   -0.0527   -0.1433    0.1114    2.3717  8  1  2.2647  2.0392  
2011    287    45480.0000   -0.0471   -0.1624    0.1155    2.3723  8  1  2.2649  2.0392  
2011    287    45510.0000   -0.0477   -0.1529    0.1174    2.3730  8  1  2.2651  2.0392  
2011    287    45540.0000   -0.0408   -0.1665    0.0979    2.3735  8  1  2.2652  2.0391  
2011    287    45570.0000   -0.0418   -0.1866    0.1175    2.3735  8  1  2.2652  2.0390  
2011    287    45600.0000   -0.0293   -0.1939    0.1096    2.3735  8  1  2.2653  2.0389  
2011    287    45630.0000   -0.0181   -0.1785    0.0910    2.3741  8  1  2.2652  2.0387  
2011    287    45660.0000   -0.0292   -0.1727    0.0947    2.3750  8  1  2.2651  2.0385  
2011    287    45690.0000   -0.0286   -0.1700    0.1121    2.3760  9  1  2.1316  1.8952  
2011    287    45720.0000   -0.0217   -0.1681    0.1089    2.3766  9  1  2.1319  1.8951  
2011    287    45750.0000   -0.0075   -0.1613    0.0718    2.3777  9  1  2.1322  1.8951  
2011    287    45780.0000   -0.0206   -0.1619    0.0865    2.3777  9  1  2.1324  1.8950  
2011    287    45810.0000   -0.0185   -0.1598    0.0910    2.3777  9  1  2.1326  1.8948  
2011    287    45840.0000   -0.0090   -0.1619    0.0883    2.3781  9  1  2.1327  1.8946  
2011    287    45870.0000   -0.0279   -0.1521    0.1087    2.3785  9  1  2.1328  1.8944  
2011    287    45900.0000   -0.0216   -0.1541    0.0975    2.3795  9  1  2.1328  1.8941  
2011    287    45930.0000   -0.0193   -0.1568    0.0816    2.3811  9  1  2.1328  1.8938  
2011    287    45960.0000   -0.0227   -0.1285    0.0797    2.3818  8  1  4.0395  3.4985  
2011    287    45990.0000   -0.0330   -0.1524    0.0951    2.3815  9  1  2.1326  1.8930  
2011    287    46020.0000   -0.0308   -0.1462    0.0959    2.3817  8  1  4.0002  3.4629  
2011    287    46050.0000   -0.0029   -0.1355    0.0412    2.3820  8  1  3.9805  3.4449  
2011    287    46080.0000   -0.0129   -0.1283    0.0590    2.3822  8  1  3.9606  3.4270  
2011    287    46110.0000   -0.0447   -0.1121    0.0969    2.3829  9  1  2.1316  1.8910  
2011    287    46140.0000   -0.0157   -0.1080    0.0507    2.3830  9  1  2.1312  1.8904  
2011    287    46170.0000    0.0154   -0.0976    0.0054    2.3831  8  1  3.9006  3.3728  
2011    287    46200.0000   -0.0175   -0.0989    0.0719    2.3829  8  1  3.8806  3.3547  
2011    287    46230.0000   -0.0269   -0.1018    0.0570    2.3828  8  1  3.8604  3.3366  
2011    287    46260.0000    0.0081   -0.0996    0.0187    2.3824  8  1  3.8403  3.3185  
2011    287    46290.0000   -0.0182   -0.1087    0.0558    2.3818  8  1  3.8202  3.3004  
2011    287    46320.0000    0.0073   -0.1036    0.0314    2.3815  8  1  3.8001  3.2823  
2011    287    46350.0000   -0.0267   -0.1033    0.0671    2.3821  8  1  3.7800  3.2642  
2011    287    46380.0000   -0.0000   -0.0979    0.0220    2.3823  8  1  3.7599  3.2462  
2011    287    46410.0000   -0.0025   -0.0992    0.0378    2.3820  8  1  3.7399  3.2282  
2011    287    46440.0000   -0.0148   -0.0881    0.0647    2.3821  8  1  3.7198  3.2103  
2011    287    46470.0000    0.0059   -0.0955    0.0441    2.3813  8  1  3.6999  3.1924  
2011    287    46500.0000   -0.0120   -0.0950    0.0559    2.3808  8  1  3.6800  3.1746  
2011    287    46530.0000   -0.0085   -0.0933    0.0497    2.3805  8  1  3.6601  3.1568  
2011    287    46560.0000    0.0010   -0.0904    0.0529    2.3787  8  1  3.6403  3.1391  
2011    287    46590.0000   -0.0022   -0.0926    0.0487    2.3775  8  1  3.6206  3.1215  
2011    287    46620.0000   -0.0058   -0.0812    0.0726    2.3774  8  1  3.6010  3.1040  
2011    287    46650.0000    0.0115   -0.0961    0.0401    2.3767  8  1  3.5815  3.0866  
2011    287    46680.0000    0.0110   -0.0859    0.0381    2.3764  8  1  3.5621  3.0693  
2011    287    46710.0000    0.0070   -0.0924    0.0642    2.3754  8  1  3.5427  3.0520  
2011    287    46740.0000    0.0044   -0.0899    0.0594    2.3758  8  1  3.5235  3.0349  
2011    287    46770.0000   -0.0065   -0.0960    0.0735    2.3757  9  1  1.8723  1.6812  
2011    287    46800.0000    0.0009   -0.0998    0.0581    2.3755  9  1  1.8741  1.6824  
2011    287    46830.0000    0.0026   -0.0940    0.0505    2.3750  9  1  1.8759  1.6836  
2011    287    46860.0000    0.0034   -0.0916    0.0530    2.3754  9  1  1.8776  1.6847  
2011    287    46890.0000    0.0011   -0.0810    0.0576    2.3761  9  1  1.8792  1.6858  
2011    287    46920.0000    0.0048   -0.0818    0.0512    2.3766  9  1  1.8808  1.6868  
2011    287    46950.0000   -0.0048   -0.0807    0.0593    2.3770  9  1  1.8823  1.6877  
2011    287    46980.0000    0.0031   -0.0747    0.0580    2.3775  9  1  1.8837  1.6886  
2011    287    47010.0000    0.0006   -0.0779    0.0551    2.3773  9  1  1.8850  1.6894  
2011    287    47040.0000    0.0048   -0.0783    0.0562    2.3756  9  1  1.8863  1.6902  
2011    287    47070.0000    0.0021   -0.0819    0.0603    2.3753  9  1  1.8875  1.6909  
2011    287    47100.0000   -0.0005   -0.0790    0.0576    2.3748  9  1  1.8886  1.6915  
2011    287    47130.0000    0.0029   -0.0868    0.0569    2.3742  9  1  1.8896  1.6921  
2011    287    47160.0000    0.0020   -0.0841    0.0610    2.3735  9  1  1.8906  1.6926  
2011    287    47190.0000    0.0045   -0.0777    0.0655    2.3740  9  1  1.8915  1.6931  
2011    287    47220.0000    0.0084   -0.0818    0.0611    2.3740  9  1  1.8923  1.6935  
2011    287    47250.0000    0.0041   -0.0762    0.0642    2.3743  9  1  1.8931  1.6938  
2011    287    47280.0000    0.0017   -0.0748    0.0572    2.3749  9  1  1.8937  1.6940  
2011    287    47310.0000    0.0044   -0.0696    0.0523    2.3753  9  1  1.8943  1.6942  
2011    287    47340.0000    0.0040   -0.0682    0.0583    2.3753  9  1  1.8948  1.6944  
2011    287    47370.0000    0.0067   -0.0667    0.0555    2.3754  9  1  1.8953  1.6944  
2011    287    47400.0000    0.0024   -0.0696    0.0520    2.3755  9  1  1.8956  1.6944  
2011    287    47430.0000   -0.0009   -0.0671    0.0521    2.3756  9  1  1.8959  1.6944  
2011    287    47460.0000   -0.0001   -0.0659    0.0503    2.3757  9  1  1.8961  1.6942  
2011    287    47490.0000   -0.0048   -0.0631    0.0431    2.3761  9  1  1.8962  1.6940  
2011    287    47520.0000    0.0010   -0.0651    0.0553    2.3749  9  1  1.8963  1.6938  
2011    287    47550.0000   -0.0037   -0.0657    0.0589    2.3742  9  1  1.8963  1.6935  
2011    287    47580.0000    0.0032   -0.0570    0.0487    2.3743  9  1  1.8962  1.6931  
2011    287    47610.0000    0.0020   -0.0548    0.0439    2.3741  9  1  1.8960  1.6926  
2011    287    47640.0000    0.0039   -0.0511    0.0467    2.3735  9  1  1.8957  1.6921  
2011    287    47670.0000    0.0035   -0.0564    0.0540    2.3731  9  1  1.8954  1.6916  
2011    287    47700.0000    0.0021   -0.0548    0.0499    2.3725  9  1  1.8950  1.6909  
2011    287    47730.0000    0.0030   -0.0536    0.0553    2.3723  8  1  2.1459  1.8855  
2011    287    47760.0000    0.0043   -0.0540    0.0628    2.3721  8  1  2.1517  1.8897  
2011    287    47790.0000    0.0000   -0.0521    0.0634    2.3723  8  1  2.1576  1.8938  
2011    287    47820.0000    0.0069   -0.0561    0.0711    2.3724  8  1  2.1635  1.8980  
2011    287    47850.0000    0.0103   -0.0500    0.0678    2.3725  8  1  2.1694  1.9023  
2011    287    47880.0000    0.0104   -0.0464    0.0605    2.3727  8  1  2.1754  1.9065  
2011    287    47910.0000    0.0105   -0.0446    0.0575    2.3734  8  1  2.1815  1.9108  
2011    287    47940.0000    0.0140   -0.0368    0.0515    2.3741  8  1  2.1876  1.9151  
2011    287    47970.0000    0.0084   -0.0333    0.0478    2.3748  8  1  2.1937  1.9195  
2011    287    48000.0000   -0.0046   -0.0319    0.0442    2.3749  8  1  2.1999  1.9239  
2011    287    48030.0000   -0.0041   -0.0308    0.0462    2.3751  8  1  2.2061  1.9283  
2011    287    48060.0000   -0.0006   -0.0246    0.0369    2.3759  8  1  2.2123  1.9328  
2011    287    48090.0000   -0.0048   -0.0176    0.0428    2.3762  8  1  2.2187  1.9373  
2011    287    48120.0000   -0.0106   -0.0128    0.0335    2.3765  8  1  2.2250  1.9418  
2011    287    48150.0000   -0.0050   -0.0118    0.0157    2.3768  8  1  2.2314  1.9464  
2011    287    48180.0000   -0.0068   -0.0107    0.0112    2.3771  8  1  2.2379  1.9510  
2011    287    48210.0000   -0.0064   -0.0066    0.0255    2.3771  8  1  2.2444  1.9557  
2011    287    48240.0000   -0.0089   -0.0069    0.0303    2.3771  8  1  2.2510  1.9604  
2011    287    48270.0000   -0.0095   -0.0060    0.0162    2.3775  8  1  2.2576  1.9651  
2011    287    48300.0000   -0.0163   -0.0077    0.0073    2.3777  8  1  2.2642  1.9699  
2011    287    48330.0000   -0.0147   -0.0076    0.0121    2.3779  8  1  2.2709  1.9747  
2011    287    48360.0000   -0.0206   -0.0028    0.0086    2.3782  8  1  2.2777  1.9795  
2011    287    48390.0000   -0.0140   -0.0035    0.0112    2.3785  8  1  2.2845  1.9844  
2011    287    48420.0000   -0.0061   -0.0040    0.0204    2.3790  8  1  2.2914  1.9894  
2011    287    48450.0000   -0.0048   -0.0043    0.0271    2.3792  8  1  2.2983  1.9944  
2011    287    48480.0000   -0.0015   -0.0014    0.0196    2.3796  8  1  2.3052  1.9994  
2011    287    48510.0000   -0.0070    0.0001    0.0283    2.3798  8  1  2.3123  2.0045  
2011    287    48540.0000   -0.0064    0.0008    0.0256    2.3800  8  1  2.3193  2.0096  
2011    287    48570.0000   -0.0052    0.0036    0.0199    2.3803  8  1  2.3264  2.0147  
2011    287    48600.0000   -0.0120    0.0054    0.0080    2.3805  8  1  2.3336  2.0199  
2011    287    48630.0000   -0.0135    0.0114    0.0131    2.3805  8  1  2.3408  2.0251  
2011    287    48660.0000   -0.0060    0.0099    0.0130    2.3810  8  1  2.3480  2.0304  
2011    287    48690.0000   -0.0049    0.0153    0.0154    2.3820  8  1  2.3553  2.0357  
2011    287    48720.0000   -0.0079    0.0188    0.0088    2.3822  8  1  2.3627  2.0411  
2011    287    48750.0000   -0.0096    0.0147    0.0096    2.3825  8  1  2.3700  2.0465  
2011    287    48780.0000   -0.0080    0.0147    0.0035    2.3824  8  1  2.3775  2.0519  
2011    287    48810.0000   -0.0084    0.0148    0.0050    2.3823  8  1  2.3849  2.0574  
2011    287    48840.0000   -0.0102    0.0143    0.0174    2.3822  8  1  2.3924  2.0629  
2011    287    48870.0000   -0.0174    0.0125    0.0003    2.3823  8  1  2.4000  2.0684  
2011    287    48900.0000   -0.0114    0.0140    0.0007    2.3823  8  1  2.4075  2.0740  
2011    287    48930.0000   -0.0115    0.0122    0.0040    2.3821  8  1  2.4151  2.0796  
2011    287    48960.0000   -0.0195    0.0149    0.0132    2.3817  8  1  2.4228  2.0853  
2011    287    48990.0000   -0.0172    0.0163    0.0052    2.3818  8  1  2.4304  2.0909  
2011    287    49020.0000   -0.0220    0.0117   -0.0012    2.3818  8  1  2.4381  2.0966  
2011    287    49050.0000   -0.0142    0.0130    0.0102    2.3819  8  1  2.4458  2.1024  
2011    287    49080.0000   -0.0094    0.0136    0.0087    2.3825  8  1  2.4536  2.1081  
2011    287    49110.0000   -0.0046    0.0147    0.0079    2.3823  8  1  2.4613  2.1139  
2011    287    49140.0000   -0.0121    0.0171    0.0179    2.3824  8  1  2.4691  2.1197  
2011    287    49170.0000   -0.0104    0.0140    0.0069    2.3823  8  1  2.4768  2.1255  
2011    287    49200.0000   -0.0131    0.0139    0.0120    2.3823  8  1  2.4846  2.1313  
2011    287    49230.0000   -0.0157    0.0173    0.0014    2.3820  8  1  2.4924  2.1372  
2011    287    49260.0000   -0.0118    0.0208    0.0010    2.3823  8  1  2.5002  2.1430  
2011    287    49290.0000   -0.0083    0.0206    0.0056    2.3821  8  1  2.5079  2.1489  
2011    287    49320.0000   -0.0132    0.0232   -0.0041    2.3819  8  1  2.5157  2.1547  
2011    287    49350.0000   -0.0031    0.0213    0.0034    2.3822  8  1  2.5235  2.1606  
2011    287    49380.0000   -0.0067    0.0230    0.0106    2.3818  8  1  2.5312  2.1665  
2011    287    49410.0000   -0.0108    0.0224    0.0085    2.3824  8  1  2.5389  2.1723  
2011    287    49440.0000   -0.0058    0.0299    0.0055    2.3822  8  1  2.5466  2.1782  
2011    287    49470.0000   -0.0155    0.0260   -0.0017    2.3819  8  1  2.5542  2.1840  
2011    287    49500.0000   -0.0127    0.0198    0.0063    2.3819  8  1  2.5618  2.1898  
2011    287    49530.0000   -0.0110    0.0237   -0.0089    2.3817  8  1  2.5693  2.1956  
2011    287    49560.0000   -0.0006    0.0217   -0.0031    2.3820  8  1  2.5768  2.2013  
2011    287    49590.0000   -0.0047    0.0215   -0.0081    2.3827  8  1  2.5843  2.2071  
2011    287    49620.0000   -0.0093    0.0221    0.0010    2.3828  8  1  2.5917  2.2127  
2011    287    49650.0000   -0.0087    0.0253    0.0050    2.3826  8  1  2.5990  2.2184  
2011    287    49680.0000   -0.0065    0.0260    0.0076    2.3832  8  1  2.6062  2.2240  
2011    287    49710.0000   -0.0069    0.0245    0.0213    2.3833  8  1  2.6134  2.2295  
2011    287    49740.0000   -0.0047    0.0214    0.0185    2.3830  8  1  2.6204  2.2350  
2011    287    49770.0000   -0.0101    0.0217    0.0204    2.3828  8  1  2.6274  2.2405  
2011    287    49800.0000   -0.0090    0.0226    0.0139    2.3834  8  1  2.6342  2.2458  
2011    287    49830.0000   -0.0059    0.0198    0.0122    2.3844  8  1  2.6410  2.2511  
2011    287    49860.0000   -0.0065    0.0184    0.0095    2.3855  8  1  2.6476  2.2563  
2011    287    49890.0000   -0.0058    0.0169    0.0015    2.3858  8  1  2.6541  2.2614  
2011    287    49920.0000   -0.0087    0.0120    0.0080    2.3868  8  1  2.6605  2.2665  
2011    287    49950.0000    0.0030    0.0131    0.0023    2.3875  8  1  2.6667  2.2714  
2011    287    49980.0000   -0.0003    0.0105   -0.0005    2.3877  8  1  2.6727  2.2762  
2011    287    50010.0000    0.0006    0.0144   -0.0006    2.3878  8  1  2.6787  2.2810  
2011    287    50040.0000    0.0028    0.0124    0.0007    2.3878  8  1  2.6844  2.2856  
2011    287    50070.0000    0.0005    0.0169    0.0102    2.3883  8  1  2.6900  2.2901  
2011    287    50100.0000   -0.0069    0.0090   -0.0028    2.3887  8  1  2.6954  2.2944  
2011    287    50130.0000   -0.0050    0.0084   -0.0123    2.3887  8  1  2.7006  2.2986  
2011    287    50160.0000   -0.0061    0.0129   -0.0113    2.3881  8  1  2.7056  2.3027  
2011    287    50190.0000   -0.0070    0.0132    0.0014    2.3881  8  1  2.7104  2.3067  
2011    287    50220.0000   -0.0050    0.0154   -0.0077    2.3878  8  1  2.7150  2.3105  
2011    287    50250.0000   -0.0113    0.0172   -0.0069    2.3873  8  1  2.7194  2.3141  
2011    287    50280.0000   -0.0209    0.0158   -0.0083    2.3870  8  1  2.7236  2.3176  
2011    287    50310.0000   -0.0173    0.0154    0.0015    2.3868  8  1  2.7275  2.3209  
2011    287    50340.0000   -0.0178    0.0157    0.0004    2.3864  8  1  2.7312  2.3240  
2011    287    50370.0000   -0.0101    0.0191    0.0084    2.3860  8  1  2.7347  2.3270  
2011    287    50400.0000   -0.0182    0.0182   -0.0069    2.3850  8  1  2.7379  2.3297  
2011    287    50430.0000   -0.0131    0.0233   -0.0112    2.3843  8  1  2.7408  2.3323  
2011    287    50460.0000   -0.0128    0.0228   -0.0054    2.3842  8  1  2.7435  2.3347  
2011    287    50490.0000   -0.0091    0.0262    0.0001    2.3836  8  1  2.7459  2.3369  
2011    287    50520.0000   -0.0103    0.0295    0.0014    2.3831  8  1  2.7481  2.3389  
2011    287    50550.0000   -0.0138    0.0259   -0.0124    2.3830  8  1  2.7499  2.3407  
2011    287    50580.0000   -0.0087    0.0223    0.0018    2.3830  8  1  2.7515  2.3422  
2011    287    50610.0000   -0.0084    0.0224   -0.0035    2.3831  8  1  2.7528  2.3436  
2011    287    50640.0000   -0.0110    0.0268   -0.0055    2.3836  8  1  2.7538  2.3447  
2011    287    50670.0000   -0.0132    0.0211   -0.0100    2.3837  8  1  2.7545  2.3456  
2011    287    50700.0000   -0.0145    0.0203   -0.0234    2.3835  8  1  2.7549  2.3463  
2011    287    50730.0000   -0.0077    0.0246   -0.0128    2.3830  8  1  2.7550  2.3467  
2011    287    50760.0000   -0.0123    0.0217   -0.0261    2.3834  8  1  2.7548  2.3470  
2011    287    50790.0000   -0.0087    0.0208   -0.0117    2.3841  8  1  2.7544  2.3470  
2011    287    50820.0000   -0.0037    0.0203   -0.0063    2.3840  8  1  2.7535  2.3467  
2011    287    50850.0000   -0.0140    0.0215   -0.0058    2.3845  8  1  2.7524  2.3463  
2011    287    50880.0000   -0.0145    0.0213   -0.0161    2.3846  8  1  2.7510  2.3456  
2011    287    50910.0000   -0.0136    0.0224   -0.0065    2.3849  8  1  2.7493  2.3446  
2011    287    50940.0000   -0.0111    0.0211   -0.0049    2.3857  8  1  2.7473  2.3435  
2011    287    50970.0000   -0.0096    0.0210   -0.0084    2.3850  8  1  2.7449  2.3420  
2011    287    51000.0000   -0.0099    0.0233   -0.0172    2.3846  8  1  2.7423  2.3404  
2011    287    51030.0000   -0.0131    0.0238   -0.0118    2.3846  8  1  2.7393  2.3385  
2011    287    51060.0000   -0.0124    0.0178   -0.0032    2.3847  9  1  2.6079  2.2394  
2011    287    51090.0000   -0.0132    0.0220   -0.0044    2.3846  9  1  2.6064  2.2384  
2011    287    51120.0000   -0.0096    0.0227   -0.0084    2.3842  9  1  2.6046  2.2372  
2011    287    51150.0000   -0.0153    0.0225   -0.0006    2.3839  9  1  2.6025  2.2358  
2011    287    51180.0000   -0.0134    0.0240   -0.0084    2.3839  9  1  2.6000  2.2341  
2011    287    51210.0000   -0.0094    0.0217   -0.0008    2.3844  9  1  2.5972  2.2321  
2011    287    51240.0000   -0.0065    0.0204   -0.0168    2.3846  9  1  2.5941  2.2299  
2011    287    51270.0000   -0.0096    0.0239    0.0002    2.3852  9  1  2.5906  2.2274  
2011    287    51300.0000   -0.0147    0.0211   -0.0063    2.3849  9  1  2.5869  2.2247  
2011    287    51330.0000   -0.0115    0.0201   -0.0109    2.3850  9  1  2.5828  2.2217  
2011    287    51360.0000   -0.0159    0.0157   -0.0150    2.3852  9  1  2.5784  2.2185  
2011    287    51390.0000   -0.0127    0.0137   -0.0088    2.3855  9  1  2.5738  2.2150  
2011    287    51420.0000   -0.0142    0.0136   -0.0210    2.3849  9  1  2.5688  2.2114  
2011    287    51450.0000   -0.0118    0.0224   -0.0183    2.3844  9  1  2.5636  2.2075  
2011    287    51480.0000   -0.0109    0.0231   -0.0219    2.3842  9  1  2.5581  2.2033  
2011    287    51510.0000   -0.0141    0.0250   -0.0197    2.3839  9  1  2.5523  2.1990  
2011    287    51540.0000   -0.0117    0.0196   -0.0238    2.3832  9  1  2.5462  2.1945  
2011    287    51570.0000   -0.0212    0.0223   -0.0248    2.3832  9  1  2.5399  2.1897  
2011    287    51600.0000   -0.0184    0.0215   -0.0108    2.3831  9  1  2.5333  2.1847  
2011    287    51630.0000   -0.0204    0.0238   -0.0120    2.3835  9  1  2.5265  2.1796  
2011    287    51660.0000   -0.0172    0.0246   -0.0253    2.3832  9  1  2.5194  2.1743  
2011    287    51690.0000   -0.0190    0.0264   -0.0232    2.3832  9  1  2.5122  2.1687  
2011    287    51720.0000   -0.0234    0.0207   -0.0267    2.3831  9  1  2.5047  2.1630  
2011    287    51750.0000   -0.0218    0.0194   -0.0153    2.3829  9  1  2.4969  2.1572  
2011    287    51780.0000   -0.0157    0.0190   -0.0169    2.3834  9  1  2.4890  2.1512  
2011    287    51810.0000   -0.0126    0.0164   -0.0298    2.3836  9  1  2.4809  2.1450  
2011    287    51840.0000   -0.0129    0.0172   -0.0232    2.3834  9  1  2.4726  2.1387  
2011    287    51870.0000   -0.0093    0.0195   -0.0207    2.3834  9  1  2.4642  2.1322  
2011    287    51900.0000   -0.0140    0.0184   -0.0278    2.3833  9  1  2.4555  2.1256  
2011    287    51930.0000   -0.0080    0.0149   -0.0353    2.3835  9  1  2.4468  2.1189  
2011    287    51960.0000   -0.0041    0.0181   -0.0272    2.3839  9  1  2.4378  2.1120  
2011    287    51990.0000   -0.0066    0.0162   -0.0241    2.3840  9  1  2.4287  2.1050  
2011    287    52020.0000   -0.0078    0.0186   -0.0266    2.3841  9  1  2.4195  2.0980  
2011    287    52050.0000   -0.0085    0.0187   -0.0211    2.3840  9  1  2.4102  2.0908  
2011    287    52080.0000   -0.0056    0.0205   -0.0318    2.3839  9  1  2.4007  2.0835  
2011    287    52110.0000   -0.0056    0.0161   -0.0152    2.3837  9  1  2.3911  2.0762  
2011    287    52140.0000   -0.0088    0.0183   -0.0174    2.3843  9  1  2.3815  2.0687  
2011    287    52170.0000   -0.0066    0.0222   -0.0155    2.3848  9  1  2.3717  2.0612  
2011    287    52200.0000   -0.0029    0.0172   -0.0032    2.3845  10  1  2.0442  1.7987  
2011    287    52230.0000   -0.0056    0.0228   -0.0093    2.3849  10  1  2.0439  1.7989  
2011    287    52260.0000   -0.0027    0.0210   -0.0180    2.3849  10  1  2.0435  1.7989  
2011    287    52290.0000   -0.0045    0.0203   -0.0179    2.3849  10  1  2.0428  1.7988  
2011    287    52320.0000   -0.0074    0.0164   -0.0123    2.3851  10  1  2.0420  1.7985  
2011    287    52350.0000   -0.0120    0.0178   -0.0268    2.3852  10  1  2.0409  1.7981  
2011    287    52380.0000   -0.0050    0.0183   -0.0307    2.3854  10  1  2.0397  1.7976  
2011    287    52410.0000   -0.0127    0.0198   -0.0444    2.3861  10  1  2.0383  1.7968  
2011    287    52440.0000   -0.0112    0.0223   -0.0468    2.3858  10  1  2.0368  1.7960  
2011    287    52470.0000   -0.0138    0.0234   -0.0397    2.3851  10  1  2.0350  1.7950  
2011    287    52500.0000   -0.0148    0.0233   -0.0310    2.3845  10  1  2.0331  1.7938  
2011    287    52530.0000   -0.0139    0.0202   -0.0363    2.3842  10  1  2.0309  1.7925  
2011    287    52560.0000   -0.0104    0.0120   -0.0278    2.3837  10  1  2.0287  1.7910  
2011    287    52590.0000   -0.0082    0.0118   -0.0259    2.3833  10  1  2.0262  1.7894  
2011    287    52620.0000   -0.0143    0.0132   -0.0230    2.3833  10  1  2.0235  1.7877  
2011    287    52650.0000   -0.0118    0.0144   -0.0161    2.3834  10  1  2.0207  1.7858  
2011    287    52680.0000   -0.0133    0.0112   -0.0249    2.3830  10  1  2.0178  1.7838  
2011    287    52710.0000   -0.0136    0.0135   -0.0191    2.3831  10  1  2.0146  1.7816  
2011    287    52740.0000   -0.0114    0.0168   -0.0123    2.3832  10  1  2.0113  1.7793  
2011    287    52770.0000   -0.0177    0.0147   -0.0126    2.3830  10  1  2.0078  1.7768  
2011    287    52800.0000   -0.0207    0.0166   -0.0191    2.3822  10  1  2.0042  1.7742  
2011    287    52830.0000   -0.0155    0.0160   -0.0196    2.3816  10  1  2.0004  1.7715  
2011    287    52860.0000   -0.0095    0.0177   -0.0066    2.3815  10  1  1.9965  1.7687  
2011    287    52890.0000   -0.0072    0.0119   -0.0107    2.3811  10  1  1.9924  1.7657  
2011    287    52920.0000   -0.0121    0.0146   -0.0129    2.3810  10  1  1.9882  1.7626  
2011    287    52950.0000   -0.0103    0.0163   -0.0091    2.3811  10  1  1.9838  1.7594  
2011    287    52980.0000   -0.0070    0.0186   -0.0114    2.3806  10  1  1.9794  1.7561  
2011    287    53010.0000   -0.0058    0.0194   -0.0170    2.3806  10  1  1.9747  1.7526  
2011    287    53040.0000   -0.0154    0.0132   -0.0176    2.3806  10  1  1.9700  1.7491  
2011    287    53070.0000   -0.0117    0.0168   -0.0186    2.3803  10  1  1.9651  1.7454  
2011    287    53100.0000   -0.0149    0.0176   -0.0106    2.3802  10  1  1.9601  1.7417  
2011    287    53130.0000   -0.0113    0.0113   -0.0148    2.3799  10  1  1.9550  1.7378  
2011    287    53160.0000   -0.0094    0.0153   -0.0087    2.3802  10  1  1.9497  1.7338  
2011    287    53190.0000   -0.0129    0.0178   -0.0158    2.3801  10  1  1.9444  1.7298  
2011    287    53220.0000   -0.0143    0.0081   -0.0169    2.3802  10  1  1.9389  1.7256  
2011    287    53250.0000   -0.0083    0.0155   -0.0258    2.3801  10  1  1.9334  1.7214  
2011    287    53280.0000   -0.0025    0.0161   -0.0120    2.3795  10  1  1.9278  1.7171  
2011    287    53310.0000   -0.0028    0.0134   -0.0117    2.3790  9  1  2.0131  1.7771  
2011    287    53340.0000   -0.0134    0.0144   -0.0068    2.3789  9  1  2.0085  1.7735  
2011    287    53370.0000   -0.0077    0.0115    0.0059    2.3791  9  1  2.0037  1.7698  
2011    287    53400.0000   -0.0062    0.0086    0.0023    2.3796  9  1  1.9989  1.7660  
2011    287    53430.0000   -0.0083    0.0071   -0.0090    2.3802  9  1  1.9940  1.7622  
2011    287    53460.0000   -0.0146    0.0171   -0.0155    2.3795  9  1  1.9890  1.7583  
2011    287    53490.0000   -0.0069    0.0081   -0.0131    2.3794  9  1  1.9840  1.7543  
2011    287    53520.0000   -0.0156    0.0083   -0.0238    2.3791  9  1  1.9788  1.7502  
2011    287    53550.0000   -0.0141    0.0148   -0.0250    2.3788  9  1  1.9736  1.7461  
2011    287    53580.0000   -0.0153    0.0207   -0.0175    2.3786  9  1  1.9683  1.7420  
2011    287    53610.0000   -0.0181    0.0145   -0.0141    2.3779  9  1  1.9630  1.7378  
2011    287    53640.0000   -0.0155    0.0144   -0.0187    2.3785  9  1  1.9576  1.7335  
2011    287    53670.0000   -0.0220    0.0167   -0.0177    2.3788  8  1  2.5472  2.1937  
2011    287    53700.0000   -0.0199    0.0104   -0.0026    2.3788  8  1  2.5411  2.1890  
2011    287    53730.0000   -0.0103    0.0120   -0.0058    2.3782  8  1  2.5348  2.1841  
2011    287    53760.0000   -0.0167    0.0151   -0.0120    2.3785  9  1  1.9354  1.7159  
2011    287    53790.0000   -0.0189    0.0155   -0.0195    2.3784  9  1  1.9297  1.7114  
2011    287    53820.0000   -0.0066    0.0141   -0.0137    2.3782  8  1  2.5148  2.1687  
2011    287    53850.0000   -0.0089    0.0159   -0.0098    2.3784  8  1  2.5078  2.1632  
2011    287    53880.0000   -0.0117    0.0177   -0.0120    2.3787  8  1  2.5006  2.1577  
2011    287    53910.0000   -0.0093    0.0146   -0.0184    2.3789  8  1  2.4933  2.1520  
2011    287    53940.0000   -0.0108    0.0163   -0.0078    2.3788  8  1  2.4858  2.1462  
2011    287    53970.0000   -0.0091    0.0101   -0.0201    2.3791  8  1  2.4782  2.1403  
2011    287    54000.0000   -0.0048    0.0109   -0.0105    2.3797  8  1  2.4704  2.1342  
2011    287    54030.0000   -0.0026    0.0125   -0.0195    2.3801  8  1  2.4625  2.1281  
2011    287    54060.0000   -0.0048    0.0116   -0.0196    2.3802  8  1  2.4545  2.1219  
2011    287    54090.0000   -0.0125    0.0149   -0.0333    2.3800  8  1  2.4464  2.1155  
2011    287    54120.0000   -0.0169    0.0142   -0.0254    2.3797  8  1  2.4382  2.1091  
2011    287    54150.0000   -0.0116    0.0117   -0.0270    2.3796  8  1  2.4298  2.1026  
2011    287    54180.0000   -0.0035    0.0132   -0.0205    2.3796  8  1  2.4214  2.0960  
2011    287    54210.0000   -0.0142    0.0166   -0.0291    2.3794  8  1  2.4128  2.0894  
2011    287    54240.0000   -0.0167    0.0188   -0.0220    2.3792  8  1  2.4042  2.0827  
2011    287    54270.0000   -0.0098    0.0172   -0.0293    2.3791  8  1  2.3955  2.0759  
2011    287    54300.0000   -0.0055    0.0159   -0.0239    2.3796  8  1  2.3868  2.0690  
2011    287    54330.0000   -0.0057    0.0167   -0.0187    2.3794  8  1  2.3779  2.0621  
2011    287    54360.0000   -0.0073    0.0137   -0.0267    2.3796  8  1  2.3690  2.0552  
2011    287    54390.0000   -0.0020    0.0127   -0.0257    2.3793  8  1  2.3600  2.0482  
2011    287    54420.0000    0.0009    0.0142   -0.0147    2.3792  8  1  2.3510  2.0411  
2011    287    54450.0000   -0.0077    0.0119   -0.0241    2.3798  8  1  2.3420  2.0340  
2011    287    54480.0000   -0.0052    0.0141   -0.0132    2.3801  8  1  2.3329  2.0269  
2011    287    54510.0000    0.0047    0.0118   -0.0191    2.3803  8  1  2.3237  2.0198  
2011    287    54540.0000   -0.0093    0.0149   -0.0342    2.3798  8  1  2.3146  2.0126  
2011    287    54570.0000   -0.0112    0.0127   -0.0281    2.3800  8  1  2.3054  2.0054  
2011    287    54600.0000   -0.0059    0.0137   -0.0178    2.3802  8  1  2.2961  1.9982  
2011    287    54630.0000   -0.0038    0.0168   -0.0277    2.3798  8  1  2.2869  1.9909  
2011    287    54660.0000   -0.0155    0.0107   -0.0252    2.3796  8  1  2.2776  1.9837  
2011    287    54690.0000   -0.0097    0.0137   -0.0257    2.3793  8  1  2.2684  1.9764  
2011    287    54720.0000   -0.0088    0.0137   -0.0278    2.3794  8  1  2.2591  1.9692  
2011    287    54750.0000   -0.0121    0.0121   -0.0198    2.3789  8  1  2.2498  1.9619  
2011    287    54780.0000   -0.0129    0.0181   -0.0129    2.3780  8  1  2.2405  1.9546  
2011    287    54810.0000   -0.0154    0.0141   -0.0267    2.3776  8  1  2.2312  1.9473  
2011    287    54840.0000   -0.0066    0.0213   -0.0247    2.3773  8  1  2.2220  1.9401  
2011    287    54870.0000   -0.0093    0.0169   -0.0223    2.3769  8  1  2.2127  1.9328  
2011    287    54900.0000   -0.0134    0.0158   -0.0217    2.3773  8  1  2.2034  1.9256  
2011    287    54930.0000    0.0027    0.0157   -0.0028    2.3777  8  1  2.1942  1.9183  
2011    287    54960.0000    0.0006    0.0228   -0.0156    2.3774  8  1  2.1850  1.9111  
2011    287    54990.0000   -0.0035    0.0203   -0.0217    2.3776  8  1  2.1758  1.9039  
2011    287    55020.0000   -0.0042    0.0197   -0.0148    2.3776  8  1  2.1666  1.8967  
2011    287    55050.0000    0.0047    0.0163   -0.0048    2.3776  8  1  2.1575  1.8896  
2011    287    55080.0000   -0.0006    0.0197   -0.0359    2.3780  8  1  2.1484  1.8824  
2011    287    55110.0000   -0.0030    0.0160   -0.0160    2.3777  8  1  2.1393  1.8753  
2011    287    55140.0000   -0.0051    0.0197   -0.0083    2.3775  8  1  2.1302  1.8682  
2011    287    55170.0000    0.0014    0.0164   -0.0199    2.3773  7  1  2.4960  2.1329  
2011    287    55200.0000    0.0046    0.0179   -0.0236    2.3772  7  1  2.4879  2.1265  
2011    287    55230.0000   -0.0023    0.0151   -0.0110    2.3771  7  1  2.4799  2.1202  
2011    287    55260.0000    0.0032    0.0177   -0.0059    2.3773  7  1  2.4718  2.1140  
2011    287    55290.0000   -0.0048    0.0141   -0.0179    2.3769  7  1  2.4638  2.1077  
2011    287    55320.0000   -0.0056    0.0145   -0.0101    2.3767  7  1  2.4559  2.1015  
2011    287    55350.0000   -0.0064    0.0181   -0.0078    2.3766  7  1  2.4480  2.0954  
2011    287    55380.0000   -0.0119    0.0185   -0.0059    2.3760  7  1  2.4401  2.0893  
2011    287    55410.0000   -0.0119    0.0186   -0.0139    2.3753  7  1  2.4323  2.0832  
2011    287    55440.0000   -0.0073    0.0180   -0.0003    2.3754  7  1  2.4245  2.0771  
2011    287    55470.0000   -0.0067    0.0147    0.0009    2.3755  7  1  2.4168  2.0711  
2011    287    55500.0000   -0.0110    0.0127   -0.0024    2.3753  7  1  2.4091  2.0652  
2011    287    55530.0000   -0.0063    0.0151    0.0057    2.3747  7  1  2.4015  2.0593  
2011    287    55560.0000   -0.0081    0.0138   -0.0060    2.3742  7  1  2.3939  2.0534  
2011    287    55590.0000    0.0104    0.0115    0.0214    2.3747  7  1  2.3863  2.0476  
2011    287    55620.0000   -0.0014    0.0133   -0.0145    2.3742  7  1  2.3789  2.0418  
2011    287    55650.0000    0.0006    0.0124    0.0021    2.3740  7  1  2.3714  2.0361  
2011    287    55680.0000    0.0138    0.0132    0.0236    2.3756  7  1  2.3641  2.0304  
2011    287    55710.0000   -0.0012    0.0178   -0.0172    2.3754  7  1  2.3568  2.0247  
2011    287    55740.0000   -0.0003    0.0130   -0.0120    2.3750  7  1  2.3495  2.0192  
2011    287    55770.0000    0.0059    0.0176    0.0103    2.3760  7  1  2.3423  2.0136  
2011    287    55800.0000    0.0007    0.0134   -0.0004    2.3758  7  1  2.3352  2.0081  
2011    287    55830.0000   -0.0054    0.0153   -0.0085    2.3755  7  1  2.3281  2.0027  
2011    287    55860.0000   -0.0024    0.0164   -0.0141    2.3755  7  1  2.3211  1.9973  
2011    287    55890.0000   -0.0009    0.0184   -0.0050    2.3755  7  1  2.3141  1.9920  
2011    287    55920.0000   -0.0001    0.0175   -0.0071    2.3757  7  1  2.3072  1.9867  
2011    287    55950.0000   -0.0048    0.0131   -0.0227    2.3755  7  1  2.3004  1.9815  
2011    287    55980.0000   -0.0047    0.0119   -0.0182    2.3751  7  1  2.2936  1.9763  
2011    287    56010.0000   -0.0017    0.0184   -0.0093    2.3754  7  1  2.2869  1.9712  
2011    287    56040.0000   -0.0115    0.0154   -0.0134    2.3751  7  1  2.2803  1.9661  
2011    287    56070.0000   -0.0148    0.0134   -0.0173    2.3747  7  1  2.2737  1.9611  
2011    287    56100.0000   -0.0022    0.0159   -0.0005    2.3757  7  1  2.2672  1.9562  
2011    287    56130.0000   -0.0041    0.0141   -0.0180    2.3749  7  1  2.2607  1.9513  
2011    287    56160.0000   -0.0179    0.0106   -0.0142    2.3744  8  1  2.0746  1.8102  
2011    287    56190.0000   -0.0070    0.0103   -0.0037    2.3753  8  1  2.0724  1.8086  
2011    287    56220.0000   -0.0088    0.0139   -0.0143    2.3757  8  1  2.0702  1.8069  
2011    287    56250.0000   -0.0042    0.0136   -0.0098    2.3760  8  1  2.0679  1.8053  
2011    287    56280.0000   -0.0099    0.0111   -0.0292    2.3761  8  1  2.0657  1.8036  
2011    287    56310.0000   -0.0083    0.0148   -0.0200    2.3762  8  1  2.0634  1.8019  
2011    287    56340.0000    0.0035    0.0114    0.0103    2.3771  8  1  2.0610  1.8002  
2011    287    56370.0000   -0.0084    0.0110   -0.0384    2.3766  8  1  2.0587  1.7985  
2011    287    56400.0000   -0.0059    0.0133   -0.0239    2.3758  8  1  2.0563  1.7968  
2011    287    56430.0000    0.0007    0.0174    0.0020    2.3766  8  1  2.0539  1.7951  
2011    287    56460.0000   -0.0120    0.0124   -0.0207    2.3765  8  1  2.0515  1.7933  
2011    287    56490.0000   -0.0049    0.0117   -0.0201    2.3752  8  1  2.0491  1.7916  
2011    287    56520.0000   -0.0041    0.0168   -0.0112    2.3754  8  1  2.0467  1.7898  
2011    287    56550.0000   -0.0020    0.0183   -0.0071    2.3751  8  1  2.0442  1.7880  
2011    287    56580.0000    0.0031    0.0172   -0.0148    2.3741  10  1  1.5908  1.4297  
2011    287    56610.0000   -0.0057    0.0087   -0.0238    2.3745  10  1  1.5925  1.4311  
2011    287    56640.0000   -0.0012    0.0148    0.0025    2.3741  10  1  1.5940  1.4325  
2011    287    56670.0000   -0.0026    0.0179    0.0080    2.3744  10  1  1.5956  1.4338  
2011    287    56700.0000   -0.0041    0.0095   -0.0130    2.3742  9  1  1.7902  1.5954  
2011    287    56730.0000   -0.0068    0.0180   -0.0034    2.3744  9  1  1.7967  1.6008  
2011    287    56760.0000   -0.0036    0.0204    0.0044    2.3746  9  1  1.8032  1.6063  
2011    287    56790.0000   -0.0046    0.0164   -0.0013    2.3748  9  1  1.8097  1.6117  
2011    287    56820.0000   -0.0051    0.0173    0.0025    2.3751  9  1  1.8162  1.6172  
2011    287    56850.0000   -0.0055    0.0203   -0.0014    2.3754  9  1  1.8227  1.6226  
2011    287    56880.0000   -0.0007    0.0227   -0.0023    2.3760  9  1  1.8292  1.6281  
2011    287    56910.0000   -0.0036    0.0190   -0.0150    2.3759  9  1  1.8357  1.6335  
2011    287    56940.0000   -0.0105    0.0145   -0.0174    2.3760  9  1  1.8421  1.6389  
2011    287    56970.0000    0.0020    0.0196   -0.0058    2.3761  9  1  1.8486  1.6444  
2011    287    57000.0000   -0.0001    0.0139   -0.0203    2.3762  9  1  1.8550  1.6498  
2011    287    57030.0000   -0.0024    0.0116   -0.0193    2.3760  9  1  1.8614  1.6552  
2011    287    57060.0000    0.0063    0.0126   -0.0016    2.3760  9  1  1.8678  1.6605  
2011    287    57090.0000   -0.0000    0.0105   -0.0280    2.3762  9  1  1.8741  1.6659  
2011    287    57120.0000    0.0027    0.0112   -0.0267    2.3761  9  1  1.8804  1.6712  
2011    287    57150.0000    0.0027    0.0164   -0.0194    2.3760  9  1  1.8867  1.6765  
2011    287    57180.0000   -0.0030    0.0103   -0.0279    2.3760  9  1  1.8929  1.6817  
2011    287    57210.0000   -0.0049    0.0125   -0.0248    2.3762  9  1  1.8991  1.6869  
2011    287    57240.0000    0.0008    0.0173   -0.0156    2.3763  9  1  1.9052  1.6921  
2011    287    57270.0000   -0.0013    0.0181   -0.0185    2.3763  9  1  1.9113  1.6972  
2011    287    57300.0000    0.0044    0.0217   -0.0186    2.3761  9  1  1.9173  1.7023  
2011    287    57330.0000   -0.0048    0.0177   -0.0155    2.3761  9  1  1.9232  1.7073  
2011    287    57360.0000   -0.0084    0.0178   -0.0020    2.3763  9  1  1.9290  1.7123  
2011    287    57390.0000   -0.0080    0.0165   -0.0041    2.3766  9  1  1.9348  1.7172  
2011    287    57420.0000   -0.0120    0.0143   -0.0130    2.3770  9  1  1.9405  1.7220  
2011    287    57450.0000   -0.0119    0.0194   -0.0094    2.3772  9  1  1.9461  1.7268  
2011    287    57480.0000   -0.0047    0.0225   -0.0073    2.3772  9  1  1.9516  1.7314  
2011    287    57510.0000   -0.0054    0.0133   -0.0145    2.3773  9  1  1.9571  1.7360  
2011    287    57540.0000   -0.0023    0.0158   -0.0184    2.3772  9  1  1.9624  1.7406  
2011    287    57570.0000   -0.0008    0.0252   -0.0159    2.3773  9  1  1.9676  1.7450  
2011    287    57600.0000    0.0016    0.0215   -0.0186    2.3772  9  1  1.9727  1.7494  
