# col  1 -  3: year/doy/sod 
# col  4 -  7: dLat/dLon/dH/ZTD 
# col  8 - 11: TotalSatNumber/Converged/GDOP/PDOP 
# END OF HEADER
2011    283    14400.0000    1.5029   -0.1621   -3.5864    2.7525  7  0  2.3307  2.0515  
2011    283    14430.0000    1.5753   -0.3605   -1.8741    1.9809  7  0  2.3311  2.0518  
2011    283    14460.0000    1.1758   -0.1845   -1.6455    2.3343  7  0  2.3313  2.0519  
2011    283    14490.0000    1.2996   -0.0418   -1.3291    2.4232  7  0  2.3313  2.0519  
2011    283    14520.0000    0.9201   -0.0578   -1.2529    2.4552  7  0  2.3311  2.0517  
2011    283    14550.0000    0.6468   -0.1021   -0.9741    2.4571  7  0  2.3308  2.0514  
2011    283    14580.0000    0.4612   -0.2048   -0.6755    2.4261  7  0  2.3303  2.0509  
2011    283    14610.0000    0.5269   -0.3168   -0.6659    2.4499  7  0  2.3296  2.0503  
2011    283    14640.0000    0.4006   -0.1757   -0.4192    2.3987  7  0  2.3288  2.0496  
2011    283    14670.0000    0.3635   -0.1755   -0.3120    2.3946  7  0  2.3277  2.0487  
2011    283    14700.0000    0.2807   -0.1559   -0.2397    2.3868  7  0  2.3265  2.0477  
2011    283    14730.0000    0.2445   -0.1708   -0.2475    2.3920  7  0  2.3252  2.0465  
2011    283    14760.0000    0.2071   -0.1391   -0.2925    2.4082  7  0  2.3236  2.0452  
2011    283    14790.0000    0.2318   -0.1901   -0.3215    2.4115  7  0  2.3219  2.0438  
2011    283    14820.0000    0.2152   -0.2610   -0.2900    2.4057  7  0  2.3201  2.0422  
2011    283    14850.0000    0.1700   -0.2497   -0.2341    2.4005  7  0  2.3180  2.0405  
2011    283    14880.0000    0.1560   -0.2591   -0.2148    2.3976  7  0  2.3159  2.0387  
2011    283    14910.0000    0.1152   -0.2436   -0.2074    2.3951  7  0  2.3135  2.0367  
2011    283    14940.0000    0.0918   -0.2060   -0.2110    2.3977  7  0  2.3110  2.0346  
2011    283    14970.0000    0.0744   -0.2409   -0.2129    2.3948  7  0  2.3084  2.0324  
2011    283    15000.0000    0.0641   -0.2646   -0.1671    2.3802  7  0  2.3056  2.0301  
2011    283    15030.0000    0.0773   -0.3015   -0.1514    2.3741  7  0  2.3027  2.0276  
2011    283    15060.0000    0.0852   -0.3291   -0.1257    2.3659  8  0  2.1770  1.9266  
2011    283    15090.0000    0.0724   -0.3256   -0.1239    2.3641  8  0  2.1758  1.9255  
2011    283    15120.0000    0.0582   -0.2796   -0.1044    2.3617  8  0  2.1746  1.9243  
2011    283    15150.0000    0.0697   -0.2763   -0.0932    2.3587  8  0  2.1732  1.9229  
2011    283    15180.0000    0.0694   -0.2712   -0.0844    2.3550  8  0  2.1716  1.9214  
2011    283    15210.0000    0.0782   -0.2817   -0.0792    2.3546  8  0  2.1699  1.9198  
2011    283    15240.0000    0.0671   -0.2419   -0.0981    2.3600  8  0  2.1680  1.9181  
2011    283    15270.0000    0.0705   -0.2418   -0.1228    2.3667  8  0  2.1660  1.9162  
2011    283    15300.0000    0.0699   -0.2148   -0.1361    2.3697  8  0  2.1638  1.9143  
2011    283    15330.0000    0.0750   -0.2423   -0.1439    2.3709  8  0  2.1616  1.9122  
2011    283    15360.0000    0.0699   -0.2192   -0.1396    2.3717  8  0  2.1591  1.9100  
2011    283    15390.0000    0.0612   -0.2011   -0.1468    2.3706  8  0  2.1566  1.9077  
2011    283    15420.0000    0.0638   -0.2111   -0.1485    2.3704  8  0  2.1539  1.9053  
2011    283    15450.0000    0.0561   -0.1876   -0.1416    2.3678  8  0  2.1511  1.9028  
2011    283    15480.0000    0.0498   -0.1785   -0.1278    2.3642  8  0  2.1481  1.9001  
2011    283    15510.0000    0.0329   -0.1617   -0.1097    2.3626  8  0  2.1451  1.8974  
2011    283    15540.0000    0.0481   -0.1801   -0.0969    2.3603  8  0  2.1419  1.8946  
2011    283    15570.0000    0.0408   -0.1711   -0.0841    2.3585  8  0  2.1386  1.8917  
2011    283    15600.0000    0.0419   -0.1624   -0.0832    2.3583  8  0  2.1352  1.8888  
2011    283    15630.0000    0.0365   -0.1675   -0.0827    2.3571  8  0  2.1317  1.8857  
2011    283    15660.0000    0.0367   -0.1418   -0.0859    2.3567  8  0  2.1281  1.8825  
2011    283    15690.0000    0.0357   -0.1357   -0.0877    2.3568  8  0  2.1244  1.8793  
2011    283    15720.0000    0.0384   -0.1351   -0.0847    2.3566  8  0  2.1206  1.8760  
2011    283    15750.0000    0.0428   -0.1492   -0.0872    2.3565  8  0  2.1167  1.8726  
2011    283    15780.0000    0.0451   -0.1397   -0.0871    2.3557  8  0  2.1127  1.8692  
2011    283    15810.0000    0.0478   -0.1095   -0.0712    2.3562  8  0  2.1087  1.8656  
2011    283    15840.0000    0.0330   -0.0784   -0.0732    2.3563  8  0  2.1045  1.8620  
2011    283    15870.0000    0.0264   -0.0759   -0.0793    2.3560  8  0  2.1003  1.8584  
2011    283    15900.0000    0.0271   -0.0840   -0.0694    2.3558  8  0  2.0960  1.8547  
2011    283    15930.0000    0.0265   -0.0913   -0.0726    2.3565  8  0  2.0916  1.8509  
2011    283    15960.0000    0.0225   -0.0820   -0.0606    2.3559  8  0  2.0872  1.8471  
2011    283    15990.0000    0.0287   -0.0928   -0.0651    2.3551  9  0  2.0040  1.7630  
2011    283    16020.0000    0.0334   -0.0907   -0.0684    2.3551  8  0  2.2185  1.9313  
2011    283    16050.0000    0.0224   -0.0775   -0.0735    2.3553  8  0  2.2204  1.9323  
2011    283    16080.0000    0.0223   -0.0661   -0.0590    2.3556  8  0  2.2222  1.9333  
2011    283    16110.0000    0.0237   -0.0669   -0.0662    2.3560  8  0  2.2241  1.9344  
2011    283    16140.0000    0.0211   -0.0497   -0.0587    2.3563  8  0  2.2260  1.9355  
2011    283    16170.0000    0.0154   -0.0494   -0.0531    2.3564  8  1  2.2279  1.9366  
2011    283    16200.0000    0.0201   -0.0599   -0.0571    2.3562  8  1  2.2299  1.9377  
2011    283    16230.0000    0.0205   -0.0474   -0.0551    2.3563  8  1  2.2318  1.9388  
2011    283    16260.0000    0.0169   -0.0502   -0.0613    2.3563  8  1  2.2337  1.9399  
2011    283    16290.0000    0.0175   -0.0579   -0.0689    2.3561  8  1  2.2356  1.9410  
2011    283    16320.0000    0.0219   -0.0553   -0.0770    2.3563  8  1  2.2375  1.9422  
2011    283    16350.0000    0.0168   -0.0494   -0.0684    2.3563  8  1  2.2394  1.9433  
2011    283    16380.0000    0.0158   -0.0403   -0.0550    2.3564  8  1  2.2413  1.9445  
2011    283    16410.0000    0.0157   -0.0517   -0.0501    2.3562  8  1  2.2432  1.9457  
2011    283    16440.0000    0.0117   -0.0454   -0.0531    2.3560  8  1  2.2451  1.9468  
2011    283    16470.0000    0.0220   -0.0614   -0.0539    2.3559  8  1  2.2470  1.9480  
2011    283    16500.0000    0.0237   -0.0667   -0.0535    2.3557  8  1  2.2488  1.9492  
2011    283    16530.0000    0.0247   -0.0598   -0.0491    2.3557  8  1  2.2507  1.9503  
2011    283    16560.0000    0.0273   -0.0644   -0.0492    2.3558  8  1  2.2525  1.9515  
2011    283    16590.0000    0.0209   -0.0491   -0.0514    2.3559  8  1  2.2543  1.9526  
2011    283    16620.0000    0.0278   -0.0464   -0.0498    2.3560  8  1  2.2561  1.9537  
2011    283    16650.0000    0.0286   -0.0529   -0.0434    2.3563  8  1  2.2578  1.9549  
2011    283    16680.0000    0.0241   -0.0535   -0.0523    2.3563  8  1  2.2595  1.9560  
2011    283    16710.0000    0.0299   -0.0506   -0.0589    2.3562  8  1  2.2612  1.9571  
2011    283    16740.0000    0.0295   -0.0420   -0.0565    2.3562  8  1  2.2629  1.9582  
2011    283    16770.0000    0.0191   -0.0455   -0.0521    2.3563  8  1  2.2645  1.9592  
2011    283    16800.0000    0.0188   -0.0417   -0.0576    2.3563  8  1  2.2661  1.9602  
2011    283    16830.0000    0.0207   -0.0388   -0.0414    2.3566  8  1  2.2676  1.9613  
2011    283    16860.0000    0.0128   -0.0450   -0.0501    2.3567  8  1  2.2691  1.9622  
2011    283    16890.0000    0.0205   -0.0484   -0.0574    2.3567  8  1  2.2705  1.9632  
2011    283    16920.0000    0.0195   -0.0472   -0.0579    2.3567  8  1  2.2719  1.9641  
2011    283    16950.0000    0.0145   -0.0567   -0.0628    2.3567  8  1  2.2732  1.9650  
2011    283    16980.0000    0.0162   -0.0518   -0.0642    2.3568  8  1  2.2745  1.9658  
2011    283    17010.0000    0.0118   -0.0486   -0.0504    2.3569  8  1  2.2757  1.9667  
2011    283    17040.0000    0.0182   -0.0474   -0.0561    2.3569  8  1  2.2769  1.9674  
2011    283    17070.0000    0.0150   -0.0427   -0.0536    2.3567  8  1  2.2779  1.9682  
2011    283    17100.0000    0.0168   -0.0391   -0.0508    2.3566  8  1  2.2789  1.9688  
2011    283    17130.0000    0.0130   -0.0326   -0.0465    2.3564  8  1  2.2799  1.9695  
2011    283    17160.0000    0.0211   -0.0272   -0.0444    2.3564  8  1  2.2807  1.9700  
2011    283    17190.0000    0.0162   -0.0261   -0.0445    2.3563  8  1  2.2815  1.9706  
2011    283    17220.0000    0.0143   -0.0232   -0.0391    2.3563  8  1  2.2822  1.9710  
2011    283    17250.0000    0.0179   -0.0317   -0.0500    2.3565  8  1  2.2829  1.9714  
2011    283    17280.0000    0.0185   -0.0351   -0.0515    2.3564  8  1  2.2834  1.9718  
2011    283    17310.0000    0.0202   -0.0394   -0.0601    2.3560  8  1  2.2838  1.9721  
2011    283    17340.0000    0.0145   -0.0338   -0.0542    2.3556  8  1  2.2842  1.9723  
2011    283    17370.0000    0.0180   -0.0308   -0.0414    2.3556  8  1  2.2844  1.9725  
2011    283    17400.0000    0.0143   -0.0275   -0.0509    2.3552  8  1  2.2846  1.9726  
2011    283    17430.0000    0.0117   -0.0260   -0.0335    2.3553  8  1  2.2847  1.9726  
2011    283    17460.0000    0.0135   -0.0142   -0.0340    2.3551  8  1  2.2846  1.9725  
2011    283    17490.0000    0.0118   -0.0144   -0.0365    2.3554  8  1  2.2845  1.9724  
2011    283    17520.0000    0.0063   -0.0023   -0.0335    2.3549  8  1  2.2842  1.9722  
2011    283    17550.0000    0.0131   -0.0025   -0.0372    2.3545  8  1  2.2839  1.9719  
2011    283    17580.0000    0.0104    0.0067   -0.0357    2.3538  8  1  2.2834  1.9715  
2011    283    17610.0000    0.0077    0.0119   -0.0333    2.3533  8  1  2.2828  1.9711  
2011    283    17640.0000    0.0012    0.0164   -0.0241    2.3530  8  1  2.2821  1.9705  
2011    283    17670.0000   -0.0030    0.0200   -0.0305    2.3529  8  1  2.2813  1.9699  
2011    283    17700.0000   -0.0028    0.0193   -0.0383    2.3528  8  1  2.2804  1.9692  
2011    283    17730.0000   -0.0043    0.0229   -0.0401    2.3527  8  1  2.2794  1.9684  
2011    283    17760.0000    0.0000    0.0213   -0.0275    2.3528  8  1  2.2782  1.9675  
2011    283    17790.0000   -0.0026    0.0157   -0.0382    2.3529  8  1  2.2769  1.9666  
2011    283    17820.0000    0.0013    0.0201   -0.0332    2.3527  8  1  2.2755  1.9655  
2011    283    17850.0000   -0.0043    0.0225   -0.0264    2.3526  8  1  2.2740  1.9643  
2011    283    17880.0000   -0.0054    0.0204   -0.0339    2.3533  8  1  2.2724  1.9631  
2011    283    17910.0000   -0.0022    0.0121   -0.0326    2.3543  8  1  2.2706  1.9618  
2011    283    17940.0000    0.0011    0.0071   -0.0321    2.3550  8  1  2.2687  1.9603  
2011    283    17970.0000    0.0073    0.0062   -0.0300    2.3559  8  1  2.2667  1.9588  
2011    283    18000.0000    0.0112    0.0038   -0.0404    2.3559  8  1  2.2646  1.9572  
2011    283    18030.0000    0.0074    0.0021   -0.0486    2.3557  8  1  2.2623  1.9555  
2011    283    18060.0000    0.0064    0.0040   -0.0349    2.3554  8  1  2.2599  1.9537  
2011    283    18090.0000    0.0067    0.0054   -0.0398    2.3554  8  1  2.2574  1.9518  
2011    283    18120.0000    0.0072    0.0081   -0.0409    2.3556  8  1  2.2548  1.9498  
2011    283    18150.0000    0.0042    0.0104   -0.0391    2.3546  8  1  2.2520  1.9477  
2011    283    18180.0000    0.0046    0.0150   -0.0321    2.3539  8  1  2.2492  1.9455  
2011    283    18210.0000    0.0088    0.0151   -0.0401    2.3528  8  1  2.2462  1.9433  
2011    283    18240.0000    0.0035    0.0166   -0.0333    2.3516  8  1  2.2431  1.9409  
2011    283    18270.0000    0.0021    0.0185   -0.0258    2.3510  8  1  2.2399  1.9385  
2011    283    18300.0000    0.0038    0.0182   -0.0311    2.3499  8  1  2.2365  1.9360  
2011    283    18330.0000    0.0070    0.0235   -0.0235    2.3484  8  1  2.2331  1.9333  
2011    283    18360.0000    0.0083    0.0202   -0.0257    2.3474  8  1  2.2295  1.9306  
2011    283    18390.0000    0.0049    0.0219   -0.0199    2.3459  8  1  2.2258  1.9278  
2011    283    18420.0000    0.0017    0.0192   -0.0145    2.3447  8  1  2.2220  1.9250  
2011    283    18450.0000    0.0098    0.0209   -0.0190    2.3441  8  1  2.2182  1.9220  
2011    283    18480.0000    0.0068    0.0150   -0.0130    2.3440  8  1  2.2142  1.9190  
2011    283    18510.0000    0.0001    0.0134   -0.0131    2.3445  8  1  2.2101  1.9159  
2011    283    18540.0000    0.0046    0.0137   -0.0127    2.3447  8  1  2.2059  1.9127  
2011    283    18570.0000    0.0010    0.0147   -0.0061    2.3446  8  1  2.2016  1.9094  
2011    283    18600.0000    0.0042    0.0113   -0.0075    2.3448  8  1  2.1972  1.9060  
2011    283    18630.0000    0.0047    0.0079   -0.0229    2.3449  8  1  2.1927  1.9026  
2011    283    18660.0000    0.0055    0.0053   -0.0056    2.3453  8  1  2.1881  1.8991  
2011    283    18690.0000    0.0046    0.0040   -0.0084    2.3458  8  1  2.1834  1.8956  
2011    283    18720.0000    0.0031    0.0008   -0.0165    2.3465  8  1  2.1787  1.8920  
2011    283    18750.0000    0.0033    0.0040   -0.0192    2.3463  8  1  2.1738  1.8883  
2011    283    18780.0000    0.0026    0.0049   -0.0147    2.3466  8  1  2.1689  1.8845  
2011    283    18810.0000   -0.0018    0.0026   -0.0180    2.3472  8  1  2.1639  1.8807  
2011    283    18840.0000    0.0042    0.0024   -0.0204    2.3472  8  1  2.1589  1.8769  
2011    283    18870.0000    0.0081    0.0045   -0.0217    2.3472  8  1  2.1537  1.8730  
2011    283    18900.0000    0.0066    0.0050   -0.0163    2.3470  8  1  2.1485  1.8690  
2011    283    18930.0000    0.0062    0.0022   -0.0177    2.3468  8  1  2.1432  1.8650  
2011    283    18960.0000    0.0052   -0.0037   -0.0157    2.3474  8  1  2.1379  1.8609  
2011    283    18990.0000    0.0043   -0.0012   -0.0194    2.3477  8  1  2.1325  1.8568  
2011    283    19020.0000    0.0037    0.0007   -0.0166    2.3485  8  1  2.1271  1.8526  
2011    283    19050.0000    0.0049    0.0058   -0.0142    2.3487  8  1  2.1216  1.8484  
2011    283    19080.0000    0.0056    0.0070   -0.0142    2.3485  8  1  2.1160  1.8442  
2011    283    19110.0000    0.0063    0.0066   -0.0189    2.3492  8  1  2.1104  1.8399  
2011    283    19140.0000    0.0095    0.0014   -0.0268    2.3497  8  1  2.1048  1.8356  
2011    283    19170.0000    0.0077    0.0074   -0.0304    2.3497  8  1  2.0991  1.8313  
2011    283    19200.0000    0.0019    0.0095   -0.0281    2.3496  8  1  2.0934  1.8269  
2011    283    19230.0000    0.0031    0.0064   -0.0306    2.3494  8  1  2.0876  1.8225  
2011    283    19260.0000   -0.0010    0.0132   -0.0284    2.3484  8  1  2.0818  1.8181  
2011    283    19290.0000    0.0024    0.0083   -0.0353    2.3480  8  1  2.0760  1.8137  
2011    283    19320.0000   -0.0020    0.0152   -0.0248    2.3480  8  1  2.0701  1.8092  
2011    283    19350.0000    0.0041    0.0142   -0.0341    2.3480  8  1  2.0643  1.8047  
2011    283    19380.0000    0.0016    0.0136   -0.0237    2.3477  8  1  2.0584  1.8002  
2011    283    19410.0000    0.0016    0.0115   -0.0237    2.3480  8  1  2.0525  1.7957  
2011    283    19440.0000    0.0060    0.0082   -0.0309    2.3479  7  1  2.7720  2.3409  
2011    283    19470.0000    0.0049    0.0083   -0.0241    2.3478  7  1  2.7653  2.3357  
2011    283    19500.0000    0.0024    0.0058   -0.0264    2.3478  7  1  2.7584  2.3304  
2011    283    19530.0000    0.0046    0.0067   -0.0364    2.3476  7  1  2.7514  2.3250  
2011    283    19560.0000   -0.0003    0.0109   -0.0232    2.3475  8  1  2.1533  1.8634  
2011    283    19590.0000    0.0040    0.0103   -0.0317    2.3475  8  1  2.1500  1.8607  
2011    283    19620.0000    0.0051    0.0085   -0.0284    2.3473  8  1  2.1466  1.8580  
2011    283    19650.0000    0.0026    0.0086   -0.0306    2.3474  8  1  2.1431  1.8553  
2011    283    19680.0000    0.0068    0.0086   -0.0297    2.3472  8  1  2.1395  1.8525  
2011    283    19710.0000    0.0045    0.0111   -0.0279    2.3470  8  1  2.1359  1.8496  
2011    283    19740.0000    0.0071    0.0122   -0.0225    2.3470  8  1  2.1322  1.8467  
2011    283    19770.0000    0.0063    0.0092   -0.0259    2.3470  8  1  2.1285  1.8438  
2011    283    19800.0000    0.0087    0.0040   -0.0369    2.3468  8  1  2.1247  1.8408  
2011    283    19830.0000    0.0096    0.0012   -0.0214    2.3467  9  1  1.9426  1.6933  
2011    283    19860.0000    0.0103    0.0024   -0.0244    2.3467  9  1  1.9427  1.6934  
2011    283    19890.0000    0.0071    0.0044   -0.0345    2.3467  9  1  1.9426  1.6935  
2011    283    19920.0000    0.0005    0.0096   -0.0321    2.3467  9  1  1.9425  1.6935  
2011    283    19950.0000    0.0012    0.0078   -0.0329    2.3465  9  1  1.9423  1.6934  
2011    283    19980.0000    0.0030    0.0086   -0.0312    2.3463  9  1  1.9421  1.6933  
2011    283    20010.0000   -0.0012    0.0133   -0.0272    2.3465  9  1  1.9417  1.6931  
2011    283    20040.0000    0.0013    0.0131   -0.0278    2.3464  9  1  1.9413  1.6928  
2011    283    20070.0000    0.0062    0.0137   -0.0369    2.3464  9  1  1.9408  1.6925  
2011    283    20100.0000    0.0064    0.0057   -0.0258    2.3464  9  1  1.9402  1.6921  
2011    283    20130.0000    0.0056    0.0076   -0.0284    2.3464  9  1  1.9395  1.6916  
2011    283    20160.0000    0.0057    0.0101   -0.0287    2.3465  9  1  1.9387  1.6911  
2011    283    20190.0000    0.0053    0.0064   -0.0321    2.3466  9  1  1.9379  1.6905  
2011    283    20220.0000    0.0066    0.0083   -0.0287    2.3467  9  1  1.9369  1.6899  
2011    283    20250.0000    0.0094    0.0036   -0.0358    2.3466  9  1  1.9359  1.6892  
2011    283    20280.0000    0.0071    0.0056   -0.0384    2.3467  9  1  1.9348  1.6884  
2011    283    20310.0000    0.0051    0.0107   -0.0331    2.3470  9  1  1.9337  1.6876  
2011    283    20340.0000    0.0055    0.0060   -0.0423    2.3473  9  1  1.9324  1.6867  
2011    283    20370.0000    0.0034    0.0074   -0.0390    2.3474  9  1  1.9311  1.6858  
2011    283    20400.0000    0.0027    0.0095   -0.0394    2.3472  9  1  1.9297  1.6847  
2011    283    20430.0000    0.0016    0.0017   -0.0311    2.3468  9  1  1.9282  1.6837  
2011    283    20460.0000    0.0071    0.0027   -0.0289    2.3461  9  1  1.9266  1.6825  
2011    283    20490.0000    0.0041    0.0057   -0.0228    2.3455  9  1  1.9250  1.6814  
2011    283    20520.0000    0.0002    0.0091   -0.0188    2.3452  9  1  1.9233  1.6801  
2011    283    20550.0000    0.0035    0.0124   -0.0284    2.3449  9  1  1.9215  1.6788  
2011    283    20580.0000    0.0049    0.0079   -0.0270    2.3451  9  1  1.9196  1.6774  
2011    283    20610.0000    0.0080    0.0058   -0.0272    2.3451  9  1  1.9177  1.6760  
2011    283    20640.0000    0.0017    0.0102   -0.0267    2.3449  9  1  1.9157  1.6745  
2011    283    20670.0000   -0.0023    0.0103   -0.0144    2.3445  9  1  1.9136  1.6730  
2011    283    20700.0000    0.0053    0.0076   -0.0214    2.3440  9  1  1.9115  1.6714  
2011    283    20730.0000    0.0042    0.0069   -0.0123    2.3442  9  1  1.9092  1.6698  
2011    283    20760.0000    0.0059    0.0063   -0.0160    2.3445  9  1  1.9070  1.6681  
2011    283    20790.0000    0.0105    0.0062   -0.0239    2.3445  9  1  1.9046  1.6664  
2011    283    20820.0000    0.0073    0.0033   -0.0211    2.3452  9  1  1.9022  1.6646  
2011    283    20850.0000    0.0029    0.0058   -0.0273    2.3456  9  1  1.8997  1.6627  
2011    283    20880.0000    0.0077    0.0017   -0.0275    2.3461  9  1  1.8972  1.6608  
2011    283    20910.0000    0.0072    0.0008   -0.0213    2.3461  9  1  1.8946  1.6589  
2011    283    20940.0000    0.0105    0.0014   -0.0200    2.3464  9  1  1.8919  1.6569  
2011    283    20970.0000    0.0092   -0.0010   -0.0209    2.3466  9  1  1.8892  1.6549  
2011    283    21000.0000    0.0099    0.0036   -0.0284    2.3468  9  1  1.8864  1.6528  
2011    283    21030.0000    0.0091    0.0006   -0.0196    2.3466  9  1  1.8836  1.6507  
2011    283    21060.0000    0.0052    0.0004   -0.0203    2.3458  9  1  1.8807  1.6485  
2011    283    21090.0000    0.0040    0.0073   -0.0275    2.3453  9  1  1.8778  1.6463  
2011    283    21120.0000    0.0007    0.0092   -0.0286    2.3446  9  1  1.8748  1.6441  
2011    283    21150.0000    0.0055    0.0094   -0.0285    2.3444  9  1  1.8717  1.6418  
2011    283    21180.0000    0.0047    0.0074   -0.0221    2.3445  9  1  1.8686  1.6394  
2011    283    21210.0000    0.0092    0.0055   -0.0215    2.3448  9  1  1.8655  1.6371  
2011    283    21240.0000    0.0103    0.0073   -0.0149    2.3449  9  1  1.8623  1.6347  
2011    283    21270.0000    0.0041    0.0016   -0.0081    2.3447  9  1  1.8590  1.6322  
2011    283    21300.0000    0.0122    0.0066   -0.0226    2.3450  9  1  1.8558  1.6297  
2011    283    21330.0000    0.0061    0.0095   -0.0273    2.3457  9  1  1.8524  1.6272  
2011    283    21360.0000    0.0098    0.0105   -0.0299    2.3455  9  1  1.8491  1.6247  
2011    283    21390.0000    0.0055    0.0147   -0.0213    2.3472  9  1  1.8457  1.6221  
2011    283    21420.0000    0.0174    0.0143   -0.0337    2.3479  9  1  1.8422  1.6195  
2011    283    21450.0000    0.0136    0.0104   -0.0323    2.3483  9  1  1.8387  1.6169  
2011    283    21480.0000    0.0118    0.0110   -0.0353    2.3489  9  1  1.8352  1.6142  
2011    283    21510.0000    0.0111    0.0085   -0.0310    2.3498  9  1  1.8317  1.6115  
2011    283    21540.0000    0.0083    0.0073   -0.0332    2.3504  9  1  1.8281  1.6088  
2011    283    21570.0000    0.0049    0.0094   -0.0412    2.3509  9  1  1.8245  1.6061  
2011    283    21600.0000    0.0073    0.0073   -0.0372    2.3513  9  1  1.8208  1.6033  
2011    283    21630.0000    0.0090    0.0093   -0.0417    2.3518  9  1  1.8171  1.6005  
2011    283    21660.0000    0.0007    0.0151   -0.0408    2.3516  9  1  1.8134  1.5977  
2011    283    21690.0000    0.0056    0.0158   -0.0466    2.3514  9  1  1.8097  1.5948  
2011    283    21720.0000    0.0092    0.0138   -0.0468    2.3517  9  1  1.8059  1.5920  
2011    283    21750.0000    0.0078    0.0058   -0.0337    2.3514  9  1  1.8021  1.5891  
2011    283    21780.0000    0.0076    0.0050   -0.0334    2.3512  9  1  1.7983  1.5862  
2011    283    21810.0000    0.0063    0.0076   -0.0364    2.3520  9  1  1.7945  1.5833  
2011    283    21840.0000    0.0045    0.0086   -0.0441    2.3527  9  1  1.7906  1.5804  
2011    283    21870.0000    0.0037    0.0074   -0.0407    2.3527  9  1  1.7868  1.5774  
2011    283    21900.0000    0.0087    0.0087   -0.0482    2.3529  9  1  1.7829  1.5745  
2011    283    21930.0000    0.0061    0.0153   -0.0416    2.3534  9  1  1.7790  1.5715  
2011    283    21960.0000    0.0029    0.0145   -0.0408    2.3531  9  1  1.7750  1.5685  
2011    283    21990.0000    0.0074    0.0083   -0.0390    2.3527  9  1  1.7711  1.5655  
2011    283    22020.0000    0.0034    0.0122   -0.0413    2.3532  9  1  1.7671  1.5625  
2011    283    22050.0000    0.0051    0.0095   -0.0409    2.3531  9  1  1.7632  1.5594  
2011    283    22080.0000    0.0031    0.0030   -0.0358    2.3536  9  1  1.7592  1.5564  
2011    283    22110.0000    0.0067    0.0033   -0.0422    2.3538  9  1  1.7552  1.5534  
2011    283    22140.0000    0.0068    0.0064   -0.0435    2.3546  9  1  1.7512  1.5503  
2011    283    22170.0000    0.0064    0.0061   -0.0433    2.3555  9  1  1.7472  1.5472  
2011    283    22200.0000    0.0059    0.0047   -0.0443    2.3560  9  1  1.7432  1.5442  
2011    283    22230.0000    0.0044    0.0068   -0.0427    2.3562  9  1  1.7392  1.5411  
2011    283    22260.0000    0.0114    0.0025   -0.0580    2.3567  9  1  1.7351  1.5380  
2011    283    22290.0000    0.0084    0.0079   -0.0528    2.3569  9  1  1.7311  1.5349  
2011    283    22320.0000    0.0080    0.0098   -0.0520    2.3568  9  1  1.7270  1.5318  
2011    283    22350.0000    0.0018    0.0115   -0.0447    2.3558  9  1  1.7230  1.5287  
2011    283    22380.0000    0.0033    0.0098   -0.0472    2.3554  9  1  1.7190  1.5256  
2011    283    22410.0000    0.0064    0.0128   -0.0471    2.3546  9  1  1.7149  1.5225  
2011    283    22440.0000    0.0012    0.0113   -0.0518    2.3545  9  1  1.7109  1.5194  
2011    283    22470.0000    0.0006    0.0099   -0.0440    2.3534  9  1  1.7068  1.5163  
2011    283    22500.0000    0.0029    0.0106   -0.0543    2.3530  9  1  1.7028  1.5132  
2011    283    22530.0000    0.0092    0.0100   -0.0526    2.3533  9  1  1.6987  1.5101  
2011    283    22560.0000    0.0053    0.0103   -0.0510    2.3538  9  1  1.6947  1.5070  
2011    283    22590.0000    0.0009    0.0117   -0.0538    2.3539  9  1  1.6906  1.5039  
2011    283    22620.0000    0.0067    0.0117   -0.0535    2.3540  9  1  1.6866  1.5008  
2011    283    22650.0000    0.0017    0.0082   -0.0478    2.3539  8  1  1.9097  1.6850  
2011    283    22680.0000    0.0044    0.0069   -0.0454    2.3536  8  1  1.9042  1.6807  
2011    283    22710.0000    0.0065    0.0088   -0.0451    2.3535  8  1  1.8988  1.6765  
2011    283    22740.0000    0.0045    0.0053   -0.0543    2.3531  8  1  1.8933  1.6723  
2011    283    22770.0000    0.0061    0.0087   -0.0489    2.3525  8  1  1.8879  1.6680  
2011    283    22800.0000    0.0102    0.0079   -0.0577    2.3526  7  1  2.3287  2.0623  
2011    283    22830.0000    0.0084    0.0064   -0.0491    2.3525  8  1  2.1299  1.8594  
2011    283    22860.0000    0.0048    0.0078   -0.0587    2.3523  8  1  2.1223  1.8533  
2011    283    22890.0000    0.0070    0.0073   -0.0560    2.3521  8  1  2.1148  1.8472  
2011    283    22920.0000    0.0118    0.0037   -0.0537    2.3519  8  1  2.1072  1.8411  
2011    283    22950.0000    0.0132    0.0040   -0.0586    2.3511  8  1  2.0996  1.8350  
2011    283    22980.0000    0.0147    0.0048   -0.0510    2.3512  7  1  2.3423  2.0187  
2011    283    23010.0000    0.0143    0.0022   -0.0586    2.3512  7  1  2.3381  2.0152  
2011    283    23040.0000    0.0072    0.0043   -0.0479    2.3512  7  1  2.3338  2.0117  
2011    283    23070.0000    0.0043    0.0081   -0.0499    2.3512  7  1  2.3295  2.0082  
2011    283    23100.0000    0.0036    0.0067   -0.0423    2.3512  7  1  2.3252  2.0047  
2011    283    23130.0000    0.0059    0.0091   -0.0403    2.3511  7  1  2.3207  2.0011  
2011    283    23160.0000    0.0077    0.0072   -0.0444    2.3511  8  1  1.8188  1.6132  
2011    283    23190.0000    0.0063    0.0049   -0.0463    2.3510  8  1  1.8220  1.6157  
2011    283    23220.0000    0.0018    0.0047   -0.0335    2.3510  8  1  1.8251  1.6182  
2011    283    23250.0000    0.0030    0.0034   -0.0344    2.3510  8  1  1.8282  1.6206  
2011    283    23280.0000    0.0052    0.0075   -0.0356    2.3509  8  1  1.8313  1.6230  
2011    283    23310.0000    0.0028    0.0094   -0.0460    2.3509  8  1  1.8342  1.6253  
2011    283    23340.0000    0.0058    0.0094   -0.0437    2.3509  8  1  1.8371  1.6275  
2011    283    23370.0000    0.0103    0.0054   -0.0476    2.3510  8  1  1.8400  1.6297  
2011    283    23400.0000    0.0067    0.0033   -0.0397    2.3510  8  1  1.8428  1.6319  
2011    283    23430.0000    0.0023    0.0019   -0.0448    2.3511  8  1  1.8455  1.6340  
2011    283    23460.0000    0.0046    0.0048   -0.0386    2.3510  8  1  1.8481  1.6361  
2011    283    23490.0000    0.0037    0.0053   -0.0374    2.3511  8  1  1.8507  1.6381  
2011    283    23520.0000    0.0002    0.0078   -0.0319    2.3510  8  1  1.8532  1.6400  
2011    283    23550.0000    0.0032    0.0030   -0.0364    2.3510  8  1  1.8557  1.6419  
2011    283    23580.0000    0.0056    0.0069   -0.0364    2.3509  8  1  1.8580  1.6437  
2011    283    23610.0000    0.0093    0.0012   -0.0377    2.3510  8  1  1.8603  1.6455  
2011    283    23640.0000    0.0079    0.0067   -0.0385    2.3510  8  1  1.8625  1.6472  
2011    283    23670.0000    0.0090    0.0037   -0.0417    2.3510  8  1  1.8647  1.6489  
2011    283    23700.0000    0.0043    0.0034   -0.0433    2.3511  8  1  1.8667  1.6505  
2011    283    23730.0000    0.0096    0.0087   -0.0397    2.3511  8  1  1.8687  1.6520  
2011    283    23760.0000    0.0115    0.0021   -0.0328    2.3512  8  1  1.8706  1.6535  
2011    283    23790.0000    0.0092    0.0049   -0.0346    2.3513  8  1  1.8724  1.6549  
2011    283    23820.0000    0.0044    0.0048   -0.0413    2.3515  8  1  1.8742  1.6562  
2011    283    23850.0000    0.0136    0.0042   -0.0518    2.3516  8  1  1.8758  1.6575  
2011    283    23880.0000    0.0052    0.0077   -0.0438    2.3515  8  1  1.8774  1.6587  
2011    283    23910.0000    0.0068    0.0114   -0.0435    2.3512  8  1  1.8789  1.6598  
2011    283    23940.0000    0.0071    0.0110   -0.0394    2.3508  8  1  1.8803  1.6609  
2011    283    23970.0000    0.0049    0.0062   -0.0410    2.3507  8  1  1.8816  1.6619  
2011    283    24000.0000    0.0135    0.0043   -0.0395    2.3510  9  1  1.6965  1.5147  
2011    283    24030.0000    0.0106    0.0076   -0.0429    2.3511  9  1  1.6994  1.5170  
2011    283    24060.0000    0.0125    0.0091   -0.0541    2.3514  9  1  1.7023  1.5192  
2011    283    24090.0000    0.0077    0.0032   -0.0363    2.3515  9  1  1.7051  1.5214  
2011    283    24120.0000    0.0106    0.0043   -0.0530    2.3527  9  1  1.7079  1.5236  
2011    283    24150.0000    0.0131    0.0027   -0.0486    2.3533  9  1  1.7106  1.5258  
2011    283    24180.0000    0.0110    0.0043   -0.0437    2.3537  9  1  1.7133  1.5279  
2011    283    24210.0000    0.0095    0.0051   -0.0551    2.3541  9  1  1.7159  1.5299  
2011    283    24240.0000    0.0029    0.0028   -0.0497    2.3546  9  1  1.7185  1.5320  
2011    283    24270.0000    0.0088    0.0042   -0.0519    2.3554  9  1  1.7210  1.5339  
2011    283    24300.0000    0.0128    0.0043   -0.0593    2.3564  9  1  1.7234  1.5359  
2011    283    24330.0000    0.0111    0.0063   -0.0553    2.3572  9  1  1.7259  1.5378  
2011    283    24360.0000    0.0132    0.0064   -0.0650    2.3581  9  1  1.7282  1.5396  
2011    283    24390.0000    0.0180    0.0049   -0.0694    2.3591  9  1  1.7305  1.5414  
2011    283    24420.0000    0.0102    0.0088   -0.0641    2.3594  9  1  1.7327  1.5431  
2011    283    24450.0000    0.0117    0.0096   -0.0643    2.3593  9  1  1.7349  1.5448  
2011    283    24480.0000    0.0168    0.0084   -0.0764    2.3600  9  1  1.7370  1.5465  
2011    283    24510.0000    0.0127    0.0084   -0.0588    2.3597  9  1  1.7391  1.5481  
2011    283    24540.0000    0.0083    0.0101   -0.0609    2.3597  9  1  1.7411  1.5496  
2011    283    24570.0000    0.0108    0.0096   -0.0655    2.3598  9  1  1.7430  1.5511  
2011    283    24600.0000    0.0120    0.0074   -0.0664    2.3599  9  1  1.7448  1.5525  
2011    283    24630.0000    0.0068    0.0101   -0.0568    2.3593  9  1  1.7466  1.5539  
2011    283    24660.0000    0.0048    0.0111   -0.0463    2.3588  9  1  1.7483  1.5552  
2011    283    24690.0000    0.0110    0.0117   -0.0615    2.3588  9  1  1.7500  1.5565  
2011    283    24720.0000    0.0134    0.0114   -0.0621    2.3591  9  1  1.7515  1.5577  
2011    283    24750.0000    0.0121    0.0087   -0.0647    2.3590  9  1  1.7530  1.5589  
2011    283    24780.0000    0.0096    0.0093   -0.0523    2.3584  9  1  1.7545  1.5599  
2011    283    24810.0000    0.0130    0.0101   -0.0591    2.3583  9  1  1.7558  1.5610  
2011    283    24840.0000    0.0142    0.0094   -0.0579    2.3573  9  1  1.7571  1.5620  
2011    283    24870.0000    0.0159    0.0098   -0.0618    2.3568  9  1  1.7583  1.5629  
2011    283    24900.0000    0.0065    0.0090   -0.0490    2.3565  9  1  1.7595  1.5637  
2011    283    24930.0000    0.0073    0.0111   -0.0551    2.3561  9  1  1.7605  1.5645  
2011    283    24960.0000    0.0065    0.0121   -0.0537    2.3564  9  1  1.7615  1.5652  
2011    283    24990.0000    0.0068    0.0130   -0.0518    2.3567  9  1  1.7624  1.5659  
2011    283    25020.0000    0.0079    0.0130   -0.0520    2.3568  9  1  1.7633  1.5665  
2011    283    25050.0000    0.0107    0.0154   -0.0525    2.3566  8  1  1.9906  1.7634  
2011    283    25080.0000    0.0115    0.0145   -0.0521    2.3563  9  1  1.8218  1.6151  
2011    283    25110.0000    0.0105    0.0162   -0.0528    2.3564  9  1  1.8272  1.6193  
2011    283    25140.0000    0.0125    0.0168   -0.0583    2.3563  9  1  1.8325  1.6236  
2011    283    25170.0000    0.0069    0.0149   -0.0545    2.3560  9  1  1.8379  1.6278  
2011    283    25200.0000    0.0116    0.0160   -0.0645    2.3561  9  1  1.8432  1.6321  
2011    283    25230.0000    0.0107    0.0113   -0.0579    2.3562  9  1  1.8485  1.6363  
2011    283    25260.0000    0.0206    0.0178   -0.0652    2.3563  9  1  1.8538  1.6405  
2011    283    25290.0000    0.0128    0.0131   -0.0709    2.3561  9  1  1.8591  1.6448  
2011    283    25320.0000    0.0133    0.0108   -0.0624    2.3559  9  1  1.8644  1.6490  
2011    283    25350.0000    0.0100    0.0076   -0.0466    2.3561  9  1  1.8697  1.6531  
2011    283    25380.0000    0.0158    0.0104   -0.0585    2.3559  9  1  1.8749  1.6573  
2011    283    25410.0000    0.0120    0.0141   -0.0597    2.3559  9  1  1.8801  1.6614  
2011    283    25440.0000    0.0111    0.0097   -0.0585    2.3559  9  1  1.8853  1.6656  
2011    283    25470.0000    0.0177    0.0164   -0.0599    2.3555  9  1  1.8905  1.6697  
2011    283    25500.0000    0.0233    0.0186   -0.0591    2.3556  8  1  2.0458  1.8215  
2011    283    25530.0000    0.0184    0.0140   -0.0539    2.3559  8  1  2.0515  1.8260  
2011    283    25560.0000    0.0146    0.0172   -0.0588    2.3559  8  1  2.0572  1.8305  
2011    283    25590.0000    0.0136    0.0146   -0.0571    2.3558  8  1  2.0628  1.8350  
2011    283    25620.0000    0.0175    0.0120   -0.0535    2.3557  8  1  2.0683  1.8394  
2011    283    25650.0000    0.0175    0.0119   -0.0540    2.3559  8  1  2.0738  1.8437  
2011    283    25680.0000    0.0130    0.0148   -0.0498    2.3558  8  1  2.0792  1.8480  
2011    283    25710.0000    0.0133    0.0130   -0.0569    2.3554  8  1  2.0845  1.8523  
2011    283    25740.0000    0.0175    0.0117   -0.0537    2.3552  8  1  2.0898  1.8564  
2011    283    25770.0000    0.0184    0.0103   -0.0456    2.3549  8  1  2.0949  1.8605  
2011    283    25800.0000    0.0182    0.0119   -0.0621    2.3549  8  1  2.1000  1.8646  
2011    283    25830.0000    0.0196    0.0124   -0.0572    2.3544  8  1  2.1051  1.8685  
2011    283    25860.0000    0.0258    0.0155   -0.0531    2.3536  8  1  2.1100  1.8724  
2011    283    25890.0000    0.0159    0.0139   -0.0527    2.3532  8  1  2.1148  1.8762  
2011    283    25920.0000    0.0191    0.0074   -0.0528    2.3532  8  1  2.1196  1.8800  
2011    283    25950.0000    0.0228    0.0140   -0.0573    2.3531  8  1  2.1243  1.8836  
2011    283    25980.0000    0.0187    0.0129   -0.0515    2.3523  8  1  2.1288  1.8872  
2011    283    26010.0000    0.0107    0.0097   -0.0502    2.3512  8  1  2.1333  1.8907  
2011    283    26040.0000    0.0075    0.0048   -0.0497    2.3506  8  1  2.1377  1.8942  
2011    283    26070.0000    0.0117    0.0060   -0.0539    2.3503  8  1  2.1419  1.8975  
2011    283    26100.0000    0.0150    0.0068   -0.0456    2.3503  8  1  2.1461  1.9007  
2011    283    26130.0000    0.0077    0.0114   -0.0391    2.3494  8  1  2.1501  1.9039  
2011    283    26160.0000    0.0149    0.0093   -0.0419    2.3497  8  1  2.1541  1.9069  
2011    283    26190.0000    0.0188    0.0106   -0.0412    2.3502  8  1  2.1579  1.9099  
2011    283    26220.0000    0.0201    0.0097   -0.0411    2.3512  8  1  2.1616  1.9128  
2011    283    26250.0000    0.0101    0.0059   -0.0387    2.3523  8  1  2.1652  1.9155  
2011    283    26280.0000    0.0066    0.0104   -0.0332    2.3534  8  1  2.1687  1.9182  
2011    283    26310.0000    0.0134    0.0116   -0.0472    2.3552  8  1  2.1720  1.9208  
2011    283    26340.0000    0.0083    0.0093   -0.0520    2.3562  8  1  2.1752  1.9232  
2011    283    26370.0000    0.0122    0.0138   -0.0532    2.3572  8  1  2.1783  1.9256  
2011    283    26400.0000    0.0156    0.0098   -0.0678    2.3573  8  1  2.1813  1.9278  
2011    283    26430.0000    0.0078    0.0114   -0.0600    2.3572  8  1  2.1841  1.9300  
2011    283    26460.0000    0.0132    0.0134   -0.0621    2.3570  8  1  2.1868  1.9320  
2011    283    26490.0000    0.0015    0.0099   -0.0537    2.3574  8  1  2.1894  1.9339  
2011    283    26520.0000    0.0035    0.0158   -0.0627    2.3578  8  1  2.1919  1.9358  
2011    283    26550.0000    0.0080    0.0141   -0.0558    2.3581  8  1  2.1942  1.9375  
2011    283    26580.0000    0.0055    0.0109   -0.0643    2.3587  8  1  2.1964  1.9391  
2011    283    26610.0000    0.0055    0.0120   -0.0586    2.3591  8  1  2.1984  1.9405  
2011    283    26640.0000    0.0114    0.0135   -0.0715    2.3597  8  1  2.2003  1.9419  
2011    283    26670.0000    0.0018    0.0143   -0.0507    2.3600  8  1  2.2021  1.9432  
2011    283    26700.0000    0.0067    0.0116   -0.0575    2.3609  8  1  2.2037  1.9443  
2011    283    26730.0000    0.0080    0.0170   -0.0757    2.3616  8  1  2.2052  1.9453  
2011    283    26760.0000    0.0057    0.0167   -0.0712    2.3626  8  1  2.2065  1.9462  
2011    283    26790.0000    0.0072    0.0159   -0.0680    2.3621  8  1  2.2077  1.9470  
2011    283    26820.0000    0.0057    0.0116   -0.0728    2.3618  9  1  2.0618  1.8045  
2011    283    26850.0000    0.0073    0.0141   -0.0721    2.3621  9  1  2.0636  1.8058  
2011    283    26880.0000    0.0045    0.0139   -0.0561    2.3620  9  1  2.0652  1.8071  
2011    283    26910.0000    0.0059    0.0099   -0.0681    2.3617  9  1  2.0668  1.8082  
2011    283    26940.0000    0.0022    0.0098   -0.0591    2.3612  9  1  2.0682  1.8093  
2011    283    26970.0000    0.0071    0.0134   -0.0650    2.3613  8  1  2.2969  1.9957  
2011    283    27000.0000    0.0040    0.0094   -0.0579    2.3614  8  1  2.3058  2.0026  
2011    283    27030.0000    0.0037    0.0097   -0.0640    2.3615  8  1  2.3148  2.0095  
2011    283    27060.0000    0.0026    0.0077   -0.0571    2.3614  8  1  2.3239  2.0165  
2011    283    27090.0000    0.0060    0.0122   -0.0549    2.3614  8  1  2.3330  2.0235  
2011    283    27120.0000    0.0108    0.0135   -0.0579    2.3612  8  1  2.3423  2.0307  
2011    283    27150.0000    0.0035    0.0114   -0.0617    2.3610  8  1  2.3516  2.0378  
2011    283    27180.0000    0.0044    0.0096   -0.0623    2.3612  8  1  2.3609  2.0451  
2011    283    27210.0000    0.0010    0.0103   -0.0558    2.3612  8  1  2.3703  2.0524  
2011    283    27240.0000    0.0032    0.0101   -0.0636    2.3610  8  1  2.3798  2.0597  
2011    283    27270.0000   -0.0036    0.0078   -0.0583    2.3610  8  1  2.3894  2.0671  
2011    283    27300.0000   -0.0013    0.0089   -0.0553    2.3608  8  1  2.3990  2.0745  
2011    283    27330.0000    0.0003    0.0088   -0.0603    2.3608  8  1  2.4086  2.0820  
2011    283    27360.0000    0.0018    0.0114   -0.0459    2.3609  8  1  2.4183  2.0896  
2011    283    27390.0000    0.0007    0.0119   -0.0547    2.3611  8  1  2.4280  2.0971  
2011    283    27420.0000   -0.0034    0.0107   -0.0534    2.3612  8  1  2.4378  2.1047  
2011    283    27450.0000   -0.0011    0.0137   -0.0542    2.3612  8  1  2.4476  2.1124  
2011    283    27480.0000   -0.0002    0.0116   -0.0518    2.3615  8  1  2.4574  2.1201  
2011    283    27510.0000   -0.0003    0.0139   -0.0499    2.3612  8  1  2.4673  2.1278  
2011    283    27540.0000    0.0040    0.0084   -0.0627    2.3609  8  1  2.4772  2.1355  
2011    283    27570.0000    0.0052    0.0100   -0.0688    2.3604  8  1  2.4871  2.1432  
2011    283    27600.0000   -0.0006    0.0041   -0.0671    2.3599  8  1  2.4970  2.1509  
2011    283    27630.0000   -0.0038    0.0063   -0.0565    2.3601  8  1  2.5069  2.1587  
2011    283    27660.0000   -0.0013    0.0069   -0.0668    2.3597  8  1  2.5168  2.1665  
2011    283    27690.0000   -0.0020    0.0076   -0.0591    2.3593  8  1  2.5266  2.1742  
2011    283    27720.0000    0.0060    0.0119   -0.0594    2.3594  8  1  2.5365  2.1819  
2011    283    27750.0000    0.0003    0.0132   -0.0422    2.3591  8  1  2.5463  2.1897  
2011    283    27780.0000   -0.0007    0.0122   -0.0575    2.3592  8  1  2.5561  2.1974  
2011    283    27810.0000    0.0019    0.0113   -0.0634    2.3596  8  1  2.5659  2.2050  
2011    283    27840.0000   -0.0026    0.0113   -0.0569    2.3597  8  1  2.5756  2.2127  
2011    283    27870.0000    0.0003    0.0096   -0.0543    2.3596  8  1  2.5853  2.2203  
2011    283    27900.0000    0.0017    0.0120   -0.0672    2.3600  8  1  2.5949  2.2278  
2011    283    27930.0000    0.0042    0.0126   -0.0587    2.3602  8  1  2.6044  2.2353  
2011    283    27960.0000    0.0001    0.0100   -0.0485    2.3607  8  1  2.6138  2.2428  
2011    283    27990.0000   -0.0046    0.0082   -0.0487    2.3611  8  1  2.6231  2.2501  
2011    283    28020.0000   -0.0035    0.0116   -0.0523    2.3613  8  1  2.6324  2.2574  
2011    283    28050.0000   -0.0052    0.0101   -0.0487    2.3618  9  1  2.0055  1.7748  
2011    283    28080.0000   -0.0018    0.0111   -0.0737    2.3616  9  1  2.0103  1.7786  
2011    283    28110.0000   -0.0049    0.0107   -0.0602    2.3620  9  1  2.0152  1.7824  
2011    283    28140.0000   -0.0067    0.0091   -0.0704    2.3622  9  1  2.0200  1.7861  
2011    283    28170.0000   -0.0038    0.0070   -0.0665    2.3626  9  1  2.0248  1.7899  
2011    283    28200.0000    0.0041    0.0072   -0.0712    2.3631  9  1  2.0296  1.7936  
2011    283    28230.0000   -0.0004    0.0076   -0.0695    2.3638  9  1  2.0343  1.7973  
2011    283    28260.0000    0.0077    0.0107   -0.0779    2.3644  9  1  2.0391  1.8010  
2011    283    28290.0000    0.0058    0.0129   -0.0638    2.3649  9  1  2.0437  1.8046  
2011    283    28320.0000    0.0036    0.0086   -0.0700    2.3657  9  1  2.0484  1.8083  
2011    283    28350.0000   -0.0015    0.0078   -0.0628    2.3655  9  1  2.0530  1.8119  
2011    283    28380.0000   -0.0003    0.0049   -0.0673    2.3656  9  1  2.0576  1.8154  
2011    283    28410.0000   -0.0008    0.0087   -0.0498    2.3656  9  1  2.0621  1.8189  
2011    283    28440.0000    0.0001    0.0093   -0.0602    2.3655  9  1  2.0665  1.8224  
2011    283    28470.0000    0.0011    0.0037   -0.0656    2.3655  9  1  2.0709  1.8258  
2011    283    28500.0000    0.0008    0.0028   -0.0555    2.3656  9  1  2.0752  1.8292  
2011    283    28530.0000    0.0031    0.0066   -0.0494    2.3647  9  1  2.0795  1.8325  
2011    283    28560.0000   -0.0015    0.0063   -0.0476    2.3641  9  1  2.0837  1.8358  
2011    283    28590.0000   -0.0030    0.0047   -0.0537    2.3641  9  1  2.0878  1.8390  
2011    283    28620.0000   -0.0040    0.0091   -0.0420    2.3640  9  1  2.0918  1.8422  
2011    283    28650.0000   -0.0063    0.0073   -0.0392    2.3644  9  1  2.0958  1.8453  
2011    283    28680.0000    0.0031    0.0100   -0.0566    2.3646  9  1  2.0997  1.8483  
2011    283    28710.0000    0.0016    0.0080   -0.0547    2.3643  9  1  2.1035  1.8512  
2011    283    28740.0000    0.0022    0.0039   -0.0628    2.3648  9  1  2.1072  1.8541  
2011    283    28770.0000    0.0052    0.0059   -0.0673    2.3652  8  1  2.1725  1.9135  
2011    283    28800.0000    0.0022    0.0041   -0.0551    2.3659  8  1  2.1780  1.9177  
