# col  1 -  3: year/doy/sod 
# col  4 -  7: dLat/dLon/dH/ZTD 
# col  8 - 11: TotalSatNumber/FixedWLNum/FixedL1Num/Converged 
# col 12 - 13: GDOP/PDOP 
# END OF HEADER
2011    283    28800.0000   -1.6102    0.2916    0.5467    2.9425  8  6  3  0  2.1780  1.9177  
2011    283    28830.0000   -1.4689   -0.0049    2.4293    2.1659  8  6  2  0  2.1835  1.9219  
2011    283    28860.0000   -1.6724    0.1669    2.8032    2.2636  8  6  0  0  2.1889  1.9260  
2011    283    28890.0000   -0.8548    0.1753    1.2936    2.1538  8  7  2  0  2.1943  1.9302  
2011    283    28920.0000   -0.8963    0.2533    1.4548    2.2679  8  7  4  0  2.1996  1.9342  
2011    283    28950.0000   -0.8030    0.1163    1.3461    2.2932  8  8  3  0  2.2049  1.9383  
2011    283    28980.0000   -0.7146    0.0880    0.9846    2.3584  8  7  4  0  2.2101  1.9423  
2011    283    29010.0000   -0.6055    0.1574    0.9608    2.3870  8  7  0  0  2.2153  1.9463  
2011    283    29040.0000   -0.4210    0.0779    0.6606    2.3712  9  6  3  0  2.1380  1.8779  
2011    283    29070.0000   -0.1577   -0.0847   -0.0997    2.4303  9  7  7  0  2.1404  1.8798  
2011    283    29100.0000   -0.1586   -0.0867   -0.1102    2.4343  9  7  7  0  2.1427  1.8815  
2011    283    29130.0000   -0.1650   -0.0838   -0.1000    2.4374  9  7  7  0  2.1448  1.8831  
2011    283    29160.0000   -0.1663   -0.0820   -0.0973    2.4330  9  7  7  0  2.1468  1.8846  
2011    283    29190.0000   -0.1619   -0.0860   -0.1067    2.4360  9  8  8  0  2.1486  1.8860  
2011    283    29220.0000   -0.1640   -0.0819   -0.1090    2.4358  9  8  8  0  2.1503  1.8872  
2011    283    29250.0000   -0.1653   -0.0847   -0.0944    2.4351  9  8  8  0  2.1518  1.8884  
2011    283    29280.0000   -0.1611   -0.0853   -0.0980    2.4344  9  8  8  0  2.1532  1.8894  
2011    283    29310.0000   -0.1638   -0.0856   -0.0935    2.4339  9  8  8  0  2.1544  1.8902  
2011    283    29340.0000   -0.0298   -0.0973   -0.2124    2.4496  9  8  4  0  2.1555  1.8910  
2011    283    29370.0000   -0.0315   -0.1011   -0.1897    2.4438  9  8  4  0  2.1564  1.8916  
2011    283    29400.0000   -0.0442   -0.0950   -0.1022    2.4216  9  8  5  0  2.1572  1.8921  
2011    283    29430.0000   -0.0336   -0.0996   -0.1749    2.4323  9  8  4  0  2.1577  1.8925  
2011    283    29460.0000   -0.0323   -0.1018   -0.1600    2.4248  9  7  4  0  2.1582  1.8927  
2011    283    29490.0000   -0.0453   -0.0965   -0.0689    2.4062  9  7  5  0  2.1584  1.8928  
2011    283    29520.0000   -0.0415   -0.1011   -0.0588    2.4028  9  7  5  0  2.1585  1.8928  
2011    283    29550.0000   -0.0460   -0.1012   -0.0662    2.4040  9  8  5  0  2.1585  1.8926  
2011    283    29580.0000   -0.0448   -0.0998   -0.0640    2.4031  9  8  5  0  2.1582  1.8923  
2011    283    29610.0000   -0.0328   -0.1042   -0.1222    2.4141  9  8  4  0  2.1578  1.8919  
2011    283    29640.0000   -0.0288   -0.1060   -0.1436    2.4173  9  8  4  0  2.1573  1.8913  
2011    283    29670.0000   -0.0261   -0.1015   -0.1402    2.4183  9  8  4  0  2.1565  1.8906  
2011    283    29700.0000   -0.0270   -0.0959   -0.1219    2.4151  9  8  4  0  2.1556  1.8898  
2011    283    29730.0000   -0.0281   -0.0989   -0.1259    2.4124  9  8  4  0  2.1546  1.8888  
2011    283    29760.0000   -0.0316   -0.1011   -0.1206    2.4103  9  8  4  0  2.1533  1.8877  
2011    283    29790.0000   -0.0291   -0.1007   -0.1156    2.4063  9  7  4  0  2.1520  1.8865  
2011    283    29820.0000   -0.0306   -0.1008   -0.1149    2.4055  9  8  4  0  2.1504  1.8851  
2011    283    29850.0000   -0.0760    0.0234   -0.0229    2.3909  9  8  0  0  2.1487  1.8836  
2011    283    29880.0000   -0.0800    0.0282   -0.0243    2.3904  9  8  0  0  2.1468  1.8820  
2011    283    29910.0000   -0.0818    0.0308    0.0032    2.3886  9  8  0  0  2.1448  1.8803  
2011    283    29940.0000   -0.1119    0.0555    0.0693    2.3843  9  8  0  0  2.1426  1.8784  
2011    283    29970.0000   -0.0736   -0.0018    0.0310    2.3887  10  8  2  0  1.8659  1.6608  
2011    283    30000.0000   -0.0721    0.0043    0.0280    2.3868  10  8  2  0  1.8656  1.6603  
2011    283    30030.0000   -0.0997    0.0161    0.0774    2.3835  10  8  2  0  1.8652  1.6598  
2011    283    30060.0000   -0.1242    0.0380    0.1352    2.3798  10  8  3  0  1.8647  1.6592  
2011    283    30090.0000   -0.1288    0.0388    0.1477    2.3793  10  8  3  0  1.8640  1.6586  
2011    283    30120.0000   -0.1282    0.0352    0.1362    2.3796  10  8  3  0  1.8633  1.6578  
2011    283    30150.0000   -0.1241    0.0375    0.1348    2.3800  10  8  3  0  1.8624  1.6569  
2011    283    30180.0000   -0.1186    0.0393    0.1342    2.3804  10  8  3  0  1.8614  1.6559  
2011    283    30210.0000   -0.1146    0.0400    0.1273    2.3819  10  8  3  0  1.8603  1.6549  
2011    283    30240.0000   -0.0903    0.0248    0.0880    2.3844  10  8  2  0  1.8591  1.6537  
2011    283    30270.0000   -0.1059    0.0374    0.1194    2.3823  10  8  3  0  1.8578  1.6525  
2011    283    30300.0000   -0.0876    0.0246    0.0792    2.3832  10  8  2  0  1.8564  1.6512  
2011    283    30330.0000   -0.0754    0.0200    0.0605    2.3840  10  8  2  0  1.8548  1.6498  
2011    283    30360.0000   -0.0616    0.0212    0.0312    2.3825  10  8  2  0  1.8532  1.6483  
2011    283    30390.0000   -0.0533    0.0138    0.0207    2.3827  10  8  2  0  1.8515  1.6467  
2011    283    30420.0000   -0.0384    0.0039   -0.0019    2.3834  10  8  2  1  1.8497  1.6451  
2011    283    30450.0000   -0.0160   -0.0048   -0.0400    2.3838  10  8  4  1  1.8477  1.6434  
2011    283    30480.0000   -0.0185    0.0016   -0.0286    2.3815  10  8  4  1  1.8457  1.6416  
2011    283    30510.0000   -0.0253   -0.0005   -0.0306    2.3816  10  7  4  1  1.8436  1.6397  
2011    283    30540.0000   -0.0144   -0.0107   -0.0501    2.3824  10  8  3  1  1.8414  1.6378  
2011    283    30570.0000   -0.0163   -0.0087   -0.0539    2.3825  10  8  3  1  1.8391  1.6358  
2011    283    30600.0000   -0.0170   -0.0060   -0.0480    2.3816  10  8  3  1  1.8367  1.6337  
2011    283    30630.0000   -0.0193   -0.0046   -0.0451    2.3816  10  8  3  1  1.8342  1.6315  
2011    283    30660.0000   -0.0180   -0.0088   -0.0359    2.3821  10  8  3  1  1.8317  1.6293  
2011    283    30690.0000   -0.0159   -0.0066   -0.0278    2.3817  10  9  3  1  1.8291  1.6270  
2011    283    30720.0000   -0.0165   -0.0090   -0.0284    2.3817  10  9  3  1  1.8264  1.6247  
2011    283    30750.0000   -0.0161   -0.0111   -0.0345    2.3816  10  9  3  1  1.8236  1.6223  
2011    283    30780.0000   -0.0170   -0.0124   -0.0407    2.3814  9  8  3  1  2.1146  1.8653  
2011    283    30810.0000   -0.0124   -0.0098   -0.0353    2.3816  9  8  3  1  2.1142  1.8649  
2011    283    30840.0000   -0.0093   -0.0087   -0.0394    2.3816  9  8  3  1  2.1138  1.8644  
2011    283    30870.0000   -0.0110   -0.0070   -0.0313    2.3821  9  8  3  1  2.1134  1.8640  
2011    283    30900.0000   -0.0104   -0.0054   -0.0368    2.3819  9  8  3  1  2.1129  1.8635  
2011    283    30930.0000   -0.0061   -0.0140   -0.0424    2.3823  9  8  4  1  2.1124  1.8630  
2011    283    30960.0000   -0.0081   -0.0167   -0.0444    2.3825  9  8  4  1  2.1119  1.8625  
2011    283    30990.0000   -0.0129   -0.0153   -0.0380    2.3829  9  8  4  1  2.1113  1.8619  
2011    283    31020.0000   -0.0196    0.0081   -0.0422    2.3894  9  8  7  1  2.1107  1.8614  
2011    283    31050.0000   -0.0145    0.0083   -0.0452    2.3896  9  8  7  1  2.1101  1.8608  
2011    283    31080.0000   -0.0191    0.0101   -0.0463    2.3898  9  8  7  1  2.1095  1.8603  
2011    283    31110.0000   -0.0161    0.0121   -0.0417    2.3899  9  8  7  1  2.1089  1.8597  
2011    283    31140.0000   -0.0263    0.0200   -0.0072    2.3778  9  8  5  1  2.1082  1.8591  
2011    283    31170.0000   -0.0159    0.0175   -0.0117    2.3771  9  8  5  1  2.1075  1.8585  
2011    283    31200.0000   -0.0178    0.0181   -0.0093    2.3762  9  8  5  1  2.1068  1.8580  
2011    283    31230.0000   -0.0293    0.0251   -0.0062    2.3770  9  8  4  1  2.1061  1.8574  
2011    283    31260.0000   -0.0221    0.0226   -0.0047    2.3758  9  8  5  1  2.1054  1.8568  
2011    283    31290.0000   -0.0317    0.0264    0.0029    2.3761  9  8  4  1  2.1047  1.8562  
2011    283    31320.0000   -0.0141    0.0114   -0.0249    2.3730  9  9  5  1  2.1039  1.8556  
2011    283    31350.0000   -0.0099    0.0118   -0.0322    2.3732  9  9  5  1  2.1032  1.8550  
2011    283    31380.0000   -0.0138    0.0098   -0.0264    2.3728  9  9  5  1  2.1025  1.8545  
2011    283    31410.0000   -0.0157    0.0088   -0.0188    2.3719  9  9  5  1  2.1017  1.8539  
2011    283    31440.0000   -0.0180    0.0089   -0.0186    2.3718  9  9  5  1  2.1010  1.8533  
2011    283    31470.0000   -0.0144    0.0101   -0.0146    2.3714  9  9  5  1  2.1002  1.8528  
2011    283    31500.0000   -0.0135    0.0073   -0.0070    2.3716  9  9  5  1  2.0995  1.8522  
2011    283    31530.0000   -0.0271    0.0100   -0.0125    2.3783  9  9  5  1  2.0987  1.8517  
2011    283    31560.0000   -0.0182    0.0129   -0.0316    2.3831  9  9  8  1  2.0980  1.8512  
2011    283    31590.0000   -0.0281    0.0107   -0.0104    2.3788  9  9  5  1  2.0973  1.8507  
2011    283    31620.0000   -0.0095    0.0058   -0.0248    2.3728  9  9  5  1  2.0965  1.8502  
2011    283    31650.0000   -0.0170    0.0047   -0.0247    2.3807  9  9  6  1  2.0958  1.8497  
2011    283    31680.0000   -0.0052    0.0033   -0.0228    2.3726  9  9  5  1  2.0951  1.8492  
2011    283    31710.0000   -0.0123    0.0106   -0.0414    2.3816  9  9  8  1  2.0944  1.8488  
2011    283    31740.0000   -0.0132    0.0081   -0.0384    2.3810  9  9  8  1  2.0937  1.8483  
2011    283    31770.0000   -0.0246   -0.0845    0.0996    2.3496  9  9  8  1  2.0930  1.8479  
2011    283    31800.0000   -0.0194   -0.0898    0.1104    2.3487  9  9  8  1  2.0924  1.8475  
2011    283    31830.0000   -0.0204   -0.0915    0.1069    2.3480  9  9  8  1  2.0917  1.8472  
2011    283    31860.0000   -0.0221   -0.0890    0.1126    2.3473  9  9  8  1  2.0911  1.8468  
2011    283    31890.0000   -0.0207   -0.0900    0.1154    2.3467  9  9  8  1  2.0905  1.8465  
2011    283    31920.0000   -0.0160   -0.0889    0.1142    2.3466  9  9  8  1  2.0899  1.8462  
2011    283    31950.0000   -0.0173   -0.0872    0.1196    2.3462  9  9  8  1  2.0893  1.8459  
2011    283    31980.0000   -0.0231   -0.0894    0.1130    2.3457  9  9  8  1  2.0887  1.8456  
2011    283    32010.0000   -0.0186   -0.0884    0.1276    2.3446  9  9  8  1  2.0882  1.8454  
2011    283    32040.0000   -0.0247   -0.0346    0.0546    2.3661  8  8  2  1  2.4018  2.0834  
2011    283    32070.0000   -0.0289   -0.0345    0.0585    2.3661  8  8  2  1  2.3995  2.0817  
2011    283    32100.0000   -0.0260   -0.0350    0.0671    2.3661  8  8  2  1  2.3971  2.0800  
2011    283    32130.0000   -0.0300   -0.0122    0.0593    2.3673  8  8  3  1  2.3948  2.0783  
2011    283    32160.0000   -0.0236   -0.0075    0.0603    2.3673  8  8  4  1  2.3924  2.0766  
2011    283    32190.0000   -0.0204   -0.0054    0.0595    2.3673  8  8  4  1  2.3901  2.0750  
2011    283    32220.0000   -0.0198   -0.0064    0.0650    2.3674  8  8  4  1  2.3877  2.0733  
2011    283    32250.0000   -0.0205   -0.0051    0.0537    2.3675  8  8  4  1  2.3853  2.0716  
2011    283    32280.0000   -0.0176   -0.0067    0.0494    2.3675  8  8  4  1  2.3829  2.0700  
2011    283    32310.0000   -0.0258   -0.0043    0.0381    2.3672  8  8  4  1  2.3806  2.0683  
2011    283    32340.0000   -0.0325   -0.0300    0.0589    2.3658  8  8  2  1  2.3782  2.0667  
2011    283    32370.0000   -0.0299   -0.0328    0.0618    2.3653  8  8  2  1  2.3758  2.0651  
2011    283    32400.0000   -0.0363   -0.0338    0.0601    2.3647  8  8  2  1  2.3735  2.0634  
2011    283    32430.0000   -0.0281   -0.0317    0.0713    2.3645  8  8  2  1  2.3711  2.0619  
2011    283    32460.0000   -0.0339   -0.0068    0.0574    2.3656  8  8  3  1  2.3688  2.0603  
2011    283    32490.0000   -0.0357   -0.0048    0.0686    2.3652  8  8  3  1  2.3664  2.0587  
2011    283    32520.0000   -0.0345   -0.0032    0.0673    2.3647  8  8  3  1  2.3641  2.0572  
2011    283    32550.0000   -0.0262   -0.0029    0.0573    2.3634  8  8  4  1  2.3618  2.0557  
2011    283    32580.0000   -0.0316   -0.0043    0.0826    2.3640  8  8  3  1  2.3595  2.0542  
2011    283    32610.0000   -0.0330   -0.0081    0.0906    2.3638  8  8  3  1  2.3573  2.0527  
2011    283    32640.0000   -0.0386   -0.0099    0.0865    2.3644  8  8  3  1  2.3550  2.0513  
2011    283    32670.0000   -0.0346   -0.0102    0.0850    2.3650  8  8  3  1  2.3528  2.0499  
2011    283    32700.0000   -0.0246   -0.0044    0.0527    2.3638  8  8  4  1  2.3505  2.0485  
2011    283    32730.0000   -0.0200   -0.0040    0.0602    2.3632  8  8  4  1  2.3483  2.0471  
2011    283    32760.0000   -0.0206   -0.0039    0.0597    2.3626  8  8  4  1  2.3461  2.0457  
2011    283    32790.0000   -0.0141   -0.0964    0.1552    2.3394  8  8  6  1  2.3440  2.0444  
2011    283    32820.0000   -0.0281   -0.0119    0.0599    2.3617  8  8  4  1  2.3418  2.0431  
2011    283    32850.0000   -0.0180   -0.0085    0.0592    2.3618  8  8  4  1  2.3397  2.0418  
2011    283    32880.0000   -0.0244   -0.0067    0.0530    2.3620  8  8  4  1  2.3376  2.0406  
2011    283    32910.0000   -0.0206   -0.0118    0.0550    2.3627  8  8  4  1  2.3355  2.0394  
2011    283    32940.0000   -0.0107    0.0016   -0.0049    2.3725  8  8  5  1  2.3334  2.0382  
2011    283    32970.0000   -0.0086    0.0083   -0.0065    2.3724  8  8  5  1  2.3314  2.0370  
2011    283    33000.0000   -0.0105    0.0054    0.0038    2.3727  8  8  5  1  2.3294  2.0358  
2011    283    33030.0000   -0.0136    0.0069    0.0029    2.3726  8  8  5  1  2.3274  2.0347  
2011    283    33060.0000   -0.0181   -0.0009   -0.0007    2.3727  8  8  5  1  2.3254  2.0336  
2011    283    33090.0000   -0.0132    0.0051   -0.0042    2.3726  8  8  5  1  2.3234  2.0325  
2011    283    33120.0000   -0.0147    0.0052   -0.0047    2.3725  8  8  5  1  2.3215  2.0314  
2011    283    33150.0000   -0.0180    0.0076   -0.0125    2.3723  8  8  5  1  2.3195  2.0304  
2011    283    33180.0000   -0.0208    0.0125   -0.0143    2.3718  8  8  5  1  2.3176  2.0293  
2011    283    33210.0000   -0.0145   -0.0833    0.1460    2.3427  8  8  6  1  2.3157  2.0283  
2011    283    33240.0000   -0.0111   -0.0902    0.1429    2.3430  8  8  6  1  2.3138  2.0273  
2011    283    33270.0000   -0.0159   -0.0919    0.1427    2.3429  8  8  6  1  2.3120  2.0264  
2011    283    33300.0000   -0.0161   -0.0938    0.1608    2.3430  8  8  6  1  2.3101  2.0254  
2011    283    33330.0000   -0.0022   -0.0937    0.1489    2.3437  8  8  6  1  2.3083  2.0245  
2011    283    33360.0000   -0.0055   -0.0900    0.1603    2.3447  8  8  6  1  2.3065  2.0235  
2011    283    33390.0000    0.0001    0.0079   -0.0012    2.3702  8  8  5  1  2.3046  2.0226  
2011    283    33420.0000   -0.0025    0.0122    0.0005    2.3715  8  8  6  1  2.3028  2.0217  
2011    283    33450.0000   -0.0032    0.0098   -0.0097    2.3728  8  8  6  1  2.3010  2.0208  
2011    283    33480.0000   -0.0071    0.0038   -0.0045    2.3736  8  8  6  1  2.2992  2.0199  
2011    283    33510.0000   -0.0087    0.0035   -0.0022    2.3733  8  8  6  1  2.2975  2.0191  
2011    283    33540.0000   -0.0055    0.0025   -0.0046    2.3729  8  8  6  1  2.2957  2.0182  
2011    283    33570.0000   -0.0027    0.0058   -0.0143    2.3724  8  8  6  1  2.2939  2.0173  
2011    283    33600.0000    0.0045    0.0061    0.0056    2.3716  8  8  6  1  2.2921  2.0165  
2011    283    33630.0000   -0.0033    0.0038    0.0097    2.3706  8  8  6  1  2.2903  2.0156  
2011    283    33660.0000   -0.0009    0.0114    0.0096    2.3698  8  8  6  1  2.2886  2.0147  
2011    283    33690.0000   -0.0048    0.0067    0.0039    2.3693  8  8  6  1  2.2868  2.0139  
2011    283    33720.0000    0.0030    0.0094    0.0122    2.3679  8  8  6  1  2.2850  2.0130  
2011    283    33750.0000   -0.0063    0.0092    0.0113    2.3668  8  8  6  1  2.2832  2.0121  
2011    283    33780.0000   -0.0055    0.0056    0.0005    2.3659  9  8  6  1  2.2084  1.9521  
2011    283    33810.0000   -0.0032    0.0078    0.0146    2.3650  9  8  6  1  2.2095  1.9531  
2011    283    33840.0000    0.0007    0.0028    0.0329    2.3635  9  8  6  1  2.2104  1.9540  
2011    283    33870.0000    0.0064    0.0074    0.0300    2.3620  9  8  6  1  2.2112  1.9547  
2011    283    33900.0000   -0.0002    0.0061    0.0331    2.3615  9  8  6  1  2.2117  1.9552  
2011    283    33930.0000   -0.0041    0.0038    0.0291    2.3617  9  8  6  1  2.2121  1.9556  
2011    283    33960.0000    0.0042    0.0077    0.0247    2.3633  8  7  5  1  2.3214  2.0389  
2011    283    33990.0000    0.0015    0.0090    0.0222    2.3630  8  7  5  1  2.3231  2.0402  
2011    283    34020.0000    0.0053    0.0050    0.0182    2.3630  8  7  5  1  2.3246  2.0413  
2011    283    34050.0000    0.0028    0.0044    0.0171    2.3630  8  7  5  1  2.3260  2.0423  
2011    283    34080.0000   -0.0039    0.0047    0.0303    2.3632  8  7  5  1  2.3271  2.0431  
2011    283    34110.0000   -0.0027    0.0029    0.0244    2.3633  8  7  5  1  2.3281  2.0438  
2011    283    34140.0000   -0.0078   -0.0012    0.0252    2.3632  8  7  5  1  2.3289  2.0443  
2011    283    34170.0000   -0.0079    0.0013    0.0191    2.3629  8  7  5  1  2.3295  2.0446  
2011    283    34200.0000   -0.0066    0.0010    0.0082    2.3625  8  7  5  1  2.3299  2.0448  
2011    283    34230.0000   -0.0067    0.0007    0.0060    2.3622  8  7  5  1  2.3301  2.0449  
2011    283    34260.0000   -0.0021    0.0035    0.0159    2.3617  8  7  5  1  2.3301  2.0448  
2011    283    34290.0000   -0.0034    0.0002    0.0185    2.3615  8  7  5  1  2.3300  2.0445  
2011    283    34320.0000   -0.0094   -0.0012    0.0216    2.3617  8  7  5  1  2.3296  2.0440  
2011    283    34350.0000   -0.0005    0.0011    0.0257    2.3622  8  7  5  1  2.3291  2.0434  
2011    283    34380.0000   -0.0019    0.0054    0.0249    2.3625  8  7  5  1  2.3284  2.0427  
2011    283    34410.0000   -0.0054    0.0050    0.0165    2.3627  8  7  5  1  2.3274  2.0418  
2011    283    34440.0000   -0.0092    0.0020    0.0159    2.3628  8  7  5  1  2.3263  2.0407  
2011    283    34470.0000   -0.0163    0.0050    0.0165    2.3630  8  7  5  1  2.3250  2.0395  
2011    283    34500.0000   -0.0042    0.0023    0.0303    2.3635  8  7  5  1  2.3235  2.0381  
2011    283    34530.0000   -0.0079    0.0053    0.0169    2.3635  8  7  5  1  2.3218  2.0365  
2011    283    34560.0000   -0.0029    0.0047    0.0269    2.3638  8  7  5  1  2.3200  2.0348  
2011    283    34590.0000   -0.0110    0.0028    0.0256    2.3646  8  7  5  1  2.3179  2.0329  
2011    283    34620.0000   -0.0022    0.0048    0.0126    2.3656  8  7  5  1  2.3156  2.0309  
2011    283    34650.0000   -0.0030    0.0057    0.0248    2.3667  8  7  5  1  2.3132  2.0288  
2011    283    34680.0000   -0.0072    0.0063    0.0289    2.3675  8  7  5  1  2.3106  2.0264  
2011    283    34710.0000   -0.0049    0.0016    0.0267    2.3681  8  7  5  1  2.3078  2.0240  
2011    283    34740.0000   -0.0129    0.0049    0.0146    2.3681  8  7  5  1  2.3048  2.0214  
2011    283    34770.0000   -0.0119    0.0027    0.0101    2.3685  8  7  5  1  2.3017  2.0186  
2011    283    34800.0000   -0.0054   -0.0014    0.0212    2.3689  8  7  5  1  2.2984  2.0157  
2011    283    34830.0000   -0.0025    0.0036    0.0101    2.3691  8  7  5  1  2.2949  2.0127  
2011    283    34860.0000    0.0036    0.0022    0.0027    2.3690  8  7  5  1  2.2912  2.0095  
2011    283    34890.0000   -0.0007    0.0014    0.0074    2.3690  8  6  5  1  2.2874  2.0062  
2011    283    34920.0000   -0.0067    0.0032    0.0026    2.3691  8  6  5  1  2.2835  2.0027  
2011    283    34950.0000   -0.0093    0.0035    0.0175    2.3697  8  6  5  1  2.2793  1.9992  
2011    283    34980.0000   -0.0119    0.0055    0.0255    2.3702  8  7  5  1  2.2751  1.9955  
2011    283    35010.0000   -0.0177    0.0053    0.0252    2.3718  8  6  5  1  2.2706  1.9917  
2011    283    35040.0000   -0.0083    0.0076    0.0043    2.3726  8  7  5  1  2.2661  1.9877  
2011    283    35070.0000   -0.0089    0.0034    0.0025    2.3732  8  6  5  1  2.2614  1.9837  
2011    283    35100.0000   -0.0032    0.0034   -0.0014    2.3734  8  7  5  1  2.2565  1.9796  
2011    283    35130.0000   -0.0028    0.0070   -0.0122    2.3743  8  7  5  1  2.2516  1.9753  
2011    283    35160.0000   -0.0056    0.0045   -0.0088    2.3744  8  7  5  1  2.2465  1.9709  
2011    283    35190.0000   -0.0071    0.0034   -0.0052    2.3745  8  7  5  1  2.2412  1.9665  
2011    283    35220.0000   -0.0126    0.0060    0.0025    2.3757  8  7  5  1  2.2359  1.9619  
2011    283    35250.0000   -0.0043    0.0048    0.0021    2.3764  8  7  5  1  2.2304  1.9573  
2011    283    35280.0000   -0.0054    0.0023    0.0060    2.3776  8  7  5  1  2.2249  1.9525  
2011    283    35310.0000   -0.0045   -0.0005   -0.0049    2.3789  8  7  5  1  2.2192  1.9477  
2011    283    35340.0000    0.0002    0.0019   -0.0136    2.3796  8  7  5  1  2.2134  1.9428  
2011    283    35370.0000   -0.0106   -0.0077   -0.0241    2.3794  8  7  5  1  2.2076  1.9378  
2011    283    35400.0000   -0.0020   -0.0058   -0.0137    2.3797  8  7  5  1  2.2016  1.9327  
2011    283    35430.0000    0.0046    0.0082    0.0177    2.3829  8  7  5  1  2.1955  1.9276  
2011    283    35460.0000    0.0072    0.0159    0.0172    2.3869  8  7  5  1  2.1894  1.9224  
2011    283    35490.0000    0.0021    0.0120   -0.0086    2.3907  8  7  5  1  2.1832  1.9172  
2011    283    35520.0000    0.0016    0.0090   -0.0096    2.3949  8  7  5  1  2.1769  1.9119  
2011    283    35550.0000   -0.0025    0.0065   -0.0161    2.3981  8  7  5  1  2.1706  1.9065  
2011    283    35580.0000   -0.0005    0.0057   -0.0297    2.4013  8  7  5  1  2.1642  1.9011  
2011    283    35610.0000    0.0021    0.0061   -0.0322    2.4039  8  7  5  1  2.1577  1.8956  
2011    283    35640.0000    0.0026    0.0100   -0.0493    2.4065  8  7  5  1  2.1511  1.8901  
2011    283    35670.0000    0.0047    0.0125   -0.0696    2.4090  8  7  5  1  2.1446  1.8846  
2011    283    35700.0000    0.0051    0.0144   -0.0594    2.4115  8  7  5  1  2.1379  1.8790  
2011    283    35730.0000    0.0041    0.0148   -0.0596    2.4138  8  7  5  1  2.1312  1.8734  
2011    283    35760.0000    0.0029    0.0163   -0.0727    2.4156  8  7  5  1  2.1245  1.8678  
2011    283    35790.0000    0.0048    0.0170   -0.0849    2.4182  8  7  6  1  2.1178  1.8621  
2011    283    35820.0000    0.0058    0.0181   -0.0933    2.4201  8  7  6  1  2.1110  1.8564  
2011    283    35850.0000   -0.0009    0.0146   -0.1019    2.4216  8  7  6  1  2.1042  1.8507  
2011    283    35880.0000    0.0004    0.0135   -0.1070    2.4226  8  7  6  1  2.0973  1.8450  
2011    283    35910.0000    0.0034    0.0107   -0.1148    2.4238  8  7  6  1  2.0905  1.8392  
2011    283    35940.0000    0.0003    0.0070   -0.1265    2.4242  8  7  6  1  2.0836  1.8335  
2011    283    35970.0000    0.0071    0.0068   -0.1263    2.4252  8  7  6  1  2.0767  1.8277  
2011    283    36000.0000    0.0121    0.0038   -0.1325    2.4262  8  7  6  1  2.0698  1.8220  
2011    283    36030.0000    0.0083    0.0063   -0.1331    2.4266  8  7  6  1  2.0629  1.8162  
2011    283    36060.0000    0.0083    0.0096   -0.1378    2.4266  8  7  6  1  2.0560  1.8105  
2011    283    36090.0000    0.0111    0.0136   -0.1306    2.4274  8  7  6  1  2.0491  1.8047  
2011    283    36120.0000    0.0155    0.0143   -0.1398    2.4284  8  7  6  1  2.0422  1.7989  
2011    283    36150.0000    0.0252    0.0153   -0.1415    2.4264  8  7  5  1  2.0353  1.7932  
2011    283    36180.0000    0.0276    0.0201   -0.1310    2.4267  8  7  5  1  2.0284  1.7875  
2011    283    36210.0000    0.0135    0.0201   -0.1459    2.4306  8  7  6  1  2.0215  1.7818  
2011    283    36240.0000    0.0086    0.0147   -0.1465    2.4308  8  7  6  1  2.0146  1.7761  
2011    283    36270.0000    0.0078    0.0145   -0.1459    2.4312  8  7  6  1  2.0078  1.7704  
2011    283    36300.0000    0.0136    0.0152   -0.1550    2.4320  8  8  6  1  2.0009  1.7647  
2011    283    36330.0000    0.0175    0.0125   -0.1724    2.4327  8  8  6  1  1.9941  1.7591  
2011    283    36360.0000    0.0142    0.0071   -0.1824    2.4322  8  8  6  1  1.9873  1.7534  
2011    283    36390.0000    0.0197    0.0127   -0.1824    2.4322  8  8  6  1  1.9806  1.7478  
2011    283    36420.0000    0.0252    0.0063   -0.1926    2.4310  8  8  6  1  1.9738  1.7423  
2011    283    36450.0000    0.0182    0.0085   -0.1801    2.4303  8  8  6  1  1.9671  1.7367  
2011    283    36480.0000    0.0278    0.0067   -0.1876    2.4298  8  8  6  1  1.9604  1.7312  
2011    283    36510.0000    0.0489   -0.0264   -0.2834    2.4472  8  8  4  1  1.9538  1.7258  
2011    283    36540.0000    0.0508   -0.0225   -0.2727    2.4467  7  7  4  1  2.7029  2.2891  
2011    283    36570.0000    0.0526   -0.0239   -0.2713    2.4461  7  7  4  1  2.7034  2.2891  
2011    283    36600.0000    0.0521   -0.0222   -0.2599    2.4456  7  7  4  1  2.7038  2.2891  
2011    283    36630.0000    0.0498   -0.0283   -0.2558    2.4451  7  7  4  1  2.7042  2.2891  
2011    283    36660.0000    0.0478   -0.0284   -0.2501    2.4446  7  7  4  1  2.7045  2.2890  
2011    283    36690.0000    0.0497   -0.0261   -0.2467    2.4444  7  7  4  1  2.7048  2.2888  
2011    283    36720.0000    0.0479   -0.0238   -0.2469    2.4439  7  7  4  1  2.7050  2.2887  
2011    283    36750.0000    0.0487   -0.0277   -0.2451    2.4429  7  7  4  1  2.7051  2.2885  
2011    283    36780.0000    0.0534   -0.0272   -0.2522    2.4423  7  7  4  1  2.7052  2.2883  
2011    283    36810.0000    0.0575   -0.0305   -0.2710    2.4415  7  7  4  1  2.7052  2.2880  
2011    283    36840.0000    0.0562   -0.0246   -0.2653    2.4409  7  7  4  1  2.7051  2.2877  
2011    283    36870.0000    0.0551   -0.0281   -0.2635    2.4403  7  7  4  1  2.7050  2.2874  
2011    283    36900.0000    0.0556   -0.0244   -0.2569    2.4397  7  7  4  1  2.7049  2.2870  
2011    283    36930.0000    0.0572   -0.0216   -0.2502    2.4396  7  7  4  1  2.7046  2.2866  
2011    283    36960.0000    0.0542   -0.0244   -0.2523    2.4393  7  7  4  1  2.7043  2.2862  
2011    283    36990.0000    0.0580   -0.0257   -0.2512    2.4388  7  7  4  1  2.7040  2.2857  
2011    283    37020.0000    0.0593   -0.0224   -0.2484    2.4383  7  7  4  1  2.7036  2.2852  
2011    283    37050.0000    0.0573   -0.0282   -0.2488    2.4376  7  7  4  1  2.7031  2.2846  
2011    283    37080.0000    0.0500   -0.0277   -0.2416    2.4370  7  7  4  1  2.7025  2.2840  
2011    283    37110.0000    0.0546   -0.0249   -0.2517    2.4365  7  7  4  1  2.7019  2.2834  
2011    283    37140.0000    0.0558   -0.0251   -0.2473    2.4362  7  7  4  1  2.7013  2.2828  
2011    283    37170.0000    0.0609   -0.0256   -0.2723    2.4360  7  7  4  1  2.7005  2.2821  
2011    283    37200.0000    0.0594   -0.0283   -0.2791    2.4357  7  7  4  1  2.6997  2.2813  
2011    283    37230.0000    0.0544   -0.0254   -0.2605    2.4353  7  7  4  1  2.6988  2.2806  
2011    283    37260.0000    0.0574   -0.0285   -0.2557    2.4342  7  7  4  1  2.6979  2.2798  
2011    283    37290.0000    0.0546   -0.0264   -0.2541    2.4336  7  7  4  1  2.6969  2.2789  
2011    283    37320.0000    0.0586   -0.0303   -0.2464    2.4323  7  7  4  1  2.6958  2.2780  
2011    283    37350.0000    0.0616   -0.0309   -0.2459    2.4304  7  7  4  1  2.6947  2.2771  
2011    283    37380.0000    0.0618   -0.0298   -0.2294    2.4285  7  7  4  1  2.6934  2.2761  
2011    283    37410.0000    0.0599   -0.0310   -0.2242    2.4268  7  7  4  1  2.6922  2.2751  
2011    283    37440.0000    0.0594   -0.0317   -0.2234    2.4253  7  7  4  1  2.6908  2.2740  
2011    283    37470.0000    0.0042    0.0047   -0.0542    2.4022  6  6  5  1  4.9658  4.0529  
2011    283    37500.0000   -0.0073    0.0013   -0.0402    2.4020  6  6  5  1  4.9637  4.0502  
2011    283    37530.0000   -0.0077    0.0015   -0.0364    2.4018  6  6  5  1  4.9610  4.0471  
2011    283    37560.0000   -0.0031    0.0048   -0.0421    2.4017  6  6  5  1  4.9577  4.0435  
2011    283    37590.0000   -0.0011    0.0054   -0.0571    2.4014  6  6  5  1  4.9539  4.0396  
2011    283    37620.0000    0.0058    0.0052   -0.0792    2.4012  6  6  5  1  4.9495  4.0352  
2011    283    37650.0000    0.0006    0.0044   -0.0665    2.4009  6  6  5  1  4.9445  4.0303  
2011    283    37680.0000    0.0116    0.0015   -0.1016    2.4004  6  6  5  1  4.9390  4.0251  
2011    283    37710.0000    0.0124    0.0016   -0.0908    2.3999  6  6  5  1  4.9330  4.0195  
2011    283    37740.0000    0.0121    0.0021   -0.0792    2.3995  7  6  5  1  3.1638  2.6511  
2011    283    37770.0000    0.0171    0.0024   -0.0951    2.3990  7  6  5  1  3.1689  2.6545  
2011    283    37800.0000    0.0226    0.0042   -0.0929    2.3986  7  6  5  1  3.1737  2.6578  
2011    283    37830.0000    0.0098    0.0078   -0.0794    2.3981  7  6  5  1  3.1783  2.6609  
2011    283    37860.0000    0.0114    0.0079   -0.0787    2.3976  7  6  5  1  3.1827  2.6639  
2011    283    37890.0000    0.0065    0.0056   -0.0642    2.3970  7  6  5  1  3.1869  2.6667  
2011    283    37920.0000    0.0095    0.0016   -0.0816    2.3964  7  6  5  1  3.1908  2.6693  
2011    283    37950.0000    0.0069    0.0004   -0.0734    2.3957  7  6  5  1  3.1945  2.6717  
2011    283    37980.0000    0.0141    0.0009   -0.0831    2.3950  7  6  5  1  3.1980  2.6740  
2011    283    38010.0000    0.0102   -0.0005   -0.0736    2.3946  7  6  5  1  3.2012  2.6761  
2011    283    38040.0000   -0.0007   -0.0016   -0.0707    2.3942  7  6  5  1  3.2042  2.6780  
2011    283    38070.0000    0.0075   -0.0035   -0.0822    2.3940  7  6  5  1  3.2070  2.6797  
2011    283    38100.0000    0.0064   -0.0003   -0.0767    2.3937  7  6  5  1  3.2095  2.6813  
2011    283    38130.0000    0.0138   -0.0029   -0.0883    2.3932  7  6  5  1  3.2117  2.6826  
2011    283    38160.0000    0.0082   -0.0043   -0.0844    2.3924  7  6  5  1  3.2137  2.6838  
2011    283    38190.0000    0.0021   -0.0001   -0.0512    2.3920  7  6  5  1  3.2154  2.6848  
2011    283    38220.0000    0.0049    0.0015   -0.0592    2.3912  7  6  5  1  3.2169  2.6856  
2011    283    38250.0000    0.0046    0.0043   -0.0541    2.3904  7  6  5  1  3.2182  2.6862  
2011    283    38280.0000    0.0033    0.0024   -0.0512    2.3898  7  6  5  1  3.2191  2.6866  
2011    283    38310.0000   -0.0039    0.0024   -0.0422    2.3892  7  6  5  1  3.2198  2.6868  
2011    283    38340.0000   -0.0034   -0.0015   -0.0484    2.3887  7  6  5  1  3.2203  2.6868  
2011    283    38370.0000   -0.0091    0.0070   -0.0296    2.3880  7  6  5  1  3.2205  2.6867  
2011    283    38400.0000   -0.0052    0.0054   -0.0359    2.3876  7  6  5  1  3.2204  2.6863  
2011    283    38430.0000    0.0005    0.0072   -0.0337    2.3875  7  6  5  1  3.2201  2.6857  
2011    283    38460.0000    0.0037    0.0041   -0.0313    2.3870  7  6  5  1  3.2195  2.6850  
2011    283    38490.0000    0.0052   -0.0006   -0.0516    2.3863  7  6  5  1  3.2186  2.6840  
2011    283    38520.0000    0.0023   -0.0003   -0.0434    2.3856  7  6  5  1  3.2175  2.6829  
2011    283    38550.0000   -0.0029    0.0018   -0.0218    2.3852  7  6  5  1  3.2161  2.6816  
2011    283    38580.0000    0.0270   -0.0099   -0.0320    2.3885  7  6  3  1  3.2144  2.6801  
2011    283    38610.0000   -0.0104    0.0067   -0.0063    2.3851  7  6  5  1  3.2125  2.6783  
2011    283    38640.0000    0.0012    0.0057   -0.0387    2.3852  7  6  5  1  3.2104  2.6764  
2011    283    38670.0000   -0.0024    0.0040   -0.0183    2.3854  7  6  5  1  3.2080  2.6744  
2011    283    38700.0000   -0.0027    0.0047   -0.0264    2.3850  7  6  5  1  3.2053  2.6721  
2011    283    38730.0000    0.0061   -0.0055   -0.0413    2.3842  7  6  5  1  3.2024  2.6696  
2011    283    38760.0000    0.0069   -0.0066   -0.0406    2.3833  7  6  5  1  3.1992  2.6670  
2011    283    38790.0000    0.0057   -0.0049   -0.0327    2.3820  7  6  5  1  3.1958  2.6641  
2011    283    38820.0000    0.0099   -0.0018   -0.0317    2.3811  7  6  5  1  3.1922  2.6611  
2011    283    38850.0000    0.0335   -0.0095   -0.0408    2.3863  7  6  3  1  3.1883  2.6580  
2011    283    38880.0000    0.0308   -0.0071   -0.0370    2.3860  7  6  3  1  3.1842  2.6546  
2011    283    38910.0000    0.0294   -0.0032   -0.0385    2.3857  7  6  3  1  3.1798  2.6511  
2011    283    38940.0000   -0.0054    0.0102   -0.0088    2.3791  7  6  5  1  3.1752  2.6474  
2011    283    38970.0000    0.0014    0.0037   -0.0242    2.3786  7  6  5  1  3.1704  2.6435  
2011    283    39000.0000    0.0379   -0.0145   -0.0483    2.3843  7  6  3  1  3.1654  2.6395  
2011    283    39030.0000    0.0260   -0.0103   -0.0181    2.3834  7  6  3  1  3.1601  2.6353  
2011    283    39060.0000    0.0277   -0.0129   -0.0235    2.3826  7  6  3  1  3.1547  2.6310  
2011    283    39090.0000    0.0305   -0.0086   -0.0207    2.3818  7  6  3  1  3.1490  2.6265  
2011    283    39120.0000    0.0093    0.0014    0.0075    2.3735  7  6  4  1  3.1431  2.6218  
2011    283    39150.0000    0.0032    0.0013    0.0037    2.3735  7  6  5  1  3.1370  2.6170  
2011    283    39180.0000    0.0025    0.0011   -0.0085    2.3735  7  6  5  1  3.1308  2.6121  
2011    283    39210.0000    0.0028    0.0074    0.0013    2.3736  7  6  5  1  3.1243  2.6070  
2011    283    39240.0000    0.0048    0.0055   -0.0006    2.3743  7  6  5  1  3.1177  2.6018  
2011    283    39270.0000    0.0019    0.0028    0.0059    2.3747  7  6  5  1  3.1109  2.5965  
2011    283    39300.0000    0.0040    0.0004   -0.0095    2.3747  7  6  5  1  3.1039  2.5910  
2011    283    39330.0000    0.0070    0.0009   -0.0059    2.3747  7  6  5  1  3.0967  2.5854  
2011    283    39360.0000    0.0009   -0.0002    0.0006    2.3736  7  6  5  1  3.0894  2.5797  
2011    283    39390.0000    0.0004    0.0039    0.0196    2.3735  7  6  5  1  3.0819  2.5739  
2011    283    39420.0000   -0.0000   -0.0002    0.0098    2.3740  7  6  5  1  3.0743  2.5680  
2011    283    39450.0000   -0.0074   -0.0009   -0.0015    2.3740  7  6  5  1  3.0665  2.5619  
2011    283    39480.0000   -0.0044   -0.0019   -0.0006    2.3743  7  6  5  1  3.0586  2.5558  
2011    283    39510.0000   -0.0064    0.0052    0.0098    2.3742  7  6  5  1  3.0505  2.5495  
2011    283    39540.0000   -0.0014    0.0070   -0.0066    2.3740  7  6  5  1  3.0423  2.5432  
2011    283    39570.0000   -0.0094    0.0069    0.0067    2.3749  7  6  5  1  3.0340  2.5368  
2011    283    39600.0000   -0.0085    0.0065    0.0063    2.3739  7  6  5  1  3.0256  2.5303  
2011    283    39630.0000   -0.0086    0.0041   -0.0014    2.3733  7  6  5  1  3.0170  2.5237  
2011    283    39660.0000   -0.0114    0.0016   -0.0025    2.3727  7  6  5  1  3.0084  2.5170  
2011    283    39690.0000   -0.0131    0.0027   -0.0078    2.3721  7  7  6  1  2.9996  2.5102  
2011    283    39720.0000   -0.0029    0.0056   -0.0128    2.3720  6  6  5  1  3.4425  2.8714  
2011    283    39750.0000   -0.0038    0.0089   -0.0018    2.3722  6  6  5  1  3.4408  2.8708  
2011    283    39780.0000   -0.0063    0.0043    0.0036    2.3723  6  6  5  1  3.4389  2.8700  
2011    283    39810.0000   -0.0040    0.0031   -0.0002    2.3722  6  6  5  1  3.4368  2.8691  
2011    283    39840.0000   -0.0054    0.0047    0.0149    2.3720  7  6  5  1  2.1698  1.9548  
2011    283    39870.0000   -0.0065    0.0078    0.0102    2.3719  7  6  5  1  2.1758  1.9599  
2011    283    39900.0000   -0.0054    0.0028    0.0176    2.3717  7  6  5  1  2.1818  1.9650  
2011    283    39930.0000   -0.0020    0.0066    0.0272    2.3714  7  6  5  1  2.1878  1.9701  
2011    283    39960.0000   -0.0015    0.0056    0.0268    2.3714  7  6  5  1  2.1937  1.9752  
2011    283    39990.0000   -0.0058    0.0108    0.0301    2.3714  7  6  5  1  2.1997  1.9802  
2011    283    40020.0000   -0.0084    0.0093    0.0365    2.3714  7  6  5  1  2.2056  1.9853  
2011    283    40050.0000   -0.0088    0.0091    0.0396    2.3719  7  6  5  1  2.2114  1.9902  
2011    283    40080.0000   -0.0099    0.0061    0.0302    2.3723  7  6  5  1  2.2173  1.9952  
2011    283    40110.0000   -0.0109    0.0075    0.0337    2.3731  7  6  5  1  2.2231  2.0001  
2011    283    40140.0000   -0.0049    0.0059    0.0036    2.3738  7  6  5  1  2.2288  2.0050  
2011    283    40170.0000   -0.0105    0.0093    0.0192    2.3742  7  6  5  1  2.2345  2.0098  
2011    283    40200.0000   -0.0114    0.0170    0.0081    2.3744  7  6  5  1  2.2401  2.0145  
2011    283    40230.0000   -0.0081    0.0138    0.0007    2.3743  7  6  5  1  2.2457  2.0192  
2011    283    40260.0000   -0.0028    0.0125    0.0129    2.3739  7  6  5  1  2.2512  2.0238  
2011    283    40290.0000   -0.0023    0.0069    0.0245    2.3739  7  6  5  1  2.2566  2.0283  
2011    283    40320.0000   -0.0007    0.0114    0.0333    2.3732  7  6  5  1  2.2619  2.0327  
2011    283    40350.0000   -0.0035    0.0037    0.0011    2.3725  7  6  5  1  2.2671  2.0371  
2011    283    40380.0000   -0.0014    0.0102    0.0087    2.3715  7  6  5  1  2.2722  2.0413  
2011    283    40410.0000   -0.0056    0.0138    0.0296    2.3710  7  6  5  1  2.2772  2.0455  
2011    283    40440.0000   -0.0098    0.0137    0.0171    2.3705  7  6  5  1  2.2821  2.0495  
2011    283    40470.0000   -0.0122    0.0146    0.0136    2.3700  7  6  5  1  2.2869  2.0535  
2011    283    40500.0000   -0.0092    0.0088    0.0268    2.3699  7  6  5  1  2.2916  2.0573  
2011    283    40530.0000   -0.0117    0.0112    0.0177    2.3698  7  6  5  1  2.2961  2.0610  
2011    283    40560.0000   -0.0152    0.0141    0.0141    2.3701  7  6  5  1  2.3005  2.0646  
2011    283    40590.0000   -0.0166    0.0114    0.0153    2.3705  7  6  5  1  2.3047  2.0680  
2011    283    40620.0000   -0.0105    0.0129    0.0115    2.3706  7  6  5  1  2.3088  2.0713  
2011    283    40650.0000   -0.0069    0.0132    0.0293    2.3705  8  6  5  1  2.1869  1.9496  
2011    283    40680.0000   -0.0037    0.0119    0.0298    2.3703  8  6  5  1  2.1918  1.9535  
2011    283    40710.0000   -0.0091    0.0096    0.0282    2.3709  8  6  5  1  2.1965  1.9573  
2011    283    40740.0000   -0.0083    0.0087    0.0352    2.3717  8  6  5  1  2.2011  1.9609  
2011    283    40770.0000   -0.0047    0.0042    0.0140    2.3724  8  6  5  1  2.2055  1.9644  
2011    283    40800.0000   -0.0090    0.0090    0.0019    2.3731  8  6  5  1  2.2096  1.9677  
2011    283    40830.0000   -0.0142    0.0151    0.0078    2.3727  8  6  5  1  2.2136  1.9708  
2011    283    40860.0000   -0.0207    0.0123   -0.0005    2.3734  8  6  5  1  2.2174  1.9738  
2011    283    40890.0000   -0.0143    0.0100   -0.0088    2.3731  8  6  5  1  2.2209  1.9765  
2011    283    40920.0000   -0.0081    0.0097   -0.0032    2.3739  8  6  5  1  2.2243  1.9791  
2011    283    40950.0000   -0.0054    0.0101   -0.0024    2.3740  8  6  5  1  2.2274  1.9815  
2011    283    40980.0000   -0.0063    0.0067    0.0122    2.3741  8  6  5  1  2.2304  1.9838  
2011    283    41010.0000   -0.0040    0.0049    0.0194    2.3738  8  6  5  1  2.2331  1.9858  
2011    283    41040.0000   -0.0043    0.0083    0.0137    2.3739  8  6  5  1  2.2356  1.9877  
2011    283    41070.0000   -0.0155    0.0161    0.0142    2.3742  8  6  5  1  2.2378  1.9893  
2011    283    41100.0000   -0.0210    0.0140    0.0007    2.3739  8  6  5  1  2.2399  1.9908  
2011    283    41130.0000   -0.0204    0.0172   -0.0038    2.3735  8  6  5  1  2.2417  1.9921  
2011    283    41160.0000   -0.0310    0.0151   -0.0017    2.3729  8  7  5  1  2.2434  1.9932  
2011    283    41190.0000   -0.0267    0.0120   -0.0084    2.3728  8  7  5  1  2.2447  1.9941  
2011    283    41220.0000   -0.0137    0.0080   -0.0001    2.3728  8  7  5  1  2.2459  1.9948  
2011    283    41250.0000   -0.0161    0.0065   -0.0082    2.3734  8  7  5  1  2.2469  1.9954  
2011    283    41280.0000   -0.0197    0.0082   -0.0123    2.3730  8  7  5  1  2.2476  1.9957  
2011    283    41310.0000   -0.0139    0.0059    0.0026    2.3730  8  7  5  1  2.2481  1.9959  
2011    283    41340.0000   -0.0134    0.0069   -0.0106    2.3727  8  7  5  1  2.2484  1.9959  
2011    283    41370.0000   -0.0091    0.0030    0.0039    2.3721  8  7  5  1  2.2485  1.9957  
2011    283    41400.0000   -0.0078    0.0143    0.0113    2.3719  8  7  5  1  2.2483  1.9953  
2011    283    41430.0000   -0.0109    0.0124   -0.0033    2.3722  8  7  5  1  2.2480  1.9947  
2011    283    41460.0000   -0.0181    0.0136   -0.0052    2.3727  8  7  5  1  2.2474  1.9940  
2011    283    41490.0000   -0.0236    0.0145   -0.0138    2.3738  8  7  5  1  2.2466  1.9930  
2011    283    41520.0000   -0.0190    0.0148   -0.0172    2.3749  8  7  5  1  2.2456  1.9920  
2011    283    41550.0000   -0.0158    0.0080   -0.0194    2.3759  8  7  5  1  2.2445  1.9907  
2011    283    41580.0000   -0.0123    0.0067   -0.0208    2.3761  8  7  5  1  2.2431  1.9893  
2011    283    41610.0000   -0.0168    0.0102   -0.0211    2.3761  8  7  5  1  2.2415  1.9877  
2011    283    41640.0000   -0.0221    0.0109   -0.0244    2.3756  8  7  5  1  2.2398  1.9860  
2011    283    41670.0000   -0.0126    0.0099   -0.0111    2.3752  8  7  5  1  2.2378  1.9841  
2011    283    41700.0000   -0.0096    0.0075   -0.0122    2.3752  8  7  5  1  2.2357  1.9820  
2011    283    41730.0000   -0.0123    0.0137   -0.0203    2.3746  9  7  5  1  1.6733  1.5022  
2011    283    41760.0000   -0.0184    0.0185   -0.0042    2.3739  9  7  6  1  1.6777  1.5059  
2011    283    41790.0000   -0.0206    0.0192   -0.0098    2.3739  9  7  6  1  1.6820  1.5095  
2011    283    41820.0000   -0.0225    0.0169   -0.0221    2.3789  9  6  5  1  1.6863  1.5132  
2011    283    41850.0000   -0.0181    0.0182   -0.0222    2.3788  9  7  5  1  1.6907  1.5169  
2011    283    41880.0000   -0.0172    0.0181   -0.0295    2.3786  8  7  5  1  1.9878  1.7636  
2011    283    41910.0000   -0.0235    0.0201   -0.0279    2.3785  8  7  5  1  1.9923  1.7672  
2011    283    41940.0000   -0.0261    0.0170   -0.0368    2.3783  8  7  5  1  1.9968  1.7709  
2011    283    41970.0000   -0.0190    0.0164   -0.0181    2.3781  8  7  5  1  2.0014  1.7746  
2011    283    42000.0000   -0.0564    0.0284   -0.0861    2.3776  8  7  5  1  2.0060  1.7784  
2011    283    42030.0000   -0.0297    0.0149   -0.0132    2.3771  8  7  5  1  2.0107  1.7822  
2011    283    42060.0000   -0.0274    0.0143   -0.0153    2.3769  8  7  5  1  2.0154  1.7860  
2011    283    42090.0000   -0.0145    0.0113   -0.0164    2.3765  8  7  5  1  2.0201  1.7898  
2011    283    42120.0000   -0.0307    0.0194   -0.0212    2.3764  8  7  5  1  2.0249  1.7937  
2011    283    42150.0000   -0.0240    0.0172   -0.0129    2.3765  8  7  5  1  2.0296  1.7976  
2011    283    42180.0000   -0.0262    0.0198   -0.0079    2.3766  8  7  5  1  2.0344  1.8015  
2011    283    42210.0000   -0.0210    0.0179   -0.0071    2.3769  8  7  5  1  2.0393  1.8054  
2011    283    42240.0000   -0.0237    0.0171   -0.0084    2.3769  8  7  5  1  2.0441  1.8093  
2011    283    42270.0000   -0.0158    0.0165   -0.0107    2.3767  8  7  5  1  2.0490  1.8133  
2011    283    42300.0000   -0.0251    0.0185   -0.0123    2.3763  8  7  5  1  2.0539  1.8172  
2011    283    42330.0000   -0.0228    0.0192   -0.0044    2.3758  8  7  5  1  2.0588  1.8212  
2011    283    42360.0000   -0.0198    0.0176   -0.0124    2.3752  8  7  5  1  2.0637  1.8252  
2011    283    42390.0000   -0.0184    0.0211   -0.0101    2.3752  8  7  5  1  2.0686  1.8292  
2011    283    42420.0000   -0.0161    0.0203    0.0032    2.3750  8  7  5  1  2.0736  1.8332  
2011    283    42450.0000   -0.0152    0.0211   -0.0029    2.3747  8  7  5  1  2.0786  1.8372  
2011    283    42480.0000   -0.0185    0.0220   -0.0002    2.3744  8  7  5  1  2.0835  1.8412  
2011    283    42510.0000   -0.0192    0.0230    0.0048    2.3744  8  7  5  1  2.0885  1.8452  
2011    283    42540.0000   -0.0169    0.0165    0.0059    2.3744  8  7  5  1  2.0934  1.8492  
2011    283    42570.0000   -0.0186    0.0170    0.0153    2.3745  8  7  5  1  2.0984  1.8532  
2011    283    42600.0000   -0.0246    0.0177    0.0072    2.3772  8  7  6  1  2.1034  1.8572  
2011    283    42630.0000   -0.0210    0.0167   -0.0006    2.3774  8  6  5  1  2.1083  1.8612  
2011    283    42660.0000   -0.0143    0.0190    0.0089    2.3778  9  7  6  1  1.9358  1.7315  
2011    283    42690.0000   -0.0238    0.0164   -0.0035    2.3786  9  7  5  1  1.9396  1.7346  
2011    283    42720.0000   -0.0173    0.0146   -0.0010    2.3792  9  7  6  1  1.9433  1.7376  
2011    283    42750.0000   -0.0142    0.0150   -0.0042    2.3801  9  7  5  1  1.9470  1.7407  
2011    283    42780.0000   -0.0118    0.0137   -0.0093    2.3806  9  7  5  1  1.9508  1.7438  
2011    283    42810.0000   -0.0025    0.0170   -0.0066    2.3808  9  8  6  1  1.9545  1.7469  
2011    283    42840.0000   -0.0061    0.0134   -0.0183    2.3804  9  8  6  1  1.9582  1.7499  
2011    283    42870.0000   -0.0095    0.0139   -0.0153    2.3802  9  8  6  1  1.9619  1.7530  
2011    283    42900.0000   -0.0096    0.0120   -0.0074    2.3799  9  8  6  1  1.9656  1.7561  
2011    283    42930.0000   -0.0061    0.0085    0.0017    2.3799  9  8  6  1  1.9693  1.7591  
2011    283    42960.0000   -0.0141    0.0143   -0.0116    2.3801  9  8  6  1  1.9730  1.7621  
2011    283    42990.0000   -0.0140    0.0134   -0.0159    2.3803  9  8  6  1  1.9767  1.7652  
2011    283    43020.0000   -0.0086    0.0116   -0.0082    2.3810  9  8  6  1  1.9804  1.7682  
2011    283    43050.0000   -0.0091    0.0103   -0.0204    2.3814  9  8  6  1  1.9840  1.7712  
2011    283    43080.0000   -0.0042    0.0118   -0.0171    2.3816  9  8  6  1  1.9877  1.7741  
2011    283    43110.0000    0.0036    0.0090   -0.0402    2.3931  9  8  7  1  1.9913  1.7771  
2011    283    43140.0000    0.0002    0.0083   -0.0331    2.3924  9  8  7  1  1.9949  1.7800  
2011    283    43170.0000    0.0010    0.0114   -0.0353    2.3911  9  8  7  1  1.9985  1.7830  
2011    283    43200.0000    0.0039    0.0109   -0.0205    2.3897  9  8  7  1  2.0020  1.7859  
