# col  1 -  3: year/doy/sod 
# col  4 -  7: dLat/dLon/dH/ZTD 
# col  8 - 11: TotalSatNumber/Converged/GDOP/PDOP 
# END OF HEADER
2011    283    28800.0000   -1.6029    0.2912    0.5942    2.9253  8  0  2.1780  1.9177  
2011    283    28830.0000   -1.4873   -0.0116    2.4266    2.1629  8  0  2.1835  1.9219  
2011    283    28860.0000   -1.6732    0.1675    2.8318    2.2577  8  0  2.1889  1.9260  
2011    283    28890.0000   -0.8461    0.1791    1.3307    2.1466  8  0  2.1943  1.9302  
2011    283    28920.0000   -0.8646    0.2469    1.4238    2.2666  8  0  2.1996  1.9342  
2011    283    28950.0000   -0.8287    0.1083    1.3936    2.2887  8  0  2.2049  1.9383  
2011    283    28980.0000   -0.7495    0.1051    1.1755    2.3423  8  0  2.2101  1.9423  
2011    283    29010.0000   -0.6055    0.1571    1.0003    2.3803  8  0  2.2153  1.9463  
2011    283    29040.0000   -0.4502    0.1019    0.7358    2.3616  9  0  2.1380  1.8779  
2011    283    29070.0000   -0.2813   -0.0016    0.2779    2.3963  9  0  2.1404  1.8798  
2011    283    29100.0000   -0.1855   -0.0320    0.0119    2.4159  9  0  2.1427  1.8815  
2011    283    29130.0000   -0.1177   -0.0560   -0.1209    2.4333  9  0  2.1448  1.8831  
2011    283    29160.0000   -0.1631   -0.0272   -0.0140    2.4303  9  0  2.1468  1.8846  
2011    283    29190.0000   -0.1618   -0.0771    0.0092    2.4471  9  0  2.1486  1.8860  
2011    283    29220.0000   -0.1923   -0.0123    0.0426    2.4447  9  0  2.1503  1.8872  
2011    283    29250.0000   -0.1666    0.0107    0.0039    2.4382  9  0  2.1518  1.8884  
2011    283    29280.0000   -0.0937   -0.0338   -0.1171    2.4423  9  0  2.1532  1.8894  
2011    283    29310.0000   -0.0843   -0.0735   -0.1029    2.4456  9  0  2.1544  1.8902  
2011    283    29340.0000   -0.0673   -0.0907   -0.1142    2.4420  9  0  2.1555  1.8910  
2011    283    29370.0000   -0.0338   -0.1484   -0.1429    2.4419  9  0  2.1564  1.8916  
2011    283    29400.0000   -0.0278   -0.1487   -0.1296    2.4324  9  0  2.1572  1.8921  
2011    283    29430.0000   -0.0077   -0.1411   -0.1704    2.4289  9  0  2.1577  1.8925  
2011    283    29460.0000    0.0306   -0.1723   -0.2205    2.4245  9  0  2.1582  1.8927  
2011    283    29490.0000    0.0039   -0.1196   -0.1502    2.4119  9  0  2.1584  1.8928  
2011    283    29520.0000   -0.0057   -0.1197   -0.1127    2.4074  9  0  2.1585  1.8928  
2011    283    29550.0000   -0.0379   -0.0829   -0.0652    2.4042  9  0  2.1585  1.8926  
2011    283    29580.0000   -0.0183   -0.0869   -0.0935    2.4040  9  0  2.1582  1.8923  
2011    283    29610.0000   -0.0243   -0.0734   -0.0802    2.4031  9  0  2.1578  1.8919  
2011    283    29640.0000   -0.0227   -0.0607   -0.1041    2.4051  9  0  2.1573  1.8913  
2011    283    29670.0000   -0.0457   -0.0280   -0.0592    2.4034  9  0  2.1565  1.8906  
2011    283    29700.0000   -0.0685   -0.0199   -0.0005    2.4003  9  0  2.1556  1.8898  
2011    283    29730.0000   -0.0642   -0.0194   -0.0141    2.3973  9  0  2.1546  1.8888  
2011    283    29760.0000   -0.0623   -0.0321   -0.0222    2.3968  9  1  2.1533  1.8877  
2011    283    29790.0000   -0.0666   -0.0095   -0.0113    2.3907  9  1  2.1520  1.8865  
2011    283    29820.0000   -0.0780    0.0085    0.0055    2.3883  9  1  2.1504  1.8851  
2011    283    29850.0000   -0.0843    0.0235    0.0274    2.3854  9  1  2.1487  1.8836  
2011    283    29880.0000   -0.0882    0.0275    0.0256    2.3851  9  1  2.1468  1.8820  
2011    283    29910.0000   -0.0900    0.0296    0.0531    2.3836  9  1  2.1448  1.8803  
2011    283    29940.0000   -0.1206    0.0542    0.1199    2.3794  9  1  2.1426  1.8784  
2011    283    29970.0000   -0.1013    0.0417    0.1034    2.3801  10  1  1.8659  1.6608  
2011    283    30000.0000   -0.0946    0.0336    0.0946    2.3796  10  1  1.8656  1.6603  
2011    283    30030.0000   -0.1227    0.0451    0.1444    2.3764  10  1  1.8652  1.6598  
2011    283    30060.0000   -0.1290    0.0537    0.1687    2.3743  10  1  1.8647  1.6592  
2011    283    30090.0000   -0.1491    0.0549    0.2124    2.3734  10  1  1.8640  1.6586  
2011    283    30120.0000   -0.1344    0.0345    0.1778    2.3754  10  1  1.8633  1.6578  
2011    283    30150.0000   -0.1282    0.0278    0.1749    2.3766  10  1  1.8624  1.6569  
2011    283    30180.0000   -0.1148    0.0216    0.1606    2.3778  10  1  1.8614  1.6559  
2011    283    30210.0000   -0.1023    0.0144    0.1388    2.3801  10  1  1.8603  1.6549  
2011    283    30240.0000   -0.0942    0.0022    0.1313    2.3819  10  1  1.8591  1.6537  
2011    283    30270.0000   -0.0911    0.0061    0.1275    2.3810  10  1  1.8578  1.6525  
2011    283    30300.0000   -0.0924    0.0022    0.1236    2.3807  10  1  1.8564  1.6512  
2011    283    30330.0000   -0.0795   -0.0069    0.1049    2.3817  10  1  1.8548  1.6498  
2011    283    30360.0000   -0.0658   -0.0092    0.0768    2.3804  10  1  1.8532  1.6483  
2011    283    30390.0000   -0.0595   -0.0169    0.0700    2.3805  10  1  1.8515  1.6467  
2011    283    30420.0000   -0.0457   -0.0252    0.0488    2.3810  10  1  1.8497  1.6451  
2011    283    30450.0000   -0.0565   -0.0206    0.0584    2.3798  10  1  1.8477  1.6434  
2011    283    30480.0000   -0.0635   -0.0130    0.0762    2.3773  10  1  1.8457  1.6416  
2011    283    30510.0000   -0.0825   -0.0031    0.0922    2.3763  10  1  1.8436  1.6397  
2011    283    30540.0000   -0.1018    0.0120    0.1322    2.3743  10  1  1.8414  1.6378  
2011    283    30570.0000   -0.1042    0.0153    0.1288    2.3743  10  1  1.8391  1.6358  
2011    283    30600.0000   -0.1062    0.0205    0.1360    2.3732  10  1  1.8367  1.6337  
2011    283    30630.0000   -0.1145    0.0259    0.1486    2.3729  10  1  1.8342  1.6315  
2011    283    30660.0000   -0.1152    0.0212    0.1616    2.3733  10  1  1.8317  1.6293  
2011    283    30690.0000   -0.1144    0.0232    0.1724    2.3729  10  1  1.8291  1.6270  
2011    283    30720.0000   -0.1152    0.0177    0.1731    2.3731  10  1  1.8264  1.6247  
2011    283    30750.0000   -0.1176    0.0175    0.1711    2.3728  10  1  1.8236  1.6223  
2011    283    30780.0000   -0.1243    0.0197    0.1742    2.3722  9  1  2.1146  1.8653  
2011    283    30810.0000   -0.1216    0.0191    0.1847    2.3725  9  1  2.1142  1.8649  
2011    283    30840.0000   -0.1153    0.0137    0.1770    2.3729  9  1  2.1138  1.8644  
2011    283    30870.0000   -0.1139    0.0100    0.1819    2.3736  9  1  2.1134  1.8640  
2011    283    30900.0000   -0.1073    0.0052    0.1680    2.3739  9  1  2.1129  1.8635  
2011    283    30930.0000   -0.0957   -0.0071    0.1520    2.3748  9  1  2.1124  1.8630  
2011    283    30960.0000   -0.0951   -0.0118    0.1457    2.3751  9  1  2.1119  1.8625  
2011    283    30990.0000   -0.0900   -0.0157    0.1355    2.3760  9  1  2.1113  1.8619  
2011    283    31020.0000   -0.0927   -0.0110    0.1364    2.3758  9  1  2.1107  1.8614  
2011    283    31050.0000   -0.0850   -0.0128    0.1289    2.3763  9  1  2.1101  1.8608  
2011    283    31080.0000   -0.1040   -0.0032    0.1509    2.3760  9  1  2.1095  1.8603  
2011    283    31110.0000   -0.1017   -0.0003    0.1578    2.3759  9  1  2.1089  1.8597  
2011    283    31140.0000   -0.1208    0.0068    0.1709    2.3743  9  1  2.1082  1.8591  
2011    283    31170.0000   -0.1108    0.0048    0.1685    2.3735  9  1  2.1075  1.8585  
2011    283    31200.0000   -0.1173    0.0068    0.1808    2.3722  9  1  2.1068  1.8580  
2011    283    31230.0000   -0.1345    0.0148    0.1947    2.3719  9  1  2.1061  1.8574  
2011    283    31260.0000   -0.1306    0.0161    0.2011    2.3715  9  1  2.1054  1.8568  
2011    283    31290.0000   -0.1459    0.0212    0.2195    2.3704  9  1  2.1047  1.8562  
2011    283    31320.0000   -0.1431    0.0203    0.2154    2.3694  9  1  2.1039  1.8556  
2011    283    31350.0000   -0.1369    0.0186    0.2048    2.3697  9  1  2.1032  1.8550  
2011    283    31380.0000   -0.1392    0.0154    0.2079    2.3693  9  1  2.1025  1.8545  
2011    283    31410.0000   -0.1405    0.0147    0.2148    2.3684  9  1  2.1017  1.8539  
2011    283    31440.0000   -0.1430    0.0156    0.2150    2.3683  9  1  2.1010  1.8533  
2011    283    31470.0000   -0.1308    0.0125    0.2057    2.3681  9  1  2.1002  1.8528  
2011    283    31500.0000   -0.1216    0.0056    0.2008    2.3685  9  1  2.0995  1.8522  
2011    283    31530.0000   -0.1158    0.0039    0.1828    2.3683  9  1  2.0987  1.8517  
2011    283    31560.0000   -0.1088    0.0043    0.1828    2.3691  9  1  2.0980  1.8512  
2011    283    31590.0000   -0.1155    0.0036    0.1820    2.3694  9  1  2.0973  1.8507  
2011    283    31620.0000   -0.1139    0.0018    0.1772    2.3698  9  1  2.0965  1.8502  
2011    283    31650.0000   -0.1059   -0.0023    0.1771    2.3696  9  1  2.0958  1.8497  
2011    283    31680.0000   -0.1118    0.0010    0.1833    2.3696  9  1  2.0951  1.8492  
2011    283    31710.0000   -0.1046    0.0021    0.1737    2.3692  9  1  2.0944  1.8488  
2011    283    31740.0000   -0.1042   -0.0022    0.1753    2.3691  9  1  2.0937  1.8483  
2011    283    31770.0000   -0.1113    0.0024    0.1696    2.3681  9  1  2.0930  1.8479  
2011    283    31800.0000   -0.1082   -0.0028    0.1835    2.3672  9  1  2.0924  1.8475  
2011    283    31830.0000   -0.1123   -0.0027    0.1838    2.3666  9  1  2.0917  1.8472  
2011    283    31860.0000   -0.1187    0.0009    0.1958    2.3658  9  1  2.0911  1.8468  
2011    283    31890.0000   -0.1199   -0.0005    0.2023    2.3652  9  1  2.0905  1.8465  
2011    283    31920.0000   -0.1143   -0.0010    0.1993    2.3651  9  1  2.0899  1.8462  
2011    283    31950.0000   -0.1130   -0.0027    0.2011    2.3647  9  1  2.0893  1.8459  
2011    283    31980.0000   -0.1183   -0.0069    0.1941    2.3641  9  1  2.0887  1.8456  
2011    283    32010.0000   -0.1103   -0.0081    0.2038    2.3627  9  1  2.0882  1.8454  
2011    283    32040.0000   -0.1032   -0.0138    0.2012    2.3628  8  1  2.4018  2.0834  
2011    283    32070.0000   -0.1041   -0.0151    0.2000    2.3629  8  1  2.3995  2.0817  
2011    283    32100.0000   -0.0949   -0.0181    0.1987    2.3631  8  1  2.3971  2.0800  
2011    283    32130.0000   -0.0924   -0.0223    0.1893    2.3632  8  1  2.3948  2.0783  
2011    283    32160.0000   -0.0809   -0.0229    0.1858    2.3635  8  1  2.3924  2.0766  
2011    283    32190.0000   -0.0713   -0.0249    0.1766    2.3637  8  1  2.3901  2.0750  
2011    283    32220.0000   -0.0683   -0.0276    0.1787    2.3639  8  1  2.3877  2.0733  
2011    283    32250.0000   -0.0698   -0.0262    0.1687    2.3640  8  1  2.3853  2.0716  
2011    283    32280.0000   -0.0690   -0.0275    0.1674    2.3642  8  1  2.3829  2.0700  
2011    283    32310.0000   -0.0797   -0.0246    0.1599    2.3641  8  1  2.3806  2.0683  
2011    283    32340.0000   -0.0865   -0.0212    0.1658    2.3638  8  1  2.3782  2.0667  
2011    283    32370.0000   -0.0851   -0.0242    0.1702    2.3635  8  1  2.3758  2.0651  
2011    283    32400.0000   -0.0930   -0.0252    0.1704    2.3631  8  1  2.3735  2.0634  
2011    283    32430.0000   -0.0829   -0.0240    0.1779    2.3630  8  1  2.3711  2.0619  
2011    283    32460.0000   -0.0823   -0.0252    0.1653    2.3628  8  1  2.3688  2.0603  
2011    283    32490.0000   -0.0815   -0.0238    0.1722    2.3626  8  1  2.3664  2.0587  
2011    283    32520.0000   -0.0784   -0.0221    0.1672    2.3622  8  1  2.3641  2.0572  
2011    283    32550.0000   -0.0780   -0.0257    0.1733    2.3621  8  1  2.3618  2.0557  
2011    283    32580.0000   -0.0747   -0.0227    0.1798    2.3619  8  1  2.3595  2.0542  
2011    283    32610.0000   -0.0785   -0.0254    0.1906    2.3619  8  1  2.3573  2.0527  
2011    283    32640.0000   -0.0832   -0.0280    0.1848    2.3626  8  1  2.3550  2.0513  
2011    283    32670.0000   -0.0767   -0.0296    0.1795    2.3632  8  1  2.3528  2.0499  
2011    283    32700.0000   -0.0770   -0.0290    0.1664    2.3638  8  1  2.3505  2.0485  
2011    283    32730.0000   -0.0727   -0.0284    0.1733    2.3635  8  1  2.3483  2.0471  
2011    283    32760.0000   -0.0717   -0.0289    0.1697    2.3631  8  1  2.3461  2.0457  
2011    283    32790.0000   -0.0738   -0.0322    0.1626    2.3629  8  1  2.3440  2.0444  
2011    283    32820.0000   -0.0814   -0.0350    0.1702    2.3629  8  1  2.3418  2.0431  
2011    283    32850.0000   -0.0730   -0.0310    0.1707    2.3632  8  1  2.3397  2.0418  
2011    283    32880.0000   -0.0788   -0.0289    0.1625    2.3636  8  1  2.3376  2.0406  
2011    283    32910.0000   -0.0747   -0.0336    0.1627    2.3645  8  1  2.3355  2.0394  
2011    283    32940.0000   -0.0728   -0.0291    0.1580    2.3655  8  1  2.3334  2.0382  
2011    283    32970.0000   -0.0692   -0.0235    0.1532    2.3657  8  1  2.3314  2.0370  
2011    283    33000.0000   -0.0708   -0.0265    0.1616    2.3664  8  1  2.3294  2.0358  
2011    283    33030.0000   -0.0735   -0.0247    0.1586    2.3667  8  1  2.3274  2.0347  
2011    283    33060.0000   -0.0773   -0.0321    0.1522    2.3671  8  1  2.3254  2.0336  
2011    283    33090.0000   -0.0704   -0.0259    0.1443    2.3672  8  1  2.3234  2.0325  
2011    283    33120.0000   -0.0706   -0.0253    0.1403    2.3675  8  1  2.3215  2.0314  
2011    283    33150.0000   -0.0735   -0.0224    0.1303    2.3676  8  1  2.3195  2.0304  
2011    283    33180.0000   -0.0750   -0.0178    0.1255    2.3674  8  1  2.3176  2.0293  
2011    283    33210.0000   -0.0705   -0.0163    0.1269    2.3668  8  1  2.3157  2.0283  
2011    283    33240.0000   -0.0669   -0.0235    0.1233    2.3669  8  1  2.3138  2.0273  
2011    283    33270.0000   -0.0706   -0.0258    0.1220    2.3664  8  1  2.3120  2.0264  
2011    283    33300.0000   -0.0710   -0.0275    0.1406    2.3662  8  1  2.3101  2.0254  
2011    283    33330.0000   -0.0559   -0.0282    0.1272    2.3665  8  1  2.3083  2.0245  
2011    283    33360.0000   -0.0574   -0.0247    0.1366    2.3671  8  1  2.3065  2.0235  
2011    283    33390.0000   -0.0509   -0.0226    0.1225    2.3686  8  1  2.3046  2.0226  
2011    283    33420.0000   -0.0511   -0.0186    0.1202    2.3701  8  1  2.3028  2.0217  
2011    283    33450.0000   -0.0485   -0.0213    0.1039    2.3715  8  1  2.3010  2.0208  
2011    283    33480.0000   -0.0516   -0.0275    0.1064    2.3727  8  1  2.2992  2.0199  
2011    283    33510.0000   -0.0528   -0.0280    0.1066    2.3728  8  1  2.2975  2.0191  
2011    283    33540.0000   -0.0495   -0.0290    0.1027    2.3727  8  1  2.2957  2.0182  
2011    283    33570.0000   -0.0460   -0.0264    0.0909    2.3725  8  1  2.2939  2.0173  
2011    283    33600.0000   -0.0392   -0.0258    0.1100    2.3719  8  1  2.2921  2.0165  
2011    283    33630.0000   -0.0476   -0.0275    0.1132    2.3712  8  1  2.2903  2.0156  
2011    283    33660.0000   -0.0456   -0.0195    0.1120    2.3707  8  1  2.2886  2.0147  
2011    283    33690.0000   -0.0496   -0.0237    0.1049    2.3704  8  1  2.2868  2.0139  
2011    283    33720.0000   -0.0425   -0.0213    0.1131    2.3693  8  1  2.2850  2.0130  
2011    283    33750.0000   -0.0528   -0.0212    0.1122    2.3684  8  1  2.2832  2.0121  
2011    283    33780.0000   -0.0526   -0.0249    0.1010    2.3678  9  1  2.2084  1.9521  
2011    283    33810.0000   -0.0507   -0.0227    0.1145    2.3671  9  1  2.2095  1.9531  
2011    283    33840.0000   -0.0478   -0.0276    0.1333    2.3657  9  1  2.2104  1.9540  
2011    283    33870.0000   -0.0415   -0.0234    0.1290    2.3643  9  1  2.2112  1.9547  
2011    283    33900.0000   -0.0477   -0.0246    0.1308    2.3640  9  1  2.2117  1.9552  
2011    283    33930.0000   -0.0516   -0.0268    0.1257    2.3643  9  1  2.2121  1.9556  
2011    283    33960.0000   -0.0427   -0.0229    0.1224    2.3643  8  1  2.3214  2.0389  
2011    283    33990.0000   -0.0446   -0.0216    0.1186    2.3640  8  1  2.3231  2.0402  
2011    283    34020.0000   -0.0399   -0.0257    0.1129    2.3640  8  1  2.3246  2.0413  
2011    283    34050.0000   -0.0412   -0.0262    0.1098    2.3640  8  1  2.3260  2.0423  
2011    283    34080.0000   -0.0477   -0.0254    0.1223    2.3643  8  1  2.3271  2.0431  
2011    283    34110.0000   -0.0470   -0.0270    0.1168    2.3643  8  1  2.3281  2.0438  
2011    283    34140.0000   -0.0526   -0.0308    0.1179    2.3642  8  1  2.3289  2.0443  
2011    283    34170.0000   -0.0518   -0.0282    0.1102    2.3639  8  1  2.3295  2.0446  
2011    283    34200.0000   -0.0502   -0.0285    0.0987    2.3636  8  1  2.3299  2.0448  
2011    283    34230.0000   -0.0497   -0.0288    0.0954    2.3632  8  1  2.3301  2.0449  
2011    283    34260.0000   -0.0449   -0.0261    0.1048    2.3628  8  1  2.3301  2.0448  
2011    283    34290.0000   -0.0460   -0.0293    0.1072    2.3625  8  1  2.3300  2.0445  
2011    283    34320.0000   -0.0526   -0.0300    0.1111    2.3626  8  1  2.3296  2.0440  
2011    283    34350.0000   -0.0448   -0.0273    0.1169    2.3629  8  1  2.3291  2.0434  
2011    283    34380.0000   -0.0462   -0.0227    0.1163    2.3631  8  1  2.3284  2.0427  
2011    283    34410.0000   -0.0495   -0.0226    0.1075    2.3632  8  1  2.3274  2.0418  
2011    283    34440.0000   -0.0531   -0.0253    0.1067    2.3632  8  1  2.3263  2.0407  
2011    283    34470.0000   -0.0598   -0.0219    0.1069    2.3632  8  1  2.3250  2.0395  
2011    283    34500.0000   -0.0484   -0.0242    0.1223    2.3634  8  1  2.3235  2.0381  
2011    283    34530.0000   -0.0518   -0.0212    0.1086    2.3633  8  1  2.3218  2.0365  
2011    283    34560.0000   -0.0469   -0.0217    0.1194    2.3634  8  1  2.3200  2.0348  
2011    283    34590.0000   -0.0553   -0.0234    0.1192    2.3639  8  1  2.3179  2.0329  
2011    283    34620.0000   -0.0467   -0.0211    0.1070    2.3646  8  1  2.3156  2.0309  
2011    283    34650.0000   -0.0480   -0.0199    0.1209    2.3653  8  1  2.3132  2.0288  
2011    283    34680.0000   -0.0521   -0.0192    0.1256    2.3659  8  1  2.3106  2.0264  
2011    283    34710.0000   -0.0499   -0.0238    0.1244    2.3661  8  1  2.3078  2.0240  
2011    283    34740.0000   -0.0571   -0.0205    0.1114    2.3660  8  1  2.3048  2.0214  
2011    283    34770.0000   -0.0560   -0.0226    0.1074    2.3662  8  1  2.3017  2.0186  
2011    283    34800.0000   -0.0496   -0.0266    0.1198    2.3661  8  1  2.2984  2.0157  
2011    283    34830.0000   -0.0463   -0.0212    0.1088    2.3660  8  1  2.2949  2.0127  
2011    283    34860.0000   -0.0392   -0.0223    0.1003    2.3657  8  1  2.2912  2.0095  
2011    283    34890.0000   -0.0428   -0.0227    0.1046    2.3655  8  1  2.2874  2.0062  
2011    283    34920.0000   -0.0480   -0.0205    0.0993    2.3653  8  1  2.2835  2.0027  
2011    283    34950.0000   -0.0505   -0.0199    0.1153    2.3654  8  1  2.2793  1.9992  
2011    283    34980.0000   -0.0529   -0.0174    0.1247    2.3653  8  1  2.2751  1.9955  
2011    283    35010.0000   -0.0590   -0.0173    0.1263    2.3663  8  1  2.2706  1.9917  
2011    283    35040.0000   -0.0491   -0.0150    0.1057    2.3668  8  1  2.2661  1.9877  
2011    283    35070.0000   -0.0493   -0.0189    0.1043    2.3670  8  1  2.2614  1.9837  
2011    283    35100.0000   -0.0430   -0.0187    0.1004    2.3669  8  1  2.2565  1.9796  
2011    283    35130.0000   -0.0420   -0.0150    0.0895    2.3676  8  1  2.2516  1.9753  
2011    283    35160.0000   -0.0442   -0.0175    0.0924    2.3676  8  1  2.2465  1.9709  
2011    283    35190.0000   -0.0451   -0.0186    0.0958    2.3676  8  1  2.2412  1.9665  
2011    283    35220.0000   -0.0501   -0.0160    0.1034    2.3685  8  1  2.2359  1.9619  
2011    283    35250.0000   -0.0409   -0.0171    0.1020    2.3692  8  1  2.2304  1.9573  
2011    283    35280.0000   -0.0416   -0.0194    0.1058    2.3703  8  1  2.2249  1.9525  
2011    283    35310.0000   -0.0403   -0.0219    0.0955    2.3712  8  1  2.2192  1.9477  
2011    283    35340.0000   -0.0349   -0.0193    0.0862    2.3718  8  1  2.2134  1.9428  
2011    283    35370.0000   -0.0448   -0.0286    0.0742    2.3716  8  1  2.2076  1.9378  
2011    283    35400.0000   -0.0353   -0.0267    0.0834    2.3719  8  1  2.2016  1.9327  
2011    283    35430.0000   -0.0279   -0.0136    0.1124    2.3756  8  1  2.1955  1.9276  
2011    283    35460.0000   -0.0241   -0.0071    0.1085    2.3805  8  1  2.1894  1.9224  
2011    283    35490.0000   -0.0278   -0.0122    0.0784    2.3853  8  1  2.1832  1.9172  
2011    283    35520.0000   -0.0271   -0.0164    0.0735    2.3903  8  1  2.1769  1.9119  
2011    283    35550.0000   -0.0300   -0.0197    0.0636    2.3942  8  1  2.1706  1.9065  
2011    283    35580.0000   -0.0270   -0.0211    0.0470    2.3981  8  1  2.1642  1.9011  
2011    283    35610.0000   -0.0233   -0.0213    0.0415    2.4012  8  1  2.1577  1.8956  
2011    283    35640.0000   -0.0217   -0.0180    0.0209    2.4045  8  1  2.1511  1.8901  
2011    283    35670.0000   -0.0181   -0.0163   -0.0038    2.4078  8  1  2.1446  1.8846  
2011    283    35700.0000   -0.0169   -0.0150    0.0041    2.4108  8  1  2.1379  1.8790  
2011    283    35730.0000   -0.0170   -0.0149    0.0015    2.4134  8  1  2.1312  1.8734  
2011    283    35760.0000   -0.0171   -0.0138   -0.0145    2.4157  8  1  2.1245  1.8678  
2011    283    35790.0000   -0.0124   -0.0130   -0.0277    2.4183  8  1  2.1178  1.8621  
2011    283    35820.0000   -0.0098   -0.0121   -0.0384    2.4205  8  1  2.1110  1.8564  
2011    283    35850.0000   -0.0152   -0.0158   -0.0485    2.4222  8  1  2.1042  1.8507  
2011    283    35880.0000   -0.0123   -0.0170   -0.0559    2.4234  8  1  2.0973  1.8450  
2011    283    35910.0000   -0.0078   -0.0199   -0.0659    2.4249  8  1  2.0905  1.8392  
2011    283    35940.0000   -0.0096   -0.0235   -0.0793    2.4255  8  1  2.0836  1.8335  
2011    283    35970.0000   -0.0012   -0.0238   -0.0811    2.4267  8  1  2.0767  1.8277  
2011    283    36000.0000    0.0055   -0.0269   -0.0894    2.4278  8  1  2.0698  1.8220  
2011    283    36030.0000    0.0036   -0.0244   -0.0931    2.4286  8  1  2.0629  1.8162  
2011    283    36060.0000    0.0053   -0.0210   -0.1005    2.4289  8  1  2.0560  1.8105  
2011    283    36090.0000    0.0097   -0.0170   -0.0957    2.4299  8  1  2.0491  1.8047  
2011    283    36120.0000    0.0157   -0.0163   -0.1070    2.4310  8  1  2.0422  1.7989  
2011    283    36150.0000    0.0185   -0.0181   -0.1232    2.4321  8  1  2.0353  1.7932  
2011    283    36180.0000    0.0214   -0.0134   -0.1145    2.4326  8  1  2.0284  1.7875  
2011    283    36210.0000    0.0172   -0.0105   -0.1168    2.4334  8  1  2.0215  1.7818  
2011    283    36240.0000    0.0134   -0.0157   -0.1188    2.4337  8  1  2.0146  1.7761  
2011    283    36270.0000    0.0133   -0.0157   -0.1187    2.4340  8  1  2.0078  1.7704  
2011    283    36300.0000    0.0196   -0.0148   -0.1282    2.4347  8  1  2.0009  1.7647  
2011    283    36330.0000    0.0243   -0.0174   -0.1466    2.4354  8  1  1.9941  1.7591  
2011    283    36360.0000    0.0215   -0.0226   -0.1566    2.4347  8  1  1.9873  1.7534  
2011    283    36390.0000    0.0274   -0.0167   -0.1571    2.4347  8  1  1.9806  1.7478  
2011    283    36420.0000    0.0332   -0.0228   -0.1669    2.4332  8  1  1.9738  1.7423  
2011    283    36450.0000    0.0272   -0.0205   -0.1557    2.4326  8  1  1.9671  1.7367  
2011    283    36480.0000    0.0375   -0.0221   -0.1637    2.4320  8  1  1.9604  1.7312  
2011    283    36510.0000    0.0334   -0.0226   -0.1707    2.4314  8  1  1.9538  1.7258  
2011    283    36540.0000    0.0357   -0.0187   -0.1613    2.4309  7  1  2.7029  2.2891  
2011    283    36570.0000    0.0379   -0.0197   -0.1602    2.4305  7  1  2.7034  2.2891  
2011    283    36600.0000    0.0377   -0.0177   -0.1487    2.4300  7  1  2.7038  2.2891  
2011    283    36630.0000    0.0356   -0.0235   -0.1447    2.4296  7  1  2.7042  2.2891  
2011    283    36660.0000    0.0336   -0.0233   -0.1383    2.4291  7  1  2.7045  2.2890  
2011    283    36690.0000    0.0355   -0.0208   -0.1346    2.4289  7  1  2.7048  2.2888  
2011    283    36720.0000    0.0339   -0.0182   -0.1349    2.4285  7  1  2.7050  2.2887  
2011    283    36750.0000    0.0350   -0.0217   -0.1334    2.4277  7  1  2.7051  2.2885  
2011    283    36780.0000    0.0399   -0.0210   -0.1406    2.4272  7  1  2.7052  2.2883  
2011    283    36810.0000    0.0443   -0.0239   -0.1601    2.4266  7  1  2.7052  2.2880  
2011    283    36840.0000    0.0432   -0.0178   -0.1547    2.4262  7  1  2.7051  2.2877  
2011    283    36870.0000    0.0424   -0.0210   -0.1536    2.4258  7  1  2.7050  2.2874  
2011    283    36900.0000    0.0431   -0.0171   -0.1475    2.4254  7  1  2.7049  2.2870  
2011    283    36930.0000    0.0448   -0.0141   -0.1413    2.4255  7  1  2.7046  2.2866  
2011    283    36960.0000    0.0420   -0.0166   -0.1440    2.4254  7  1  2.7043  2.2862  
2011    283    36990.0000    0.0457   -0.0177   -0.1425    2.4251  7  1  2.7040  2.2857  
2011    283    37020.0000    0.0472   -0.0142   -0.1401    2.4247  7  1  2.7036  2.2852  
2011    283    37050.0000    0.0454   -0.0197   -0.1410    2.4243  7  1  2.7031  2.2846  
2011    283    37080.0000    0.0384   -0.0189   -0.1347    2.4240  7  1  2.7025  2.2840  
2011    283    37110.0000    0.0433   -0.0159   -0.1461    2.4239  7  1  2.7019  2.2834  
2011    283    37140.0000    0.0448   -0.0160   -0.1425    2.4238  7  1  2.7013  2.2828  
2011    283    37170.0000    0.0502   -0.0163   -0.1685    2.4239  7  1  2.7005  2.2821  
2011    283    37200.0000    0.0489   -0.0188   -0.1763    2.4240  7  1  2.6997  2.2813  
2011    283    37230.0000    0.0443   -0.0156   -0.1585    2.4239  7  1  2.6988  2.2806  
2011    283    37260.0000    0.0475   -0.0184   -0.1536    2.4230  7  1  2.6979  2.2798  
2011    283    37290.0000    0.0450   -0.0160   -0.1526    2.4227  7  1  2.6969  2.2789  
2011    283    37320.0000    0.0492   -0.0197   -0.1447    2.4217  7  1  2.6958  2.2780  
2011    283    37350.0000    0.0523   -0.0200   -0.1434    2.4199  7  1  2.6947  2.2771  
2011    283    37380.0000    0.0528   -0.0186   -0.1263    2.4183  7  1  2.6934  2.2761  
2011    283    37410.0000    0.0511   -0.0195   -0.1208    2.4168  7  1  2.6922  2.2751  
2011    283    37440.0000    0.0508   -0.0198   -0.1198    2.4155  7  1  2.6908  2.2740  
2011    283    37470.0000    0.0409   -0.0176   -0.0960    2.4152  6  1  4.9658  4.0529  
2011    283    37500.0000    0.0294   -0.0208   -0.0811    2.4149  6  1  4.9637  4.0502  
2011    283    37530.0000    0.0288   -0.0203   -0.0763    2.4145  6  1  4.9610  4.0471  
2011    283    37560.0000    0.0334   -0.0168   -0.0809    2.4141  6  1  4.9577  4.0435  
2011    283    37590.0000    0.0351   -0.0159   -0.0943    2.4136  6  1  4.9539  4.0396  
2011    283    37620.0000    0.0419   -0.0158   -0.1152    2.4131  6  1  4.9495  4.0352  
2011    283    37650.0000    0.0368   -0.0164   -0.1021    2.4127  6  1  4.9445  4.0303  
2011    283    37680.0000    0.0480   -0.0191   -0.1377    2.4122  6  1  4.9390  4.0251  
2011    283    37710.0000    0.0491   -0.0189   -0.1273    2.4117  6  1  4.9330  4.0195  
2011    283    37740.0000    0.0491   -0.0183   -0.1163    2.4113  7  1  3.1638  2.6511  
2011    283    37770.0000    0.0539   -0.0177   -0.1310    2.4106  7  1  3.1689  2.6545  
2011    283    37800.0000    0.0593   -0.0157   -0.1282    2.4102  7  1  3.1737  2.6578  
2011    283    37830.0000    0.0463   -0.0119   -0.1138    2.4095  7  1  3.1783  2.6609  
2011    283    37860.0000    0.0477   -0.0116   -0.1123    2.4089  7  1  3.1827  2.6639  
2011    283    37890.0000    0.0426   -0.0138   -0.0965    2.4081  7  1  3.1869  2.6667  
2011    283    37920.0000    0.0454   -0.0175   -0.1129    2.4073  7  1  3.1908  2.6693  
2011    283    37950.0000    0.0425   -0.0185   -0.1035    2.4065  7  1  3.1945  2.6717  
2011    283    37980.0000    0.0494   -0.0178   -0.1119    2.4056  7  1  3.1980  2.6740  
2011    283    38010.0000    0.0451   -0.0189   -0.1006    2.4049  7  1  3.2012  2.6761  
2011    283    38040.0000    0.0340   -0.0199   -0.0969    2.4043  7  1  3.2042  2.6780  
2011    283    38070.0000    0.0419   -0.0216   -0.1071    2.4040  7  1  3.2070  2.6797  
2011    283    38100.0000    0.0405   -0.0183   -0.1002    2.4035  7  1  3.2095  2.6813  
2011    283    38130.0000    0.0477   -0.0207   -0.1108    2.4028  7  1  3.2117  2.6826  
2011    283    38160.0000    0.0419   -0.0219   -0.1062    2.4019  7  1  3.2137  2.6838  
2011    283    38190.0000    0.0356   -0.0176   -0.0718    2.4012  7  1  3.2154  2.6848  
2011    283    38220.0000    0.0380   -0.0158   -0.0783    2.4002  7  1  3.2169  2.6856  
2011    283    38250.0000    0.0372   -0.0126   -0.0711    2.3991  7  1  3.2182  2.6862  
2011    283    38280.0000    0.0356   -0.0144   -0.0665    2.3983  7  1  3.2191  2.6866  
2011    283    38310.0000    0.0281   -0.0141   -0.0560    2.3974  7  1  3.2198  2.6868  
2011    283    38340.0000    0.0284   -0.0179   -0.0616    2.3968  7  1  3.2203  2.6868  
2011    283    38370.0000    0.0224   -0.0092   -0.0413    2.3959  7  1  3.2205  2.6867  
2011    283    38400.0000    0.0260   -0.0106   -0.0464    2.3953  7  1  3.2204  2.6863  
2011    283    38430.0000    0.0315   -0.0086   -0.0429    2.3949  7  1  3.2201  2.6857  
2011    283    38460.0000    0.0344   -0.0114   -0.0391    2.3943  7  1  3.2195  2.6850  
2011    283    38490.0000    0.0356   -0.0157   -0.0580    2.3934  7  1  3.2186  2.6840  
2011    283    38520.0000    0.0325   -0.0152   -0.0488    2.3925  7  1  3.2175  2.6829  
2011    283    38550.0000    0.0270   -0.0128   -0.0256    2.3919  7  1  3.2161  2.6816  
2011    283    38580.0000    0.0209   -0.0094   -0.0170    2.3915  7  1  3.2144  2.6801  
2011    283    38610.0000    0.0188   -0.0074   -0.0076    2.3915  7  1  3.2125  2.6783  
2011    283    38640.0000    0.0300   -0.0080   -0.0385    2.3914  7  1  3.2104  2.6764  
2011    283    38670.0000    0.0260   -0.0094   -0.0166    2.3914  7  1  3.2080  2.6744  
2011    283    38700.0000    0.0251   -0.0083   -0.0231    2.3908  7  1  3.2053  2.6721  
2011    283    38730.0000    0.0337   -0.0183   -0.0372    2.3898  7  1  3.2024  2.6696  
2011    283    38760.0000    0.0345   -0.0192   -0.0361    2.3889  7  1  3.1992  2.6670  
2011    283    38790.0000    0.0331   -0.0172   -0.0275    2.3875  7  1  3.1958  2.6641  
2011    283    38820.0000    0.0372   -0.0140   -0.0259    2.3864  7  1  3.1922  2.6611  
2011    283    38850.0000    0.0275   -0.0089   -0.0113    2.3855  7  1  3.1883  2.6580  
2011    283    38880.0000    0.0250   -0.0064   -0.0069    2.3850  7  1  3.1842  2.6546  
2011    283    38910.0000    0.0237   -0.0024   -0.0081    2.3846  7  1  3.1798  2.6511  
2011    283    38940.0000    0.0212   -0.0012   -0.0006    2.3841  7  1  3.1752  2.6474  
2011    283    38970.0000    0.0277   -0.0074   -0.0154    2.3835  7  1  3.1704  2.6435  
2011    283    39000.0000    0.0326   -0.0136   -0.0158    2.3827  7  1  3.1654  2.6395  
2011    283    39030.0000    0.0212   -0.0097    0.0153    2.3815  7  1  3.1601  2.6353  
2011    283    39060.0000    0.0235   -0.0124    0.0105    2.3803  7  1  3.1547  2.6310  
2011    283    39090.0000    0.0268   -0.0084    0.0135    2.3792  7  1  3.1490  2.6265  
2011    283    39120.0000    0.0306   -0.0131    0.0133    2.3788  7  1  3.1431  2.6218  
2011    283    39150.0000    0.0262   -0.0104    0.0162    2.3786  7  1  3.1370  2.6170  
2011    283    39180.0000    0.0252   -0.0105    0.0046    2.3784  7  1  3.1308  2.6121  
2011    283    39210.0000    0.0254   -0.0041    0.0151    2.3783  7  1  3.1243  2.6070  
2011    283    39240.0000    0.0302   -0.0052    0.0098    2.3786  7  1  3.1177  2.6018  
2011    283    39270.0000    0.0242   -0.0087    0.0206    2.3789  7  1  3.1109  2.5965  
2011    283    39300.0000    0.0261   -0.0110    0.0058    2.3785  7  1  3.1039  2.5910  
2011    283    39330.0000    0.0291   -0.0105    0.0096    2.3783  7  1  3.0967  2.5854  
2011    283    39360.0000    0.0257   -0.0109    0.0105    2.3775  7  1  3.0894  2.5797  
2011    283    39390.0000    0.0251   -0.0069    0.0293    2.3774  7  1  3.0819  2.5739  
2011    283    39420.0000    0.0246   -0.0111    0.0192    2.3778  7  1  3.0743  2.5680  
2011    283    39450.0000    0.0170   -0.0118    0.0077    2.3778  7  1  3.0665  2.5619  
2011    283    39480.0000    0.0198   -0.0127    0.0084    2.3779  7  1  3.0586  2.5558  
2011    283    39510.0000    0.0175   -0.0056    0.0186    2.3778  7  1  3.0505  2.5495  
2011    283    39540.0000    0.0223   -0.0038    0.0020    2.3775  7  1  3.0423  2.5432  
2011    283    39570.0000    0.0120   -0.0046    0.0214    2.3774  7  1  3.0340  2.5368  
2011    283    39600.0000    0.0148   -0.0043    0.0145    2.3773  7  1  3.0256  2.5303  
2011    283    39630.0000    0.0145   -0.0067    0.0066    2.3767  7  1  3.0170  2.5237  
2011    283    39660.0000    0.0115   -0.0093    0.0053    2.3760  7  1  3.0084  2.5170  
2011    283    39690.0000    0.0090   -0.0080   -0.0000    2.3757  7  1  2.9996  2.5102  
2011    283    39720.0000    0.0196   -0.0050   -0.0019    2.3758  6  1  3.4425  2.8714  
2011    283    39750.0000    0.0186   -0.0017    0.0078    2.3762  6  1  3.4408  2.8708  
2011    283    39780.0000    0.0161   -0.0063    0.0118    2.3765  6  1  3.4389  2.8700  
2011    283    39810.0000    0.0183   -0.0076    0.0068    2.3766  6  1  3.4368  2.8691  
2011    283    39840.0000    0.0169   -0.0061    0.0208    2.3767  7  1  2.1698  1.9548  
2011    283    39870.0000    0.0155   -0.0029    0.0149    2.3768  7  1  2.1758  1.9599  
2011    283    39900.0000    0.0165   -0.0079    0.0214    2.3769  7  1  2.1818  1.9650  
2011    283    39930.0000    0.0198   -0.0040    0.0300    2.3767  7  1  2.1878  1.9701  
2011    283    39960.0000    0.0202   -0.0050    0.0286    2.3769  7  1  2.1937  1.9752  
2011    283    39990.0000    0.0156    0.0003    0.0310    2.3771  7  1  2.1997  1.9802  
2011    283    40020.0000    0.0128   -0.0012    0.0364    2.3773  7  1  2.2056  1.9853  
2011    283    40050.0000    0.0121   -0.0012    0.0386    2.3780  7  1  2.2114  1.9902  
2011    283    40080.0000    0.0107   -0.0041    0.0283    2.3785  7  1  2.2173  1.9952  
2011    283    40110.0000    0.0094   -0.0026    0.0309    2.3794  7  1  2.2231  2.0001  
2011    283    40140.0000    0.0150   -0.0040    0.0000    2.3802  7  1  2.2288  2.0050  
2011    283    40170.0000    0.0091   -0.0006    0.0148    2.3807  7  1  2.2345  2.0098  
2011    283    40200.0000    0.0080    0.0072    0.0030    2.3811  7  1  2.2401  2.0145  
2011    283    40230.0000    0.0112    0.0040   -0.0051    2.3811  7  1  2.2457  2.0192  
2011    283    40260.0000    0.0164    0.0028    0.0064    2.3808  7  1  2.2512  2.0238  
2011    283    40290.0000    0.0169   -0.0027    0.0175    2.3810  7  1  2.2566  2.0283  
2011    283    40320.0000    0.0184    0.0017    0.0257    2.3804  7  1  2.2619  2.0327  
2011    283    40350.0000    0.0154   -0.0059   -0.0070    2.3799  7  1  2.2671  2.0371  
2011    283    40380.0000    0.0174    0.0007    0.0001    2.3791  7  1  2.2722  2.0413  
2011    283    40410.0000    0.0130    0.0044    0.0206    2.3786  7  1  2.2772  2.0455  
2011    283    40440.0000    0.0086    0.0043    0.0076    2.3781  7  1  2.2821  2.0495  
2011    283    40470.0000    0.0058    0.0053    0.0038    2.3776  7  1  2.2869  2.0535  
2011    283    40500.0000    0.0085   -0.0004    0.0167    2.3775  7  1  2.2916  2.0573  
2011    283    40530.0000    0.0057    0.0022    0.0072    2.3775  7  1  2.2961  2.0610  
2011    283    40560.0000    0.0021    0.0051    0.0031    2.3778  7  1  2.3005  2.0646  
2011    283    40590.0000    0.0003    0.0026    0.0040    2.3782  7  1  2.3047  2.0680  
2011    283    40620.0000    0.0062    0.0042   -0.0001    2.3784  7  1  2.3088  2.0713  
2011    283    40650.0000    0.0095    0.0045    0.0174    2.3784  8  1  2.1869  1.9496  
2011    283    40680.0000    0.0125    0.0034    0.0176    2.3782  8  1  2.1918  1.9535  
2011    283    40710.0000    0.0067    0.0012    0.0158    2.3786  8  1  2.1965  1.9573  
2011    283    40740.0000    0.0071    0.0004    0.0227    2.3793  8  1  2.2011  1.9609  
2011    283    40770.0000    0.0104   -0.0039    0.0013    2.3800  8  1  2.2055  1.9644  
2011    283    40800.0000    0.0058    0.0010   -0.0110    2.3805  8  1  2.2096  1.9677  
2011    283    40830.0000    0.0003    0.0072   -0.0050    2.3800  8  1  2.2136  1.9708  
2011    283    40860.0000   -0.0066    0.0045   -0.0134    2.3806  8  1  2.2174  1.9738  
2011    283    40890.0000   -0.0004    0.0022   -0.0217    2.3803  8  1  2.2209  1.9765  
2011    283    40920.0000    0.0054    0.0021   -0.0162    2.3809  8  1  2.2243  1.9791  
2011    283    40950.0000    0.0079    0.0026   -0.0154    2.3809  8  1  2.2274  1.9815  
2011    283    40980.0000    0.0067   -0.0008   -0.0007    2.3808  8  1  2.2304  1.9838  
2011    283    41010.0000    0.0088   -0.0024    0.0065    2.3805  8  1  2.2331  1.9858  
2011    283    41040.0000    0.0084    0.0010    0.0007    2.3806  8  1  2.2356  1.9877  
2011    283    41070.0000   -0.0031    0.0088    0.0012    2.3807  8  1  2.2378  1.9893  
2011    283    41100.0000   -0.0088    0.0068   -0.0122    2.3803  8  1  2.2399  1.9908  
2011    283    41130.0000   -0.0085    0.0101   -0.0166    2.3797  8  1  2.2417  1.9921  
2011    283    41160.0000   -0.0192    0.0081   -0.0144    2.3791  8  1  2.2434  1.9932  
2011    283    41190.0000   -0.0151    0.0051   -0.0212    2.3791  8  1  2.2447  1.9941  
2011    283    41220.0000   -0.0022    0.0011   -0.0129    2.3791  8  1  2.2459  1.9948  
2011    283    41250.0000   -0.0048   -0.0002   -0.0210    2.3796  8  1  2.2469  1.9954  
2011    283    41280.0000   -0.0087    0.0016   -0.0251    2.3792  8  1  2.2476  1.9957  
2011    283    41310.0000   -0.0029   -0.0007   -0.0103    2.3791  8  1  2.2481  1.9959  
2011    283    41340.0000   -0.0026    0.0003   -0.0235    2.3787  8  1  2.2484  1.9959  
2011    283    41370.0000    0.0016   -0.0035   -0.0090    2.3781  8  1  2.2485  1.9957  
2011    283    41400.0000    0.0028    0.0078   -0.0016    2.3779  8  1  2.2483  1.9953  
2011    283    41430.0000   -0.0003    0.0061   -0.0164    2.3784  8  1  2.2480  1.9947  
2011    283    41460.0000   -0.0076    0.0074   -0.0185    2.3791  8  1  2.2474  1.9940  
2011    283    41490.0000   -0.0133    0.0085   -0.0274    2.3803  8  1  2.2466  1.9930  
2011    283    41520.0000   -0.0088    0.0090   -0.0310    2.3817  8  1  2.2456  1.9920  
2011    283    41550.0000   -0.0057    0.0024   -0.0336    2.3829  8  1  2.2445  1.9907  
2011    283    41580.0000   -0.0024    0.0012   -0.0351    2.3832  8  1  2.2431  1.9893  
2011    283    41610.0000   -0.0071    0.0050   -0.0355    2.3832  8  1  2.2415  1.9877  
2011    283    41640.0000   -0.0126    0.0058   -0.0388    2.3828  8  1  2.2398  1.9860  
2011    283    41670.0000   -0.0032    0.0049   -0.0256    2.3824  8  1  2.2378  1.9841  
2011    283    41700.0000   -0.0004    0.0027   -0.0267    2.3825  8  1  2.2357  1.9820  
2011    283    41730.0000   -0.0033    0.0091   -0.0348    2.3819  9  1  1.6733  1.5022  
2011    283    41760.0000   -0.0051    0.0069   -0.0307    2.3815  9  1  1.6777  1.5059  
2011    283    41790.0000   -0.0075    0.0081   -0.0359    2.3815  9  1  1.6820  1.5095  
2011    283    41820.0000   -0.0091    0.0064   -0.0361    2.3816  9  1  1.6863  1.5132  
2011    283    41850.0000   -0.0049    0.0079   -0.0361    2.3816  9  1  1.6907  1.5169  
2011    283    41880.0000   -0.0038    0.0083   -0.0435    2.3814  8  1  1.9878  1.7636  
2011    283    41910.0000   -0.0103    0.0103   -0.0415    2.3811  8  1  1.9923  1.7672  
2011    283    41940.0000   -0.0130    0.0074   -0.0499    2.3808  8  1  1.9968  1.7709  
2011    283    41970.0000   -0.0063    0.0071   -0.0311    2.3806  8  1  2.0014  1.7746  
2011    283    42000.0000   -0.0438    0.0194   -0.0987    2.3802  8  1  2.0060  1.7784  
2011    283    42030.0000   -0.0174    0.0062   -0.0256    2.3798  8  1  2.0107  1.7822  
2011    283    42060.0000   -0.0153    0.0057   -0.0273    2.3796  8  1  2.0154  1.7860  
2011    283    42090.0000   -0.0026    0.0028   -0.0281    2.3792  8  1  2.0201  1.7898  
2011    283    42120.0000   -0.0190    0.0110   -0.0327    2.3791  8  1  2.0249  1.7937  
2011    283    42150.0000   -0.0125    0.0090   -0.0241    2.3792  8  1  2.0296  1.7976  
2011    283    42180.0000   -0.0148    0.0117   -0.0189    2.3792  8  1  2.0344  1.8015  
2011    283    42210.0000   -0.0096    0.0097   -0.0178    2.3794  8  1  2.0393  1.8054  
2011    283    42240.0000   -0.0125    0.0091   -0.0191    2.3795  8  1  2.0441  1.8093  
2011    283    42270.0000   -0.0048    0.0086   -0.0213    2.3793  8  1  2.0490  1.8133  
2011    283    42300.0000   -0.0143    0.0108   -0.0229    2.3791  8  1  2.0539  1.8172  
2011    283    42330.0000   -0.0122    0.0118   -0.0150    2.3788  8  1  2.0588  1.8212  
2011    283    42360.0000   -0.0095    0.0104   -0.0232    2.3784  8  1  2.0637  1.8252  
2011    283    42390.0000   -0.0083    0.0140   -0.0209    2.3785  8  1  2.0686  1.8292  
2011    283    42420.0000   -0.0062    0.0133   -0.0077    2.3785  8  1  2.0736  1.8332  
2011    283    42450.0000   -0.0054    0.0143   -0.0141    2.3784  8  1  2.0786  1.8372  
2011    283    42480.0000   -0.0088    0.0153   -0.0115    2.3782  8  1  2.0835  1.8412  
2011    283    42510.0000   -0.0096    0.0162   -0.0065    2.3781  8  1  2.0885  1.8452  
2011    283    42540.0000   -0.0073    0.0098   -0.0055    2.3781  8  1  2.0934  1.8492  
2011    283    42570.0000   -0.0091    0.0102    0.0039    2.3782  8  1  2.0984  1.8532  
2011    283    42600.0000   -0.0118    0.0098    0.0003    2.3783  8  1  2.1034  1.8572  
2011    283    42630.0000   -0.0086    0.0085   -0.0075    2.3783  8  1  2.1083  1.8612  
2011    283    42660.0000   -0.0023    0.0112    0.0019    2.3788  9  1  1.9358  1.7315  
2011    283    42690.0000   -0.0120    0.0084   -0.0105    2.3794  9  1  1.9396  1.7346  
2011    283    42720.0000   -0.0057    0.0068   -0.0081    2.3802  9  1  1.9433  1.7376  
2011    283    42750.0000   -0.0028    0.0070   -0.0114    2.3809  9  1  1.9470  1.7407  
2011    283    42780.0000   -0.0005    0.0057   -0.0165    2.3814  9  1  1.9508  1.7438  
2011    283    42810.0000    0.0084    0.0094   -0.0141    2.3818  9  1  1.9545  1.7469  
2011    283    42840.0000    0.0045    0.0061   -0.0263    2.3817  9  1  1.9582  1.7499  
2011    283    42870.0000    0.0008    0.0066   -0.0235    2.3816  9  1  1.9619  1.7530  
2011    283    42900.0000    0.0004    0.0046   -0.0158    2.3813  9  1  1.9656  1.7561  
2011    283    42930.0000    0.0037    0.0011   -0.0068    2.3812  9  1  1.9693  1.7591  
2011    283    42960.0000   -0.0045    0.0070   -0.0204    2.3814  9  1  1.9730  1.7621  
2011    283    42990.0000   -0.0047    0.0061   -0.0249    2.3817  9  1  1.9767  1.7652  
2011    283    43020.0000    0.0003    0.0045   -0.0177    2.3827  9  1  1.9804  1.7682  
2011    283    43050.0000   -0.0006    0.0035   -0.0309    2.3837  9  1  1.9840  1.7712  
2011    283    43080.0000    0.0037    0.0054   -0.0286    2.3844  9  1  1.9877  1.7741  
2011    283    43110.0000    0.0064    0.0052   -0.0377    2.3852  9  1  1.9913  1.7771  
2011    283    43140.0000    0.0027    0.0047   -0.0324    2.3854  9  1  1.9949  1.7800  
2011    283    43170.0000    0.0031    0.0081   -0.0369    2.3853  9  1  1.9985  1.7830  
2011    283    43200.0000    0.0055    0.0080   -0.0241    2.3849  9  1  2.0020  1.7859  
