# col  1 -  3: year/doy/sod 
# col  4 -  7: dN/dE/dU/ZTD 
# col  8 - 11: TotalSatNumber/Converged/GDOP/PDOP 
# END OF HEADER
2011    283        0.0000    1.8579    0.6100   -0.8518    3.0956  6  0  3.3969  2.9947  
2011    283       30.0000    1.9877    0.4332    0.7049    2.6445  6  0  3.3703  2.9734  
2011    283       60.0000    1.6630    0.0108    0.7642    2.1169  6  0  3.3442  2.9524  
2011    283       90.0000    0.8996   -0.2318    1.4836    1.8493  6  0  3.3184  2.9317  
2011    283      120.0000    0.5289   -0.0557    0.8715    1.9184  6  0  3.2931  2.9112  
2011    283      150.0000    0.4954   -0.1263    0.6280    2.0675  6  0  3.2681  2.8911  
2011    283      180.0000    0.4284   -0.1140    0.3547    2.3039  6  0  3.2436  2.8713  
2011    283      210.0000    0.3104   -0.0889    0.0786    2.3935  6  0  3.2195  2.8519  
2011    283      240.0000    0.2325   -0.0015   -0.2104    2.3848  6  0  3.1958  2.8327  
2011    283      270.0000    0.1195   -0.0490   -0.3644    2.2925  7  0  2.5258  2.3295  
2011    283      300.0000    0.0949   -0.0847   -0.4020    2.2602  7  0  2.5236  2.3279  
2011    283      330.0000    0.0793   -0.0731   -0.2562    2.2765  7  0  2.5211  2.3261  
2011    283      360.0000    0.0380   -0.1157   -0.2301    2.3270  7  0  2.5184  2.3240  
2011    283      390.0000    0.0244   -0.1493   -0.2023    2.3151  7  0  2.5155  2.3217  
2011    283      420.0000    0.0114   -0.1120   -0.2732    2.3032  7  0  2.5122  2.3191  
2011    283      450.0000   -0.0037   -0.2044   -0.1824    2.3238  7  0  2.5088  2.3162  
2011    283      480.0000   -0.0036   -0.2151   -0.1665    2.3375  7  0  2.5051  2.3132  
2011    283      510.0000   -0.0297   -0.2027   -0.1827    2.3503  7  0  2.5012  2.3099  
2011    283      540.0000   -0.0271   -0.2295   -0.2379    2.3449  7  0  2.4971  2.3064  
2011    283      570.0000   -0.0230   -0.1946   -0.2533    2.3493  7  0  2.4928  2.3027  
2011    283      600.0000   -0.0243   -0.2403   -0.2677    2.3518  7  0  2.4882  2.2987  
2011    283      630.0000   -0.0275   -0.2910   -0.2180    2.3539  7  0  2.4835  2.2946  
2011    283      660.0000   -0.0206   -0.2714   -0.2418    2.3518  7  0  2.4786  2.2903  
2011    283      690.0000   -0.0329   -0.3317   -0.2486    2.3550  7  0  2.4735  2.2858  
2011    283      720.0000   -0.0236   -0.2821   -0.2163    2.3563  7  0  2.4682  2.2811  
2011    283      750.0000   -0.0398   -0.3028   -0.2040    2.3578  6  0  3.2697  2.8637  
2011    283      780.0000   -0.0329   -0.3027   -0.1997    2.3569  6  0  3.2628  2.8578  
2011    283      810.0000   -0.0366   -0.2577   -0.1957    2.3565  6  0  3.2556  2.8517  
2011    283      840.0000   -0.0295   -0.2269   -0.1997    2.3560  6  0  3.2481  2.8454  
2011    283      870.0000   -0.0247   -0.2210   -0.2165    2.3557  6  0  3.2404  2.8388  
2011    283      900.0000   -0.0161   -0.2340   -0.1939    2.3567  6  0  3.2324  2.8320  
2011    283      930.0000   -0.0245   -0.2360   -0.1941    2.3564  6  0  3.2242  2.8250  
2011    283      960.0000   -0.0242   -0.1982   -0.2104    2.3547  6  0  3.2159  2.8178  
2011    283      990.0000   -0.0267   -0.1470   -0.2181    2.3533  6  0  3.2073  2.8104  
2011    283     1020.0000   -0.0174   -0.1460   -0.2222    2.3541  6  0  3.1985  2.8029  
2011    283     1050.0000   -0.0200   -0.1201   -0.2103    2.3541  6  0  3.1896  2.7952  
2011    283     1080.0000   -0.0240   -0.1096   -0.1997    2.3545  6  0  3.1806  2.7874  
2011    283     1110.0000   -0.0278   -0.1139   -0.1920    2.3561  6  0  3.1714  2.7795  
2011    283     1140.0000   -0.0326   -0.1414   -0.1842    2.3569  6  0  3.1621  2.7714  
2011    283     1170.0000   -0.0261   -0.1357   -0.1741    2.3575  7  0  2.1770  1.9291  
2011    283     1200.0000   -0.0245   -0.1306   -0.1648    2.3588  7  0  2.1803  1.9315  
2011    283     1230.0000   -0.0227   -0.1472   -0.1534    2.3590  7  0  2.1836  1.9339  
2011    283     1260.0000   -0.0238   -0.1556   -0.1493    2.3599  7  0  2.1869  1.9363  
2011    283     1290.0000   -0.0278   -0.1679   -0.1504    2.3603  7  0  2.1903  1.9388  
2011    283     1320.0000   -0.0266   -0.1768   -0.1383    2.3608  7  0  2.1937  1.9414  
2011    283     1350.0000   -0.0274   -0.1963   -0.1201    2.3610  7  0  2.1972  1.9439  
2011    283     1380.0000   -0.0337   -0.1938   -0.1241    2.3611  7  0  2.2007  1.9466  
2011    283     1410.0000   -0.0291   -0.1773   -0.1369    2.3607  7  0  2.2043  1.9492  
2011    283     1440.0000   -0.0278   -0.1798   -0.1439    2.3606  7  0  2.2079  1.9519  
2011    283     1470.0000   -0.0305   -0.2002   -0.1243    2.3605  7  0  2.2115  1.9546  
2011    283     1500.0000   -0.0331   -0.1708   -0.1299    2.3592  7  0  2.2152  1.9574  
2011    283     1530.0000   -0.0355   -0.1735   -0.1277    2.3589  7  0  2.2190  1.9602  
2011    283     1560.0000   -0.0360   -0.2157   -0.1289    2.3586  7  0  2.2227  1.9631  
2011    283     1590.0000   -0.0365   -0.2265   -0.1232    2.3580  7  0  2.2265  1.9660  
2011    283     1620.0000   -0.0292   -0.2268   -0.1332    2.3581  7  0  2.2304  1.9689  
2011    283     1650.0000   -0.0300   -0.2158   -0.1342    2.3581  7  0  2.2343  1.9719  
2011    283     1680.0000   -0.0301   -0.2143   -0.1181    2.3580  7  0  2.2382  1.9749  
2011    283     1710.0000   -0.0326   -0.2111   -0.1194    2.3574  7  0  2.2422  1.9779  
2011    283     1740.0000   -0.0264   -0.2123   -0.1244    2.3583  7  0  2.2462  1.9810  
2011    283     1770.0000   -0.0236   -0.2029   -0.1402    2.3583  7  0  2.2502  1.9840  
2011    283     1800.0000   -0.0242   -0.2056   -0.1455    2.3587  7  0  2.2543  1.9872  
2011    283     1830.0000   -0.0207   -0.2036   -0.1579    2.3600  7  0  2.2583  1.9903  
2011    283     1860.0000   -0.0272   -0.1966   -0.1674    2.3603  7  0  2.2625  1.9935  
2011    283     1890.0000   -0.0241   -0.1979   -0.1774    2.3608  7  0  2.2666  1.9967  
2011    283     1920.0000   -0.0235   -0.2020   -0.1865    2.3614  7  0  2.2707  1.9999  
2011    283     1950.0000   -0.0249   -0.1922   -0.1992    2.3615  7  0  2.2749  2.0032  
2011    283     1980.0000   -0.0209   -0.1710   -0.1927    2.3609  7  0  2.2791  2.0064  
2011    283     2010.0000   -0.0258   -0.1685   -0.1832    2.3602  7  0  2.2833  2.0097  
2011    283     2040.0000   -0.0225   -0.1809   -0.1719    2.3608  7  0  2.2876  2.0130  
2011    283     2070.0000   -0.0218   -0.1591   -0.1830    2.3612  7  0  2.2918  2.0164  
2011    283     2100.0000   -0.0154   -0.1450   -0.1742    2.3608  7  0  2.2960  2.0197  
2011    283     2130.0000   -0.0180   -0.1247   -0.1722    2.3602  7  0  2.3003  2.0230  
2011    283     2160.0000   -0.0142   -0.1005   -0.1807    2.3595  7  0  2.3046  2.0264  
2011    283     2190.0000   -0.0111   -0.0871   -0.1753    2.3589  7  0  2.3088  2.0297  
2011    283     2220.0000   -0.0122   -0.0774   -0.1767    2.3589  7  0  2.3131  2.0331  
2011    283     2250.0000   -0.0161   -0.0789   -0.1708    2.3585  7  0  2.3173  2.0365  
2011    283     2280.0000   -0.0183   -0.0867   -0.1731    2.3584  7  0  2.3216  2.0398  
2011    283     2310.0000   -0.0183   -0.1073   -0.1768    2.3585  7  0  2.3258  2.0432  
2011    283     2340.0000   -0.0188   -0.0895   -0.1686    2.3573  7  0  2.3300  2.0466  
2011    283     2370.0000   -0.0211   -0.0761   -0.1668    2.3563  7  0  2.3342  2.0499  
2011    283     2400.0000   -0.0151   -0.0654   -0.1545    2.3555  7  0  2.3384  2.0532  
2011    283     2430.0000   -0.0146   -0.0700   -0.1535    2.3548  7  0  2.3425  2.0566  
2011    283     2460.0000   -0.0099   -0.0660   -0.1538    2.3545  7  0  2.3467  2.0599  
2011    283     2490.0000   -0.0086   -0.0619   -0.1617    2.3542  7  0  2.3507  2.0631  
2011    283     2520.0000   -0.0094   -0.0629   -0.1747    2.3551  7  0  2.3548  2.0664  
2011    283     2550.0000   -0.0106   -0.0784   -0.1604    2.3549  8  0  2.2510  1.9766  
2011    283     2580.0000   -0.0134   -0.0758   -0.1600    2.3548  8  0  2.2516  1.9773  
2011    283     2610.0000   -0.0173   -0.0767   -0.1629    2.3540  8  0  2.2520  1.9778  
2011    283     2640.0000   -0.0191   -0.0788   -0.1589    2.3536  8  0  2.2523  1.9782  
2011    283     2670.0000   -0.0125   -0.0979   -0.1385    2.3532  8  0  2.2525  1.9785  
2011    283     2700.0000   -0.0094   -0.1035   -0.1438    2.3527  8  0  2.2525  1.9787  
2011    283     2730.0000   -0.0097   -0.1155   -0.1366    2.3528  8  0  2.2523  1.9788  
2011    283     2760.0000   -0.0160   -0.1196   -0.1267    2.3516  8  0  2.2520  1.9787  
2011    283     2790.0000   -0.0091   -0.1257   -0.1253    2.3510  8  0  2.2516  1.9785  
2011    283     2820.0000   -0.0132   -0.1181   -0.1296    2.3500  8  0  2.2510  1.9782  
2011    283     2850.0000   -0.0148   -0.1159   -0.1090    2.3492  8  0  2.2503  1.9778  
2011    283     2880.0000   -0.0132   -0.1109   -0.1105    2.3485  8  0  2.2494  1.9772  
2011    283     2910.0000   -0.0099   -0.1083   -0.1025    2.3478  8  0  2.2484  1.9765  
2011    283     2940.0000   -0.0118   -0.1076   -0.0939    2.3468  8  0  2.2472  1.9757  
2011    283     2970.0000   -0.0082   -0.0976   -0.0890    2.3461  8  0  2.2459  1.9748  
2011    283     3000.0000   -0.0046   -0.0907   -0.0986    2.3466  8  0  2.2444  1.9737  
2011    283     3030.0000   -0.0049   -0.0868   -0.1058    2.3478  8  0  2.2428  1.9726  
2011    283     3060.0000   -0.0086   -0.0967   -0.1005    2.3487  8  0  2.2411  1.9713  
2011    283     3090.0000   -0.0103   -0.0905   -0.1093    2.3501  8  0  2.2392  1.9698  
2011    283     3120.0000   -0.0126   -0.0879   -0.0993    2.3501  8  0  2.2372  1.9683  
2011    283     3150.0000   -0.0054   -0.0873   -0.1121    2.3499  8  0  2.2350  1.9667  
2011    283     3180.0000   -0.0112   -0.1018   -0.1139    2.3501  8  0  2.2327  1.9649  
2011    283     3210.0000   -0.0159   -0.1048   -0.1072    2.3505  8  0  2.2302  1.9630  
2011    283     3240.0000   -0.0083   -0.0953   -0.1103    2.3508  8  0  2.2277  1.9610  
2011    283     3270.0000   -0.0173   -0.1018   -0.1116    2.3516  8  0  2.2250  1.9589  
2011    283     3300.0000   -0.0161   -0.1114   -0.1051    2.3519  8  0  2.2221  1.9567  
2011    283     3330.0000   -0.0099   -0.0987   -0.1094    2.3521  8  0  2.2192  1.9544  
2011    283     3360.0000   -0.0080   -0.0923   -0.1066    2.3523  8  0  2.2161  1.9520  
2011    283     3390.0000   -0.0095   -0.0878   -0.1002    2.3516  8  0  2.2129  1.9494  
2011    283     3420.0000   -0.0088   -0.0867   -0.1015    2.3505  8  0  2.2096  1.9468  
2011    283     3450.0000   -0.0112   -0.0919   -0.1011    2.3506  8  0  2.2061  1.9441  
2011    283     3480.0000   -0.0097   -0.0905   -0.1167    2.3503  8  0  2.2026  1.9412  
2011    283     3510.0000   -0.0093   -0.0952   -0.1088    2.3502  7  0  2.4417  2.1381  
2011    283     3540.0000   -0.0097   -0.0962   -0.1007    2.3503  6  0  2.6807  2.3308  
2011    283     3570.0000   -0.0126   -0.0956   -0.1007    2.3502  6  0  2.6913  2.3393  
2011    283     3600.0000   -0.0089   -0.1035   -0.1043    2.3502  6  0  2.7022  2.3479  
2011    283     3630.0000   -0.0120   -0.1071   -0.1181    2.3499  6  0  2.7132  2.3567  
2011    283     3660.0000   -0.0122   -0.0996   -0.0966    2.3492  6  0  2.7244  2.3657  
2011    283     3690.0000   -0.0034   -0.0978   -0.0981    2.3487  6  0  2.7358  2.3748  
2011    283     3720.0000   -0.0013   -0.1014   -0.0930    2.3483  6  0  2.7473  2.3841  
2011    283     3750.0000   -0.0074   -0.0969   -0.1024    2.3479  6  0  2.7590  2.3935  
2011    283     3780.0000   -0.0085   -0.0912   -0.0928    2.3472  6  0  2.7709  2.4031  
2011    283     3810.0000   -0.0069   -0.0941   -0.0913    2.3467  6  0  2.7830  2.4128  
2011    283     3840.0000   -0.0065   -0.0994   -0.0985    2.3460  6  0  2.7953  2.4227  
2011    283     3870.0000   -0.0046   -0.0956   -0.0853    2.3453  6  0  2.8077  2.4327  
2011    283     3900.0000   -0.0036   -0.0975   -0.0798    2.3450  6  0  2.8203  2.4429  
2011    283     3930.0000   -0.0045   -0.0914   -0.0892    2.3447  6  0  2.8330  2.4533  
2011    283     3960.0000   -0.0027   -0.0856   -0.0938    2.3440  6  0  2.8460  2.4637  
2011    283     3990.0000   -0.0069   -0.0913   -0.0824    2.3439  6  0  2.8591  2.4744  
2011    283     4020.0000   -0.0018   -0.0967   -0.0748    2.3436  6  0  2.8723  2.4851  
2011    283     4050.0000    0.0025   -0.0958   -0.0822    2.3433  6  0  2.8857  2.4960  
2011    283     4080.0000   -0.0058   -0.1012   -0.0842    2.3427  6  0  2.8992  2.5071  
2011    283     4110.0000   -0.0079   -0.1086   -0.0903    2.3425  6  0  2.9129  2.5183  
2011    283     4140.0000   -0.0011   -0.1131   -0.0907    2.3426  6  0  2.9268  2.5296  
2011    283     4170.0000   -0.0035   -0.1076   -0.0911    2.3428  6  0  2.9407  2.5410  
2011    283     4200.0000    0.0050   -0.1045   -0.0878    2.3428  6  0  2.9548  2.5525  
2011    283     4230.0000   -0.0072   -0.1108   -0.0776    2.3427  6  0  2.9691  2.5642  
2011    283     4260.0000   -0.0014   -0.1073   -0.0831    2.3427  6  0  2.9834  2.5759  
2011    283     4290.0000    0.0001   -0.1108   -0.0810    2.3427  6  0  2.9978  2.5878  
2011    283     4320.0000   -0.0057   -0.1077   -0.0708    2.3426  6  0  3.0124  2.5998  
2011    283     4350.0000   -0.0063   -0.1075   -0.0832    2.3426  6  0  3.0271  2.6118  
2011    283     4380.0000   -0.0100   -0.1105   -0.0711    2.3426  6  0  3.0418  2.6239  
2011    283     4410.0000   -0.0024   -0.1116   -0.0821    2.3427  6  0  3.0566  2.6361  
2011    283     4440.0000   -0.0038   -0.1119   -0.0912    2.3428  6  0  3.0715  2.6484  
2011    283     4470.0000   -0.0117   -0.1174   -0.0987    2.3431  6  0  3.0864  2.6607  
2011    283     4500.0000   -0.0070   -0.1139   -0.0798    2.3430  6  0  3.1014  2.6731  
2011    283     4530.0000   -0.0023   -0.1159   -0.0844    2.3429  6  0  3.1164  2.6855  
2011    283     4560.0000   -0.0036   -0.1151   -0.0836    2.3427  6  0  3.1315  2.6980  
2011    283     4590.0000   -0.0022   -0.1058   -0.0729    2.3422  6  0  3.1465  2.7105  
2011    283     4620.0000   -0.0027   -0.1064   -0.0829    2.3418  6  0  3.1616  2.7229  
2011    283     4650.0000   -0.0044   -0.1051   -0.0938    2.3417  6  0  3.1766  2.7354  
2011    283     4680.0000   -0.0086   -0.1100   -0.1076    2.3416  6  0  3.1917  2.7479  
2011    283     4710.0000   -0.0041   -0.1048   -0.0993    2.3416  6  0  3.2066  2.7603  
2011    283     4740.0000   -0.0000   -0.1019   -0.0922    2.3415  6  0  3.2216  2.7727  
2011    283     4770.0000    0.0014   -0.1014   -0.0908    2.3414  6  0  3.2364  2.7851  
2011    283     4800.0000    0.0013   -0.0958   -0.0933    2.3415  6  0  3.2512  2.7973  
2011    283     4830.0000   -0.0029   -0.0985   -0.1019    2.3411  6  0  3.2658  2.8095  
2011    283     4860.0000   -0.0051   -0.1073   -0.1180    2.3409  6  0  3.2803  2.8216  
2011    283     4890.0000   -0.0055   -0.1082   -0.1201    2.3408  6  0  3.2947  2.8336  
2011    283     4920.0000   -0.0080   -0.1056   -0.1186    2.3406  6  0  3.3090  2.8455  
2011    283     4950.0000   -0.0039   -0.1014   -0.1035    2.3402  6  0  3.3230  2.8572  
2011    283     4980.0000   -0.0052   -0.1067   -0.1208    2.3399  6  0  3.3369  2.8688  
2011    283     5010.0000   -0.0035   -0.1045   -0.1126    2.3394  6  0  3.3506  2.8802  
2011    283     5040.0000   -0.0036   -0.1020   -0.0892    2.3395  5  0  5.5418  4.5909  
2011    283     5070.0000   -0.0097   -0.0991   -0.1036    2.3391  5  0  5.5912  4.6307  
2011    283     5100.0000   -0.0057   -0.0936   -0.0953    2.3388  5  0  5.6407  4.6708  
2011    283     5130.0000   -0.0042   -0.0955   -0.1101    2.3388  5  0  5.6903  4.7109  
2011    283     5160.0000   -0.0022   -0.0967   -0.1074    2.3388  5  0  5.7398  4.7509  
2011    283     5190.0000   -0.0011   -0.0956   -0.0909    2.3389  5  0  5.7891  4.7909  
2011    283     5220.0000   -0.0035   -0.0921   -0.0974    2.3388  5  0  5.8382  4.8306  
2011    283     5250.0000   -0.0064   -0.0921   -0.1041    2.3385  5  0  5.8867  4.8701  
2011    283     5280.0000   -0.0057   -0.0903   -0.0863    2.3384  5  0  5.9347  4.9090  
2011    283     5310.0000   -0.0046   -0.0894   -0.0949    2.3384  5  0  5.9820  4.9474  
2011    283     5340.0000   -0.0026   -0.0867   -0.0923    2.3382  5  0  6.0284  4.9851  
2011    283     5370.0000   -0.0008   -0.0854   -0.0904    2.3382  5  0  6.0738  5.0220  
2011    283     5400.0000   -0.0006   -0.0854   -0.0970    2.3380  5  0  6.1179  5.0579  
2011    283     5430.0000    0.0002   -0.0819   -0.0851    2.3378  5  0  6.1606  5.0928  
2011    283     5460.0000    0.0025   -0.0835   -0.0846    2.3378  5  0  6.2018  5.1264  
2011    283     5490.0000    0.0015   -0.0849   -0.0822    2.3377  5  0  6.2413  5.1585  
2011    283     5520.0000   -0.0002   -0.0870   -0.0938    2.3377  5  0  6.2788  5.1892  
2011    283     5550.0000    0.0026   -0.0856   -0.1013    2.3376  5  0  6.3143  5.2182  
2011    283     5580.0000    0.0004   -0.0866   -0.0956    2.3374  5  0  6.3474  5.2453  
2011    283     5610.0000   -0.0023   -0.0784   -0.0781    2.3372  5  0  6.3782  5.2705  
2011    283     5640.0000   -0.0031   -0.0744   -0.0782    2.3370  5  0  6.4063  5.2936  
2011    283     5670.0000   -0.0023   -0.0717   -0.0752    2.3369  5  0  6.4317  5.3145  
2011    283     5700.0000   -0.0067   -0.0753   -0.0897    2.3370  5  0  6.4542  5.3330  
2011    283     5730.0000   -0.0066   -0.0828   -0.1097    2.3371  5  0  6.4736  5.3490  
2011    283     5760.0000   -0.0087   -0.0789   -0.1035    2.3371  5  0  6.4899  5.3625  
2011    283     5790.0000   -0.0087   -0.0803   -0.0877    2.3370  5  0  6.5030  5.3734  
2011    283     5820.0000   -0.0057   -0.0777   -0.0917    2.3369  5  0  6.5126  5.3815  
2011    283     5850.0000   -0.0058   -0.0858   -0.1057    2.3369  5  0  6.5189  5.3869  
2011    283     5880.0000   -0.0068   -0.0844   -0.1061    2.3370  5  0  6.5217  5.3894  
2011    283     5910.0000   -0.0075   -0.0815   -0.0991    2.3370  5  0  6.5210  5.3891  
2011    283     5940.0000   -0.0097   -0.0860   -0.1149    2.3369  5  0  6.5167  5.3860  
2011    283     5970.0000   -0.0052   -0.0831   -0.0995    2.3369  5  0  6.5090  5.3799  
2011    283     6000.0000   -0.0086   -0.0818   -0.1137    2.3368  5  0  6.4978  5.3711  
2011    283     6030.0000   -0.0046   -0.0760   -0.1095    2.3367  5  0  6.4832  5.3595  
2011    283     6060.0000   -0.0011   -0.0728   -0.0944    2.3367  6  0  2.6865  2.3435  
2011    283     6090.0000    0.0002   -0.0743   -0.1094    2.3366  6  0  2.6868  2.3436  
2011    283     6120.0000   -0.0049   -0.0760   -0.0997    2.3365  6  0  2.6870  2.3437  
2011    283     6150.0000   -0.0074   -0.0787   -0.1096    2.3366  6  0  2.6870  2.3436  
2011    283     6180.0000   -0.0041   -0.0698   -0.1021    2.3368  6  0  2.6869  2.3433  
2011    283     6210.0000   -0.0041   -0.0680   -0.1058    2.3369  6  0  2.6867  2.3430  
2011    283     6240.0000   -0.0049   -0.0702   -0.1029    2.3370  6  0  2.6863  2.3425  
2011    283     6270.0000   -0.0010   -0.0701   -0.0847    2.3371  6  0  2.6857  2.3419  
2011    283     6300.0000    0.0007   -0.0639   -0.0771    2.3371  6  0  2.6850  2.3412  
2011    283     6330.0000   -0.0029   -0.0690   -0.1009    2.3372  6  0  2.6841  2.3404  
2011    283     6360.0000   -0.0042   -0.0689   -0.0873    2.3370  6  0  2.6831  2.3394  
2011    283     6390.0000   -0.0090   -0.0726   -0.1013    2.3371  6  0  2.6818  2.3382  
2011    283     6420.0000   -0.0081   -0.0681   -0.0951    2.3370  6  0  2.6804  2.3369  
2011    283     6450.0000   -0.0068   -0.0689   -0.1017    2.3371  6  0  2.6789  2.3355  
2011    283     6480.0000   -0.0050   -0.0616   -0.0872    2.3371  6  0  2.6771  2.3340  
2011    283     6510.0000   -0.0035   -0.0568   -0.0837    2.3372  6  0  2.6752  2.3323  
2011    283     6540.0000   -0.0072   -0.0565   -0.0896    2.3372  6  0  2.6731  2.3304  
2011    283     6570.0000   -0.0054   -0.0511   -0.0811    2.3370  6  0  2.6709  2.3284  
2011    283     6600.0000   -0.0011   -0.0494   -0.0864    2.3372  6  0  2.6685  2.3263  
2011    283     6630.0000    0.0016   -0.0495   -0.0736    2.3376  6  0  2.6659  2.3240  
2011    283     6660.0000    0.0062   -0.0529   -0.0877    2.3381  6  0  2.6631  2.3216  
2011    283     6690.0000    0.0037   -0.0494   -0.0935    2.3383  6  0  2.6601  2.3191  
2011    283     6720.0000    0.0013   -0.0502   -0.0905    2.3384  6  0  2.6570  2.3164  
2011    283     6750.0000    0.0021   -0.0484   -0.0833    2.3384  6  0  2.6537  2.3136  
2011    283     6780.0000    0.0041   -0.0394   -0.0776    2.3382  6  0  2.6503  2.3106  
2011    283     6810.0000    0.0031   -0.0490   -0.0968    2.3387  6  0  2.6467  2.3075  
2011    283     6840.0000    0.0031   -0.0435   -0.0918    2.3391  6  0  2.6429  2.3042  
2011    283     6870.0000    0.0008   -0.0408   -0.0928    2.3392  6  0  2.6390  2.3009  
2011    283     6900.0000    0.0015   -0.0477   -0.1016    2.3399  6  0  2.6349  2.2974  
2011    283     6930.0000    0.0107   -0.0368   -0.0845    2.3406  6  0  2.6306  2.2938  
2011    283     6960.0000    0.0069   -0.0416   -0.0900    2.3412  6  0  2.6262  2.2900  
2011    283     6990.0000    0.0050   -0.0356   -0.0796    2.3411  6  0  2.6217  2.2862  
2011    283     7020.0000    0.0018   -0.0454   -0.1036    2.3420  6  0  2.6170  2.2822  
2011    283     7050.0000    0.0063   -0.0494   -0.1088    2.3433  6  0  2.6122  2.2781  
2011    283     7080.0000    0.0048   -0.0445   -0.1055    2.3437  6  0  2.6073  2.2739  
2011    283     7110.0000    0.0079   -0.0425   -0.1038    2.3439  6  0  2.6022  2.2696  
2011    283     7140.0000    0.0042   -0.0487   -0.1046    2.3446  6  0  2.5970  2.2652  
2011    283     7170.0000    0.0143   -0.0479   -0.1075    2.3458  6  0  2.5917  2.2607  
2011    283     7200.0000    0.0158   -0.0483   -0.1019    2.3467  6  0  2.5862  2.2561  
2011    283     7230.0000    0.0132   -0.0468   -0.0978    2.3472  6  0  2.5807  2.2514  
2011    283     7260.0000    0.0144   -0.0481   -0.1019    2.3479  6  0  2.5750  2.2466  
2011    283     7290.0000    0.0161   -0.0493   -0.0897    2.3487  6  0  2.5693  2.2418  
2011    283     7320.0000    0.0133   -0.0467   -0.0903    2.3492  6  0  2.5634  2.2368  
2011    283     7350.0000    0.0148   -0.0464   -0.0924    2.3493  6  0  2.5575  2.2318  
2011    283     7380.0000    0.0178   -0.0443   -0.0754    2.3497  6  0  2.5514  2.2268  
2011    283     7410.0000    0.0236   -0.0428   -0.0804    2.3504  6  0  2.5453  2.2216  
2011    283     7440.0000    0.0289   -0.0387   -0.0899    2.3510  6  0  2.5392  2.2164  
2011    283     7470.0000    0.0207   -0.0412   -0.0889    2.3511  6  0  2.5329  2.2112  
2011    283     7500.0000    0.0186   -0.0457   -0.0979    2.3508  6  0  2.5266  2.2059  
2011    283     7530.0000    0.0171   -0.0502   -0.1041    2.3509  6  0  2.5202  2.2005  
2011    283     7560.0000    0.0199   -0.0425   -0.0900    2.3506  6  0  2.5138  2.1951  
2011    283     7590.0000    0.0183   -0.0463   -0.0963    2.3506  6  0  2.5073  2.1897  
2011    283     7620.0000    0.0186   -0.0471   -0.0928    2.3504  6  0  2.5008  2.1842  
2011    283     7650.0000    0.0188   -0.0466   -0.0926    2.3504  6  0  2.4942  2.1787  
2011    283     7680.0000    0.0172   -0.0462   -0.0808    2.3503  6  0  2.4876  2.1732  
2011    283     7710.0000    0.0184   -0.0447   -0.0744    2.3504  6  0  2.4810  2.1677  
2011    283     7740.0000    0.0182   -0.0391   -0.0748    2.3501  6  0  2.4744  2.1621  
2011    283     7770.0000    0.0196   -0.0405   -0.0764    2.3500  6  1  2.4677  2.1565  
2011    283     7800.0000    0.0130   -0.0425   -0.0844    2.3500  6  1  2.4610  2.1510  
2011    283     7830.0000    0.0170   -0.0368   -0.0798    2.3497  6  1  2.4544  2.1454  
2011    283     7860.0000    0.0179   -0.0286   -0.0723    2.3497  6  1  2.4477  2.1398  
2011    283     7890.0000    0.0141   -0.0313   -0.0889    2.3498  6  1  2.4410  2.1342  
2011    283     7920.0000    0.0148   -0.0337   -0.0793    2.3502  6  1  2.4343  2.1286  
2011    283     7950.0000    0.0168   -0.0328   -0.0945    2.3505  6  1  2.4276  2.1231  
2011    283     7980.0000    0.0202   -0.0276   -0.0898    2.3505  6  1  2.4209  2.1175  
2011    283     8010.0000    0.0143   -0.0228   -0.0860    2.3502  6  1  2.4143  2.1120  
2011    283     8040.0000    0.0195   -0.0214   -0.0818    2.3499  6  1  2.4077  2.1065  
2011    283     8070.0000    0.0261   -0.0236   -0.0831    2.3498  6  1  2.4010  2.1010  
2011    283     8100.0000    0.0296   -0.0197   -0.0686    2.3496  6  1  2.3945  2.0955  
2011    283     8130.0000    0.0239   -0.0214   -0.0832    2.3493  6  1  2.3879  2.0901  
2011    283     8160.0000    0.0254   -0.0264   -0.0982    2.3498  6  1  2.3814  2.0847  
2011    283     8190.0000    0.0201   -0.0251   -0.0805    2.3496  6  1  2.3749  2.0793  
2011    283     8220.0000    0.0186   -0.0258   -0.0756    2.3493  6  1  2.3685  2.0740  
2011    283     8250.0000    0.0168   -0.0257   -0.0848    2.3492  6  1  2.3621  2.0687  
2011    283     8280.0000    0.0195   -0.0306   -0.0926    2.3495  6  1  2.3558  2.0635  
2011    283     8310.0000    0.0194   -0.0255   -0.0695    2.3498  6  1  2.3495  2.0583  
2011    283     8340.0000    0.0200   -0.0184   -0.0684    2.3497  6  1  2.3433  2.0532  
2011    283     8370.0000    0.0191   -0.0256   -0.0771    2.3499  6  1  2.3371  2.0481  
2011    283     8400.0000    0.0146   -0.0194   -0.0775    2.3494  6  1  2.3310  2.0430  
2011    283     8430.0000    0.0165   -0.0204   -0.0748    2.3493  6  1  2.3249  2.0381  
2011    283     8460.0000    0.0193   -0.0226   -0.0830    2.3495  6  1  2.3189  2.0331  
2011    283     8490.0000    0.0224   -0.0241   -0.0773    2.3498  6  1  2.3130  2.0283  
2011    283     8520.0000    0.0209   -0.0213   -0.0812    2.3497  6  1  2.3072  2.0235  
2011    283     8550.0000    0.0199   -0.0215   -0.0752    2.3498  6  1  2.3014  2.0187  
2011    283     8580.0000    0.0175   -0.0165   -0.0751    2.3493  6  1  2.2957  2.0141  
2011    283     8610.0000    0.0150   -0.0151   -0.0801    2.3487  6  1  2.2901  2.0095  
2011    283     8640.0000    0.0203   -0.0145   -0.0745    2.3484  6  1  2.2845  2.0049  
2011    283     8670.0000    0.0262   -0.0120   -0.0769    2.3483  6  1  2.2790  2.0005  
2011    283     8700.0000    0.0200   -0.0110   -0.0679    2.3478  6  1  2.2736  1.9961  
2011    283     8730.0000    0.0188   -0.0102   -0.0703    2.3478  6  1  2.2683  1.9918  
2011    283     8760.0000    0.0087   -0.0085   -0.0670    2.3472  6  1  2.2631  1.9875  
2011    283     8790.0000    0.0136   -0.0166   -0.0647    2.3474  6  1  2.2580  1.9834  
2011    283     8820.0000    0.0152   -0.0076   -0.0713    2.3472  6  1  2.2529  1.9793  
2011    283     8850.0000    0.0110   -0.0101   -0.0723    2.3471  6  1  2.2480  1.9753  
2011    283     8880.0000    0.0217   -0.0060   -0.0691    2.3470  6  1  2.2431  1.9714  
2011    283     8910.0000    0.0237   -0.0060   -0.0695    2.3469  6  1  2.2383  1.9675  
2011    283     8940.0000    0.0187   -0.0068   -0.0689    2.3468  6  1  2.2336  1.9638  
2011    283     8970.0000    0.0227   -0.0133   -0.0654    2.3468  6  1  2.2291  1.9601  
2011    283     9000.0000    0.0246   -0.0101   -0.0656    2.3470  6  1  2.2246  1.9565  
2011    283     9030.0000    0.0239   -0.0032   -0.0687    2.3467  6  1  2.2202  1.9530  
2011    283     9060.0000    0.0241   -0.0093   -0.0773    2.3467  6  1  2.2159  1.9495  
2011    283     9090.0000    0.0179   -0.0081   -0.0697    2.3465  6  1  2.2117  1.9462  
2011    283     9120.0000    0.0181   -0.0086   -0.0786    2.3466  6  1  2.2076  1.9430  
2011    283     9150.0000    0.0194   -0.0011   -0.0738    2.3466  6  1  2.2035  1.9398  
2011    283     9180.0000    0.0234   -0.0053   -0.0601    2.3466  6  1  2.1996  1.9367  
2011    283     9210.0000    0.0150   -0.0035   -0.0719    2.3466  6  1  2.1958  1.9337  
2011    283     9240.0000    0.0167   -0.0050   -0.0659    2.3465  6  1  2.1921  1.9308  
2011    283     9270.0000    0.0172   -0.0036   -0.0617    2.3466  6  1  2.1885  1.9280  
2011    283     9300.0000    0.0212   -0.0065   -0.0741    2.3469  6  1  2.1850  1.9253  
2011    283     9330.0000    0.0211   -0.0045   -0.0621    2.3469  6  1  2.1816  1.9227  
2011    283     9360.0000    0.0213   -0.0069   -0.0559    2.3472  6  1  2.1783  1.9201  
2011    283     9390.0000    0.0254   -0.0086   -0.0620    2.3475  6  1  2.1752  1.9177  
2011    283     9420.0000    0.0288   -0.0104   -0.0574    2.3480  6  1  2.1721  1.9153  
2011    283     9450.0000    0.0211   -0.0078   -0.0593    2.3476  6  1  2.1691  1.9131  
2011    283     9480.0000    0.0257   -0.0149   -0.0555    2.3479  6  1  2.1662  1.9109  
2011    283     9510.0000    0.0222   -0.0151   -0.0581    2.3479  6  1  2.1635  1.9088  
2011    283     9540.0000    0.0226   -0.0153   -0.0610    2.3483  6  1  2.1608  1.9068  
2011    283     9570.0000    0.0202   -0.0165   -0.0435    2.3483  6  1  2.1582  1.9050  
2011    283     9600.0000    0.0207   -0.0117   -0.0511    2.3481  6  1  2.1558  1.9032  
2011    283     9630.0000    0.0235   -0.0137   -0.0702    2.3482  6  1  2.1534  1.9015  
2011    283     9660.0000    0.0215   -0.0094   -0.0543    2.3485  6  1  2.1512  1.8998  
2011    283     9690.0000    0.0207   -0.0160   -0.0357    2.3484  6  1  2.1491  1.8983  
2011    283     9720.0000    0.0242   -0.0198   -0.0443    2.3487  6  1  2.1471  1.8969  
2011    283     9750.0000    0.0240   -0.0145   -0.0495    2.3490  6  1  2.1452  1.8956  
2011    283     9780.0000    0.0245   -0.0167   -0.0530    2.3492  6  1  2.1434  1.8944  
2011    283     9810.0000    0.0238   -0.0140   -0.0510    2.3493  6  1  2.1417  1.8932  
2011    283     9840.0000    0.0209   -0.0124   -0.0570    2.3492  6  1  2.1401  1.8922  
2011    283     9870.0000    0.0199   -0.0186   -0.0383    2.3495  6  1  2.1386  1.8912  
2011    283     9900.0000    0.0180   -0.0103   -0.0556    2.3497  5  1  3.2175  2.7786  
2011    283     9930.0000    0.0191   -0.0058   -0.0707    2.3495  5  1  3.2149  2.7764  
2011    283     9960.0000    0.0142   -0.0016   -0.0697    2.3494  5  1  3.2124  2.7742  
2011    283     9990.0000    0.0158   -0.0082   -0.0559    2.3493  5  1  3.2101  2.7722  
2011    283    10020.0000    0.0160   -0.0083   -0.0700    2.3492  5  1  3.2078  2.7702  
2011    283    10050.0000    0.0134   -0.0102   -0.0618    2.3490  5  1  3.2057  2.7684  
2011    283    10080.0000    0.0176   -0.0083   -0.0599    2.3493  5  1  3.2036  2.7666  
2011    283    10110.0000    0.0164   -0.0080   -0.0542    2.3494  5  1  3.2017  2.7650  
2011    283    10140.0000    0.0201   -0.0093   -0.0456    2.3497  5  1  3.1998  2.7634  
2011    283    10170.0000    0.0205   -0.0048   -0.0691    2.3493  5  1  3.1981  2.7619  
2011    283    10200.0000    0.0200   -0.0086   -0.0535    2.3494  5  1  3.1964  2.7606  
2011    283    10230.0000    0.0209   -0.0085   -0.0585    2.3494  4  1  7.9302  6.2625  
2011    283    10260.0000    0.0194   -0.0070   -0.0652    2.3494  4  1  7.9680  6.2919  
2011    283    10290.0000    0.0204   -0.0072   -0.0355    2.3496  4  1  8.0050  6.3208  
2011    283    10320.0000    0.0191   -0.0035   -0.0495    2.3496  4  1  8.0411  6.3492  
2011    283    10350.0000    0.0184   -0.0051   -0.0546    2.3499  4  1  8.0764  6.3769  
2011    283    10380.0000    0.0196   -0.0008   -0.0615    2.3500  4  1  8.1108  6.4040  
2011    283    10410.0000    0.0164   -0.0091   -0.0516    2.3500  4  1  8.1442  6.4304  
2011    283    10440.0000    0.0130   -0.0102   -0.0479    2.3499  4  1  8.1766  6.4561  
2011    283    10470.0000    0.0149   -0.0077   -0.0458    2.3499  4  1  8.2079  6.4811  
2011    283    10500.0000    0.0194   -0.0113   -0.0437    2.3498  4  1  8.2382  6.5053  
2011    283    10530.0000    0.0205   -0.0010   -0.0713    2.3498  4  1  8.2674  6.5287  
2011    283    10560.0000    0.0175   -0.0077   -0.0452    2.3498  4  1  8.2953  6.5513  
2011    283    10590.0000    0.0205   -0.0057   -0.0460    2.3498  4  1  8.3221  6.5729  
2011    283    10620.0000    0.0225   -0.0034   -0.0512    2.3498  4  1  8.3477  6.5937  
2011    283    10650.0000    0.0187   -0.0054   -0.0482    2.3498  4  1  8.3719  6.6136  
2011    283    10680.0000    0.0206   -0.0109   -0.0227    2.3498  4  1  8.3948  6.6324  
2011    283    10710.0000    0.0235   -0.0090   -0.0429    2.3500  4  1  8.4164  6.6503  
2011    283    10740.0000    0.0174   -0.0060   -0.0429    2.3500  4  1  8.4366  6.6672  
2011    283    10770.0000    0.0197   -0.0040   -0.0530    2.3500  4  1  8.4554  6.6830  
2011    283    10800.0000    0.0224   -0.0038   -0.0647    2.3501  4  1  8.4727  6.6977  
2011    283    10830.0000    0.0198   -0.0043   -0.0611    2.3502  5  1  2.9925  2.5918  
2011    283    10860.0000    0.0180    0.0012   -0.0642    2.3501  5  1  3.0076  2.6027  
2011    283    10890.0000    0.0222    0.0021   -0.0713    2.3501  5  1  3.0232  2.6139  
2011    283    10920.0000    0.0151   -0.0019   -0.0545    2.3499  5  1  3.0391  2.6254  
2011    283    10950.0000    0.0180   -0.0025   -0.0627    2.3499  5  1  3.0553  2.6371  
2011    283    10980.0000    0.0185   -0.0102   -0.0439    2.3497  5  1  3.0719  2.6492  
2011    283    11010.0000    0.0199   -0.0116   -0.0319    2.3498  5  1  3.0889  2.6616  
2011    283    11040.0000    0.0187   -0.0108   -0.0308    2.3498  5  1  3.1062  2.6743  
2011    283    11070.0000    0.0183   -0.0135   -0.0240    2.3498  5  1  3.1239  2.6873  
2011    283    11100.0000    0.0204   -0.0133   -0.0174    2.3497  5  1  3.1419  2.7006  
2011    283    11130.0000    0.0257   -0.0142   -0.0258    2.3497  5  1  3.1603  2.7142  
2011    283    11160.0000    0.0182   -0.0170   -0.0089    2.3496  5  1  3.1791  2.7281  
2011    283    11190.0000    0.0231   -0.0191   -0.0157    2.3494  5  1  3.1982  2.7424  
2011    283    11220.0000    0.0190   -0.0197   -0.0143    2.3491  5  1  3.2177  2.7569  
2011    283    11250.0000    0.0243   -0.0183   -0.0328    2.3488  5  1  3.2376  2.7718  
2011    283    11280.0000    0.0279   -0.0122   -0.0524    2.3489  5  1  3.2578  2.7870  
2011    283    11310.0000    0.0205   -0.0145   -0.0328    2.3488  5  1  3.2784  2.8025  
2011    283    11340.0000    0.0174   -0.0131   -0.0416    2.3489  5  1  3.2994  2.8183  
2011    283    11370.0000    0.0198   -0.0111   -0.0407    2.3489  5  1  3.3207  2.8344  
2011    283    11400.0000    0.0147   -0.0154   -0.0314    2.3489  5  1  3.3424  2.8508  
2011    283    11430.0000    0.0191   -0.0123   -0.0291    2.3487  5  1  3.3645  2.8676  
2011    283    11460.0000    0.0156   -0.0129   -0.0320    2.3489  5  1  3.3869  2.8846  
2011    283    11490.0000    0.0184   -0.0143   -0.0319    2.3489  5  1  3.4097  2.9020  
2011    283    11520.0000    0.0172   -0.0177   -0.0185    2.3489  5  1  3.4328  2.9196  
2011    283    11550.0000    0.0193   -0.0142   -0.0262    2.3486  5  1  3.4563  2.9376  
2011    283    11580.0000    0.0239   -0.0118   -0.0359    2.3485  5  1  3.4801  2.9558  
2011    283    11610.0000    0.0218   -0.0114   -0.0346    2.3483  5  1  3.5043  2.9743  
2011    283    11640.0000    0.0149   -0.0092   -0.0325    2.3483  5  1  3.5288  2.9931  
2011    283    11670.0000    0.0218   -0.0099   -0.0618    2.3483  5  1  3.5536  3.0122  
2011    283    11700.0000    0.0156   -0.0083   -0.0413    2.3483  5  1  3.5787  3.0316  
2011    283    11730.0000    0.0206   -0.0053   -0.0503    2.3484  5  1  3.6042  3.0512  
2011    283    11760.0000    0.0195   -0.0060   -0.0447    2.3486  5  1  3.6299  3.0711  
2011    283    11790.0000    0.0187   -0.0107   -0.0444    2.3486  5  1  3.6559  3.0913  
2011    283    11820.0000    0.0224   -0.0061   -0.0428    2.3489  5  1  3.6823  3.1116  
2011    283    11850.0000    0.0232   -0.0115   -0.0389    2.3491  5  1  3.7088  3.1322  
2011    283    11880.0000    0.0209   -0.0139   -0.0265    2.3489  5  1  3.7356  3.1531  
2011    283    11910.0000    0.0191   -0.0139   -0.0307    2.3489  5  1  3.7627  3.1741  
2011    283    11940.0000    0.0181   -0.0138   -0.0400    2.3490  5  1  3.7900  3.1953  
2011    283    11970.0000    0.0183   -0.0118   -0.0388    2.3493  5  1  3.8174  3.2167  
2011    283    12000.0000    0.0191   -0.0129   -0.0472    2.3495  5  1  3.8451  3.2383  
2011    283    12030.0000    0.0228   -0.0115   -0.0475    2.3495  5  1  3.8729  3.2600  
2011    283    12060.0000    0.0200   -0.0094   -0.0368    2.3498  5  1  3.9008  3.2818  
2011    283    12090.0000    0.0206   -0.0116   -0.0291    2.3499  5  1  3.9289  3.3038  
2011    283    12120.0000    0.0177   -0.0143   -0.0290    2.3498  5  1  3.9570  3.3258  
2011    283    12150.0000    0.0186   -0.0147   -0.0286    2.3496  5  1  3.9852  3.3479  
2011    283    12180.0000    0.0233   -0.0198   -0.0322    2.3495  5  1  4.0135  3.3700  
2011    283    12210.0000    0.0190   -0.0179   -0.0266    2.3496  5  1  4.0417  3.3922  
2011    283    12240.0000    0.0162   -0.0209   -0.0115    2.3495  5  1  4.0699  3.4143  
2011    283    12270.0000    0.0093   -0.0156   -0.0004    2.3492  5  1  4.0981  3.4364  
2011    283    12300.0000    0.0124   -0.0137   -0.0194    2.3491  5  1  4.1261  3.4584  
2011    283    12330.0000    0.0091   -0.0155   -0.0240    2.3489  5  1  4.1540  3.4804  
2011    283    12360.0000    0.0101   -0.0113   -0.0355    2.3490  5  1  4.1817  3.5022  
2011    283    12390.0000    0.0154   -0.0098   -0.0428    2.3494  5  1  4.2092  3.5239  
2011    283    12420.0000    0.0192   -0.0161   -0.0396    2.3495  5  1  4.2365  3.5453  
2011    283    12450.0000    0.0127   -0.0157   -0.0333    2.3498  5  1  4.2634  3.5666  
2011    283    12480.0000    0.0143   -0.0161   -0.0257    2.3498  5  1  4.2900  3.5875  
2011    283    12510.0000    0.0154   -0.0143   -0.0390    2.3498  5  1  4.3162  3.6082  
2011    283    12540.0000    0.0183   -0.0149   -0.0369    2.3496  6  1  2.1577  1.9242  
2011    283    12570.0000    0.0170   -0.0146   -0.0349    2.3497  6  1  2.1625  1.9278  
2011    283    12600.0000    0.0169   -0.0142   -0.0341    2.3497  6  1  2.1674  1.9315  
2011    283    12630.0000    0.0186   -0.0107   -0.0394    2.3502  6  1  2.1722  1.9351  
2011    283    12660.0000    0.0150   -0.0107   -0.0304    2.3500  6  1  2.1771  1.9388  
2011    283    12690.0000    0.0172   -0.0161   -0.0340    2.3500  6  1  2.1820  1.9425  
2011    283    12720.0000    0.0118   -0.0126   -0.0264    2.3503  6  1  2.1869  1.9463  
2011    283    12750.0000    0.0125   -0.0162   -0.0272    2.3503  6  1  2.1918  1.9500  
2011    283    12780.0000    0.0149   -0.0134   -0.0212    2.3509  6  1  2.1967  1.9538  
2011    283    12810.0000    0.0106   -0.0174   -0.0085    2.3507  6  1  2.2017  1.9575  
2011    283    12840.0000    0.0129   -0.0143   -0.0151    2.3503  6  1  2.2066  1.9613  
2011    283    12870.0000    0.0161   -0.0151   -0.0129    2.3504  6  1  2.2115  1.9651  
2011    283    12900.0000    0.0140   -0.0226   -0.0152    2.3502  6  1  2.2164  1.9689  
2011    283    12930.0000    0.0107   -0.0218   -0.0217    2.3498  6  1  2.2214  1.9727  
2011    283    12960.0000    0.0091   -0.0237   -0.0203    2.3497  6  1  2.2263  1.9765  
2011    283    12990.0000    0.0106   -0.0248   -0.0209    2.3494  6  1  2.2311  1.9803  
2011    283    13020.0000    0.0100   -0.0253   -0.0192    2.3491  6  1  2.2360  1.9841  
2011    283    13050.0000    0.0093   -0.0255   -0.0064    2.3487  6  1  2.2409  1.9879  
2011    283    13080.0000    0.0078   -0.0300   -0.0037    2.3484  6  1  2.2457  1.9917  
2011    283    13110.0000    0.0077   -0.0273   -0.0010    2.3474  6  1  2.2505  1.9954  
2011    283    13140.0000    0.0100   -0.0328   -0.0093    2.3468  6  1  2.2552  1.9992  
2011    283    13170.0000    0.0143   -0.0303   -0.0108    2.3465  6  1  2.2599  2.0029  
2011    283    13200.0000    0.0195   -0.0272   -0.0176    2.3464  6  1  2.2646  2.0065  
2011    283    13230.0000    0.0133   -0.0274    0.0028    2.3466  6  1  2.2692  2.0102  
2011    283    13260.0000    0.0152   -0.0333   -0.0099    2.3469  6  1  2.2738  2.0138  
2011    283    13290.0000    0.0115   -0.0325   -0.0149    2.3474  6  1  2.2784  2.0174  
2011    283    13320.0000    0.0057   -0.0291   -0.0059    2.3475  6  1  2.2828  2.0210  
2011    283    13350.0000    0.0079   -0.0261   -0.0125    2.3475  6  1  2.2872  2.0245  
2011    283    13380.0000    0.0118   -0.0297   -0.0135    2.3478  6  1  2.2916  2.0279  
2011    283    13410.0000    0.0171   -0.0230   -0.0054    2.3477  6  1  2.2959  2.0313  
2011    283    13440.0000    0.0168   -0.0222   -0.0074    2.3480  6  1  2.3001  2.0347  
2011    283    13470.0000    0.0181   -0.0186   -0.0155    2.3484  6  1  2.3042  2.0380  
2011    283    13500.0000    0.0148   -0.0233   -0.0217    2.3490  6  1  2.3083  2.0412  
2011    283    13530.0000    0.0152   -0.0228   -0.0219    2.3489  6  1  2.3122  2.0444  
2011    283    13560.0000    0.0151   -0.0203   -0.0373    2.3493  6  1  2.3161  2.0475  
2011    283    13590.0000    0.0102   -0.0195   -0.0270    2.3496  6  1  2.3199  2.0505  
2011    283    13620.0000    0.0067   -0.0183   -0.0209    2.3492  6  1  2.3236  2.0535  
2011    283    13650.0000    0.0069   -0.0199   -0.0225    2.3489  6  1  2.3272  2.0564  
2011    283    13680.0000    0.0172   -0.0126   -0.0288    2.3486  6  1  2.3307  2.0592  
2011    283    13710.0000    0.0160   -0.0169   -0.0362    2.3492  6  1  2.3340  2.0619  
2011    283    13740.0000    0.0176   -0.0163   -0.0560    2.3499  6  1  2.3373  2.0646  
2011    283    13770.0000    0.0133   -0.0137   -0.0567    2.3504  6  1  2.3405  2.0671  
2011    283    13800.0000    0.0139   -0.0080   -0.0495    2.3506  6  1  2.3435  2.0696  
2011    283    13830.0000    0.0179   -0.0045   -0.0563    2.3510  6  1  2.3464  2.0720  
2011    283    13860.0000    0.0182   -0.0069   -0.0655    2.3514  6  1  2.3492  2.0742  
2011    283    13890.0000    0.0146   -0.0039   -0.0641    2.3515  6  1  2.3519  2.0764  
2011    283    13920.0000    0.0051   -0.0050   -0.0465    2.3513  6  1  2.3544  2.0785  
2011    283    13950.0000    0.0110   -0.0117   -0.0627    2.3514  6  1  2.3568  2.0805  
2011    283    13980.0000    0.0160   -0.0065   -0.0499    2.3514  6  1  2.3591  2.0823  
2011    283    14010.0000    0.0193   -0.0046   -0.0591    2.3515  6  1  2.3612  2.0841  
2011    283    14040.0000    0.0167   -0.0064   -0.0593    2.3520  6  1  2.3632  2.0857  
2011    283    14070.0000    0.0185   -0.0092   -0.0711    2.3527  6  1  2.3651  2.0872  
2011    283    14100.0000    0.0145   -0.0108   -0.0701    2.3533  6  1  2.3668  2.0886  
2011    283    14130.0000    0.0147   -0.0084   -0.0650    2.3541  6  1  2.3684  2.0899  
2011    283    14160.0000    0.0107   -0.0078   -0.0591    2.3545  6  1  2.3698  2.0911  
2011    283    14190.0000    0.0167   -0.0101   -0.0671    2.3549  6  1  2.3710  2.0921  
2011    283    14220.0000    0.0131   -0.0051   -0.0676    2.3550  6  1  2.3721  2.0931  
2011    283    14250.0000    0.0144   -0.0084   -0.0825    2.3554  6  1  2.3731  2.0939  
2011    283    14280.0000    0.0137   -0.0036   -0.0777    2.3556  6  1  2.3739  2.0945  
2011    283    14310.0000    0.0153   -0.0044   -0.0875    2.3561  6  1  2.3745  2.0951  
2011    283    14340.0000    0.0175    0.0001   -0.0883    2.3563  6  1  2.3750  2.0955  
2011    283    14370.0000    0.0143    0.0048   -0.0896    2.3563  6  1  2.3754  2.0958  
2011    283    14400.0000    0.0093    0.0051   -0.0898    2.3560  6  1  2.3755  2.0960  
