2004  237  0.0000  0.0001  -0.0078  -0.0311  2.4866  0.0000  0.0000  0.0000  0.0000  9  2.0896  1.8811  0.9098  0.8344  1.6859  
2004  237  900.0000  0.0001  -0.0078  -0.0311  2.4873  0.0000  0.0000  0.0000  0.0001  8  2.0896  1.8811  0.9098  0.8344  1.6859  
2004  237  1800.0000  0.0001  -0.0078  -0.0312  2.4866  0.0000  0.0000  0.0000  0.0001  8  2.0896  1.8811  0.9098  0.8344  1.6859  
2004  237  2700.0000  0.0001  -0.0078  -0.0312  2.4922  0.0000  0.0000  0.0000  0.0000  8  2.0896  1.8811  0.9098  0.8344  1.6859  
2004  237  3600.0000  0.0001  -0.0078  -0.0312  2.4912  0.0000  0.0000  0.0000  0.0001  7  2.0896  1.8811  0.9098  0.8344  1.6859  
2004  237  4500.0000  0.0001  -0.0078  -0.0312  2.4895  0.0000  0.0000  0.0000  0.0001  7  2.0896  1.8811  0.9098  0.8344  1.6859  
2004  237  5400.0000  0.0001  -0.0078  -0.0311  2.4912  0.0000  0.0000  0.0000  0.0001  8  2.0896  1.8811  0.9098  0.8344  1.6859  
2004  237  6300.0000  0.0001  -0.0078  -0.0311  2.4915  0.0000  0.0000  0.0000  0.0000  9  2.0896  1.8811  0.9098  0.8344  1.6859  
2004  237  7200.0000  0.0001  -0.0078  -0.0311  2.4961  0.0000  0.0000  0.0000  0.0000  10  2.0896  1.8811  0.9098  0.8344  1.6859  
2004  237  8100.0000  0.0001  -0.0078  -0.0311  2.4957  0.0000  0.0000  0.0000  0.0000  9  2.0896  1.8811  0.9098  0.8344  1.6859  
2004  237  9000.0000  0.0001  -0.0078  -0.0311  2.4940  0.0000  0.0000  0.0000  0.0000  8  2.0896  1.8811  0.9098  0.8344  1.6859  
2004  237  9900.0000  0.0001  -0.0078  -0.0311  2.4969  0.0000  0.0000  0.0000  0.0000  8  2.0896  1.8811  0.9098  0.8344  1.6859  
2004  237  10800.0000  0.0001  -0.0078  -0.0311  2.4947  0.0000  0.0000  0.0000  0.0000  9  2.0896  1.8811  0.9098  0.8344  1.6859  
2004  237  11700.0000  0.0001  -0.0077  -0.0311  2.4913  0.0000  0.0000  0.0000  0.0000  9  2.0896  1.8811  0.9098  0.8344  1.6859  
2004  237  12600.0000  0.0001  -0.0078  -0.0311  2.4911  0.0000  0.0000  0.0000  0.0000  10  2.0896  1.8811  0.9098  0.8344  1.6859  
2004  237  13500.0000  0.0001  -0.0078  -0.0310  2.4894  0.0000  0.0000  0.0000  0.0000  10  2.0896  1.8811  0.9098  0.8344  1.6859  
2004  237  14400.0000  0.0001  -0.0079  -0.0310  2.4912  0.0000  0.0000  0.0000  0.0000  8  2.0896  1.8811  0.9098  0.8344  1.6859  
2004  237  15300.0000  0.0001  -0.0079  -0.0310  2.4874  0.0000  0.0000  0.0000  0.0000  9  2.0896  1.8811  0.9098  0.8344  1.6859  
2004  237  16200.0000  0.0001  -0.0079  -0.0309  2.4917  0.0000  0.0000  0.0000  0.0000  9  2.0896  1.8811  0.9098  0.8344  1.6859  
2004  237  17100.0000  0.0001  -0.0078  -0.0309  2.5017  0.0000  0.0000  0.0000  0.0000  9  2.0896  1.8811  0.9098  0.8344  1.6859  
2004  237  18000.0000  0.0001  -0.0078  -0.0310  2.5028  0.0000  0.0000  0.0000  0.0000  9  2.0896  1.8811  0.9098  0.8344  1.6859  
2004  237  18900.0000  0.0001  -0.0078  -0.0310  2.5045  0.0000  0.0000  0.0000  0.0000  8  2.0896  1.8811  0.9098  0.8344  1.6859  
2004  237  19800.0000  0.0001  -0.0078  -0.0310  2.5027  0.0000  0.0000  0.0000  0.0000  8  2.0896  1.8811  0.9098  0.8344  1.6859  
2004  237  20700.0000  0.0001  -0.0078  -0.0310  2.5050  0.0000  0.0000  0.0000  0.0000  8  2.0896  1.8811  0.9098  0.8344  1.6859  
2004  237  21600.0000  0.0001  -0.0078  -0.0310  2.5031  0.0000  0.0000  0.0000  0.0000  7  2.0896  1.8811  0.9098  0.8344  1.6859  
2004  237  22500.0000  0.0002  -0.0078  -0.0309  2.5029  0.0000  0.0000  0.0000  0.0000  8  2.0896  1.8811  0.9098  0.8344  1.6859  
2004  237  23400.0000  0.0002  -0.0078  -0.0308  2.5054  0.0000  0.0000  0.0000  0.0000  8  2.0896  1.8811  0.9098  0.8344  1.6859  
2004  237  24300.0000  0.0002  -0.0077  -0.0307  2.5043  0.0000  0.0000  0.0000  0.0000  8  2.0896  1.8811  0.9098  0.8344  1.6859  
2004  237  25200.0000  0.0002  -0.0077  -0.0307  2.5050  0.0000  0.0000  0.0000  0.0000  7  2.0896  1.8811  0.9098  0.8344  1.6859  
2004  237  26100.0000  0.0002  -0.0077  -0.0307  2.5105  0.0000  0.0000  0.0000  0.0000  7  2.0896  1.8811  0.9098  0.8344  1.6859  
2004  237  27000.0000  0.0002  -0.0077  -0.0306  2.5089  0.0000  0.0000  0.0000  0.0000  8  2.0896  1.8811  0.9098  0.8344  1.6859  
2004  237  27900.0000  0.0002  -0.0076  -0.0306  2.5070  0.0000  0.0000  0.0000  0.0000  9  2.0896  1.8811  0.9098  0.8344  1.6859  
2004  237  28800.0000  0.0002  -0.0076  -0.0306  2.5024  0.0000  0.0000  0.0000  0.0000  9  2.0896  1.8811  0.9098  0.8344  1.6859  
2004  237  29700.0000  0.0002  -0.0075  -0.0307  2.5084  0.0000  0.0000  0.0000  0.0000  9  2.0896  1.8811  0.9098  0.8344  1.6859  
2004  237  30600.0000  0.0002  -0.0075  -0.0306  2.5021  0.0000  0.0000  0.0000  0.0000  8  2.0896  1.8811  0.9098  0.8344  1.6859  
2004  237  31500.0000  0.0002  -0.0075  -0.0306  2.5003  0.0000  0.0000  0.0000  0.0000  8  2.0896  1.8811  0.9098  0.8344  1.6859  
2004  237  32400.0000  0.0003  -0.0075  -0.0307  2.4942  0.0000  0.0000  0.0000  0.0000  8  2.0896  1.8811  0.9098  0.8344  1.6859  
2004  237  33300.0000  0.0003  -0.0074  -0.0307  2.4961  0.0000  0.0000  0.0000  0.0000  8  2.0896  1.8811  0.9098  0.8344  1.6859  
2004  237  34200.0000  0.0003  -0.0075  -0.0307  2.4930  0.0000  0.0000  0.0000  0.0000  8  2.0896  1.8811  0.9098  0.8344  1.6859  
2004  237  35100.0000  0.0003  -0.0074  -0.0308  2.4919  0.0000  0.0000  0.0000  0.0000  8  2.0896  1.8811  0.9098  0.8344  1.6859  
2004  237  36000.0000  0.0003  -0.0074  -0.0308  2.4919  0.0000  0.0000  0.0000  0.0000  7  2.0896  1.8811  0.9098  0.8344  1.6859  
2004  237  36900.0000  0.0003  -0.0074  -0.0308  2.4906  0.0000  0.0000  0.0000  0.0000  8  2.0896  1.8811  0.9098  0.8344  1.6859  
2004  237  37800.0000  0.0003  -0.0074  -0.0308  2.4932  0.0000  0.0000  0.0000  0.0000  8  2.0896  1.8811  0.9098  0.8344  1.6859  
2004  237  38700.0000  0.0003  -0.0074  -0.0308  2.4878  0.0000  0.0000  0.0000  0.0000  9  2.0896  1.8811  0.9098  0.8344  1.6859  
2004  237  39600.0000  0.0003  -0.0074  -0.0309  2.4797  0.0000  0.0000  0.0000  0.0000  9  2.0896  1.8811  0.9098  0.8344  1.6859  
2004  237  40500.0000  0.0003  -0.0074  -0.0311  2.4839  0.0000  0.0000  0.0000  0.0000  8  2.0896  1.8811  0.9098  0.8344  1.6859  
2004  237  41400.0000  0.0003  -0.0074  -0.0312  2.4810  0.0000  0.0000  0.0000  0.0000  9  2.0896  1.8811  0.9098  0.8344  1.6859  
2004  237  42300.0000  0.0003  -0.0074  -0.0313  2.4778  0.0000  0.0000  0.0000  0.0000  8  2.0896  1.8811  0.9098  0.8344  1.6859  
2004  237  43200.0000  0.0003  -0.0073  -0.0312  2.4819  0.0000  0.0000  0.0000  0.0000  9  2.0896  1.8811  0.9098  0.8344  1.6859  
2004  237  44100.0000  0.0004  -0.0074  -0.0311  2.4813  0.0000  0.0000  0.0000  0.0000  9  2.0896  1.8811  0.9098  0.8344  1.6859  
2004  237  45000.0000  0.0004  -0.0075  -0.0311  2.4921  0.0000  0.0000  0.0000  0.0000  9  2.0896  1.8811  0.9098  0.8344  1.6859  
2004  237  45900.0000  0.0004  -0.0075  -0.0311  2.4914  0.0000  0.0000  0.0000  0.0000  8  2.0896  1.8811  0.9098  0.8344  1.6859  
2004  237  46800.0000  0.0004  -0.0076  -0.0311  2.4828  0.0000  0.0000  0.0000  0.0000  10  2.0896  1.8811  0.9098  0.8344  1.6859  
2004  237  47700.0000  0.0004  -0.0076  -0.0313  2.4850  0.0000  0.0000  0.0000  0.0000  10  2.0896  1.8811  0.9098  0.8344  1.6859  
2004  237  48600.0000  0.0004  -0.0076  -0.0313  2.4801  0.0000  0.0000  0.0000  0.0000  9  2.0896  1.8811  0.9098  0.8344  1.6859  
2004  237  49500.0000  0.0004  -0.0076  -0.0313  2.4807  0.0000  0.0000  0.0000  0.0000  9  2.0896  1.8811  0.9098  0.8344  1.6859  
2004  237  50400.0000  0.0004  -0.0076  -0.0313  2.4804  0.0000  0.0000  0.0000  0.0000  8  2.0896  1.8811  0.9098  0.8344  1.6859  
2004  237  51300.0000  0.0004  -0.0076  -0.0313  2.4713  0.0000  0.0000  0.0000  0.0000  8  2.0896  1.8811  0.9098  0.8344  1.6859  
2004  237  52200.0000  0.0004  -0.0076  -0.0313  2.4625  0.0000  0.0000  0.0000  0.0000  9  2.0896  1.8811  0.9098  0.8344  1.6859  
2004  237  53100.0000  0.0004  -0.0076  -0.0312  2.4640  0.0000  0.0000  0.0000  0.0000  8  2.0896  1.8811  0.9098  0.8344  1.6859  
2004  237  54000.0000  0.0004  -0.0076  -0.0312  2.4656  0.0000  0.0000  0.0000  0.0000  8  2.0896  1.8811  0.9098  0.8344  1.6859  
2004  237  54900.0000  0.0004  -0.0076  -0.0312  2.4658  0.0000  0.0000  0.0000  0.0000  8  2.0896  1.8811  0.9098  0.8344  1.6859  
2004  237  55800.0000  0.0003  -0.0076  -0.0312  2.4720  0.0000  0.0000  0.0000  0.0000  9  2.0896  1.8811  0.9098  0.8344  1.6859  
2004  237  56700.0000  0.0003  -0.0076  -0.0312  2.4754  0.0000  0.0000  0.0000  0.0000  10  2.0896  1.8811  0.9098  0.8344  1.6859  
2004  237  57600.0000  0.0003  -0.0076  -0.0313  2.4772  0.0000  0.0000  0.0000  0.0000  10  2.0896  1.8811  0.9098  0.8344  1.6859  
2004  237  58500.0000  0.0004  -0.0076  -0.0312  2.4823  0.0000  0.0000  0.0000  0.0000  9  2.0896  1.8811  0.9098  0.8344  1.6859  
2004  237  59400.0000  0.0004  -0.0076  -0.0312  2.4860  0.0000  0.0000  0.0000  0.0000  9  2.0896  1.8811  0.9098  0.8344  1.6859  
2004  237  60300.0000  0.0003  -0.0075  -0.0314  2.4990  0.0000  0.0000  0.0000  0.0000  10  2.0896  1.8811  0.9098  0.8344  1.6859  
2004  237  61200.0000  0.0003  -0.0075  -0.0315  2.4901  0.0000  0.0000  0.0000  0.0000  10  2.0896  1.8811  0.9098  0.8344  1.6859  
2004  237  62100.0000  0.0003  -0.0075  -0.0315  2.4911  0.0000  0.0000  0.0000  0.0000  11  2.0896  1.8811  0.9098  0.8344  1.6859  
2004  237  63000.0000  0.0002  -0.0077  -0.0316  2.4832  0.0000  0.0000  0.0000  0.0000  11  2.0896  1.8811  0.9098  0.8344  1.6859  
2004  237  63900.0000  0.0002  -0.0079  -0.0313  2.4660  0.0000  0.0000  0.0000  0.0000  12  2.0896  1.8811  0.9098  0.8344  1.6859  
2004  237  64800.0000  0.0002  -0.0079  -0.0313  2.4675  0.0000  0.0000  0.0000  0.0000  10  2.0896  1.8811  0.9098  0.8344  1.6859  
2004  237  65700.0000  0.0002  -0.0079  -0.0314  2.4678  0.0000  0.0000  0.0000  0.0000  10  2.0896  1.8811  0.9098  0.8344  1.6859  
2004  237  66600.0000  0.0002  -0.0079  -0.0313  2.4586  0.0000  0.0000  0.0000  0.0000  8  2.0896  1.8811  0.9098  0.8344  1.6859  
2004  237  67500.0000  0.0002  -0.0080  -0.0312  2.4507  0.0000  0.0000  0.0000  0.0000  9  2.0896  1.8811  0.9098  0.8344  1.6859  
2004  237  68400.0000  0.0001  -0.0080  -0.0312  2.4404  0.0000  0.0000  0.0000  0.0000  9  2.0896  1.8811  0.9098  0.8344  1.6859  
2004  237  69300.0000  0.0001  -0.0080  -0.0312  2.4489  0.0000  0.0000  0.0000  0.0000  9  2.0896  1.8811  0.9098  0.8344  1.6859  
2004  237  70200.0000  0.0001  -0.0080  -0.0312  2.4512  0.0000  0.0000  0.0000  0.0000  9  2.0896  1.8811  0.9098  0.8344  1.6859  
2004  237  71100.0000  0.0001  -0.0080  -0.0312  2.4506  0.0000  0.0000  0.0000  0.0000  9  2.0896  1.8811  0.9098  0.8344  1.6859  
2004  237  72000.0000  0.0001  -0.0080  -0.0312  2.4491  0.0000  0.0000  0.0000  0.0000  9  2.0896  1.8811  0.9098  0.8344  1.6859  
2004  237  72900.0000  0.0001  -0.0080  -0.0312  2.4467  0.0000  0.0000  0.0000  0.0000  9  2.0896  1.8811  0.9098  0.8344  1.6859  
2004  237  73800.0000  0.0001  -0.0080  -0.0313  2.4427  0.0000  0.0000  0.0000  0.0000  8  2.0896  1.8811  0.9098  0.8344  1.6859  
2004  237  74700.0000  0.0001  -0.0080  -0.0312  2.4378  0.0000  0.0000  0.0000  0.0000  8  2.0896  1.8811  0.9098  0.8344  1.6859  
2004  237  75600.0000  0.0001  -0.0081  -0.0313  2.4403  0.0000  0.0000  0.0000  0.0000  8  2.0896  1.8811  0.9098  0.8344  1.6859  
2004  237  76500.0000  0.0001  -0.0080  -0.0313  2.4424  0.0000  0.0000  0.0000  0.0000  7  2.0896  1.8811  0.9098  0.8344  1.6859  
2004  237  77400.0000  0.0001  -0.0080  -0.0313  2.4352  0.0000  0.0000  0.0000  0.0000  7  2.0896  1.8811  0.9098  0.8344  1.6859  
2004  237  78300.0000  0.0001  -0.0080  -0.0314  2.4442  0.0000  0.0000  0.0000  0.0000  9  2.0896  1.8811  0.9098  0.8344  1.6859  
2004  237  79200.0000  0.0001  -0.0080  -0.0313  2.4490  0.0000  0.0000  0.0000  0.0000  8  2.0896  1.8811  0.9098  0.8344  1.6859  
2004  237  80100.0000  0.0001  -0.0080  -0.0313  2.4492  0.0000  0.0000  0.0000  0.0000  8  2.0896  1.8811  0.9098  0.8344  1.6859  
2004  237  81000.0000  0.0001  -0.0080  -0.0313  2.4428  0.0000  0.0000  0.0000  0.0000  8  2.0896  1.8811  0.9098  0.8344  1.6859  
2004  237  81900.0000  0.0001  -0.0080  -0.0313  2.4506  0.0000  0.0000  0.0000  0.0000  9  2.0896  1.8811  0.9098  0.8344  1.6859  
2004  237  82800.0000  0.0001  -0.0079  -0.0313  2.4520  0.0000  0.0000  0.0000  0.0000  9  2.0896  1.8811  0.9098  0.8344  1.6859  
2004  237  83700.0000  0.0001  -0.0079  -0.0313  2.4526  0.0000  0.0000  0.0000  0.0000  10  2.0896  1.8811  0.9098  0.8344  1.6859  
2004  237  84600.0000  0.0001  -0.0079  -0.0312  2.4576  0.0000  0.0000  0.0000  0.0000  10  2.0896  1.8811  0.9098  0.8344  1.6859  
2004  237  85500.0000  0.0001  -0.0078  -0.0311  2.4678  0.0000  0.0000  0.0000  0.0000  9  2.0896  1.8811  0.9098  0.8344  1.6859  
