2008  148  0.0000  0.7387  0.9468  3.2426  1.2929  1.3419  0.3533  34.3528  2.0548  8  2.2888  2.0143  1.0867  1.0733  1.7046  
2008  148  900.0000  -0.0434  -1.0228  0.8152  1.6133  1.0532  0.4566  8.4555  0.2690  8  2.2410  1.9803  1.0490  1.0757  1.6627  
2008  148  1800.0000  -0.0458  -0.5202  1.0780  1.9849  0.0120  0.1781  0.2599  0.0139  7  2.5121  2.2046  1.2043  1.2521  1.8145  
2008  148  2700.0000  0.1340  -0.3672  0.9153  2.0448  0.0168  0.1253  0.2220  0.0104  8  2.2201  1.9653  1.0326  1.1326  1.6061  
2008  148  3600.0000  0.0240  0.0786  0.1875  2.2052  0.0044  0.0335  0.0311  0.0001  10  1.5598  1.4201  0.6451  0.8945  1.1030  
2008  148  4500.0000  -0.0020  0.0113  0.1078  2.1882  0.0016  0.0113  0.0164  0.0000  10  1.6126  1.4587  0.6875  0.9541  1.1034  
2008  148  5400.0000  -0.0059  -0.0042  -0.0037  2.1892  0.0008  0.0057  0.0090  0.0000  8  2.3205  2.0583  1.0716  1.3055  1.5912  
2008  148  6300.0000  0.0038  -0.0239  -0.0064  2.1887  0.0005  0.0034  0.0050  0.0001  9  2.1706  1.9131  1.0254  1.2133  1.4792  
2008  148  7200.0000  0.0050  -0.0083  0.0187  2.1888  0.0004  0.0022  0.0031  0.0001  9  2.3225  2.0214  1.1436  1.2266  1.6068  
2008  148  8100.0000  0.0013  -0.0400  0.0339  2.1868  0.0003  0.0014  0.0023  0.0001  10  2.2611  1.9696  1.1104  1.2054  1.5577  
2008  148  9000.0000  -0.0004  0.0063  -0.0102  2.1870  0.0003  0.0010  0.0022  0.0001  10  2.1548  1.8854  1.0433  1.1589  1.4872  
2008  148  9900.0000  -0.0008  0.0015  -0.0073  2.1906  0.0002  0.0008  0.0026  0.0001  10  1.9528  1.7288  0.9081  1.0920  1.3403  
2008  148  10800.0000  -0.0091  -0.0069  -0.0070  2.1897  0.0002  0.0008  0.0023  0.0001  10  1.9799  1.7555  0.9155  0.9845  1.4535  
2008  148  11700.0000  -0.0084  -0.0076  0.0115  2.1876  0.0002  0.0006  0.0020  0.0001  10  1.9421  1.7283  0.8858  0.9490  1.4444  
2008  148  12600.0000  -0.0029  0.0109  -0.0157  2.1882  0.0001  0.0005  0.0018  0.0001  10  1.8489  1.6561  0.8220  0.9174  1.3788  
2008  148  13500.0000  -0.0010  -0.0072  -0.0374  2.1882  0.0001  0.0004  0.0023  0.0001  10  1.5203  1.3763  0.6458  0.8185  1.1065  
2008  148  14400.0000  -0.0032  0.0052  -0.0182  2.1805  0.0002  0.0003  0.0023  0.0000  8  2.3061  1.9890  1.1671  1.1864  1.5964  
2008  148  15300.0000  0.0033  -0.0026  -0.0486  2.1894  0.0002  0.0002  0.0014  0.0000  9  2.0502  1.7854  1.0077  1.0992  1.4069  
2008  148  16200.0000  0.0102  0.0034  -0.0290  2.1877  0.0002  0.0002  0.0012  0.0000  8  2.2174  1.9275  1.0963  1.0946  1.5865  
2008  148  17100.0000  -0.0030  -0.0044  -0.0171  2.1863  0.0001  0.0002  0.0010  0.0001  9  1.9224  1.7076  0.8830  0.8958  1.4538  
2008  148  18000.0000  -0.0034  -0.0050  -0.0227  2.1861  0.0001  0.0003  0.0011  0.0001  8  2.2464  1.9693  1.0809  1.0032  1.6946  
2008  148  18900.0000  0.0059  -0.0000  -0.0267  2.1901  0.0001  0.0003  0.0011  0.0001  8  2.2367  1.9554  1.0859  1.0189  1.6690  
2008  148  19800.0000  0.0129  -0.0029  -0.0276  2.1897  0.0001  0.0003  0.0010  0.0000  8  2.1061  1.8451  1.0154  1.0198  1.5376  
2008  148  20700.0000  -0.0035  -0.0064  -0.0382  2.1892  0.0001  0.0003  0.0006  0.0000  8  1.9367  1.7075  0.9138  1.0144  1.3735  
2008  148  21600.0000  0.0085  -0.0129  -0.0278  2.1926  0.0001  0.0003  0.0008  0.0000  8  1.9137  1.6860  0.9052  1.0332  1.3324  
2008  148  22500.0000  0.0106  -0.0027  -0.0211  2.1865  0.0001  0.0003  0.0006  0.0000  9  1.5951  1.4398  0.6865  0.9044  1.1202  
2008  148  23400.0000  0.0235  -0.0018  -0.0368  2.1846  0.0001  0.0003  0.0008  0.0000  8  1.7966  1.5945  0.8279  0.9370  1.2901  
2008  148  24300.0000  0.0145  -0.0073  -0.0121  2.1849  0.0001  0.0003  0.0010  0.0001  7  2.6214  2.2682  1.3142  1.3347  1.8339  
2008  148  25200.0000  0.0065  0.0060  0.0060  2.1824  0.0001  0.0003  0.0012  0.0001  7  2.5323  2.1951  1.2625  1.2710  1.7897  
2008  148  26100.0000  0.0044  -0.0091  0.0110  2.1822  0.0001  0.0002  0.0014  0.0000  8  1.7193  1.5375  0.7694  0.9698  1.1931  
2008  148  27000.0000  0.0036  -0.0134  0.0016  2.1811  0.0002  0.0002  0.0016  0.0000  8  1.7462  1.5648  0.7751  1.0046  1.1997  
2008  148  27900.0000  0.0074  -0.0064  -0.0189  2.1821  0.0002  0.0002  0.0016  0.0001  7  2.2923  1.9859  1.1449  1.2133  1.5722  
2008  148  28800.0000  -0.0062  -0.0063  -0.0203  2.1821  0.0002  0.0002  0.0016  0.0001  8  2.0016  1.7670  0.9402  1.0064  1.4524  
2008  148  29700.0000  -0.0025  -0.0162  -0.0231  2.1812  0.0002  0.0002  0.0017  0.0001  8  2.2675  1.9871  1.0921  1.0780  1.6694  
2008  148  30600.0000  -0.0019  -0.0097  -0.0309  2.1832  0.0002  0.0002  0.0018  0.0001  9  1.7734  1.5729  0.8190  0.9032  1.2877  
2008  148  31500.0000  -0.0106  -0.0160  -0.0343  2.1883  0.0001  0.0001  0.0013  0.0000  9  1.9098  1.6858  0.8976  0.9447  1.3962  
2008  148  32400.0000  -0.0065  -0.0097  -0.0204  2.1886  0.0002  0.0002  0.0013  0.0001  8  2.5094  2.1469  1.2993  1.2161  1.7692  
2008  148  33300.0000  -0.0131  -0.0103  -0.0209  2.1871  0.0002  0.0002  0.0015  0.0001  9  2.7824  2.3607  1.4727  1.2673  1.9917  
2008  148  34200.0000  -0.0034  -0.0109  -0.0462  2.1796  0.0002  0.0002  0.0014  0.0001  10  1.9200  1.6970  0.8982  0.9625  1.3976  
2008  148  35100.0000  -0.0086  -0.0129  -0.0344  2.1750  0.0002  0.0002  0.0011  0.0000  10  2.0085  1.7599  0.9678  0.9607  1.4745  
2008  148  36000.0000  -0.0103  -0.0202  -0.0698  2.1843  0.0002  0.0001  0.0011  0.0000  10  1.9778  1.7256  0.9663  0.9682  1.4284  
2008  148  36900.0000  -0.0127  -0.0287  -0.0967  2.1843  0.0002  0.0003  0.0015  0.0000  8  2.8017  2.3607  1.5088  1.2238  2.0187  
2008  148  37800.0000  -0.0003  -0.0458  -0.1252  2.1880  0.0002  0.0004  0.0018  0.0000  10  1.9660  1.6963  0.9939  0.9729  1.3895  
2008  148  38700.0000  0.0099  -0.0531  -0.0583  2.1763  0.0001  0.0004  0.0017  0.0000  11  1.5492  1.3749  0.7140  0.8494  1.0811  
2008  148  39600.0000  0.0086  -0.0473  -0.0141  2.1747  0.0002  0.0005  0.0019  0.0000  10  1.7629  1.5448  0.8495  0.9609  1.2095  
2008  148  40500.0000  0.0139  -0.0359  -0.0603  2.1756  0.0002  0.0005  0.0020  0.0001  9  2.5167  2.1334  1.3351  1.0840  1.8375  
2008  148  41400.0000  0.0045  -0.0473  -0.0103  2.1721  0.0002  0.0004  0.0024  0.0001  9  2.6764  2.2611  1.4319  1.1582  1.9420  
2008  148  42300.0000  -0.0029  -0.0406  -0.0161  2.1730  0.0002  0.0005  0.0028  0.0000  9  2.5667  2.1759  1.3614  1.1779  1.8295  
2008  148  43200.0000  0.0055  -0.0422  -0.0297  2.1732  0.0002  0.0005  0.0019  0.0001  8  4.5750  3.7329  2.6450  1.2657  3.5118  
2008  148  44100.0000  0.0083  -0.0529  -0.0378  2.1726  0.0002  0.0005  0.0014  0.0001  8  3.4540  2.8684  1.9241  1.2318  2.5904  
2008  148  45000.0000  0.0023  -0.0517  -0.0126  2.1719  0.0002  0.0005  0.0013  0.0001  8  2.9533  2.5130  1.5513  1.3445  2.1232  
2008  148  45900.0000  -0.0044  -0.0265  -0.0246  2.1681  0.0002  0.0005  0.0014  0.0001  11  1.6571  1.4795  0.7465  0.7714  1.2625  
2008  148  46800.0000  -0.0081  -0.0190  -0.0250  2.1700  0.0002  0.0005  0.0013  0.0001  11  1.6551  1.4919  0.7165  0.8235  1.2441  
2008  148  47700.0000  -0.0072  -0.0473  0.0130  2.1646  0.0002  0.0004  0.0009  0.0000  12  1.5425  1.4014  0.6445  0.7275  1.1978  
2008  148  48600.0000  -0.0349  0.0217  0.0054  2.1782  0.0001  0.0003  0.0006  0.0000  11  1.6275  1.4719  0.6943  0.8235  1.2200  
2008  148  49500.0000  -0.0256  0.0248  -0.0266  2.1772  0.0002  0.0003  0.0007  0.0000  9  1.9961  1.7674  0.9278  0.8914  1.5261  
2008  148  50400.0000  -0.0360  0.0191  -0.0218  2.1700  0.0002  0.0003  0.0012  0.0000  9  1.8208  1.6256  0.8202  0.8912  1.3596  
2008  148  51300.0000  -0.0250  0.0458  -0.0753  2.1777  0.0003  0.0003  0.0015  0.0000  8  2.7965  2.4136  1.4124  1.4553  1.9255  
2008  148  52200.0000  -0.0221  0.0299  -0.0321  2.1764  0.0003  0.0003  0.0017  0.0000  7  2.7390  2.3577  1.3941  1.3727  1.9168  
2008  148  53100.0000  -0.0146  0.0194  -0.0406  2.1837  0.0002  0.0003  0.0012  0.0000  9  1.7335  1.5589  0.7582  1.0058  1.1910  
2008  148  54000.0000  -0.0097  0.0229  0.0058  2.1829  0.0002  0.0003  0.0009  0.0000  8  2.2082  1.9355  1.0630  1.1231  1.5764  
2008  148  54900.0000  -0.0209  0.0442  -0.0645  2.1839  0.0002  0.0002  0.0012  0.0001  8  2.0539  1.8227  0.9467  1.1122  1.4440  
2008  148  55800.0000  -0.0090  0.0282  -0.0505  2.1823  0.0001  0.0002  0.0013  0.0000  9  1.7957  1.6050  0.8053  0.9698  1.2789  
2008  148  56700.0000  0.0004  -0.0101  -0.0537  2.1952  0.0001  0.0001  0.0010  0.0000  10  1.4891  1.3675  0.5894  0.8568  1.0658  
2008  148  57600.0000  0.0038  0.0022  -0.0613  2.1961  0.0001  0.0002  0.0011  0.0000  8  2.1112  1.8701  0.9798  1.0378  1.5557  
2008  148  58500.0000  0.0114  0.0055  -0.0401  2.1924  0.0001  0.0002  0.0013  0.0001  7  2.6190  2.3348  1.1865  1.0590  2.0809  
