2005  224  0.0000  2.9236  0.1380  -3.2658  3.1882  1.4009  0.3995  11.8003  0.6495  9  2.5039  2.1697  1.2497  1.1684  1.8282  
2005  224  900.0000  -0.2157  -1.0842  0.4057  2.0819  1.5043  0.3521  9.1643  0.4095  10  2.7637  2.3709  1.4201  1.2908  1.9888  
2005  224  1800.0000  -0.2437  -0.3114  0.1491  2.4786  0.0242  0.0268  0.0823  0.0013  9  2.9341  2.5221  1.4993  1.4885  2.0361  
2005  224  2700.0000  -0.0451  -0.1073  -0.1547  2.4825  0.0065  0.0080  0.0258  0.0002  10  2.7606  2.3782  1.4019  1.4508  1.8844  
2005  224  3600.0000  0.0170  -0.1158  -0.1779  2.4709  0.0028  0.0036  0.0083  0.0000  9  3.4708  2.9456  1.8358  1.8238  2.3131  
2005  224  4500.0000  0.0366  -0.1086  -0.0942  2.4633  0.0020  0.0021  0.0053  0.0000  9  2.0293  1.8159  0.9060  1.2136  1.3508  
2005  224  5400.0000  0.0468  -0.1222  -0.1159  2.4704  0.0015  0.0016  0.0028  0.0000  10  1.5979  1.4459  0.6803  0.8825  1.1454  
2005  224  6300.0000  0.0585  -0.1322  -0.1137  2.4712  0.0009  0.0012  0.0026  0.0000  8  2.0198  1.7938  0.9283  1.0035  1.4869  
2005  224  7200.0000  0.0330  -0.1363  -0.0616  2.4728  0.0005  0.0009  0.0023  0.0001  8  2.3482  2.0735  1.1022  1.0376  1.7952  
2005  224  8100.0000  0.0224  -0.1292  0.0034  2.4706  0.0003  0.0007  0.0023  0.0001  9  1.9254  1.7219  0.8616  0.8890  1.4746  
2005  224  9000.0000  0.0378  -0.1298  0.0734  2.4629  0.0002  0.0007  0.0025  0.0000  10  2.0389  1.8312  0.8966  0.8957  1.5972  
2005  224  9900.0000  0.0260  -0.1291  0.0899  2.4640  0.0002  0.0006  0.0016  0.0000  9  2.1312  1.9132  0.9389  0.9656  1.6516  
2005  224  10800.0000  0.0239  -0.1249  0.0568  2.4655  0.0002  0.0006  0.0014  0.0000  9  1.8832  1.7062  0.7970  0.8107  1.5013  
2005  224  11700.0000  0.0234  -0.1090  0.0365  2.4711  0.0002  0.0005  0.0014  0.0000  9  1.8632  1.6896  0.7854  0.8123  1.4815  
2005  224  12600.0000  0.0192  -0.0710  0.0153  2.4687  0.0001  0.0004  0.0010  0.0000  10  1.6305  1.4962  0.6480  0.7568  1.2906  
2005  224  13500.0000  0.0154  -0.0737  0.0182  2.4706  0.0002  0.0003  0.0008  0.0000  10  1.9794  1.7980  0.8278  0.8777  1.5692  
2005  224  14400.0000  0.0075  -0.0180  -0.0572  2.4827  0.0002  0.0002  0.0007  0.0000  10  1.7421  1.5847  0.7236  0.8412  1.3430  
2005  224  15300.0000  -0.0014  -0.0118  -0.0828  2.4870  0.0002  0.0003  0.0010  0.0000  9  1.7428  1.5751  0.7458  0.9458  1.2596  
2005  224  16200.0000  -0.0009  -0.0191  -0.0649  2.4715  0.0002  0.0003  0.0016  0.0000  9  1.7873  1.5937  0.8090  0.9177  1.3030  
2005  224  17100.0000  0.0237  -0.0161  -0.0340  2.4708  0.0002  0.0002  0.0012  0.0001  8  2.0749  1.8220  0.9928  0.9680  1.5436  
2005  224  18000.0000  0.0199  -0.0214  -0.0062  2.4698  0.0002  0.0002  0.0012  0.0001  8  2.2983  1.9959  1.1396  0.9771  1.7404  
2005  224  18900.0000  0.0067  -0.0262  -0.0285  2.4659  0.0002  0.0002  0.0014  0.0001  10  1.8180  1.6170  0.8310  0.8705  1.3627  
2005  224  19800.0000  0.0014  -0.0306  -0.0671  2.4706  0.0002  0.0002  0.0011  0.0001  9  2.0482  1.8020  0.9736  0.9490  1.5319  
2005  224  20700.0000  0.0084  -0.0265  -0.0656  2.4783  0.0001  0.0002  0.0009  0.0000  10  1.6558  1.4740  0.7542  0.8208  1.2244  
2005  224  21600.0000  0.0077  -0.0306  -0.0516  2.4795  0.0001  0.0002  0.0007  0.0000  11  1.5905  1.4286  0.6993  0.8007  1.1831  
2005  224  22500.0000  0.0050  -0.0195  -0.0698  2.4838  0.0001  0.0002  0.0006  0.0000  10  1.7370  1.5474  0.7892  0.8597  1.2866  
2005  224  23400.0000  0.0219  -0.0215  -0.0556  2.4753  0.0001  0.0002  0.0007  0.0000  10  1.6847  1.5067  0.7536  0.8700  1.2302  
2005  224  24300.0000  -0.0031  0.0011  -0.0563  2.4791  0.0001  0.0001  0.0008  0.0000  11  1.4649  1.3253  0.6240  0.7918  1.0629  
2005  224  25200.0000  0.0423  -0.0134  -0.0170  2.4844  0.0003  0.0002  0.0011  0.0000  9  2.1056  1.8806  0.9470  1.1673  1.4745  
2005  224  26100.0000  0.0421  -0.0087  -0.0519  2.4911  0.0002  0.0002  0.0015  0.0000  8  2.2188  1.9447  1.0683  1.1681  1.5548  
2005  224  27000.0000  0.0444  -0.0163  -0.0887  2.4906  0.0002  0.0002  0.0015  0.0001  8  1.8365  1.6239  0.8577  0.9977  1.2813  
2005  224  27900.0000  0.0371  -0.0329  -0.0829  2.4952  0.0002  0.0002  0.0012  0.0001  8  1.9458  1.7180  0.9136  1.0070  1.3919  
2005  224  28800.0000  0.0566  -0.0263  -0.1100  2.4924  0.0002  0.0002  0.0012  0.0001  7  2.8802  2.4165  1.5672  1.3201  2.0241  
2005  224  29700.0000  0.0608  -0.0226  -0.1167  2.4873  0.0002  0.0002  0.0015  0.0001  7  3.1291  2.6096  1.7266  1.3482  2.2344  
2005  224  30600.0000  0.0696  -0.0441  -0.1189  2.4830  0.0003  0.0002  0.0019  0.0001  8  1.8510  1.6578  0.8233  0.9892  1.3304  
2005  224  31500.0000  0.0755  -0.0476  -0.0820  2.4756  0.0003  0.0002  0.0019  0.0001  9  1.6267  1.4685  0.6997  0.9099  1.1526  
2005  224  32400.0000  0.0788  -0.0500  -0.0930  2.4757  0.0002  0.0002  0.0012  0.0000  9  1.5913  1.4401  0.6771  0.8910  1.1313  
2005  224  33300.0000  0.0783  -0.0541  -0.0967  2.4774  0.0003  0.0002  0.0011  0.0000  7  2.3410  2.0842  1.0661  1.1050  1.7671  
2005  224  34200.0000  0.0514  -0.0519  -0.0913  2.4893  0.0003  0.0002  0.0010  0.0000  7  2.3248  2.0895  1.0192  1.0967  1.7786  
2005  224  35100.0000  0.0890  -0.0645  -0.1182  2.4953  0.0006  0.0003  0.0012  0.0000  6  3.1592  2.7681  1.5226  2.0296  1.8823  
2005  224  36000.0000  0.0684  -0.0622  -0.1247  2.4944  0.0010  0.0003  0.0016  0.0000  6  3.2578  2.8873  1.5089  2.3927  1.6161  
2005  224  36900.0000  0.0751  -0.0493  -0.1512  2.4942  0.0022  0.0005  0.0019  0.0000  6  2.7336  2.5940  0.8624  2.0521  1.5866  
2005  224  37800.0000  0.1219  -0.0592  -0.1421  2.4945  0.0017  0.0003  0.0015  0.0001  5  3.3924  3.0411  1.5033  1.9945  2.2956  
2005  224  38700.0000  0.0998  -0.0650  -0.1542  2.4890  0.0015  0.0003  0.0018  0.0001  6  2.6314  2.2968  1.2843  1.4871  1.7503  
2005  224  39600.0000  0.1081  -0.0743  -0.1730  2.4954  0.0012  0.0003  0.0015  0.0000  8  1.8000  1.6360  0.7508  0.9388  1.3398  
2005  224  40500.0000  0.0863  -0.0839  -0.1973  2.4983  0.0010  0.0003  0.0017  0.0000  8  1.8564  1.6923  0.7631  1.0127  1.3558  
2005  224  41400.0000  0.0622  -0.1033  -0.1806  2.4971  0.0009  0.0004  0.0017  0.0000  9  1.9148  1.7196  0.8424  0.9645  1.4236  
2005  224  42300.0000  0.0488  -0.1121  -0.1494  2.4882  0.0009  0.0005  0.0015  0.0000  9  1.9331  1.7237  0.8751  1.0029  1.4019  
2005  224  43200.0000  0.0768  -0.1393  -0.1060  2.4834  0.0009  0.0006  0.0015  0.0000  9  2.8986  2.4931  1.4787  1.3830  2.0743  
2005  224  44100.0000  0.0791  -0.1379  -0.1228  2.4965  0.0011  0.0006  0.0012  0.0000  8  3.2355  2.7684  1.6747  1.6348  2.2341  
2005  224  45000.0000  0.0973  -0.1031  -0.0230  2.4908  0.0013  0.0005  0.0008  0.0000  9  3.1971  2.7300  1.6640  1.6874  2.1460  
2005  224  45900.0000  0.0393  -0.0688  -0.0397  2.4916  0.0010  0.0004  0.0013  0.0000  9  2.9047  2.5062  1.4685  1.6631  1.8749  
2005  224  46800.0000  0.0747  -0.0617  0.0269  2.4891  0.0009  0.0003  0.0026  0.0000  9  2.4758  2.1666  1.1982  1.5132  1.5506  
2005  224  47700.0000  -0.0515  -0.0834  -0.1427  2.4993  0.0011  0.0003  0.0033  0.0000  10  1.4578  1.3279  0.6014  0.8773  0.9969  
2005  224  48600.0000  -0.0260  -0.0794  -0.1207  2.4972  0.0006  0.0003  0.0016  0.0000  9  1.7103  1.5411  0.7416  0.9724  1.1956  
2005  224  49500.0000  -0.0025  -0.0711  -0.0964  2.4965  0.0005  0.0003  0.0016  0.0000  8  2.1124  1.8912  0.9411  1.1535  1.4987  
2005  224  50400.0000  -0.0219  -0.0698  -0.0989  2.4962  0.0003  0.0003  0.0020  0.0001  8  2.5253  2.2509  1.1448  1.2531  1.8699  
2005  224  51300.0000  -0.0207  -0.0623  -0.1123  2.4987  0.0002  0.0003  0.0030  0.0000  8  2.8530  2.5444  1.2905  1.3152  2.1782  
2005  224  52200.0000  -0.0150  -0.0529  -0.0908  2.4941  0.0002  0.0002  0.0035  0.0000  8  2.6951  2.4162  1.1940  1.2248  2.0827  
2005  224  53100.0000  -0.0106  -0.0531  -0.0427  2.4933  0.0001  0.0002  0.0022  0.0000  8  2.7304  2.3989  1.3039  0.9557  2.2003  
2005  224  54000.0000  -0.0028  -0.0602  0.0158  2.4932  0.0001  0.0002  0.0015  0.0001  9  2.2173  2.0023  0.9525  0.8455  1.8150  
2005  224  54900.0000  -0.0069  -0.0469  0.0245  2.4909  0.0001  0.0002  0.0015  0.0001  9  2.0000  1.8199  0.8295  0.8204  1.6245  
2005  224  55800.0000  -0.0166  -0.0511  0.0633  2.4861  0.0001  0.0002  0.0016  0.0001  10  1.6434  1.5210  0.6224  0.7719  1.3106  
2005  224  56700.0000  -0.0138  -0.0396  0.0768  2.4846  0.0001  0.0002  0.0008  0.0000  11  1.4316  1.3351  0.5167  0.6955  1.1396  
2005  224  57600.0000  -0.0281  -0.0403  0.0793  2.4863  0.0001  0.0002  0.0008  0.0000  9  1.6598  1.5206  0.6655  0.8802  1.2399  
2005  224  58500.0000  -0.0189  -0.0292  0.1428  2.4796  0.0003  0.0002  0.0014  0.0000  9  1.6019  1.4747  0.6256  0.8515  1.2041  
2005  224  59400.0000  -0.0217  -0.0163  0.1811  2.4809  0.0003  0.0002  0.0016  0.0000  8  2.0027  1.8298  0.8140  1.1717  1.4054  
2005  224  60300.0000  -0.0283  -0.0037  0.2040  2.4827  0.0003  0.0001  0.0018  0.0001  7  2.8946  2.5423  1.3840  1.3412  2.1597  
2005  224  61200.0000  -0.0332  0.0127  0.2347  2.4877  0.0003  0.0001  0.0019  0.0001  9  2.1066  1.8792  0.9520  0.9684  1.6105  
2005  224  62100.0000  -0.0410  0.0304  0.2429  2.4804  0.0003  0.0002  0.0015  0.0001  9  2.5061  2.2117  1.1785  1.0717  1.9347  
2005  224  63000.0000  -0.0612  0.0350  0.2497  2.4766  0.0003  0.0002  0.0013  0.0001  10  1.6560  1.4980  0.7058  0.7853  1.2757  
2005  224  63900.0000  -0.0767  0.0339  0.2492  2.4653  0.0002  0.0001  0.0011  0.0000  11  1.6668  1.5069  0.7123  0.7662  1.2976  
2005  224  64800.0000  -0.0855  0.0390  0.2405  2.4606  0.0002  0.0001  0.0009  0.0000  10  1.8214  1.6320  0.8088  0.8059  1.4191  
2005  224  65700.0000  -0.0792  0.0458  0.2329  2.4696  0.0001  0.0001  0.0007  0.0000  11  1.7186  1.5466  0.7495  0.7866  1.3316  
2005  224  66600.0000  -0.0605  0.0548  0.2255  2.4731  0.0001  0.0001  0.0007  0.0000  10  1.7447  1.5612  0.7788  0.8061  1.3369  
2005  224  67500.0000  -0.0873  0.0524  0.1703  2.4880  0.0002  0.0001  0.0009  0.0000  9  1.8432  1.6367  0.8476  0.8752  1.3830  
2005  224  68400.0000  -0.1062  0.0787  0.1206  2.4885  0.0002  0.0001  0.0010  0.0000  8  2.4381  2.1439  1.1610  1.1737  1.7941  
2005  224  69300.0000  -0.0961  0.0890  0.1151  2.4805  0.0004  0.0001  0.0012  0.0000  7  2.6051  2.2827  1.2553  1.4027  1.8009  
2005  224  70200.0000  -0.0806  0.0804  0.0851  2.4838  0.0004  0.0001  0.0009  0.0000  8  1.8678  1.6735  0.8296  1.0140  1.3312  
2005  224  71100.0000  -0.0613  0.0799  0.0847  2.4825  0.0003  0.0001  0.0009  0.0000  7  2.2562  2.0007  1.0429  1.1535  1.6348  
2005  224  72000.0000  -0.0343  0.0756  0.1196  2.4712  0.0002  0.0001  0.0014  0.0000  8  1.7034  1.5404  0.7272  0.8863  1.2598  
2005  224  72900.0000  -0.0214  0.0746  0.1089  2.4767  0.0001  0.0001  0.0015  0.0001  7  2.0248  1.8158  0.8960  1.0389  1.4892  
2005  224  73800.0000  -0.0268  0.0638  0.0459  2.4927  0.0001  0.0001  0.0013  0.0000  8  1.9303  1.7601  0.7926  1.0016  1.4473  
2005  224  74700.0000  -0.0258  0.0666  0.0149  2.4922  0.0002  0.0002  0.0013  0.0000  6  2.7365  2.4661  1.1860  1.3233  2.0810  
2005  224  75600.0000  -0.0291  0.0627  0.0204  2.4848  0.0002  0.0002  0.0015  0.0001  7  2.2114  2.0203  0.8993  1.1402  1.6678  
2005  224  76500.0000  -0.0330  0.0486  0.0426  2.4786  0.0002  0.0002  0.0013  0.0000  7  2.3203  2.1231  0.9360  1.1231  1.8017  
2005  224  77400.0000  -0.0289  0.0334  0.0479  2.4800  0.0002  0.0002  0.0019  0.0001  6  2.3271  2.1203  0.9590  1.1531  1.7793  
2005  224  78300.0000  -0.0096  0.0204  0.0600  2.4828  0.0002  0.0002  0.0028  0.0000  6  2.1042  1.9261  0.8470  1.1188  1.5679  
2005  224  79200.0000  0.0328  -0.0153  0.0667  2.4855  0.0005  0.0005  0.0023  0.0001  6  3.4778  3.1289  1.5181  1.5446  2.7211  
2005  224  80100.0000  0.0185  -0.0170  0.0390  2.4921  0.0006  0.0003  0.0026  0.0000  5  3.0265  2.6610  1.4418  1.6856  2.0591  
2005  224  81000.0000  0.0054  -0.0171  0.0402  2.4924  0.0009  0.0002  0.0021  0.0001  5  3.7781  3.3612  1.7250  1.7613  2.8628  
2005  224  81900.0000  -0.0142  -0.0130  0.0544  2.4890  0.0007  0.0003  0.0022  0.0001  7  2.5377  2.2811  1.1120  1.2701  1.8948  
2005  224  82800.0000  0.0068  -0.0016  0.0289  2.4943  0.0006  0.0004  0.0024  0.0001  7  2.6642  2.3617  1.2331  1.3630  1.9287  
2005  224  83700.0000  0.0165  -0.0022  0.0454  2.4883  0.0007  0.0005  0.0031  0.0001  8  2.0762  1.8840  0.8725  1.2271  1.4295  
2005  224  84600.0000  0.0347  0.0130  0.0661  2.4885  0.0010  0.0005  0.0028  0.0000  8  2.0358  1.8374  0.8766  1.2528  1.3440  
2005  224  85500.0000  0.0918  -0.0007  0.0864  2.4923  0.0016  0.0005  0.0032  0.0000  9  2.2456  1.9693  1.0792  1.0789  1.6474  
